[logsrowserStack_Google Pixel 3 DEBUG] 2024-01-22 16:18:36.080 BaseTest:125 - Log file path: logs\browserStack_Google Pixel 3
[logsrowserStack_Google Pixel 3 DEBUG] 2024-01-22 16:18:36.103 BaseTest:132 - Setting PLATFORM_NAME to: browserStack
[logsrowserStack_Google Pixel 3 DEBUG] 2024-01-22 16:18:36.104 BaseTest:136 - Setting DEVICE_NAME to: Google Pixel 3
[logsrowserStack_Google Pixel 3 INFO ] 2024-01-22 16:18:36.128 CapabilityUtils:142 - Upload app file on Browserstack
[logsrowserStack_Google Pixel 3 INFO ] 2024-01-22 16:18:36.129 CapabilityUtils:145 - App URL is: C:\Users\rudra\Downloads\Appium-Java-POM-Framework-main\src\test\resources\app\app-qaVersion 2.1.3 (587).apk
[logsrowserStack_Google Pixel 3 INFO ] 2024-01-22 16:19:11.293 CapabilityUtils:147 - Received Response new Browserstack URL: bs://086f04948d222b90a98c5dd0a8225fefc1304caa
[logsrowserStack_Google Pixel 3 DEBUG] 2024-01-22 16:19:58.363 BaseTest:159 - sessionId: 385cd45fc686de3612380324a2d7b7e34d8291ee
[logsrowserStack_Google Pixel 3 DEBUG] 2024-01-22 16:19:58.653 LoginTests:73 - ---------------------------------------------------
[logsrowserStack_Google Pixel 3 DEBUG] 2024-01-22 16:19:58.653 LoginTests:74 - ******************* Test started: T101 *******************
[logsrowserStack_Google Pixel 3 INFO ] 2024-01-22 16:20:05.774 BasePage:287 - Attempt 1: Clicking on <Login with email>
[logsrowserStack_Google Pixel 3 INFO ] 2024-01-22 16:20:06.859 BasePage:295 - Attempt 1: Clicked on <Login with email> successfully
[logsrowserStack_Google Pixel 3 INFO ] 2024-01-22 16:20:09.318 BasePage:538 - Attempt 1: Successfully sent keys to <User Name>: "testi246.testi246@gmail.com".
[logsrowserStack_Google Pixel 3 INFO ] 2024-01-22 16:20:11.606 BasePage:538 - Attempt 1: Successfully sent keys to <Password>: "tT246246!".
[logsrowserStack_Google Pixel 3 INFO ] 2024-01-22 16:20:13.193 BasePage:287 - Attempt 1: Clicking on <Login button>
[logsrowserStack_Google Pixel 3 INFO ] 2024-01-22 16:20:14.593 BasePage:295 - Attempt 1: Clicked on <Login button> successfully
[logsrowserStack_Google Pixel 3 DEBUG] 2024-01-22 16:20:14.594 LoginTests:83 - ---------------------------------------------------
[logsrowserStack_Google Pixel 3 DEBUG] 2024-01-22 16:20:14.595 LoginTests:84 - ******************* Test started: T1255 *******************
[logsrowserStack_Google Pixel 3 INFO ] 2024-01-22 16:20:22.279 BasePage:287 - Attempt 1: Clicking on <Popup Close Icon>
[logsrowserStack_Google Pixel 3 INFO ] 2024-01-22 16:20:23.405 BasePage:295 - Attempt 1: Clicked on <Popup Close Icon> successfully
[logsrowserStack_Google Pixel 3 DEBUG] 2024-01-22 16:20:23.472 MyCoinsTests:48 - ---------------------------------------------------
[logsrowserStack_Google Pixel 3 DEBUG] 2024-01-22 16:20:23.472 MyCoinsTests:49 - ******************* Test started: T210  *******************
[logsrowserStack_Google Pixel 3 INFO ] 2024-01-22 16:20:25.657 BasePage:287 - Attempt 1: Clicking on <My Coins>
[logsrowserStack_Google Pixel 3 INFO ] 2024-01-22 16:20:27.410 BasePage:295 - Attempt 1: Clicked on <My Coins> successfully
[logsrowserStack_Google Pixel 3 DEBUG] 2024-01-22 16:20:27.411 MyCoinsTests:54 - ---------------------------------------------------
[logsrowserStack_Google Pixel 3 DEBUG] 2024-01-22 16:20:27.411 MyCoinsTests:55 - ******************* Test started: T207  *******************
[logsrowserStack_Google Pixel 3 INFO ] 2024-01-22 16:20:29.777 BasePage:1035 - Element :My Coins Carousel is not displayed. Scrolling down to find the element: My Coins Carousel.
[logsrowserStack_Google Pixel 3 INFO ] 2024-01-22 16:20:33.132 BasePage:1035 - Element :My Coins Carousel is not displayed. Scrolling down to find the element: My Coins Carousel.
[logsrowserStack_Google Pixel 3 INFO ] 2024-01-22 16:20:47.741 BasePage:1025 - Element - My Coins Carousel :  is now displayed. No need to scroll further.
[logsrowserStack_Google Pixel 3 ERROR] 2024-01-22 16:21:04.534 BasePage:628 - Failed to get element text for element 'Number of My Coins Count' with text ''. Exception: Appium Exception Details:
Unexpected Appium Exception. Details: Unsupported platform 'browserStack' encountered. Unable to get element text.
java.lang.UnsupportedOperationException: Unsupported platform 'browserStack' encountered. Unable to get element text.
	at com.appium.base.BasePage.getText(BasePage.java:614) ~[classes/:?]
	at com.appium.pages.MyCoinsPage.validate_TotalNumberOfMyCoins(MyCoinsPage.java:350) ~[classes/:?]
	at com.appium.tests.MyCoinsTests.allTestCaseRelated_BadgesSection(MyCoinsTests.java:58) ~[test-classes/:?]
	at jdk.internal.reflect.NativeMethodAccessorImpl.invoke0(Native Method) ~[?:?]
	at jdk.internal.reflect.NativeMethodAccessorImpl.invoke(NativeMethodAccessorImpl.java:62) ~[?:?]
	at jdk.internal.reflect.DelegatingMethodAccessorImpl.invoke(DelegatingMethodAccessorImpl.java:43) ~[?:?]
	at java.lang.reflect.Method.invoke(Method.java:566) ~[?:?]
	at org.testng.internal.MethodInvocationHelper.invokeMethod(MethodInvocationHelper.java:133) ~[testng-7.4.0.jar:7.4.0]
	at org.testng.internal.TestInvoker.invokeMethod(TestInvoker.java:598) ~[testng-7.4.0.jar:7.4.0]
	at org.testng.internal.TestInvoker.invokeTestMethod(TestInvoker.java:173) ~[testng-7.4.0.jar:7.4.0]
	at org.testng.internal.MethodRunner.runInSequence(MethodRunner.java:46) ~[testng-7.4.0.jar:7.4.0]
	at org.testng.internal.TestInvoker$MethodInvocationAgent.invoke(TestInvoker.java:824) ~[testng-7.4.0.jar:7.4.0]
	at org.testng.internal.TestInvoker.invokeTestMethods(TestInvoker.java:146) ~[testng-7.4.0.jar:7.4.0]
	at org.testng.internal.TestMethodWorker.invokeTestMethods(TestMethodWorker.java:146) ~[testng-7.4.0.jar:7.4.0]
	at org.testng.internal.TestMethodWorker.run(TestMethodWorker.java:128) ~[testng-7.4.0.jar:7.4.0]
	at java.util.ArrayList.forEach(ArrayList.java:1541) [?:?]
	at org.testng.TestRunner.privateRun(TestRunner.java:794) [testng-7.4.0.jar:7.4.0]
	at org.testng.TestRunner.run(TestRunner.java:596) [testng-7.4.0.jar:7.4.0]
	at org.testng.SuiteRunner.runTest(SuiteRunner.java:377) [testng-7.4.0.jar:7.4.0]
	at org.testng.SuiteRunner.runSequentially(SuiteRunner.java:371) [testng-7.4.0.jar:7.4.0]
	at org.testng.SuiteRunner.privateRun(SuiteRunner.java:332) [testng-7.4.0.jar:7.4.0]
	at org.testng.SuiteRunner.run(SuiteRunner.java:276) [testng-7.4.0.jar:7.4.0]
	at org.testng.SuiteRunnerWorker.runSuite(SuiteRunnerWorker.java:53) [testng-7.4.0.jar:7.4.0]
	at org.testng.SuiteRunnerWorker.run(SuiteRunnerWorker.java:96) [testng-7.4.0.jar:7.4.0]
	at org.testng.TestNG.runSuitesSequentially(TestNG.java:1212) [testng-7.4.0.jar:7.4.0]
	at org.testng.TestNG.runSuitesLocally(TestNG.java:1134) [testng-7.4.0.jar:7.4.0]
	at org.testng.TestNG.runSuites(TestNG.java:1063) [testng-7.4.0.jar:7.4.0]
	at org.testng.TestNG.run(TestNG.java:1031) [testng-7.4.0.jar:7.4.0]
	at org.testng.remote.AbstractRemoteTestNG.run(AbstractRemoteTestNG.java:115) [testng-remote.jar:?]
	at org.testng.remote.RemoteTestNG.initAndRun(RemoteTestNG.java:251) [testng-remote.jar:?]
	at org.testng.remote.RemoteTestNG.main(RemoteTestNG.java:77) [testng-remote.jar:?]
[logsrowserStack_Google Pixel 3 DEBUG] 2024-01-22 16:21:15.165 BaseTest:207 - Appium Server stopped.............
[logsrowserStack_Google Pixel 3 DEBUG] 2024-01-22 16:37:28.728 BaseTest:125 - Log file path: logs\browserStack_Google Pixel 3
[logsrowserStack_Google Pixel 3 DEBUG] 2024-01-22 16:37:28.745 BaseTest:132 - Setting PLATFORM_NAME to: browserStack
[logsrowserStack_Google Pixel 3 DEBUG] 2024-01-22 16:37:28.746 BaseTest:136 - Setting DEVICE_NAME to: Google Pixel 3
[logsrowserStack_Google Pixel 3 INFO ] 2024-01-22 16:37:28.756 CapabilityUtils:142 - Upload app file on Browserstack
[logsrowserStack_Google Pixel 3 INFO ] 2024-01-22 16:37:28.759 CapabilityUtils:145 - App URL is: C:\Users\rudra\Downloads\Appium-Java-POM-Framework-main\src\test\resources\app\app-qaVersion 2.1.3 (587).apk
[logsrowserStack_Google Pixel 3 INFO ] 2024-01-22 16:38:07.412 CapabilityUtils:147 - Received Response new Browserstack URL: bs://086f04948d222b90a98c5dd0a8225fefc1304caa
[logsrowserStack_Google Pixel 3 DEBUG] 2024-01-22 16:38:47.560 BaseTest:159 - sessionId: 5994aff076b223cbefd8a5cc21e217f35ecc173d
[logsrowserStack_Google Pixel 3 DEBUG] 2024-01-22 16:38:47.664 LoginTests:73 - ---------------------------------------------------
[logsrowserStack_Google Pixel 3 DEBUG] 2024-01-22 16:38:47.664 LoginTests:74 - ******************* Test started: T101 *******************
[logsrowserStack_Google Pixel 3 INFO ] 2024-01-22 16:38:55.037 BasePage:288 - Attempt 1: Clicking on <Login with email>
[logsrowserStack_Google Pixel 3 INFO ] 2024-01-22 16:38:56.923 BasePage:296 - Attempt 1: Clicked on <Login with email> successfully
[logsrowserStack_Google Pixel 3 INFO ] 2024-01-22 16:39:00.608 BasePage:539 - Attempt 1: Successfully sent keys to <User Name>: "testi246.testi246@gmail.com".
[logsrowserStack_Google Pixel 3 INFO ] 2024-01-22 16:39:04.303 BasePage:539 - Attempt 1: Successfully sent keys to <Password>: "tT246246!".
[logsrowserStack_Google Pixel 3 INFO ] 2024-01-22 16:39:07.269 BasePage:288 - Attempt 1: Clicking on <Login button>
[logsrowserStack_Google Pixel 3 INFO ] 2024-01-22 16:39:09.365 BasePage:296 - Attempt 1: Clicked on <Login button> successfully
[logsrowserStack_Google Pixel 3 DEBUG] 2024-01-22 16:39:09.366 LoginTests:83 - ---------------------------------------------------
[logsrowserStack_Google Pixel 3 DEBUG] 2024-01-22 16:39:09.367 LoginTests:84 - ******************* Test started: T1255 *******************
[logsrowserStack_Google Pixel 3 INFO ] 2024-01-22 16:39:28.479 BasePage:288 - Attempt 1: Clicking on <Popup Close Icon>
[logsrowserStack_Google Pixel 3 INFO ] 2024-01-22 16:39:30.964 BasePage:296 - Attempt 1: Clicked on <Popup Close Icon> successfully
[logsrowserStack_Google Pixel 3 DEBUG] 2024-01-22 16:39:30.998 MyCoinsTests:48 - ---------------------------------------------------
[logsrowserStack_Google Pixel 3 DEBUG] 2024-01-22 16:39:30.999 MyCoinsTests:49 - ******************* Test started: T210  *******************
[logsrowserStack_Google Pixel 3 INFO ] 2024-01-22 16:39:33.358 BasePage:288 - Attempt 1: Clicking on <My Coins>
[logsrowserStack_Google Pixel 3 INFO ] 2024-01-22 16:39:35.431 BasePage:296 - Attempt 1: Clicked on <My Coins> successfully
[logsrowserStack_Google Pixel 3 DEBUG] 2024-01-22 16:39:35.432 MyCoinsTests:54 - ---------------------------------------------------
[logsrowserStack_Google Pixel 3 DEBUG] 2024-01-22 16:39:35.433 MyCoinsTests:55 - ******************* Test started: T207  *******************
[logsrowserStack_Google Pixel 3 INFO ] 2024-01-22 16:39:39.181 BasePage:1045 - Element :My Coins Carousel is not displayed. Scrolling down to find the element: My Coins Carousel.
[logsrowserStack_Google Pixel 3 INFO ] 2024-01-22 16:39:42.846 BasePage:1045 - Element :My Coins Carousel is not displayed. Scrolling down to find the element: My Coins Carousel.
[logsrowserStack_Google Pixel 3 INFO ] 2024-01-22 16:39:46.519 BasePage:1045 - Element :My Coins Carousel is not displayed. Scrolling down to find the element: My Coins Carousel.
[logsrowserStack_Google Pixel 3 INFO ] 2024-01-22 16:39:52.244 BasePage:1045 - Element :My Coins Carousel is not displayed. Scrolling down to find the element: My Coins Carousel.
[logsrowserStack_Google Pixel 3 INFO ] 2024-01-22 16:40:34.036 BasePage:629 - Getting text attribute '' for element 'Number of My Coins Count' with text ''
[logsrowserStack_Google Pixel 3 DEBUG] 2024-01-22 16:40:38.234 MyCoinsTests:60 - ---------------------------------------------------
[logsrowserStack_Google Pixel 3 DEBUG] 2024-01-22 16:40:38.236 MyCoinsTests:61 - ******************* Test started: T208  *******************
[logsrowserStack_Google Pixel 3 ERROR] 2024-01-22 16:41:09.969 BasePage:316 - Attempt 1: Failed to click on: <Profile > Edit Icon>. Exception: Expected condition failed: waiting for visibility of Located by By.chained({By.xpath: //android.widget.ImageView[@resource-id='collection_my_profile_screen_image_34']}) (tried for 10 second(s) with 500 milliseconds interval)
org.openqa.selenium.TimeoutException: Expected condition failed: waiting for visibility of Located by By.chained({By.xpath: //android.widget.ImageView[@resource-id='collection_my_profile_screen_image_34']}) (tried for 10 second(s) with 500 milliseconds interval)
	at org.openqa.selenium.support.ui.WebDriverWait.timeoutException(WebDriverWait.java:95) ~[selenium-support-3.141.59.jar:?]
	at org.openqa.selenium.support.ui.FluentWait.until(FluentWait.java:272) ~[selenium-support-3.141.59.jar:?]
	at com.appium.base.BasePage.waitForVisibility(BasePage.java:83) ~[classes/:?]
	at com.appium.base.BasePage.click(BasePage.java:284) ~[classes/:?]
	at com.appium.base.BasePage.click(BasePage.java:274) ~[classes/:?]
	at com.appium.base.BasePage.clickElementAndBack(BasePage.java:436) ~[classes/:?]
	at com.appium.pages.MyCoinsPage.check_Navigation_OfProfileIcon(MyCoinsPage.java:153) ~[classes/:?]
	at com.appium.tests.MyCoinsTests.allTestCaseRelated_BadgesSection(MyCoinsTests.java:63) ~[test-classes/:?]
	at jdk.internal.reflect.NativeMethodAccessorImpl.invoke0(Native Method) ~[?:?]
	at jdk.internal.reflect.NativeMethodAccessorImpl.invoke(NativeMethodAccessorImpl.java:62) ~[?:?]
	at jdk.internal.reflect.DelegatingMethodAccessorImpl.invoke(DelegatingMethodAccessorImpl.java:43) ~[?:?]
	at java.lang.reflect.Method.invoke(Method.java:566) ~[?:?]
	at org.testng.internal.MethodInvocationHelper.invokeMethod(MethodInvocationHelper.java:133) ~[testng-7.4.0.jar:7.4.0]
	at org.testng.internal.TestInvoker.invokeMethod(TestInvoker.java:598) ~[testng-7.4.0.jar:7.4.0]
	at org.testng.internal.TestInvoker.invokeTestMethod(TestInvoker.java:173) ~[testng-7.4.0.jar:7.4.0]
	at org.testng.internal.MethodRunner.runInSequence(MethodRunner.java:46) ~[testng-7.4.0.jar:7.4.0]
	at org.testng.internal.TestInvoker$MethodInvocationAgent.invoke(TestInvoker.java:824) ~[testng-7.4.0.jar:7.4.0]
	at org.testng.internal.TestInvoker.invokeTestMethods(TestInvoker.java:146) ~[testng-7.4.0.jar:7.4.0]
	at org.testng.internal.TestMethodWorker.invokeTestMethods(TestMethodWorker.java:146) ~[testng-7.4.0.jar:7.4.0]
	at org.testng.internal.TestMethodWorker.run(TestMethodWorker.java:128) ~[testng-7.4.0.jar:7.4.0]
	at java.util.ArrayList.forEach(ArrayList.java:1541) [?:?]
	at org.testng.TestRunner.privateRun(TestRunner.java:794) [testng-7.4.0.jar:7.4.0]
	at org.testng.TestRunner.run(TestRunner.java:596) [testng-7.4.0.jar:7.4.0]
	at org.testng.SuiteRunner.runTest(SuiteRunner.java:377) [testng-7.4.0.jar:7.4.0]
	at org.testng.SuiteRunner.runSequentially(SuiteRunner.java:371) [testng-7.4.0.jar:7.4.0]
	at org.testng.SuiteRunner.privateRun(SuiteRunner.java:332) [testng-7.4.0.jar:7.4.0]
	at org.testng.SuiteRunner.run(SuiteRunner.java:276) [testng-7.4.0.jar:7.4.0]
	at org.testng.SuiteRunnerWorker.runSuite(SuiteRunnerWorker.java:53) [testng-7.4.0.jar:7.4.0]
	at org.testng.SuiteRunnerWorker.run(SuiteRunnerWorker.java:96) [testng-7.4.0.jar:7.4.0]
	at org.testng.TestNG.runSuitesSequentially(TestNG.java:1212) [testng-7.4.0.jar:7.4.0]
	at org.testng.TestNG.runSuitesLocally(TestNG.java:1134) [testng-7.4.0.jar:7.4.0]
	at org.testng.TestNG.runSuites(TestNG.java:1063) [testng-7.4.0.jar:7.4.0]
	at org.testng.TestNG.run(TestNG.java:1031) [testng-7.4.0.jar:7.4.0]
	at org.testng.remote.AbstractRemoteTestNG.run(AbstractRemoteTestNG.java:115) [testng-remote.jar:?]
	at org.testng.remote.RemoteTestNG.initAndRun(RemoteTestNG.java:251) [testng-remote.jar:?]
	at org.testng.remote.RemoteTestNG.main(RemoteTestNG.java:77) [testng-remote.jar:?]
Caused by: org.openqa.selenium.NoSuchElementException: Can't locate an element by this strategy: By.chained({By.xpath: //android.widget.ImageView[@resource-id='collection_my_profile_screen_image_34']})
	at io.appium.java_client.pagefactory.AppiumElementLocator.findElement(AppiumElementLocator.java:126) ~[java-client-7.5.1.jar:?]
	at io.appium.java_client.pagefactory.interceptors.InterceptorOfASingleElement.intercept(InterceptorOfASingleElement.java:59) ~[java-client-7.5.1.jar:?]
	at io.appium.java_client.android.AndroidElement$$EnhancerByCGLIB$$b598166c.isDisplayed(<generated>) ~[java-client-7.5.1.jar:?]
	at org.openqa.selenium.support.ui.ExpectedConditions.elementIfVisible(ExpectedConditions.java:314) ~[selenium-support-3.141.59.jar:?]
	at org.openqa.selenium.support.ui.ExpectedConditions.access$000(ExpectedConditions.java:43) ~[selenium-support-3.141.59.jar:?]
	at org.openqa.selenium.support.ui.ExpectedConditions$10.apply(ExpectedConditions.java:300) ~[selenium-support-3.141.59.jar:?]
	at org.openqa.selenium.support.ui.ExpectedConditions$10.apply(ExpectedConditions.java:297) ~[selenium-support-3.141.59.jar:?]
	at org.openqa.selenium.support.ui.FluentWait.until(FluentWait.java:249) ~[selenium-support-3.141.59.jar:?]
	... 34 more
Caused by: org.openqa.selenium.TimeoutException: Expected condition failed: waiting for io.appium.java_client.pagefactory.AppiumElementLocator$WaitingFunction@1bb4c431 (tried for 30 second(s) with 500 milliseconds interval)
	at org.openqa.selenium.support.ui.FluentWait.timeoutException(FluentWait.java:304) ~[selenium-support-3.141.59.jar:?]
	at org.openqa.selenium.support.ui.FluentWait.until(FluentWait.java:272) ~[selenium-support-3.141.59.jar:?]
	at io.appium.java_client.pagefactory.AppiumElementLocator.waitFor(AppiumElementLocator.java:99) ~[java-client-7.5.1.jar:?]
	at io.appium.java_client.pagefactory.AppiumElementLocator.findElement(AppiumElementLocator.java:119) ~[java-client-7.5.1.jar:?]
	at io.appium.java_client.pagefactory.interceptors.InterceptorOfASingleElement.intercept(InterceptorOfASingleElement.java:59) ~[java-client-7.5.1.jar:?]
	at io.appium.java_client.android.AndroidElement$$EnhancerByCGLIB$$b598166c.isDisplayed(<generated>) ~[java-client-7.5.1.jar:?]
	at org.openqa.selenium.support.ui.ExpectedConditions.elementIfVisible(ExpectedConditions.java:314) ~[selenium-support-3.141.59.jar:?]
	at org.openqa.selenium.support.ui.ExpectedConditions.access$000(ExpectedConditions.java:43) ~[selenium-support-3.141.59.jar:?]
	at org.openqa.selenium.support.ui.ExpectedConditions$10.apply(ExpectedConditions.java:300) ~[selenium-support-3.141.59.jar:?]
	at org.openqa.selenium.support.ui.ExpectedConditions$10.apply(ExpectedConditions.java:297) ~[selenium-support-3.141.59.jar:?]
	at org.openqa.selenium.support.ui.FluentWait.until(FluentWait.java:249) ~[selenium-support-3.141.59.jar:?]
	... 34 more
Caused by: org.openqa.selenium.NoSuchElementException: Cannot locate an element using By.chained({By.xpath: //android.widget.ImageView[@resource-id='collection_my_profile_screen_image_34']})
For documentation on this error, please visit: https://www.seleniumhq.org/exceptions/no_such_element.html
Build info: version: '3.141.59', revision: 'e82be7d358', time: '2018-11-14T08:17:03'
System info: host: 'RUDRA', ip: '192.168.0.159', os.name: 'Windows 11', os.arch: 'amd64', os.version: '10.0', java.version: '11.0.20'
Driver info: driver.version: AndroidDriver
	at io.appium.java_client.pagefactory.bys.builder.ByChained.findElement(ByChained.java:74) ~[java-client-7.5.1.jar:?]
	at org.openqa.selenium.remote.RemoteWebDriver.findElement(RemoteWebDriver.java:315) ~[selenium-remote-driver-3.141.59.jar:?]
	at io.appium.java_client.DefaultGenericMobileDriver.findElement(DefaultGenericMobileDriver.java:57) ~[java-client-7.5.1.jar:?]
	at io.appium.java_client.AppiumDriver.findElement(AppiumDriver.java:1) ~[java-client-7.5.1.jar:?]
	at io.appium.java_client.android.AndroidDriver.findElement(AndroidDriver.java:1) ~[java-client-7.5.1.jar:?]
	at io.appium.java_client.pagefactory.bys.ContentMappedBy.findElement(ContentMappedBy.java:50) ~[java-client-7.5.1.jar:?]
	at org.openqa.selenium.remote.RemoteWebDriver.findElement(RemoteWebDriver.java:315) ~[selenium-remote-driver-3.141.59.jar:?]
	at io.appium.java_client.DefaultGenericMobileDriver.findElement(DefaultGenericMobileDriver.java:57) ~[java-client-7.5.1.jar:?]
	at io.appium.java_client.AppiumDriver.findElement(AppiumDriver.java:1) ~[java-client-7.5.1.jar:?]
	at io.appium.java_client.android.AndroidDriver.findElement(AndroidDriver.java:1) ~[java-client-7.5.1.jar:?]
	at io.appium.java_client.pagefactory.AppiumElementLocator.lambda$0(AppiumElementLocator.java:120) ~[java-client-7.5.1.jar:?]
	at io.appium.java_client.pagefactory.AppiumElementLocator$WaitingFunction.apply(AppiumElementLocator.java:172) ~[java-client-7.5.1.jar:?]
	at io.appium.java_client.pagefactory.AppiumElementLocator$WaitingFunction.apply(AppiumElementLocator.java:1) ~[java-client-7.5.1.jar:?]
	at org.openqa.selenium.support.ui.FluentWait.until(FluentWait.java:249) ~[selenium-support-3.141.59.jar:?]
	at io.appium.java_client.pagefactory.AppiumElementLocator.waitFor(AppiumElementLocator.java:99) ~[java-client-7.5.1.jar:?]
	at io.appium.java_client.pagefactory.AppiumElementLocator.findElement(AppiumElementLocator.java:119) ~[java-client-7.5.1.jar:?]
	at io.appium.java_client.pagefactory.interceptors.InterceptorOfASingleElement.intercept(InterceptorOfASingleElement.java:59) ~[java-client-7.5.1.jar:?]
	at io.appium.java_client.android.AndroidElement$$EnhancerByCGLIB$$b598166c.isDisplayed(<generated>) ~[java-client-7.5.1.jar:?]
	at org.openqa.selenium.support.ui.ExpectedConditions.elementIfVisible(ExpectedConditions.java:314) ~[selenium-support-3.141.59.jar:?]
	at org.openqa.selenium.support.ui.ExpectedConditions.access$000(ExpectedConditions.java:43) ~[selenium-support-3.141.59.jar:?]
	at org.openqa.selenium.support.ui.ExpectedConditions$10.apply(ExpectedConditions.java:300) ~[selenium-support-3.141.59.jar:?]
	at org.openqa.selenium.support.ui.ExpectedConditions$10.apply(ExpectedConditions.java:297) ~[selenium-support-3.141.59.jar:?]
	at org.openqa.selenium.support.ui.FluentWait.until(FluentWait.java:249) ~[selenium-support-3.141.59.jar:?]
	... 34 more
[logsrowserStack_Google Pixel 3 ERROR] 2024-01-22 16:41:41.445 BasePage:316 - Attempt 2: Failed to click on: <Profile > Edit Icon>. Exception: Expected condition failed: waiting for visibility of Located by By.chained({By.xpath: //android.widget.ImageView[@resource-id='collection_my_profile_screen_image_34']}) (tried for 10 second(s) with 500 milliseconds interval)
org.openqa.selenium.TimeoutException: Expected condition failed: waiting for visibility of Located by By.chained({By.xpath: //android.widget.ImageView[@resource-id='collection_my_profile_screen_image_34']}) (tried for 10 second(s) with 500 milliseconds interval)
	at org.openqa.selenium.support.ui.WebDriverWait.timeoutException(WebDriverWait.java:95) ~[selenium-support-3.141.59.jar:?]
	at org.openqa.selenium.support.ui.FluentWait.until(FluentWait.java:272) ~[selenium-support-3.141.59.jar:?]
	at com.appium.base.BasePage.waitForVisibility(BasePage.java:83) ~[classes/:?]
	at com.appium.base.BasePage.click(BasePage.java:284) ~[classes/:?]
	at com.appium.base.BasePage.click(BasePage.java:274) ~[classes/:?]
	at com.appium.base.BasePage.clickElementAndBack(BasePage.java:436) ~[classes/:?]
	at com.appium.pages.MyCoinsPage.check_Navigation_OfProfileIcon(MyCoinsPage.java:153) ~[classes/:?]
	at com.appium.tests.MyCoinsTests.allTestCaseRelated_BadgesSection(MyCoinsTests.java:63) ~[test-classes/:?]
	at jdk.internal.reflect.NativeMethodAccessorImpl.invoke0(Native Method) ~[?:?]
	at jdk.internal.reflect.NativeMethodAccessorImpl.invoke(NativeMethodAccessorImpl.java:62) ~[?:?]
	at jdk.internal.reflect.DelegatingMethodAccessorImpl.invoke(DelegatingMethodAccessorImpl.java:43) ~[?:?]
	at java.lang.reflect.Method.invoke(Method.java:566) ~[?:?]
	at org.testng.internal.MethodInvocationHelper.invokeMethod(MethodInvocationHelper.java:133) ~[testng-7.4.0.jar:7.4.0]
	at org.testng.internal.TestInvoker.invokeMethod(TestInvoker.java:598) ~[testng-7.4.0.jar:7.4.0]
	at org.testng.internal.TestInvoker.invokeTestMethod(TestInvoker.java:173) ~[testng-7.4.0.jar:7.4.0]
	at org.testng.internal.MethodRunner.runInSequence(MethodRunner.java:46) ~[testng-7.4.0.jar:7.4.0]
	at org.testng.internal.TestInvoker$MethodInvocationAgent.invoke(TestInvoker.java:824) ~[testng-7.4.0.jar:7.4.0]
	at org.testng.internal.TestInvoker.invokeTestMethods(TestInvoker.java:146) ~[testng-7.4.0.jar:7.4.0]
	at org.testng.internal.TestMethodWorker.invokeTestMethods(TestMethodWorker.java:146) ~[testng-7.4.0.jar:7.4.0]
	at org.testng.internal.TestMethodWorker.run(TestMethodWorker.java:128) ~[testng-7.4.0.jar:7.4.0]
	at java.util.ArrayList.forEach(ArrayList.java:1541) [?:?]
	at org.testng.TestRunner.privateRun(TestRunner.java:794) [testng-7.4.0.jar:7.4.0]
	at org.testng.TestRunner.run(TestRunner.java:596) [testng-7.4.0.jar:7.4.0]
	at org.testng.SuiteRunner.runTest(SuiteRunner.java:377) [testng-7.4.0.jar:7.4.0]
	at org.testng.SuiteRunner.runSequentially(SuiteRunner.java:371) [testng-7.4.0.jar:7.4.0]
	at org.testng.SuiteRunner.privateRun(SuiteRunner.java:332) [testng-7.4.0.jar:7.4.0]
	at org.testng.SuiteRunner.run(SuiteRunner.java:276) [testng-7.4.0.jar:7.4.0]
	at org.testng.SuiteRunnerWorker.runSuite(SuiteRunnerWorker.java:53) [testng-7.4.0.jar:7.4.0]
	at org.testng.SuiteRunnerWorker.run(SuiteRunnerWorker.java:96) [testng-7.4.0.jar:7.4.0]
	at org.testng.TestNG.runSuitesSequentially(TestNG.java:1212) [testng-7.4.0.jar:7.4.0]
	at org.testng.TestNG.runSuitesLocally(TestNG.java:1134) [testng-7.4.0.jar:7.4.0]
	at org.testng.TestNG.runSuites(TestNG.java:1063) [testng-7.4.0.jar:7.4.0]
	at org.testng.TestNG.run(TestNG.java:1031) [testng-7.4.0.jar:7.4.0]
	at org.testng.remote.AbstractRemoteTestNG.run(AbstractRemoteTestNG.java:115) [testng-remote.jar:?]
	at org.testng.remote.RemoteTestNG.initAndRun(RemoteTestNG.java:251) [testng-remote.jar:?]
	at org.testng.remote.RemoteTestNG.main(RemoteTestNG.java:77) [testng-remote.jar:?]
Caused by: org.openqa.selenium.NoSuchElementException: Can't locate an element by this strategy: By.chained({By.xpath: //android.widget.ImageView[@resource-id='collection_my_profile_screen_image_34']})
	at io.appium.java_client.pagefactory.AppiumElementLocator.findElement(AppiumElementLocator.java:126) ~[java-client-7.5.1.jar:?]
	at io.appium.java_client.pagefactory.interceptors.InterceptorOfASingleElement.intercept(InterceptorOfASingleElement.java:59) ~[java-client-7.5.1.jar:?]
	at io.appium.java_client.android.AndroidElement$$EnhancerByCGLIB$$b598166c.isDisplayed(<generated>) ~[java-client-7.5.1.jar:?]
	at org.openqa.selenium.support.ui.ExpectedConditions.elementIfVisible(ExpectedConditions.java:314) ~[selenium-support-3.141.59.jar:?]
	at org.openqa.selenium.support.ui.ExpectedConditions.access$000(ExpectedConditions.java:43) ~[selenium-support-3.141.59.jar:?]
	at org.openqa.selenium.support.ui.ExpectedConditions$10.apply(ExpectedConditions.java:300) ~[selenium-support-3.141.59.jar:?]
	at org.openqa.selenium.support.ui.ExpectedConditions$10.apply(ExpectedConditions.java:297) ~[selenium-support-3.141.59.jar:?]
	at org.openqa.selenium.support.ui.FluentWait.until(FluentWait.java:249) ~[selenium-support-3.141.59.jar:?]
	... 34 more
Caused by: org.openqa.selenium.TimeoutException: Expected condition failed: waiting for io.appium.java_client.pagefactory.AppiumElementLocator$WaitingFunction@1c31de5d (tried for 30 second(s) with 500 milliseconds interval)
	at org.openqa.selenium.support.ui.FluentWait.timeoutException(FluentWait.java:304) ~[selenium-support-3.141.59.jar:?]
	at org.openqa.selenium.support.ui.FluentWait.until(FluentWait.java:272) ~[selenium-support-3.141.59.jar:?]
	at io.appium.java_client.pagefactory.AppiumElementLocator.waitFor(AppiumElementLocator.java:99) ~[java-client-7.5.1.jar:?]
	at io.appium.java_client.pagefactory.AppiumElementLocator.findElement(AppiumElementLocator.java:119) ~[java-client-7.5.1.jar:?]
	at io.appium.java_client.pagefactory.interceptors.InterceptorOfASingleElement.intercept(InterceptorOfASingleElement.java:59) ~[java-client-7.5.1.jar:?]
	at io.appium.java_client.android.AndroidElement$$EnhancerByCGLIB$$b598166c.isDisplayed(<generated>) ~[java-client-7.5.1.jar:?]
	at org.openqa.selenium.support.ui.ExpectedConditions.elementIfVisible(ExpectedConditions.java:314) ~[selenium-support-3.141.59.jar:?]
	at org.openqa.selenium.support.ui.ExpectedConditions.access$000(ExpectedConditions.java:43) ~[selenium-support-3.141.59.jar:?]
	at org.openqa.selenium.support.ui.ExpectedConditions$10.apply(ExpectedConditions.java:300) ~[selenium-support-3.141.59.jar:?]
	at org.openqa.selenium.support.ui.ExpectedConditions$10.apply(ExpectedConditions.java:297) ~[selenium-support-3.141.59.jar:?]
	at org.openqa.selenium.support.ui.FluentWait.until(FluentWait.java:249) ~[selenium-support-3.141.59.jar:?]
	... 34 more
Caused by: org.openqa.selenium.NoSuchElementException: Cannot locate an element using By.chained({By.xpath: //android.widget.ImageView[@resource-id='collection_my_profile_screen_image_34']})
For documentation on this error, please visit: https://www.seleniumhq.org/exceptions/no_such_element.html
Build info: version: '3.141.59', revision: 'e82be7d358', time: '2018-11-14T08:17:03'
System info: host: 'RUDRA', ip: '192.168.0.159', os.name: 'Windows 11', os.arch: 'amd64', os.version: '10.0', java.version: '11.0.20'
Driver info: driver.version: AndroidDriver
	at io.appium.java_client.pagefactory.bys.builder.ByChained.findElement(ByChained.java:74) ~[java-client-7.5.1.jar:?]
	at org.openqa.selenium.remote.RemoteWebDriver.findElement(RemoteWebDriver.java:315) ~[selenium-remote-driver-3.141.59.jar:?]
	at io.appium.java_client.DefaultGenericMobileDriver.findElement(DefaultGenericMobileDriver.java:57) ~[java-client-7.5.1.jar:?]
	at io.appium.java_client.AppiumDriver.findElement(AppiumDriver.java:1) ~[java-client-7.5.1.jar:?]
	at io.appium.java_client.android.AndroidDriver.findElement(AndroidDriver.java:1) ~[java-client-7.5.1.jar:?]
	at io.appium.java_client.pagefactory.bys.ContentMappedBy.findElement(ContentMappedBy.java:50) ~[java-client-7.5.1.jar:?]
	at org.openqa.selenium.remote.RemoteWebDriver.findElement(RemoteWebDriver.java:315) ~[selenium-remote-driver-3.141.59.jar:?]
	at io.appium.java_client.DefaultGenericMobileDriver.findElement(DefaultGenericMobileDriver.java:57) ~[java-client-7.5.1.jar:?]
	at io.appium.java_client.AppiumDriver.findElement(AppiumDriver.java:1) ~[java-client-7.5.1.jar:?]
	at io.appium.java_client.android.AndroidDriver.findElement(AndroidDriver.java:1) ~[java-client-7.5.1.jar:?]
	at io.appium.java_client.pagefactory.AppiumElementLocator.lambda$0(AppiumElementLocator.java:120) ~[java-client-7.5.1.jar:?]
	at io.appium.java_client.pagefactory.AppiumElementLocator$WaitingFunction.apply(AppiumElementLocator.java:172) ~[java-client-7.5.1.jar:?]
	at io.appium.java_client.pagefactory.AppiumElementLocator$WaitingFunction.apply(AppiumElementLocator.java:1) ~[java-client-7.5.1.jar:?]
	at org.openqa.selenium.support.ui.FluentWait.until(FluentWait.java:249) ~[selenium-support-3.141.59.jar:?]
	at io.appium.java_client.pagefactory.AppiumElementLocator.waitFor(AppiumElementLocator.java:99) ~[java-client-7.5.1.jar:?]
	at io.appium.java_client.pagefactory.AppiumElementLocator.findElement(AppiumElementLocator.java:119) ~[java-client-7.5.1.jar:?]
	at io.appium.java_client.pagefactory.interceptors.InterceptorOfASingleElement.intercept(InterceptorOfASingleElement.java:59) ~[java-client-7.5.1.jar:?]
	at io.appium.java_client.android.AndroidElement$$EnhancerByCGLIB$$b598166c.isDisplayed(<generated>) ~[java-client-7.5.1.jar:?]
	at org.openqa.selenium.support.ui.ExpectedConditions.elementIfVisible(ExpectedConditions.java:314) ~[selenium-support-3.141.59.jar:?]
	at org.openqa.selenium.support.ui.ExpectedConditions.access$000(ExpectedConditions.java:43) ~[selenium-support-3.141.59.jar:?]
	at org.openqa.selenium.support.ui.ExpectedConditions$10.apply(ExpectedConditions.java:300) ~[selenium-support-3.141.59.jar:?]
	at org.openqa.selenium.support.ui.ExpectedConditions$10.apply(ExpectedConditions.java:297) ~[selenium-support-3.141.59.jar:?]
	at org.openqa.selenium.support.ui.FluentWait.until(FluentWait.java:249) ~[selenium-support-3.141.59.jar:?]
	... 34 more
[logsrowserStack_Google Pixel 3 ERROR] 2024-01-22 16:41:41.447 BasePage:325 - Failed to click on: <Profile > Edit Icon>. Exception: Appium Exception Details:
Error: Timeout waiting for element. Details: Expected condition failed: waiting for visibility of Located by By.chained({By.xpath: //android.widget.ImageView[@resource-id='collection_my_profile_screen_image_34']}) (tried for 10 second(s) with 500 milliseconds interval)
org.openqa.selenium.TimeoutException: Expected condition failed: waiting for visibility of Located by By.chained({By.xpath: //android.widget.ImageView[@resource-id='collection_my_profile_screen_image_34']}) (tried for 10 second(s) with 500 milliseconds interval)
	at org.openqa.selenium.support.ui.WebDriverWait.timeoutException(WebDriverWait.java:95) ~[selenium-support-3.141.59.jar:?]
	at org.openqa.selenium.support.ui.FluentWait.until(FluentWait.java:272) ~[selenium-support-3.141.59.jar:?]
	at com.appium.base.BasePage.waitForVisibility(BasePage.java:83) ~[classes/:?]
	at com.appium.base.BasePage.click(BasePage.java:284) ~[classes/:?]
	at com.appium.base.BasePage.click(BasePage.java:274) ~[classes/:?]
	at com.appium.base.BasePage.clickElementAndBack(BasePage.java:436) ~[classes/:?]
	at com.appium.pages.MyCoinsPage.check_Navigation_OfProfileIcon(MyCoinsPage.java:153) ~[classes/:?]
	at com.appium.tests.MyCoinsTests.allTestCaseRelated_BadgesSection(MyCoinsTests.java:63) ~[test-classes/:?]
	at jdk.internal.reflect.NativeMethodAccessorImpl.invoke0(Native Method) ~[?:?]
	at jdk.internal.reflect.NativeMethodAccessorImpl.invoke(NativeMethodAccessorImpl.java:62) ~[?:?]
	at jdk.internal.reflect.DelegatingMethodAccessorImpl.invoke(DelegatingMethodAccessorImpl.java:43) ~[?:?]
	at java.lang.reflect.Method.invoke(Method.java:566) ~[?:?]
	at org.testng.internal.MethodInvocationHelper.invokeMethod(MethodInvocationHelper.java:133) ~[testng-7.4.0.jar:7.4.0]
	at org.testng.internal.TestInvoker.invokeMethod(TestInvoker.java:598) ~[testng-7.4.0.jar:7.4.0]
	at org.testng.internal.TestInvoker.invokeTestMethod(TestInvoker.java:173) ~[testng-7.4.0.jar:7.4.0]
	at org.testng.internal.MethodRunner.runInSequence(MethodRunner.java:46) ~[testng-7.4.0.jar:7.4.0]
	at org.testng.internal.TestInvoker$MethodInvocationAgent.invoke(TestInvoker.java:824) ~[testng-7.4.0.jar:7.4.0]
	at org.testng.internal.TestInvoker.invokeTestMethods(TestInvoker.java:146) ~[testng-7.4.0.jar:7.4.0]
	at org.testng.internal.TestMethodWorker.invokeTestMethods(TestMethodWorker.java:146) ~[testng-7.4.0.jar:7.4.0]
	at org.testng.internal.TestMethodWorker.run(TestMethodWorker.java:128) ~[testng-7.4.0.jar:7.4.0]
	at java.util.ArrayList.forEach(ArrayList.java:1541) [?:?]
	at org.testng.TestRunner.privateRun(TestRunner.java:794) [testng-7.4.0.jar:7.4.0]
	at org.testng.TestRunner.run(TestRunner.java:596) [testng-7.4.0.jar:7.4.0]
	at org.testng.SuiteRunner.runTest(SuiteRunner.java:377) [testng-7.4.0.jar:7.4.0]
	at org.testng.SuiteRunner.runSequentially(SuiteRunner.java:371) [testng-7.4.0.jar:7.4.0]
	at org.testng.SuiteRunner.privateRun(SuiteRunner.java:332) [testng-7.4.0.jar:7.4.0]
	at org.testng.SuiteRunner.run(SuiteRunner.java:276) [testng-7.4.0.jar:7.4.0]
	at org.testng.SuiteRunnerWorker.runSuite(SuiteRunnerWorker.java:53) [testng-7.4.0.jar:7.4.0]
	at org.testng.SuiteRunnerWorker.run(SuiteRunnerWorker.java:96) [testng-7.4.0.jar:7.4.0]
	at org.testng.TestNG.runSuitesSequentially(TestNG.java:1212) [testng-7.4.0.jar:7.4.0]
	at org.testng.TestNG.runSuitesLocally(TestNG.java:1134) [testng-7.4.0.jar:7.4.0]
	at org.testng.TestNG.runSuites(TestNG.java:1063) [testng-7.4.0.jar:7.4.0]
	at org.testng.TestNG.run(TestNG.java:1031) [testng-7.4.0.jar:7.4.0]
	at org.testng.remote.AbstractRemoteTestNG.run(AbstractRemoteTestNG.java:115) [testng-remote.jar:?]
	at org.testng.remote.RemoteTestNG.initAndRun(RemoteTestNG.java:251) [testng-remote.jar:?]
	at org.testng.remote.RemoteTestNG.main(RemoteTestNG.java:77) [testng-remote.jar:?]
Caused by: org.openqa.selenium.NoSuchElementException: Can't locate an element by this strategy: By.chained({By.xpath: //android.widget.ImageView[@resource-id='collection_my_profile_screen_image_34']})
	at io.appium.java_client.pagefactory.AppiumElementLocator.findElement(AppiumElementLocator.java:126) ~[java-client-7.5.1.jar:?]
	at io.appium.java_client.pagefactory.interceptors.InterceptorOfASingleElement.intercept(InterceptorOfASingleElement.java:59) ~[java-client-7.5.1.jar:?]
	at io.appium.java_client.android.AndroidElement$$EnhancerByCGLIB$$b598166c.isDisplayed(<generated>) ~[java-client-7.5.1.jar:?]
	at org.openqa.selenium.support.ui.ExpectedConditions.elementIfVisible(ExpectedConditions.java:314) ~[selenium-support-3.141.59.jar:?]
	at org.openqa.selenium.support.ui.ExpectedConditions.access$000(ExpectedConditions.java:43) ~[selenium-support-3.141.59.jar:?]
	at org.openqa.selenium.support.ui.ExpectedConditions$10.apply(ExpectedConditions.java:300) ~[selenium-support-3.141.59.jar:?]
	at org.openqa.selenium.support.ui.ExpectedConditions$10.apply(ExpectedConditions.java:297) ~[selenium-support-3.141.59.jar:?]
	at org.openqa.selenium.support.ui.FluentWait.until(FluentWait.java:249) ~[selenium-support-3.141.59.jar:?]
	... 34 more
Caused by: org.openqa.selenium.TimeoutException: Expected condition failed: waiting for io.appium.java_client.pagefactory.AppiumElementLocator$WaitingFunction@1c31de5d (tried for 30 second(s) with 500 milliseconds interval)
	at org.openqa.selenium.support.ui.FluentWait.timeoutException(FluentWait.java:304) ~[selenium-support-3.141.59.jar:?]
	at org.openqa.selenium.support.ui.FluentWait.until(FluentWait.java:272) ~[selenium-support-3.141.59.jar:?]
	at io.appium.java_client.pagefactory.AppiumElementLocator.waitFor(AppiumElementLocator.java:99) ~[java-client-7.5.1.jar:?]
	at io.appium.java_client.pagefactory.AppiumElementLocator.findElement(AppiumElementLocator.java:119) ~[java-client-7.5.1.jar:?]
	at io.appium.java_client.pagefactory.interceptors.InterceptorOfASingleElement.intercept(InterceptorOfASingleElement.java:59) ~[java-client-7.5.1.jar:?]
	at io.appium.java_client.android.AndroidElement$$EnhancerByCGLIB$$b598166c.isDisplayed(<generated>) ~[java-client-7.5.1.jar:?]
	at org.openqa.selenium.support.ui.ExpectedConditions.elementIfVisible(ExpectedConditions.java:314) ~[selenium-support-3.141.59.jar:?]
	at org.openqa.selenium.support.ui.ExpectedConditions.access$000(ExpectedConditions.java:43) ~[selenium-support-3.141.59.jar:?]
	at org.openqa.selenium.support.ui.ExpectedConditions$10.apply(ExpectedConditions.java:300) ~[selenium-support-3.141.59.jar:?]
	at org.openqa.selenium.support.ui.ExpectedConditions$10.apply(ExpectedConditions.java:297) ~[selenium-support-3.141.59.jar:?]
	at org.openqa.selenium.support.ui.FluentWait.until(FluentWait.java:249) ~[selenium-support-3.141.59.jar:?]
	... 34 more
Caused by: org.openqa.selenium.NoSuchElementException: Cannot locate an element using By.chained({By.xpath: //android.widget.ImageView[@resource-id='collection_my_profile_screen_image_34']})
For documentation on this error, please visit: https://www.seleniumhq.org/exceptions/no_such_element.html
Build info: version: '3.141.59', revision: 'e82be7d358', time: '2018-11-14T08:17:03'
System info: host: 'RUDRA', ip: '192.168.0.159', os.name: 'Windows 11', os.arch: 'amd64', os.version: '10.0', java.version: '11.0.20'
Driver info: driver.version: AndroidDriver
	at io.appium.java_client.pagefactory.bys.builder.ByChained.findElement(ByChained.java:74) ~[java-client-7.5.1.jar:?]
	at org.openqa.selenium.remote.RemoteWebDriver.findElement(RemoteWebDriver.java:315) ~[selenium-remote-driver-3.141.59.jar:?]
	at io.appium.java_client.DefaultGenericMobileDriver.findElement(DefaultGenericMobileDriver.java:57) ~[java-client-7.5.1.jar:?]
	at io.appium.java_client.AppiumDriver.findElement(AppiumDriver.java:1) ~[java-client-7.5.1.jar:?]
	at io.appium.java_client.android.AndroidDriver.findElement(AndroidDriver.java:1) ~[java-client-7.5.1.jar:?]
	at io.appium.java_client.pagefactory.bys.ContentMappedBy.findElement(ContentMappedBy.java:50) ~[java-client-7.5.1.jar:?]
	at org.openqa.selenium.remote.RemoteWebDriver.findElement(RemoteWebDriver.java:315) ~[selenium-remote-driver-3.141.59.jar:?]
	at io.appium.java_client.DefaultGenericMobileDriver.findElement(DefaultGenericMobileDriver.java:57) ~[java-client-7.5.1.jar:?]
	at io.appium.java_client.AppiumDriver.findElement(AppiumDriver.java:1) ~[java-client-7.5.1.jar:?]
	at io.appium.java_client.android.AndroidDriver.findElement(AndroidDriver.java:1) ~[java-client-7.5.1.jar:?]
	at io.appium.java_client.pagefactory.AppiumElementLocator.lambda$0(AppiumElementLocator.java:120) ~[java-client-7.5.1.jar:?]
	at io.appium.java_client.pagefactory.AppiumElementLocator$WaitingFunction.apply(AppiumElementLocator.java:172) ~[java-client-7.5.1.jar:?]
	at io.appium.java_client.pagefactory.AppiumElementLocator$WaitingFunction.apply(AppiumElementLocator.java:1) ~[java-client-7.5.1.jar:?]
	at org.openqa.selenium.support.ui.FluentWait.until(FluentWait.java:249) ~[selenium-support-3.141.59.jar:?]
	at io.appium.java_client.pagefactory.AppiumElementLocator.waitFor(AppiumElementLocator.java:99) ~[java-client-7.5.1.jar:?]
	at io.appium.java_client.pagefactory.AppiumElementLocator.findElement(AppiumElementLocator.java:119) ~[java-client-7.5.1.jar:?]
	at io.appium.java_client.pagefactory.interceptors.InterceptorOfASingleElement.intercept(InterceptorOfASingleElement.java:59) ~[java-client-7.5.1.jar:?]
	at io.appium.java_client.android.AndroidElement$$EnhancerByCGLIB$$b598166c.isDisplayed(<generated>) ~[java-client-7.5.1.jar:?]
	at org.openqa.selenium.support.ui.ExpectedConditions.elementIfVisible(ExpectedConditions.java:314) ~[selenium-support-3.141.59.jar:?]
	at org.openqa.selenium.support.ui.ExpectedConditions.access$000(ExpectedConditions.java:43) ~[selenium-support-3.141.59.jar:?]
	at org.openqa.selenium.support.ui.ExpectedConditions$10.apply(ExpectedConditions.java:300) ~[selenium-support-3.141.59.jar:?]
	at org.openqa.selenium.support.ui.ExpectedConditions$10.apply(ExpectedConditions.java:297) ~[selenium-support-3.141.59.jar:?]
	at org.openqa.selenium.support.ui.FluentWait.until(FluentWait.java:249) ~[selenium-support-3.141.59.jar:?]
	... 34 more
[logsrowserStack_Google Pixel 3 ERROR] 2024-01-22 16:41:41.450 BasePage:443 - Failed to click on Profile > Edit Icon and navigate back. Exception: Appium Exception Details:
Unexpected Appium Exception. Details: Failed to click on: <Profile > Edit Icon>. Exception: Appium Exception Details:
Error: Timeout waiting for element. Details: Expected condition failed: waiting for visibility of Located by By.chained({By.xpath: //android.widget.ImageView[@resource-id='collection_my_profile_screen_image_34']}) (tried for 10 second(s) with 500 milliseconds interval)
java.lang.RuntimeException: Failed to click on: <Profile > Edit Icon>. Exception: Appium Exception Details:
Error: Timeout waiting for element. Details: Expected condition failed: waiting for visibility of Located by By.chained({By.xpath: //android.widget.ImageView[@resource-id='collection_my_profile_screen_image_34']}) (tried for 10 second(s) with 500 milliseconds interval)
	at com.appium.base.BasePage.click(BasePage.java:327) ~[classes/:?]
	at com.appium.base.BasePage.click(BasePage.java:274) ~[classes/:?]
	at com.appium.base.BasePage.clickElementAndBack(BasePage.java:436) ~[classes/:?]
	at com.appium.pages.MyCoinsPage.check_Navigation_OfProfileIcon(MyCoinsPage.java:153) ~[classes/:?]
	at com.appium.tests.MyCoinsTests.allTestCaseRelated_BadgesSection(MyCoinsTests.java:63) ~[test-classes/:?]
	at jdk.internal.reflect.NativeMethodAccessorImpl.invoke0(Native Method) ~[?:?]
	at jdk.internal.reflect.NativeMethodAccessorImpl.invoke(NativeMethodAccessorImpl.java:62) ~[?:?]
	at jdk.internal.reflect.DelegatingMethodAccessorImpl.invoke(DelegatingMethodAccessorImpl.java:43) ~[?:?]
	at java.lang.reflect.Method.invoke(Method.java:566) ~[?:?]
	at org.testng.internal.MethodInvocationHelper.invokeMethod(MethodInvocationHelper.java:133) ~[testng-7.4.0.jar:7.4.0]
	at org.testng.internal.TestInvoker.invokeMethod(TestInvoker.java:598) ~[testng-7.4.0.jar:7.4.0]
	at org.testng.internal.TestInvoker.invokeTestMethod(TestInvoker.java:173) ~[testng-7.4.0.jar:7.4.0]
	at org.testng.internal.MethodRunner.runInSequence(MethodRunner.java:46) ~[testng-7.4.0.jar:7.4.0]
	at org.testng.internal.TestInvoker$MethodInvocationAgent.invoke(TestInvoker.java:824) ~[testng-7.4.0.jar:7.4.0]
	at org.testng.internal.TestInvoker.invokeTestMethods(TestInvoker.java:146) ~[testng-7.4.0.jar:7.4.0]
	at org.testng.internal.TestMethodWorker.invokeTestMethods(TestMethodWorker.java:146) ~[testng-7.4.0.jar:7.4.0]
	at org.testng.internal.TestMethodWorker.run(TestMethodWorker.java:128) ~[testng-7.4.0.jar:7.4.0]
	at java.util.ArrayList.forEach(ArrayList.java:1541) [?:?]
	at org.testng.TestRunner.privateRun(TestRunner.java:794) [testng-7.4.0.jar:7.4.0]
	at org.testng.TestRunner.run(TestRunner.java:596) [testng-7.4.0.jar:7.4.0]
	at org.testng.SuiteRunner.runTest(SuiteRunner.java:377) [testng-7.4.0.jar:7.4.0]
	at org.testng.SuiteRunner.runSequentially(SuiteRunner.java:371) [testng-7.4.0.jar:7.4.0]
	at org.testng.SuiteRunner.privateRun(SuiteRunner.java:332) [testng-7.4.0.jar:7.4.0]
	at org.testng.SuiteRunner.run(SuiteRunner.java:276) [testng-7.4.0.jar:7.4.0]
	at org.testng.SuiteRunnerWorker.runSuite(SuiteRunnerWorker.java:53) [testng-7.4.0.jar:7.4.0]
	at org.testng.SuiteRunnerWorker.run(SuiteRunnerWorker.java:96) [testng-7.4.0.jar:7.4.0]
	at org.testng.TestNG.runSuitesSequentially(TestNG.java:1212) [testng-7.4.0.jar:7.4.0]
	at org.testng.TestNG.runSuitesLocally(TestNG.java:1134) [testng-7.4.0.jar:7.4.0]
	at org.testng.TestNG.runSuites(TestNG.java:1063) [testng-7.4.0.jar:7.4.0]
	at org.testng.TestNG.run(TestNG.java:1031) [testng-7.4.0.jar:7.4.0]
	at org.testng.remote.AbstractRemoteTestNG.run(AbstractRemoteTestNG.java:115) [testng-remote.jar:?]
	at org.testng.remote.RemoteTestNG.initAndRun(RemoteTestNG.java:251) [testng-remote.jar:?]
	at org.testng.remote.RemoteTestNG.main(RemoteTestNG.java:77) [testng-remote.jar:?]
Caused by: org.openqa.selenium.TimeoutException: Expected condition failed: waiting for visibility of Located by By.chained({By.xpath: //android.widget.ImageView[@resource-id='collection_my_profile_screen_image_34']}) (tried for 10 second(s) with 500 milliseconds interval)
	at org.openqa.selenium.support.ui.WebDriverWait.timeoutException(WebDriverWait.java:95) ~[selenium-support-3.141.59.jar:?]
	at org.openqa.selenium.support.ui.FluentWait.until(FluentWait.java:272) ~[selenium-support-3.141.59.jar:?]
	at com.appium.base.BasePage.waitForVisibility(BasePage.java:83) ~[classes/:?]
	at com.appium.base.BasePage.click(BasePage.java:284) ~[classes/:?]
	... 32 more
Caused by: org.openqa.selenium.NoSuchElementException: Can't locate an element by this strategy: By.chained({By.xpath: //android.widget.ImageView[@resource-id='collection_my_profile_screen_image_34']})
	at io.appium.java_client.pagefactory.AppiumElementLocator.findElement(AppiumElementLocator.java:126) ~[java-client-7.5.1.jar:?]
	at io.appium.java_client.pagefactory.interceptors.InterceptorOfASingleElement.intercept(InterceptorOfASingleElement.java:59) ~[java-client-7.5.1.jar:?]
	at io.appium.java_client.android.AndroidElement$$EnhancerByCGLIB$$b598166c.isDisplayed(<generated>) ~[java-client-7.5.1.jar:?]
	at org.openqa.selenium.support.ui.ExpectedConditions.elementIfVisible(ExpectedConditions.java:314) ~[selenium-support-3.141.59.jar:?]
	at org.openqa.selenium.support.ui.ExpectedConditions.access$000(ExpectedConditions.java:43) ~[selenium-support-3.141.59.jar:?]
	at org.openqa.selenium.support.ui.ExpectedConditions$10.apply(ExpectedConditions.java:300) ~[selenium-support-3.141.59.jar:?]
	at org.openqa.selenium.support.ui.ExpectedConditions$10.apply(ExpectedConditions.java:297) ~[selenium-support-3.141.59.jar:?]
	at org.openqa.selenium.support.ui.FluentWait.until(FluentWait.java:249) ~[selenium-support-3.141.59.jar:?]
	at com.appium.base.BasePage.waitForVisibility(BasePage.java:83) ~[classes/:?]
	at com.appium.base.BasePage.click(BasePage.java:284) ~[classes/:?]
	... 32 more
Caused by: org.openqa.selenium.TimeoutException: Expected condition failed: waiting for io.appium.java_client.pagefactory.AppiumElementLocator$WaitingFunction@1c31de5d (tried for 30 second(s) with 500 milliseconds interval)
	at org.openqa.selenium.support.ui.FluentWait.timeoutException(FluentWait.java:304) ~[selenium-support-3.141.59.jar:?]
	at org.openqa.selenium.support.ui.FluentWait.until(FluentWait.java:272) ~[selenium-support-3.141.59.jar:?]
	at io.appium.java_client.pagefactory.AppiumElementLocator.waitFor(AppiumElementLocator.java:99) ~[java-client-7.5.1.jar:?]
	at io.appium.java_client.pagefactory.AppiumElementLocator.findElement(AppiumElementLocator.java:119) ~[java-client-7.5.1.jar:?]
	at io.appium.java_client.pagefactory.interceptors.InterceptorOfASingleElement.intercept(InterceptorOfASingleElement.java:59) ~[java-client-7.5.1.jar:?]
	at io.appium.java_client.android.AndroidElement$$EnhancerByCGLIB$$b598166c.isDisplayed(<generated>) ~[java-client-7.5.1.jar:?]
	at org.openqa.selenium.support.ui.ExpectedConditions.elementIfVisible(ExpectedConditions.java:314) ~[selenium-support-3.141.59.jar:?]
	at org.openqa.selenium.support.ui.ExpectedConditions.access$000(ExpectedConditions.java:43) ~[selenium-support-3.141.59.jar:?]
	at org.openqa.selenium.support.ui.ExpectedConditions$10.apply(ExpectedConditions.java:300) ~[selenium-support-3.141.59.jar:?]
	at org.openqa.selenium.support.ui.ExpectedConditions$10.apply(ExpectedConditions.java:297) ~[selenium-support-3.141.59.jar:?]
	at org.openqa.selenium.support.ui.FluentWait.until(FluentWait.java:249) ~[selenium-support-3.141.59.jar:?]
	at com.appium.base.BasePage.waitForVisibility(BasePage.java:83) ~[classes/:?]
	at com.appium.base.BasePage.click(BasePage.java:284) ~[classes/:?]
	... 32 more
Caused by: org.openqa.selenium.NoSuchElementException: Cannot locate an element using By.chained({By.xpath: //android.widget.ImageView[@resource-id='collection_my_profile_screen_image_34']})
For documentation on this error, please visit: https://www.seleniumhq.org/exceptions/no_such_element.html
Build info: version: '3.141.59', revision: 'e82be7d358', time: '2018-11-14T08:17:03'
System info: host: 'RUDRA', ip: '192.168.0.159', os.name: 'Windows 11', os.arch: 'amd64', os.version: '10.0', java.version: '11.0.20'
Driver info: driver.version: AndroidDriver
	at io.appium.java_client.pagefactory.bys.builder.ByChained.findElement(ByChained.java:74) ~[java-client-7.5.1.jar:?]
	at org.openqa.selenium.remote.RemoteWebDriver.findElement(RemoteWebDriver.java:315) ~[selenium-remote-driver-3.141.59.jar:?]
	at io.appium.java_client.DefaultGenericMobileDriver.findElement(DefaultGenericMobileDriver.java:57) ~[java-client-7.5.1.jar:?]
	at io.appium.java_client.AppiumDriver.findElement(AppiumDriver.java:1) ~[java-client-7.5.1.jar:?]
	at io.appium.java_client.android.AndroidDriver.findElement(AndroidDriver.java:1) ~[java-client-7.5.1.jar:?]
	at io.appium.java_client.pagefactory.bys.ContentMappedBy.findElement(ContentMappedBy.java:50) ~[java-client-7.5.1.jar:?]
	at org.openqa.selenium.remote.RemoteWebDriver.findElement(RemoteWebDriver.java:315) ~[selenium-remote-driver-3.141.59.jar:?]
	at io.appium.java_client.DefaultGenericMobileDriver.findElement(DefaultGenericMobileDriver.java:57) ~[java-client-7.5.1.jar:?]
	at io.appium.java_client.AppiumDriver.findElement(AppiumDriver.java:1) ~[java-client-7.5.1.jar:?]
	at io.appium.java_client.android.AndroidDriver.findElement(AndroidDriver.java:1) ~[java-client-7.5.1.jar:?]
	at io.appium.java_client.pagefactory.AppiumElementLocator.lambda$0(AppiumElementLocator.java:120) ~[java-client-7.5.1.jar:?]
	at io.appium.java_client.pagefactory.AppiumElementLocator$WaitingFunction.apply(AppiumElementLocator.java:172) ~[java-client-7.5.1.jar:?]
	at io.appium.java_client.pagefactory.AppiumElementLocator$WaitingFunction.apply(AppiumElementLocator.java:1) ~[java-client-7.5.1.jar:?]
	at org.openqa.selenium.support.ui.FluentWait.until(FluentWait.java:249) ~[selenium-support-3.141.59.jar:?]
	at io.appium.java_client.pagefactory.AppiumElementLocator.waitFor(AppiumElementLocator.java:99) ~[java-client-7.5.1.jar:?]
	at io.appium.java_client.pagefactory.AppiumElementLocator.findElement(AppiumElementLocator.java:119) ~[java-client-7.5.1.jar:?]
	at io.appium.java_client.pagefactory.interceptors.InterceptorOfASingleElement.intercept(InterceptorOfASingleElement.java:59) ~[java-client-7.5.1.jar:?]
	at io.appium.java_client.android.AndroidElement$$EnhancerByCGLIB$$b598166c.isDisplayed(<generated>) ~[java-client-7.5.1.jar:?]
	at org.openqa.selenium.support.ui.ExpectedConditions.elementIfVisible(ExpectedConditions.java:314) ~[selenium-support-3.141.59.jar:?]
	at org.openqa.selenium.support.ui.ExpectedConditions.access$000(ExpectedConditions.java:43) ~[selenium-support-3.141.59.jar:?]
	at org.openqa.selenium.support.ui.ExpectedConditions$10.apply(ExpectedConditions.java:300) ~[selenium-support-3.141.59.jar:?]
	at org.openqa.selenium.support.ui.ExpectedConditions$10.apply(ExpectedConditions.java:297) ~[selenium-support-3.141.59.jar:?]
	at org.openqa.selenium.support.ui.FluentWait.until(FluentWait.java:249) ~[selenium-support-3.141.59.jar:?]
	at com.appium.base.BasePage.waitForVisibility(BasePage.java:83) ~[classes/:?]
	at com.appium.base.BasePage.click(BasePage.java:284) ~[classes/:?]
	... 32 more
[logsrowserStack_Google Pixel 3 DEBUG] 2024-01-22 16:41:59.097 BaseTest:207 - Appium Server stopped.............
[logsrowserStack_Google Pixel 3 DEBUG] 2024-01-22 17:09:47.609 BaseTest:125 - Log file path: logs\browserStack_Google Pixel 3
[logsrowserStack_Google Pixel 3 DEBUG] 2024-01-22 17:09:47.651 BaseTest:132 - Setting PLATFORM_NAME to: browserStack
[logsrowserStack_Google Pixel 3 DEBUG] 2024-01-22 17:09:47.651 BaseTest:136 - Setting DEVICE_NAME to: Google Pixel 3
[logsrowserStack_Google Pixel 3 INFO ] 2024-01-22 17:09:47.666 CapabilityUtils:142 - Upload app file on Browserstack
[logsrowserStack_Google Pixel 3 INFO ] 2024-01-22 17:09:47.667 CapabilityUtils:145 - App URL is: C:\Users\rudra\Downloads\Appium-Java-POM-Framework-main\src\test\resources\app\app-qaVersion 2.1.3 (587).apk
[logsrowserStack_Google Pixel 3 INFO ] 2024-01-22 17:10:34.906 CapabilityUtils:147 - Received Response new Browserstack URL: bs://086f04948d222b90a98c5dd0a8225fefc1304caa
[logsrowserStack_Google Pixel 3 DEBUG] 2024-01-22 17:11:12.157 BaseTest:159 - sessionId: 2a0239ec56065edac2cf4b3174b1c99cfb8fe77e
[logsrowserStack_Google Pixel 3 DEBUG] 2024-01-22 17:11:12.399 LoginTests:73 - ---------------------------------------------------
[logsrowserStack_Google Pixel 3 DEBUG] 2024-01-22 17:11:12.399 LoginTests:74 - ******************* Test started: T101 *******************
[logsrowserStack_Google Pixel 3 INFO ] 2024-01-22 17:11:20.101 BasePage:288 - Attempt 1: Clicking on <Login with email>
[logsrowserStack_Google Pixel 3 INFO ] 2024-01-22 17:11:21.994 BasePage:296 - Attempt 1: Clicked on <Login with email> successfully
[logsrowserStack_Google Pixel 3 INFO ] 2024-01-22 17:11:25.800 BasePage:539 - Attempt 1: Successfully sent keys to <User Name>: "testi246.testi246@gmail.com".
[logsrowserStack_Google Pixel 3 INFO ] 2024-01-22 17:11:29.703 BasePage:539 - Attempt 1: Successfully sent keys to <Password>: "tT246246!".
[logsrowserStack_Google Pixel 3 INFO ] 2024-01-22 17:11:32.393 BasePage:288 - Attempt 1: Clicking on <Login button>
[logsrowserStack_Google Pixel 3 INFO ] 2024-01-22 17:11:34.305 BasePage:296 - Attempt 1: Clicked on <Login button> successfully
[logsrowserStack_Google Pixel 3 DEBUG] 2024-01-22 17:11:34.305 LoginTests:83 - ---------------------------------------------------
[logsrowserStack_Google Pixel 3 DEBUG] 2024-01-22 17:11:34.305 LoginTests:84 - ******************* Test started: T1255 *******************
[logsrowserStack_Google Pixel 3 INFO ] 2024-01-22 17:11:42.050 BasePage:288 - Attempt 1: Clicking on <Popup Close Icon>
[logsrowserStack_Google Pixel 3 INFO ] 2024-01-22 17:11:43.841 BasePage:296 - Attempt 1: Clicked on <Popup Close Icon> successfully
[logsrowserStack_Google Pixel 3 DEBUG] 2024-01-22 17:11:43.948 MyCoinsTests:48 - ---------------------------------------------------
[logsrowserStack_Google Pixel 3 DEBUG] 2024-01-22 17:11:43.949 MyCoinsTests:49 - ******************* Test started: T210  *******************
[logsrowserStack_Google Pixel 3 INFO ] 2024-01-22 17:11:46.234 BasePage:288 - Attempt 1: Clicking on <My Coins>
[logsrowserStack_Google Pixel 3 INFO ] 2024-01-22 17:11:52.269 BasePage:296 - Attempt 1: Clicked on <My Coins> successfully
[logsrowserStack_Google Pixel 3 DEBUG] 2024-01-22 17:11:52.273 MyCoinsTests:53 - ---------------------------------------------------
[logsrowserStack_Google Pixel 3 DEBUG] 2024-01-22 17:11:52.273 MyCoinsTests:54 - ******************* Test started: T208  *******************
[logsrowserStack_Google Pixel 3 INFO ] 2024-01-22 17:11:56.804 BasePage:288 - Attempt 1: Clicking on <Profile > Edit Icon>
[logsrowserStack_Google Pixel 3 INFO ] 2024-01-22 17:12:01.171 BasePage:296 - Attempt 1: Clicked on <Profile > Edit Icon> successfully
[logsrowserStack_Google Pixel 3 INFO ] 2024-01-22 17:12:06.185 BasePage:75 - Sleeping for 5 seconds...
[logsrowserStack_Google Pixel 3 INFO ] 2024-01-22 17:12:07.374 BasePage:216 - Navigated back
[logsrowserStack_Google Pixel 3 DEBUG] 2024-01-22 17:12:07.377 MyCoinsTests:59 - ---------------------------------------------------
[logsrowserStack_Google Pixel 3 DEBUG] 2024-01-22 17:12:07.378 MyCoinsTests:60 - ******************* Test started: T201  *******************
[logsrowserStack_Google Pixel 3 INFO ] 2024-01-22 17:12:25.791 BasePage:670 - Text value for Element Fetching text for Badge More Icon List - Element 1/1 at index 0: 
[logsrowserStack_Google Pixel 3 DEBUG] 2024-01-22 17:12:25.793 MyCoinsTests:64 - ---------------------------------------------------
[logsrowserStack_Google Pixel 3 DEBUG] 2024-01-22 17:12:25.794 MyCoinsTests:65 - ******************* Test started: T203  *******************
[logsrowserStack_Google Pixel 3 INFO ] 2024-01-22 17:12:29.976 BasePage:288 - Attempt 1: Clicking on <Badge More Button>
[logsrowserStack_Google Pixel 3 INFO ] 2024-01-22 17:12:34.247 BasePage:296 - Attempt 1: Clicked on <Badge More Button> successfully
[logsrowserStack_Google Pixel 3 INFO ] 2024-01-22 17:12:39.251 BasePage:75 - Sleeping for 5 seconds...
[logsrowserStack_Google Pixel 3 INFO ] 2024-01-22 17:12:40.040 BasePage:216 - Navigated back
[logsrowserStack_Google Pixel 3 DEBUG] 2024-01-22 17:12:40.041 MyCoinsTests:69 - ---------------------------------------------------
[logsrowserStack_Google Pixel 3 DEBUG] 2024-01-22 17:12:40.041 MyCoinsTests:70 - ******************* Test started: T207  *******************
[logsrowserStack_Google Pixel 3 INFO ] 2024-01-22 17:12:46.166 BasePage:1043 - Element :My Coins Carousel is not displayed. Scrolling down to find the element: My Coins Carousel.
[logsrowserStack_Google Pixel 3 ERROR] 2024-01-22 17:14:20.467 BasePage:636 - Failed to get element text for element 'Number of My Coins Count' with text '70 coins'. Exception: Appium Exception Details:
Error: Timeout waiting for element. Details: Expected condition failed: waiting for visibility of Located by By.chained({By.xpath: //android.widget.TextView[@resource-id="my_coins_screen_elements_9" and @text="70 coins"]}) (tried for 10 second(s) with 500 milliseconds interval)
org.openqa.selenium.TimeoutException: Expected condition failed: waiting for visibility of Located by By.chained({By.xpath: //android.widget.TextView[@resource-id="my_coins_screen_elements_9" and @text="70 coins"]}) (tried for 10 second(s) with 500 milliseconds interval)
	at org.openqa.selenium.support.ui.WebDriverWait.timeoutException(WebDriverWait.java:95) ~[selenium-support-3.141.59.jar:?]
	at org.openqa.selenium.support.ui.FluentWait.until(FluentWait.java:272) ~[selenium-support-3.141.59.jar:?]
	at com.appium.base.BasePage.waitForVisibility(BasePage.java:83) ~[classes/:?]
	at com.appium.base.BasePage.getText(BasePage.java:605) ~[classes/:?]
	at com.appium.pages.MyCoinsPage.validate_TotalNumberOfMyCoins(MyCoinsPage.java:350) ~[classes/:?]
	at com.appium.tests.MyCoinsTests.allTestCaseRelated_BadgesSection(MyCoinsTests.java:73) ~[test-classes/:?]
	at jdk.internal.reflect.NativeMethodAccessorImpl.invoke0(Native Method) ~[?:?]
	at jdk.internal.reflect.NativeMethodAccessorImpl.invoke(NativeMethodAccessorImpl.java:62) ~[?:?]
	at jdk.internal.reflect.DelegatingMethodAccessorImpl.invoke(DelegatingMethodAccessorImpl.java:43) ~[?:?]
	at java.lang.reflect.Method.invoke(Method.java:566) ~[?:?]
	at org.testng.internal.MethodInvocationHelper.invokeMethod(MethodInvocationHelper.java:133) ~[testng-7.4.0.jar:7.4.0]
	at org.testng.internal.TestInvoker.invokeMethod(TestInvoker.java:598) ~[testng-7.4.0.jar:7.4.0]
	at org.testng.internal.TestInvoker.invokeTestMethod(TestInvoker.java:173) ~[testng-7.4.0.jar:7.4.0]
	at org.testng.internal.MethodRunner.runInSequence(MethodRunner.java:46) ~[testng-7.4.0.jar:7.4.0]
	at org.testng.internal.TestInvoker$MethodInvocationAgent.invoke(TestInvoker.java:824) ~[testng-7.4.0.jar:7.4.0]
	at org.testng.internal.TestInvoker.invokeTestMethods(TestInvoker.java:146) ~[testng-7.4.0.jar:7.4.0]
	at org.testng.internal.TestMethodWorker.invokeTestMethods(TestMethodWorker.java:146) ~[testng-7.4.0.jar:7.4.0]
	at org.testng.internal.TestMethodWorker.run(TestMethodWorker.java:128) ~[testng-7.4.0.jar:7.4.0]
	at java.util.ArrayList.forEach(ArrayList.java:1541) [?:?]
	at org.testng.TestRunner.privateRun(TestRunner.java:794) [testng-7.4.0.jar:7.4.0]
	at org.testng.TestRunner.run(TestRunner.java:596) [testng-7.4.0.jar:7.4.0]
	at org.testng.SuiteRunner.runTest(SuiteRunner.java:377) [testng-7.4.0.jar:7.4.0]
	at org.testng.SuiteRunner.runSequentially(SuiteRunner.java:371) [testng-7.4.0.jar:7.4.0]
	at org.testng.SuiteRunner.privateRun(SuiteRunner.java:332) [testng-7.4.0.jar:7.4.0]
	at org.testng.SuiteRunner.run(SuiteRunner.java:276) [testng-7.4.0.jar:7.4.0]
	at org.testng.SuiteRunnerWorker.runSuite(SuiteRunnerWorker.java:53) [testng-7.4.0.jar:7.4.0]
	at org.testng.SuiteRunnerWorker.run(SuiteRunnerWorker.java:96) [testng-7.4.0.jar:7.4.0]
	at org.testng.TestNG.runSuitesSequentially(TestNG.java:1212) [testng-7.4.0.jar:7.4.0]
	at org.testng.TestNG.runSuitesLocally(TestNG.java:1134) [testng-7.4.0.jar:7.4.0]
	at org.testng.TestNG.runSuites(TestNG.java:1063) [testng-7.4.0.jar:7.4.0]
	at org.testng.TestNG.run(TestNG.java:1031) [testng-7.4.0.jar:7.4.0]
	at org.testng.remote.AbstractRemoteTestNG.run(AbstractRemoteTestNG.java:115) [testng-remote.jar:?]
	at org.testng.remote.RemoteTestNG.initAndRun(RemoteTestNG.java:251) [testng-remote.jar:?]
	at org.testng.remote.RemoteTestNG.main(RemoteTestNG.java:77) [testng-remote.jar:?]
Caused by: org.openqa.selenium.NoSuchElementException: Can't locate an element by this strategy: By.chained({By.xpath: //android.widget.TextView[@resource-id="my_coins_screen_elements_9" and @text="70 coins"]})
	at io.appium.java_client.pagefactory.AppiumElementLocator.findElement(AppiumElementLocator.java:126) ~[java-client-7.5.1.jar:?]
	at io.appium.java_client.pagefactory.interceptors.InterceptorOfASingleElement.intercept(InterceptorOfASingleElement.java:59) ~[java-client-7.5.1.jar:?]
	at io.appium.java_client.android.AndroidElement$$EnhancerByCGLIB$$b598166c.isDisplayed(<generated>) ~[java-client-7.5.1.jar:?]
	at org.openqa.selenium.support.ui.ExpectedConditions.elementIfVisible(ExpectedConditions.java:314) ~[selenium-support-3.141.59.jar:?]
	at org.openqa.selenium.support.ui.ExpectedConditions.access$000(ExpectedConditions.java:43) ~[selenium-support-3.141.59.jar:?]
	at org.openqa.selenium.support.ui.ExpectedConditions$10.apply(ExpectedConditions.java:300) ~[selenium-support-3.141.59.jar:?]
	at org.openqa.selenium.support.ui.ExpectedConditions$10.apply(ExpectedConditions.java:297) ~[selenium-support-3.141.59.jar:?]
	at org.openqa.selenium.support.ui.FluentWait.until(FluentWait.java:249) ~[selenium-support-3.141.59.jar:?]
	... 32 more
Caused by: org.openqa.selenium.TimeoutException: Expected condition failed: waiting for io.appium.java_client.pagefactory.AppiumElementLocator$WaitingFunction@2430cf17 (tried for 30 second(s) with 500 milliseconds interval)
	at org.openqa.selenium.support.ui.FluentWait.timeoutException(FluentWait.java:304) ~[selenium-support-3.141.59.jar:?]
	at org.openqa.selenium.support.ui.FluentWait.until(FluentWait.java:272) ~[selenium-support-3.141.59.jar:?]
	at io.appium.java_client.pagefactory.AppiumElementLocator.waitFor(AppiumElementLocator.java:99) ~[java-client-7.5.1.jar:?]
	at io.appium.java_client.pagefactory.AppiumElementLocator.findElement(AppiumElementLocator.java:119) ~[java-client-7.5.1.jar:?]
	at io.appium.java_client.pagefactory.interceptors.InterceptorOfASingleElement.intercept(InterceptorOfASingleElement.java:59) ~[java-client-7.5.1.jar:?]
	at io.appium.java_client.android.AndroidElement$$EnhancerByCGLIB$$b598166c.isDisplayed(<generated>) ~[java-client-7.5.1.jar:?]
	at org.openqa.selenium.support.ui.ExpectedConditions.elementIfVisible(ExpectedConditions.java:314) ~[selenium-support-3.141.59.jar:?]
	at org.openqa.selenium.support.ui.ExpectedConditions.access$000(ExpectedConditions.java:43) ~[selenium-support-3.141.59.jar:?]
	at org.openqa.selenium.support.ui.ExpectedConditions$10.apply(ExpectedConditions.java:300) ~[selenium-support-3.141.59.jar:?]
	at org.openqa.selenium.support.ui.ExpectedConditions$10.apply(ExpectedConditions.java:297) ~[selenium-support-3.141.59.jar:?]
	at org.openqa.selenium.support.ui.FluentWait.until(FluentWait.java:249) ~[selenium-support-3.141.59.jar:?]
	... 32 more
Caused by: org.openqa.selenium.NoSuchElementException: Cannot locate an element using By.chained({By.xpath: //android.widget.TextView[@resource-id="my_coins_screen_elements_9" and @text="70 coins"]})
For documentation on this error, please visit: https://www.seleniumhq.org/exceptions/no_such_element.html
Build info: version: '3.141.59', revision: 'e82be7d358', time: '2018-11-14T08:17:03'
System info: host: 'RUDRA', ip: '192.168.0.159', os.name: 'Windows 11', os.arch: 'amd64', os.version: '10.0', java.version: '11.0.20'
Driver info: driver.version: AndroidDriver
	at io.appium.java_client.pagefactory.bys.builder.ByChained.findElement(ByChained.java:74) ~[java-client-7.5.1.jar:?]
	at org.openqa.selenium.remote.RemoteWebDriver.findElement(RemoteWebDriver.java:315) ~[selenium-remote-driver-3.141.59.jar:?]
	at io.appium.java_client.DefaultGenericMobileDriver.findElement(DefaultGenericMobileDriver.java:57) ~[java-client-7.5.1.jar:?]
	at io.appium.java_client.AppiumDriver.findElement(AppiumDriver.java:1) ~[java-client-7.5.1.jar:?]
	at io.appium.java_client.android.AndroidDriver.findElement(AndroidDriver.java:1) ~[java-client-7.5.1.jar:?]
	at io.appium.java_client.pagefactory.bys.ContentMappedBy.findElement(ContentMappedBy.java:50) ~[java-client-7.5.1.jar:?]
	at org.openqa.selenium.remote.RemoteWebDriver.findElement(RemoteWebDriver.java:315) ~[selenium-remote-driver-3.141.59.jar:?]
	at io.appium.java_client.DefaultGenericMobileDriver.findElement(DefaultGenericMobileDriver.java:57) ~[java-client-7.5.1.jar:?]
	at io.appium.java_client.AppiumDriver.findElement(AppiumDriver.java:1) ~[java-client-7.5.1.jar:?]
	at io.appium.java_client.android.AndroidDriver.findElement(AndroidDriver.java:1) ~[java-client-7.5.1.jar:?]
	at io.appium.java_client.pagefactory.AppiumElementLocator.lambda$0(AppiumElementLocator.java:120) ~[java-client-7.5.1.jar:?]
	at io.appium.java_client.pagefactory.AppiumElementLocator$WaitingFunction.apply(AppiumElementLocator.java:172) ~[java-client-7.5.1.jar:?]
	at io.appium.java_client.pagefactory.AppiumElementLocator$WaitingFunction.apply(AppiumElementLocator.java:1) ~[java-client-7.5.1.jar:?]
	at org.openqa.selenium.support.ui.FluentWait.until(FluentWait.java:249) ~[selenium-support-3.141.59.jar:?]
	at io.appium.java_client.pagefactory.AppiumElementLocator.waitFor(AppiumElementLocator.java:99) ~[java-client-7.5.1.jar:?]
	at io.appium.java_client.pagefactory.AppiumElementLocator.findElement(AppiumElementLocator.java:119) ~[java-client-7.5.1.jar:?]
	at io.appium.java_client.pagefactory.interceptors.InterceptorOfASingleElement.intercept(InterceptorOfASingleElement.java:59) ~[java-client-7.5.1.jar:?]
	at io.appium.java_client.android.AndroidElement$$EnhancerByCGLIB$$b598166c.isDisplayed(<generated>) ~[java-client-7.5.1.jar:?]
	at org.openqa.selenium.support.ui.ExpectedConditions.elementIfVisible(ExpectedConditions.java:314) ~[selenium-support-3.141.59.jar:?]
	at org.openqa.selenium.support.ui.ExpectedConditions.access$000(ExpectedConditions.java:43) ~[selenium-support-3.141.59.jar:?]
	at org.openqa.selenium.support.ui.ExpectedConditions$10.apply(ExpectedConditions.java:300) ~[selenium-support-3.141.59.jar:?]
	at org.openqa.selenium.support.ui.ExpectedConditions$10.apply(ExpectedConditions.java:297) ~[selenium-support-3.141.59.jar:?]
	at org.openqa.selenium.support.ui.FluentWait.until(FluentWait.java:249) ~[selenium-support-3.141.59.jar:?]
	... 32 more
[logsrowserStack_Google Pixel 3 DEBUG] 2024-01-22 17:14:37.126 BaseTest:207 - Appium Server stopped.............
[logsrowserStack_Google Pixel 3 DEBUG] 2024-01-22 17:17:30.287 BaseTest:125 - Log file path: logs\browserStack_Google Pixel 3
[logsrowserStack_Google Pixel 3 DEBUG] 2024-01-22 17:17:30.317 BaseTest:132 - Setting PLATFORM_NAME to: browserStack
[logsrowserStack_Google Pixel 3 DEBUG] 2024-01-22 17:17:30.318 BaseTest:136 - Setting DEVICE_NAME to: Google Pixel 3
[logsrowserStack_Google Pixel 3 INFO ] 2024-01-22 17:17:30.344 CapabilityUtils:142 - Upload app file on Browserstack
[logsrowserStack_Google Pixel 3 INFO ] 2024-01-22 17:17:30.345 CapabilityUtils:145 - App URL is: C:\Users\rudra\Downloads\Appium-Java-POM-Framework-main\src\test\resources\app\app-qaVersion 2.1.3 (587).apk
[logsrowserStack_Google Pixel 3 INFO ] 2024-01-22 17:18:17.918 CapabilityUtils:147 - Received Response new Browserstack URL: bs://086f04948d222b90a98c5dd0a8225fefc1304caa
[logsrowserStack_Google Pixel 3 DEBUG] 2024-01-22 17:19:00.288 BaseTest:159 - sessionId: 13b256815f0a807520e31abf1f0677c202f500ff
[logsrowserStack_Google Pixel 3 DEBUG] 2024-01-22 17:19:00.430 LoginTests:73 - ---------------------------------------------------
[logsrowserStack_Google Pixel 3 DEBUG] 2024-01-22 17:19:00.431 LoginTests:74 - ******************* Test started: T101 *******************
[logsrowserStack_Google Pixel 3 INFO ] 2024-01-22 17:19:07.782 BasePage:288 - Attempt 1: Clicking on <Login with email>
[logsrowserStack_Google Pixel 3 INFO ] 2024-01-22 17:19:09.418 BasePage:296 - Attempt 1: Clicked on <Login with email> successfully
[logsrowserStack_Google Pixel 3 INFO ] 2024-01-22 17:19:12.707 BasePage:539 - Attempt 1: Successfully sent keys to <User Name>: "testi246.testi246@gmail.com".
[logsrowserStack_Google Pixel 3 INFO ] 2024-01-22 17:19:15.970 BasePage:539 - Attempt 1: Successfully sent keys to <Password>: "tT246246!".
[logsrowserStack_Google Pixel 3 INFO ] 2024-01-22 17:19:18.664 BasePage:288 - Attempt 1: Clicking on <Login button>
[logsrowserStack_Google Pixel 3 INFO ] 2024-01-22 17:19:20.528 BasePage:296 - Attempt 1: Clicked on <Login button> successfully
[logsrowserStack_Google Pixel 3 DEBUG] 2024-01-22 17:19:20.529 LoginTests:83 - ---------------------------------------------------
[logsrowserStack_Google Pixel 3 DEBUG] 2024-01-22 17:19:20.531 LoginTests:84 - ******************* Test started: T1255 *******************
[logsrowserStack_Google Pixel 3 INFO ] 2024-01-22 17:19:27.341 BasePage:288 - Attempt 1: Clicking on <Popup Close Icon>
[logsrowserStack_Google Pixel 3 INFO ] 2024-01-22 17:19:28.955 BasePage:296 - Attempt 1: Clicked on <Popup Close Icon> successfully
[logsrowserStack_Google Pixel 3 DEBUG] 2024-01-22 17:19:29.013 MyCoinsTests:48 - ---------------------------------------------------
[logsrowserStack_Google Pixel 3 DEBUG] 2024-01-22 17:19:29.015 MyCoinsTests:49 - ******************* Test started: T210  *******************
[logsrowserStack_Google Pixel 3 INFO ] 2024-01-22 17:19:31.205 BasePage:288 - Attempt 1: Clicking on <My Coins>
[logsrowserStack_Google Pixel 3 INFO ] 2024-01-22 17:19:36.269 BasePage:296 - Attempt 1: Clicked on <My Coins> successfully
[logsrowserStack_Google Pixel 3 DEBUG] 2024-01-22 17:19:36.269 MyCoinsTests:53 - ---------------------------------------------------
[logsrowserStack_Google Pixel 3 DEBUG] 2024-01-22 17:19:36.269 MyCoinsTests:54 - ******************* Test started: T208  *******************
[logsrowserStack_Google Pixel 3 INFO ] 2024-01-22 17:19:39.789 BasePage:288 - Attempt 1: Clicking on <Profile > Edit Icon>
[logsrowserStack_Google Pixel 3 INFO ] 2024-01-22 17:19:44.126 BasePage:296 - Attempt 1: Clicked on <Profile > Edit Icon> successfully
[logsrowserStack_Google Pixel 3 INFO ] 2024-01-22 17:19:49.142 BasePage:75 - Sleeping for 5 seconds...
[logsrowserStack_Google Pixel 3 INFO ] 2024-01-22 17:19:49.776 BasePage:216 - Navigated back
[logsrowserStack_Google Pixel 3 DEBUG] 2024-01-22 17:19:49.776 MyCoinsTests:59 - ---------------------------------------------------
[logsrowserStack_Google Pixel 3 DEBUG] 2024-01-22 17:19:49.776 MyCoinsTests:60 - ******************* Test started: T201  *******************
[logsrowserStack_Google Pixel 3 INFO ] 2024-01-22 17:20:08.673 BasePage:670 - Text value for Element Fetching text for Badge More Icon List - Element 1/1 at index 0: 
[logsrowserStack_Google Pixel 3 DEBUG] 2024-01-22 17:20:08.676 MyCoinsTests:64 - ---------------------------------------------------
[logsrowserStack_Google Pixel 3 DEBUG] 2024-01-22 17:20:08.677 MyCoinsTests:65 - ******************* Test started: T203  *******************
[logsrowserStack_Google Pixel 3 INFO ] 2024-01-22 17:20:12.847 BasePage:288 - Attempt 1: Clicking on <Badge More Button>
[logsrowserStack_Google Pixel 3 INFO ] 2024-01-22 17:20:17.323 BasePage:296 - Attempt 1: Clicked on <Badge More Button> successfully
[logsrowserStack_Google Pixel 3 INFO ] 2024-01-22 17:20:22.337 BasePage:75 - Sleeping for 5 seconds...
[logsrowserStack_Google Pixel 3 INFO ] 2024-01-22 17:20:23.041 BasePage:216 - Navigated back
[logsrowserStack_Google Pixel 3 DEBUG] 2024-01-22 17:20:23.042 MyCoinsTests:69 - ---------------------------------------------------
[logsrowserStack_Google Pixel 3 DEBUG] 2024-01-22 17:20:23.043 MyCoinsTests:70 - ******************* Test started: T207  *******************
[logsrowserStack_Google Pixel 3 INFO ] 2024-01-22 17:20:26.773 BasePage:1043 - Element :My Coins Card is not displayed. Scrolling down to find the element: My Coins Card.
[logsrowserStack_Google Pixel 3 ERROR] 2024-01-22 17:21:46.770 BasePage:636 - Failed to get element text for element 'Number of My Coins Count' with text '70 coins'. Exception: Appium Exception Details:
Error: Timeout waiting for element. Details: Expected condition failed: waiting for visibility of Located by By.chained({By.xpath: //android.widget.TextView[@resource-id='my_coins_screen_elements_9']}) (tried for 10 second(s) with 500 milliseconds interval)
org.openqa.selenium.TimeoutException: Expected condition failed: waiting for visibility of Located by By.chained({By.xpath: //android.widget.TextView[@resource-id='my_coins_screen_elements_9']}) (tried for 10 second(s) with 500 milliseconds interval)
	at org.openqa.selenium.support.ui.WebDriverWait.timeoutException(WebDriverWait.java:95) ~[selenium-support-3.141.59.jar:?]
	at org.openqa.selenium.support.ui.FluentWait.until(FluentWait.java:272) ~[selenium-support-3.141.59.jar:?]
	at com.appium.base.BasePage.waitForVisibility(BasePage.java:83) ~[classes/:?]
	at com.appium.base.BasePage.getText(BasePage.java:605) ~[classes/:?]
	at com.appium.pages.MyCoinsPage.validate_TotalNumberOfMyCoins(MyCoinsPage.java:350) ~[classes/:?]
	at com.appium.tests.MyCoinsTests.allTestCaseRelated_BadgesSection(MyCoinsTests.java:73) ~[test-classes/:?]
	at jdk.internal.reflect.NativeMethodAccessorImpl.invoke0(Native Method) ~[?:?]
	at jdk.internal.reflect.NativeMethodAccessorImpl.invoke(NativeMethodAccessorImpl.java:62) ~[?:?]
	at jdk.internal.reflect.DelegatingMethodAccessorImpl.invoke(DelegatingMethodAccessorImpl.java:43) ~[?:?]
	at java.lang.reflect.Method.invoke(Method.java:566) ~[?:?]
	at org.testng.internal.MethodInvocationHelper.invokeMethod(MethodInvocationHelper.java:133) ~[testng-7.4.0.jar:7.4.0]
	at org.testng.internal.TestInvoker.invokeMethod(TestInvoker.java:598) ~[testng-7.4.0.jar:7.4.0]
	at org.testng.internal.TestInvoker.invokeTestMethod(TestInvoker.java:173) ~[testng-7.4.0.jar:7.4.0]
	at org.testng.internal.MethodRunner.runInSequence(MethodRunner.java:46) ~[testng-7.4.0.jar:7.4.0]
	at org.testng.internal.TestInvoker$MethodInvocationAgent.invoke(TestInvoker.java:824) ~[testng-7.4.0.jar:7.4.0]
	at org.testng.internal.TestInvoker.invokeTestMethods(TestInvoker.java:146) ~[testng-7.4.0.jar:7.4.0]
	at org.testng.internal.TestMethodWorker.invokeTestMethods(TestMethodWorker.java:146) ~[testng-7.4.0.jar:7.4.0]
	at org.testng.internal.TestMethodWorker.run(TestMethodWorker.java:128) ~[testng-7.4.0.jar:7.4.0]
	at java.util.ArrayList.forEach(ArrayList.java:1541) [?:?]
	at org.testng.TestRunner.privateRun(TestRunner.java:794) [testng-7.4.0.jar:7.4.0]
	at org.testng.TestRunner.run(TestRunner.java:596) [testng-7.4.0.jar:7.4.0]
	at org.testng.SuiteRunner.runTest(SuiteRunner.java:377) [testng-7.4.0.jar:7.4.0]
	at org.testng.SuiteRunner.runSequentially(SuiteRunner.java:371) [testng-7.4.0.jar:7.4.0]
	at org.testng.SuiteRunner.privateRun(SuiteRunner.java:332) [testng-7.4.0.jar:7.4.0]
	at org.testng.SuiteRunner.run(SuiteRunner.java:276) [testng-7.4.0.jar:7.4.0]
	at org.testng.SuiteRunnerWorker.runSuite(SuiteRunnerWorker.java:53) [testng-7.4.0.jar:7.4.0]
	at org.testng.SuiteRunnerWorker.run(SuiteRunnerWorker.java:96) [testng-7.4.0.jar:7.4.0]
	at org.testng.TestNG.runSuitesSequentially(TestNG.java:1212) [testng-7.4.0.jar:7.4.0]
	at org.testng.TestNG.runSuitesLocally(TestNG.java:1134) [testng-7.4.0.jar:7.4.0]
	at org.testng.TestNG.runSuites(TestNG.java:1063) [testng-7.4.0.jar:7.4.0]
	at org.testng.TestNG.run(TestNG.java:1031) [testng-7.4.0.jar:7.4.0]
	at org.testng.remote.AbstractRemoteTestNG.run(AbstractRemoteTestNG.java:115) [testng-remote.jar:?]
	at org.testng.remote.RemoteTestNG.initAndRun(RemoteTestNG.java:251) [testng-remote.jar:?]
	at org.testng.remote.RemoteTestNG.main(RemoteTestNG.java:77) [testng-remote.jar:?]
Caused by: org.openqa.selenium.NoSuchElementException: Can't locate an element by this strategy: By.chained({By.xpath: //android.widget.TextView[@resource-id='my_coins_screen_elements_9']})
	at io.appium.java_client.pagefactory.AppiumElementLocator.findElement(AppiumElementLocator.java:126) ~[java-client-7.5.1.jar:?]
	at io.appium.java_client.pagefactory.interceptors.InterceptorOfASingleElement.intercept(InterceptorOfASingleElement.java:59) ~[java-client-7.5.1.jar:?]
	at io.appium.java_client.android.AndroidElement$$EnhancerByCGLIB$$b598166c.isDisplayed(<generated>) ~[java-client-7.5.1.jar:?]
	at org.openqa.selenium.support.ui.ExpectedConditions.elementIfVisible(ExpectedConditions.java:314) ~[selenium-support-3.141.59.jar:?]
	at org.openqa.selenium.support.ui.ExpectedConditions.access$000(ExpectedConditions.java:43) ~[selenium-support-3.141.59.jar:?]
	at org.openqa.selenium.support.ui.ExpectedConditions$10.apply(ExpectedConditions.java:300) ~[selenium-support-3.141.59.jar:?]
	at org.openqa.selenium.support.ui.ExpectedConditions$10.apply(ExpectedConditions.java:297) ~[selenium-support-3.141.59.jar:?]
	at org.openqa.selenium.support.ui.FluentWait.until(FluentWait.java:249) ~[selenium-support-3.141.59.jar:?]
	... 32 more
Caused by: org.openqa.selenium.TimeoutException: Expected condition failed: waiting for io.appium.java_client.pagefactory.AppiumElementLocator$WaitingFunction@4407b042 (tried for 30 second(s) with 500 milliseconds interval)
	at org.openqa.selenium.support.ui.FluentWait.timeoutException(FluentWait.java:304) ~[selenium-support-3.141.59.jar:?]
	at org.openqa.selenium.support.ui.FluentWait.until(FluentWait.java:272) ~[selenium-support-3.141.59.jar:?]
	at io.appium.java_client.pagefactory.AppiumElementLocator.waitFor(AppiumElementLocator.java:99) ~[java-client-7.5.1.jar:?]
	at io.appium.java_client.pagefactory.AppiumElementLocator.findElement(AppiumElementLocator.java:119) ~[java-client-7.5.1.jar:?]
	at io.appium.java_client.pagefactory.interceptors.InterceptorOfASingleElement.intercept(InterceptorOfASingleElement.java:59) ~[java-client-7.5.1.jar:?]
	at io.appium.java_client.android.AndroidElement$$EnhancerByCGLIB$$b598166c.isDisplayed(<generated>) ~[java-client-7.5.1.jar:?]
	at org.openqa.selenium.support.ui.ExpectedConditions.elementIfVisible(ExpectedConditions.java:314) ~[selenium-support-3.141.59.jar:?]
	at org.openqa.selenium.support.ui.ExpectedConditions.access$000(ExpectedConditions.java:43) ~[selenium-support-3.141.59.jar:?]
	at org.openqa.selenium.support.ui.ExpectedConditions$10.apply(ExpectedConditions.java:300) ~[selenium-support-3.141.59.jar:?]
	at org.openqa.selenium.support.ui.ExpectedConditions$10.apply(ExpectedConditions.java:297) ~[selenium-support-3.141.59.jar:?]
	at org.openqa.selenium.support.ui.FluentWait.until(FluentWait.java:249) ~[selenium-support-3.141.59.jar:?]
	... 32 more
Caused by: org.openqa.selenium.NoSuchElementException: Cannot locate an element using By.chained({By.xpath: //android.widget.TextView[@resource-id='my_coins_screen_elements_9']})
For documentation on this error, please visit: https://www.seleniumhq.org/exceptions/no_such_element.html
Build info: version: '3.141.59', revision: 'e82be7d358', time: '2018-11-14T08:17:03'
System info: host: 'RUDRA', ip: '192.168.0.159', os.name: 'Windows 11', os.arch: 'amd64', os.version: '10.0', java.version: '11.0.20'
Driver info: driver.version: AndroidDriver
	at io.appium.java_client.pagefactory.bys.builder.ByChained.findElement(ByChained.java:74) ~[java-client-7.5.1.jar:?]
	at org.openqa.selenium.remote.RemoteWebDriver.findElement(RemoteWebDriver.java:315) ~[selenium-remote-driver-3.141.59.jar:?]
	at io.appium.java_client.DefaultGenericMobileDriver.findElement(DefaultGenericMobileDriver.java:57) ~[java-client-7.5.1.jar:?]
	at io.appium.java_client.AppiumDriver.findElement(AppiumDriver.java:1) ~[java-client-7.5.1.jar:?]
	at io.appium.java_client.android.AndroidDriver.findElement(AndroidDriver.java:1) ~[java-client-7.5.1.jar:?]
	at io.appium.java_client.pagefactory.bys.ContentMappedBy.findElement(ContentMappedBy.java:50) ~[java-client-7.5.1.jar:?]
	at org.openqa.selenium.remote.RemoteWebDriver.findElement(RemoteWebDriver.java:315) ~[selenium-remote-driver-3.141.59.jar:?]
	at io.appium.java_client.DefaultGenericMobileDriver.findElement(DefaultGenericMobileDriver.java:57) ~[java-client-7.5.1.jar:?]
	at io.appium.java_client.AppiumDriver.findElement(AppiumDriver.java:1) ~[java-client-7.5.1.jar:?]
	at io.appium.java_client.android.AndroidDriver.findElement(AndroidDriver.java:1) ~[java-client-7.5.1.jar:?]
	at io.appium.java_client.pagefactory.AppiumElementLocator.lambda$0(AppiumElementLocator.java:120) ~[java-client-7.5.1.jar:?]
	at io.appium.java_client.pagefactory.AppiumElementLocator$WaitingFunction.apply(AppiumElementLocator.java:172) ~[java-client-7.5.1.jar:?]
	at io.appium.java_client.pagefactory.AppiumElementLocator$WaitingFunction.apply(AppiumElementLocator.java:1) ~[java-client-7.5.1.jar:?]
	at org.openqa.selenium.support.ui.FluentWait.until(FluentWait.java:249) ~[selenium-support-3.141.59.jar:?]
	at io.appium.java_client.pagefactory.AppiumElementLocator.waitFor(AppiumElementLocator.java:99) ~[java-client-7.5.1.jar:?]
	at io.appium.java_client.pagefactory.AppiumElementLocator.findElement(AppiumElementLocator.java:119) ~[java-client-7.5.1.jar:?]
	at io.appium.java_client.pagefactory.interceptors.InterceptorOfASingleElement.intercept(InterceptorOfASingleElement.java:59) ~[java-client-7.5.1.jar:?]
	at io.appium.java_client.android.AndroidElement$$EnhancerByCGLIB$$b598166c.isDisplayed(<generated>) ~[java-client-7.5.1.jar:?]
	at org.openqa.selenium.support.ui.ExpectedConditions.elementIfVisible(ExpectedConditions.java:314) ~[selenium-support-3.141.59.jar:?]
	at org.openqa.selenium.support.ui.ExpectedConditions.access$000(ExpectedConditions.java:43) ~[selenium-support-3.141.59.jar:?]
	at org.openqa.selenium.support.ui.ExpectedConditions$10.apply(ExpectedConditions.java:300) ~[selenium-support-3.141.59.jar:?]
	at org.openqa.selenium.support.ui.ExpectedConditions$10.apply(ExpectedConditions.java:297) ~[selenium-support-3.141.59.jar:?]
	at org.openqa.selenium.support.ui.FluentWait.until(FluentWait.java:249) ~[selenium-support-3.141.59.jar:?]
	... 32 more
[logsrowserStack_Google Pixel 3 DEBUG] 2024-01-22 17:21:57.583 BaseTest:207 - Appium Server stopped.............
[logsrowserStack_Google Pixel 3 DEBUG] 2024-01-22 17:24:11.692 BaseTest:125 - Log file path: logs\browserStack_Google Pixel 3
[logsrowserStack_Google Pixel 3 DEBUG] 2024-01-22 17:24:11.733 BaseTest:132 - Setting PLATFORM_NAME to: browserStack
[logsrowserStack_Google Pixel 3 DEBUG] 2024-01-22 17:24:11.734 BaseTest:136 - Setting DEVICE_NAME to: Google Pixel 3
[logsrowserStack_Google Pixel 3 INFO ] 2024-01-22 17:24:11.767 CapabilityUtils:142 - Upload app file on Browserstack
[logsrowserStack_Google Pixel 3 INFO ] 2024-01-22 17:24:11.774 CapabilityUtils:145 - App URL is: C:\Users\rudra\Downloads\Appium-Java-POM-Framework-main\src\test\resources\app\app-qaVersion 2.1.3 (587).apk
[logsrowserStack_Google Pixel 3 INFO ] 2024-01-22 17:25:02.032 CapabilityUtils:147 - Received Response new Browserstack URL: bs://086f04948d222b90a98c5dd0a8225fefc1304caa
[logsrowserStack_Google Pixel 3 DEBUG] 2024-01-22 17:25:46.556 BaseTest:159 - sessionId: 40fb06c8b7abe99254e164c8d5eb7af9a1bd1a33
[logsrowserStack_Google Pixel 3 DEBUG] 2024-01-22 17:25:46.755 LoginTests:73 - ---------------------------------------------------
[logsrowserStack_Google Pixel 3 DEBUG] 2024-01-22 17:25:46.755 LoginTests:74 - ******************* Test started: T101 *******************
[logsrowserStack_Google Pixel 3 INFO ] 2024-01-22 17:25:54.032 BasePage:288 - Attempt 1: Clicking on <Login with email>
[logsrowserStack_Google Pixel 3 INFO ] 2024-01-22 17:25:55.862 BasePage:296 - Attempt 1: Clicked on <Login with email> successfully
[logsrowserStack_Google Pixel 3 INFO ] 2024-01-22 17:25:59.549 BasePage:539 - Attempt 1: Successfully sent keys to <User Name>: "testi246.testi246@gmail.com".
[logsrowserStack_Google Pixel 3 INFO ] 2024-01-22 17:26:03.270 BasePage:539 - Attempt 1: Successfully sent keys to <Password>: "tT246246!".
[logsrowserStack_Google Pixel 3 INFO ] 2024-01-22 17:26:05.893 BasePage:288 - Attempt 1: Clicking on <Login button>
[logsrowserStack_Google Pixel 3 INFO ] 2024-01-22 17:26:07.697 BasePage:296 - Attempt 1: Clicked on <Login button> successfully
[logsrowserStack_Google Pixel 3 DEBUG] 2024-01-22 17:26:07.698 LoginTests:83 - ---------------------------------------------------
[logsrowserStack_Google Pixel 3 DEBUG] 2024-01-22 17:26:07.698 LoginTests:84 - ******************* Test started: T1255 *******************
[logsrowserStack_Google Pixel 3 INFO ] 2024-01-22 17:26:15.949 BasePage:288 - Attempt 1: Clicking on <Popup Close Icon>
[logsrowserStack_Google Pixel 3 INFO ] 2024-01-22 17:26:17.777 BasePage:296 - Attempt 1: Clicked on <Popup Close Icon> successfully
[logsrowserStack_Google Pixel 3 DEBUG] 2024-01-22 17:26:17.828 MyCoinsTests:48 - ---------------------------------------------------
[logsrowserStack_Google Pixel 3 DEBUG] 2024-01-22 17:26:17.829 MyCoinsTests:49 - ******************* Test started: T210  *******************
[logsrowserStack_Google Pixel 3 INFO ] 2024-01-22 17:26:20.166 BasePage:288 - Attempt 1: Clicking on <My Coins>
[logsrowserStack_Google Pixel 3 INFO ] 2024-01-22 17:26:23.377 BasePage:296 - Attempt 1: Clicked on <My Coins> successfully
[logsrowserStack_Google Pixel 3 DEBUG] 2024-01-22 17:26:23.378 MyCoinsTests:53 - ---------------------------------------------------
[logsrowserStack_Google Pixel 3 DEBUG] 2024-01-22 17:26:23.379 MyCoinsTests:54 - ******************* Test started: T208  *******************
[logsrowserStack_Google Pixel 3 INFO ] 2024-01-22 17:26:31.753 BasePage:288 - Attempt 1: Clicking on <Profile > Edit Icon>
[logsrowserStack_Google Pixel 3 INFO ] 2024-01-22 17:26:36.014 BasePage:296 - Attempt 1: Clicked on <Profile > Edit Icon> successfully
[logsrowserStack_Google Pixel 3 INFO ] 2024-01-22 17:26:41.033 BasePage:75 - Sleeping for 5 seconds...
[logsrowserStack_Google Pixel 3 INFO ] 2024-01-22 17:26:41.706 BasePage:216 - Navigated back
[logsrowserStack_Google Pixel 3 DEBUG] 2024-01-22 17:26:41.707 MyCoinsTests:59 - ---------------------------------------------------
[logsrowserStack_Google Pixel 3 DEBUG] 2024-01-22 17:26:41.708 MyCoinsTests:60 - ******************* Test started: T201  *******************
[logsrowserStack_Google Pixel 3 INFO ] 2024-01-22 17:27:00.535 BasePage:670 - Text value for Element Fetching text for Badge More Icon List - Element 1/1 at index 0: 
[logsrowserStack_Google Pixel 3 DEBUG] 2024-01-22 17:27:00.538 MyCoinsTests:64 - ---------------------------------------------------
[logsrowserStack_Google Pixel 3 DEBUG] 2024-01-22 17:27:00.539 MyCoinsTests:65 - ******************* Test started: T203  *******************
[logsrowserStack_Google Pixel 3 INFO ] 2024-01-22 17:27:04.759 BasePage:288 - Attempt 1: Clicking on <Badge More Button>
[logsrowserStack_Google Pixel 3 INFO ] 2024-01-22 17:27:08.992 BasePage:296 - Attempt 1: Clicked on <Badge More Button> successfully
[logsrowserStack_Google Pixel 3 INFO ] 2024-01-22 17:27:14.006 BasePage:75 - Sleeping for 5 seconds...
[logsrowserStack_Google Pixel 3 INFO ] 2024-01-22 17:27:14.781 BasePage:216 - Navigated back
[logsrowserStack_Google Pixel 3 DEBUG] 2024-01-22 17:27:14.781 MyCoinsTests:69 - ---------------------------------------------------
[logsrowserStack_Google Pixel 3 DEBUG] 2024-01-22 17:27:14.782 MyCoinsTests:70 - ******************* Test started: T207  *******************
[logsrowserStack_Google Pixel 3 INFO ] 2024-01-22 17:27:18.341 BasePage:1043 - Element :My Coins Card is not displayed. Scrolling down to find the element: My Coins Card.
[logsrowserStack_Google Pixel 3 INFO ] 2024-01-22 17:28:25.547 BasePage:627 - Getting text attribute '70 coins' for element 'Number of My Coins Count' with text '70 coins'
[logsrowserStack_Google Pixel 3 DEBUG] 2024-01-22 17:28:29.767 MyCoinsTests:80 - ---------------------------------------------------
[logsrowserStack_Google Pixel 3 DEBUG] 2024-01-22 17:28:29.767 MyCoinsTests:81 - ******************* Test started: T204  *******************
[logsrowserStack_Google Pixel 3 INFO ] 2024-01-22 17:28:34.192 BasePage:1043 - Element :Clam Code Card is not displayed. Scrolling down to find the element: Clam Code Card.
[logsrowserStack_Google Pixel 3 INFO ] 2024-01-22 17:28:38.395 BasePage:1043 - Element :Clam Code Card is not displayed. Scrolling down to find the element: Clam Code Card.
[logsrowserStack_Google Pixel 3 ERROR] 2024-01-22 17:28:42.672 BasePage:1060 - Exception while scrolling down and checking element : Clam Code Card  visibility: 
[logsrowserStack_Google Pixel 3 DEBUG] 2024-01-22 17:28:51.862 BaseTest:207 - Appium Server stopped.............
[logsrowserStack_Google Pixel 3 DEBUG] 2024-01-22 17:30:22.065 BaseTest:125 - Log file path: logs\browserStack_Google Pixel 3
[logsrowserStack_Google Pixel 3 DEBUG] 2024-01-22 17:30:22.080 BaseTest:132 - Setting PLATFORM_NAME to: browserStack
[logsrowserStack_Google Pixel 3 DEBUG] 2024-01-22 17:30:22.082 BaseTest:136 - Setting DEVICE_NAME to: Google Pixel 3
[logsrowserStack_Google Pixel 3 INFO ] 2024-01-22 17:30:22.092 CapabilityUtils:142 - Upload app file on Browserstack
[logsrowserStack_Google Pixel 3 INFO ] 2024-01-22 17:30:22.094 CapabilityUtils:145 - App URL is: C:\Users\rudra\Downloads\Appium-Java-POM-Framework-main\src\test\resources\app\app-qaVersion 2.1.3 (587).apk
[logsrowserStack_Google Pixel 3 INFO ] 2024-01-22 17:31:08.636 CapabilityUtils:147 - Received Response new Browserstack URL: bs://086f04948d222b90a98c5dd0a8225fefc1304caa
[logsrowserStack_Google Pixel 3 DEBUG] 2024-01-22 17:31:46.406 BaseTest:159 - sessionId: 7d1ed6cbfb52c2ffdaf7ba7ad3c624d77857ea19
[logsrowserStack_Google Pixel 3 DEBUG] 2024-01-22 17:31:46.725 LoginTests:73 - ---------------------------------------------------
[logsrowserStack_Google Pixel 3 DEBUG] 2024-01-22 17:31:46.728 LoginTests:74 - ******************* Test started: T101 *******************
[logsrowserStack_Google Pixel 3 INFO ] 2024-01-22 17:31:53.863 BasePage:288 - Attempt 1: Clicking on <Login with email>
[logsrowserStack_Google Pixel 3 INFO ] 2024-01-22 17:31:55.535 BasePage:296 - Attempt 1: Clicked on <Login with email> successfully
[logsrowserStack_Google Pixel 3 INFO ] 2024-01-22 17:31:59.100 BasePage:539 - Attempt 1: Successfully sent keys to <User Name>: "testi246.testi246@gmail.com".
[logsrowserStack_Google Pixel 3 INFO ] 2024-01-22 17:32:02.377 BasePage:539 - Attempt 1: Successfully sent keys to <Password>: "tT246246!".
[logsrowserStack_Google Pixel 3 INFO ] 2024-01-22 17:32:05.192 BasePage:288 - Attempt 1: Clicking on <Login button>
[logsrowserStack_Google Pixel 3 INFO ] 2024-01-22 17:32:06.816 BasePage:296 - Attempt 1: Clicked on <Login button> successfully
[logsrowserStack_Google Pixel 3 DEBUG] 2024-01-22 17:32:06.817 LoginTests:83 - ---------------------------------------------------
[logsrowserStack_Google Pixel 3 DEBUG] 2024-01-22 17:32:06.817 LoginTests:84 - ******************* Test started: T1255 *******************
[logsrowserStack_Google Pixel 3 INFO ] 2024-01-22 17:32:13.978 BasePage:288 - Attempt 1: Clicking on <Popup Close Icon>
[logsrowserStack_Google Pixel 3 INFO ] 2024-01-22 17:32:15.636 BasePage:296 - Attempt 1: Clicked on <Popup Close Icon> successfully
[logsrowserStack_Google Pixel 3 DEBUG] 2024-01-22 17:32:15.687 MyCoinsTests:48 - ---------------------------------------------------
[logsrowserStack_Google Pixel 3 DEBUG] 2024-01-22 17:32:15.688 MyCoinsTests:49 - ******************* Test started: T210  *******************
[logsrowserStack_Google Pixel 3 INFO ] 2024-01-22 17:32:17.760 BasePage:288 - Attempt 1: Clicking on <My Coins>
[logsrowserStack_Google Pixel 3 INFO ] 2024-01-22 17:32:19.948 BasePage:296 - Attempt 1: Clicked on <My Coins> successfully
[logsrowserStack_Google Pixel 3 DEBUG] 2024-01-22 17:32:19.949 MyCoinsTests:53 - ---------------------------------------------------
[logsrowserStack_Google Pixel 3 DEBUG] 2024-01-22 17:32:19.950 MyCoinsTests:54 - ******************* Test started: T208  *******************
[logsrowserStack_Google Pixel 3 INFO ] 2024-01-22 17:32:27.138 BasePage:288 - Attempt 1: Clicking on <Profile > Edit Icon>
[logsrowserStack_Google Pixel 3 INFO ] 2024-01-22 17:32:31.416 BasePage:296 - Attempt 1: Clicked on <Profile > Edit Icon> successfully
[logsrowserStack_Google Pixel 3 INFO ] 2024-01-22 17:32:36.434 BasePage:75 - Sleeping for 5 seconds...
[logsrowserStack_Google Pixel 3 INFO ] 2024-01-22 17:32:40.144 BasePage:216 - Navigated back
[logsrowserStack_Google Pixel 3 DEBUG] 2024-01-22 17:32:40.144 MyCoinsTests:59 - ---------------------------------------------------
[logsrowserStack_Google Pixel 3 DEBUG] 2024-01-22 17:32:40.145 MyCoinsTests:60 - ******************* Test started: T201  *******************
[logsrowserStack_Google Pixel 3 INFO ] 2024-01-22 17:32:56.693 BasePage:670 - Text value for Element Fetching text for Badge More Icon List - Element 1/1 at index 0: 
[logsrowserStack_Google Pixel 3 DEBUG] 2024-01-22 17:32:56.697 MyCoinsTests:64 - ---------------------------------------------------
[logsrowserStack_Google Pixel 3 DEBUG] 2024-01-22 17:32:56.698 MyCoinsTests:65 - ******************* Test started: T203  *******************
[logsrowserStack_Google Pixel 3 INFO ] 2024-01-22 17:33:00.897 BasePage:288 - Attempt 1: Clicking on <Badge More Button>
[logsrowserStack_Google Pixel 3 INFO ] 2024-01-22 17:33:05.157 BasePage:296 - Attempt 1: Clicked on <Badge More Button> successfully
[logsrowserStack_Google Pixel 3 INFO ] 2024-01-22 17:33:10.167 BasePage:75 - Sleeping for 5 seconds...
[logsrowserStack_Google Pixel 3 INFO ] 2024-01-22 17:33:10.878 BasePage:216 - Navigated back
[logsrowserStack_Google Pixel 3 DEBUG] 2024-01-22 17:33:10.891 MyCoinsTests:74 - ---------------------------------------------------
[logsrowserStack_Google Pixel 3 DEBUG] 2024-01-22 17:33:10.891 MyCoinsTests:75 - ******************* Test started: T204  *******************
[logsrowserStack_Google Pixel 3 INFO ] 2024-01-22 17:33:48.099 BasePage:288 - Attempt 1: Clicking on <Clam Code Card>
[logsrowserStack_Google Pixel 3 INFO ] 2024-01-22 17:33:52.341 BasePage:296 - Attempt 1: Clicked on <Clam Code Card> successfully
[logsrowserStack_Google Pixel 3 INFO ] 2024-01-22 17:33:53.884 BasePage:288 - Attempt 1: Clicking on <Enter Cupon Code>
[logsrowserStack_Google Pixel 3 INFO ] 2024-01-22 17:33:56.729 BasePage:296 - Attempt 1: Clicked on <Enter Cupon Code> successfully
[logsrowserStack_Google Pixel 3 INFO ] 2024-01-22 17:33:59.899 BasePage:539 - Attempt 1: Successfully sent keys to <Enter Cupon Code>: "MOFFRIENDS".
[logsrowserStack_Google Pixel 3 INFO ] 2024-01-22 17:34:02.364 BasePage:188 - Android keyboard hidden
[logsrowserStack_Google Pixel 3 INFO ] 2024-01-22 17:34:04.886 BasePage:288 - Attempt 1: Clicking on <Submit Button>
[logsrowserStack_Google Pixel 3 INFO ] 2024-01-22 17:34:06.457 BasePage:296 - Attempt 1: Clicked on <Submit Button> successfully
[logsrowserStack_Google Pixel 3 DEBUG] 2024-01-22 17:34:47.038 BaseTest:207 - Appium Server stopped.............
[logsrowserStack_Google Pixel 3 DEBUG] 2024-01-22 17:51:59.510 BaseTest:125 - Log file path: logs\browserStack_Google Pixel 3
[logsrowserStack_Google Pixel 3 DEBUG] 2024-01-22 17:51:59.624 BaseTest:132 - Setting PLATFORM_NAME to: browserStack
[logsrowserStack_Google Pixel 3 DEBUG] 2024-01-22 17:51:59.626 BaseTest:136 - Setting DEVICE_NAME to: Google Pixel 3
[logsrowserStack_Google Pixel 3 INFO ] 2024-01-22 17:51:59.691 CapabilityUtils:142 - Upload app file on Browserstack
[logsrowserStack_Google Pixel 3 INFO ] 2024-01-22 17:51:59.697 CapabilityUtils:145 - App URL is: C:\Users\rudra\Downloads\Appium-Java-POM-Framework-main\src\test\resources\app\app-qaVersion 2.1.3 (587).apk
[logsrowserStack_Google Pixel 3 INFO ] 2024-01-22 17:52:53.087 CapabilityUtils:147 - Received Response new Browserstack URL: bs://086f04948d222b90a98c5dd0a8225fefc1304caa
[logsrowserStack_Google Pixel 3 DEBUG] 2024-01-22 17:55:47.226 BaseTest:125 - Log file path: logs\browserStack_Google Pixel 3
[logsrowserStack_Google Pixel 3 DEBUG] 2024-01-22 17:55:47.280 BaseTest:132 - Setting PLATFORM_NAME to: browserStack
[logsrowserStack_Google Pixel 3 DEBUG] 2024-01-22 17:55:47.281 BaseTest:136 - Setting DEVICE_NAME to: Google Pixel 3
[logsrowserStack_Google Pixel 3 INFO ] 2024-01-22 17:55:47.315 CapabilityUtils:142 - Upload app file on Browserstack
[logsrowserStack_Google Pixel 3 INFO ] 2024-01-22 17:55:47.317 CapabilityUtils:145 - App URL is: C:\Users\rudra\Downloads\Appium-Java-POM-Framework-main\src\test\resources\app\app-qaVersion 2.1.3 (587).apk
[logsrowserStack_Google Pixel 3 INFO ] 2024-01-22 17:56:36.411 CapabilityUtils:147 - Received Response new Browserstack URL: bs://086f04948d222b90a98c5dd0a8225fefc1304caa
[logsrowserStack_Google Pixel 3 DEBUG] 2024-01-22 17:57:13.674 BaseTest:159 - sessionId: 4bda8d836e1d671601be8937d50bafa97ef94812
[logsrowserStack_Google Pixel 3 DEBUG] 2024-01-22 17:57:13.957 LoginTests:73 - ---------------------------------------------------
[logsrowserStack_Google Pixel 3 DEBUG] 2024-01-22 17:57:13.959 LoginTests:74 - ******************* Test started: T101 *******************
[logsrowserStack_Google Pixel 3 INFO ] 2024-01-22 17:57:21.185 BasePage:288 - Attempt 1: Clicking on <Login with email>
[logsrowserStack_Google Pixel 3 INFO ] 2024-01-22 17:57:23.032 BasePage:296 - Attempt 1: Clicked on <Login with email> successfully
[logsrowserStack_Google Pixel 3 INFO ] 2024-01-22 17:57:26.713 BasePage:539 - Attempt 1: Successfully sent keys to <User Name>: "testi246.testi246@gmail.com".
[logsrowserStack_Google Pixel 3 INFO ] 2024-01-22 17:57:30.317 BasePage:539 - Attempt 1: Successfully sent keys to <Password>: "tT246246!".
[logsrowserStack_Google Pixel 3 INFO ] 2024-01-22 17:57:33.306 BasePage:288 - Attempt 1: Clicking on <Login button>
[logsrowserStack_Google Pixel 3 INFO ] 2024-01-22 17:57:35.237 BasePage:296 - Attempt 1: Clicked on <Login button> successfully
[logsrowserStack_Google Pixel 3 DEBUG] 2024-01-22 17:57:35.239 LoginTests:83 - ---------------------------------------------------
[logsrowserStack_Google Pixel 3 DEBUG] 2024-01-22 17:57:35.239 LoginTests:84 - ******************* Test started: T1255 *******************
[logsrowserStack_Google Pixel 3 INFO ] 2024-01-22 17:57:43.172 BasePage:288 - Attempt 1: Clicking on <Popup Close Icon>
[logsrowserStack_Google Pixel 3 INFO ] 2024-01-22 17:57:44.977 BasePage:296 - Attempt 1: Clicked on <Popup Close Icon> successfully
[logsrowserStack_Google Pixel 3 DEBUG] 2024-01-22 17:57:45.115 MyCoinsTests:48 - ---------------------------------------------------
[logsrowserStack_Google Pixel 3 DEBUG] 2024-01-22 17:57:45.116 MyCoinsTests:49 - ******************* Test started: T210  *******************
[logsrowserStack_Google Pixel 3 INFO ] 2024-01-22 17:57:47.606 BasePage:288 - Attempt 1: Clicking on <My Coins>
[logsrowserStack_Google Pixel 3 INFO ] 2024-01-22 17:57:50.065 BasePage:296 - Attempt 1: Clicked on <My Coins> successfully
[logsrowserStack_Google Pixel 3 DEBUG] 2024-01-22 17:57:50.066 MyCoinsTests:53 - ---------------------------------------------------
[logsrowserStack_Google Pixel 3 DEBUG] 2024-01-22 17:57:50.067 MyCoinsTests:54 - ******************* Test started: T208  *******************
[logsrowserStack_Google Pixel 3 INFO ] 2024-01-22 17:57:55.041 BasePage:288 - Attempt 1: Clicking on <Profile > Edit Icon>
[logsrowserStack_Google Pixel 3 INFO ] 2024-01-22 17:58:01.539 BasePage:296 - Attempt 1: Clicked on <Profile > Edit Icon> successfully
[logsrowserStack_Google Pixel 3 INFO ] 2024-01-22 17:58:06.547 BasePage:75 - Sleeping for 5 seconds...
[logsrowserStack_Google Pixel 3 INFO ] 2024-01-22 17:58:11.225 BasePage:216 - Navigated back
[logsrowserStack_Google Pixel 3 DEBUG] 2024-01-22 17:58:11.226 MyCoinsTests:59 - ---------------------------------------------------
[logsrowserStack_Google Pixel 3 DEBUG] 2024-01-22 17:58:11.228 MyCoinsTests:60 - ******************* Test started: T201  *******************
[logsrowserStack_Google Pixel 3 INFO ] 2024-01-22 17:58:29.521 BasePage:667 - Text value for Element Fetching text for Badge More Icon List - Element 1/1 at index 0: 
[logsrowserStack_Google Pixel 3 DEBUG] 2024-01-22 17:58:29.525 MyCoinsTests:64 - ---------------------------------------------------
[logsrowserStack_Google Pixel 3 DEBUG] 2024-01-22 17:58:29.525 MyCoinsTests:65 - ******************* Test started: T203  *******************
[logsrowserStack_Google Pixel 3 INFO ] 2024-01-22 17:58:33.711 BasePage:288 - Attempt 1: Clicking on <Badge More Button>
[logsrowserStack_Google Pixel 3 INFO ] 2024-01-22 17:58:37.958 BasePage:296 - Attempt 1: Clicked on <Badge More Button> successfully
[logsrowserStack_Google Pixel 3 INFO ] 2024-01-22 17:58:42.960 BasePage:75 - Sleeping for 5 seconds...
[logsrowserStack_Google Pixel 3 INFO ] 2024-01-22 17:58:43.723 BasePage:216 - Navigated back
[logsrowserStack_Google Pixel 3 DEBUG] 2024-01-22 17:58:43.743 MyCoinsTests:74 - ---------------------------------------------------
[logsrowserStack_Google Pixel 3 DEBUG] 2024-01-22 17:58:43.744 MyCoinsTests:75 - ******************* Test started: T204  *******************
[logsrowserStack_Google Pixel 3 INFO ] 2024-01-22 17:59:20.953 BasePage:288 - Attempt 1: Clicking on <Clam Code Card>
[logsrowserStack_Google Pixel 3 INFO ] 2024-01-22 17:59:25.203 BasePage:296 - Attempt 1: Clicked on <Clam Code Card> successfully
[logsrowserStack_Google Pixel 3 INFO ] 2024-01-22 17:59:26.912 BasePage:288 - Attempt 1: Clicking on <Enter Cupon Code>
[logsrowserStack_Google Pixel 3 INFO ] 2024-01-22 17:59:29.750 BasePage:296 - Attempt 1: Clicked on <Enter Cupon Code> successfully
[logsrowserStack_Google Pixel 3 INFO ] 2024-01-22 17:59:33.191 BasePage:539 - Attempt 1: Successfully sent keys to <Enter Cupon Code>: "MOFFRIENDS".
[logsrowserStack_Google Pixel 3 INFO ] 2024-01-22 17:59:35.716 BasePage:188 - Android keyboard hidden
[logsrowserStack_Google Pixel 3 INFO ] 2024-01-22 17:59:37.379 BasePage:288 - Attempt 1: Clicking on <Submit Button>
[logsrowserStack_Google Pixel 3 INFO ] 2024-01-22 17:59:39.120 BasePage:296 - Attempt 1: Clicked on <Submit Button> successfully
[logsrowserStack_Google Pixel 3 ERROR] 2024-01-22 18:00:10.489 BasePage:316 - Attempt 1: Failed to click on: <Clam Code Card>. Exception: Expected condition failed: waiting for visibility of Located by By.chained({By.xpath: //android.view.ViewGroup[@resource-id='button_collection_my_profile_screen_button_51']}) (tried for 10 second(s) with 500 milliseconds interval)
org.openqa.selenium.TimeoutException: Expected condition failed: waiting for visibility of Located by By.chained({By.xpath: //android.view.ViewGroup[@resource-id='button_collection_my_profile_screen_button_51']}) (tried for 10 second(s) with 500 milliseconds interval)
	at org.openqa.selenium.support.ui.WebDriverWait.timeoutException(WebDriverWait.java:95) ~[selenium-support-3.141.59.jar:?]
	at org.openqa.selenium.support.ui.FluentWait.until(FluentWait.java:272) ~[selenium-support-3.141.59.jar:?]
	at com.appium.base.BasePage.waitForVisibility(BasePage.java:83) ~[classes/:?]
	at com.appium.base.BasePage.click(BasePage.java:284) ~[classes/:?]
	at com.appium.base.BasePage.click(BasePage.java:274) ~[classes/:?]
	at com.appium.pages.MyCoinsPage.check_Navigation_ClamCodeCard(MyCoinsPage.java:252) ~[classes/:?]
	at com.appium.pages.MyCoinsPage.check_And_ValidateInvalidCuponCode(MyCoinsPage.java:318) ~[classes/:?]
	at com.appium.tests.MyCoinsTests.allTestCaseRelated_CuponeCode(MyCoinsTests.java:78) ~[test-classes/:?]
	at jdk.internal.reflect.NativeMethodAccessorImpl.invoke0(Native Method) ~[?:?]
	at jdk.internal.reflect.NativeMethodAccessorImpl.invoke(NativeMethodAccessorImpl.java:62) ~[?:?]
	at jdk.internal.reflect.DelegatingMethodAccessorImpl.invoke(DelegatingMethodAccessorImpl.java:43) ~[?:?]
	at java.lang.reflect.Method.invoke(Method.java:566) ~[?:?]
	at org.testng.internal.MethodInvocationHelper.invokeMethod(MethodInvocationHelper.java:133) ~[testng-7.4.0.jar:7.4.0]
	at org.testng.internal.TestInvoker.invokeMethod(TestInvoker.java:598) ~[testng-7.4.0.jar:7.4.0]
	at org.testng.internal.TestInvoker.invokeTestMethod(TestInvoker.java:173) ~[testng-7.4.0.jar:7.4.0]
	at org.testng.internal.MethodRunner.runInSequence(MethodRunner.java:46) ~[testng-7.4.0.jar:7.4.0]
	at org.testng.internal.TestInvoker$MethodInvocationAgent.invoke(TestInvoker.java:824) ~[testng-7.4.0.jar:7.4.0]
	at org.testng.internal.TestInvoker.invokeTestMethods(TestInvoker.java:146) ~[testng-7.4.0.jar:7.4.0]
	at org.testng.internal.TestMethodWorker.invokeTestMethods(TestMethodWorker.java:146) ~[testng-7.4.0.jar:7.4.0]
	at org.testng.internal.TestMethodWorker.run(TestMethodWorker.java:128) ~[testng-7.4.0.jar:7.4.0]
	at java.util.ArrayList.forEach(ArrayList.java:1541) [?:?]
	at org.testng.TestRunner.privateRun(TestRunner.java:794) [testng-7.4.0.jar:7.4.0]
	at org.testng.TestRunner.run(TestRunner.java:596) [testng-7.4.0.jar:7.4.0]
	at org.testng.SuiteRunner.runTest(SuiteRunner.java:377) [testng-7.4.0.jar:7.4.0]
	at org.testng.SuiteRunner.runSequentially(SuiteRunner.java:371) [testng-7.4.0.jar:7.4.0]
	at org.testng.SuiteRunner.privateRun(SuiteRunner.java:332) [testng-7.4.0.jar:7.4.0]
	at org.testng.SuiteRunner.run(SuiteRunner.java:276) [testng-7.4.0.jar:7.4.0]
	at org.testng.SuiteRunnerWorker.runSuite(SuiteRunnerWorker.java:53) [testng-7.4.0.jar:7.4.0]
	at org.testng.SuiteRunnerWorker.run(SuiteRunnerWorker.java:96) [testng-7.4.0.jar:7.4.0]
	at org.testng.TestNG.runSuitesSequentially(TestNG.java:1212) [testng-7.4.0.jar:7.4.0]
	at org.testng.TestNG.runSuitesLocally(TestNG.java:1134) [testng-7.4.0.jar:7.4.0]
	at org.testng.TestNG.runSuites(TestNG.java:1063) [testng-7.4.0.jar:7.4.0]
	at org.testng.TestNG.run(TestNG.java:1031) [testng-7.4.0.jar:7.4.0]
	at org.testng.remote.AbstractRemoteTestNG.run(AbstractRemoteTestNG.java:115) [testng-remote.jar:?]
	at org.testng.remote.RemoteTestNG.initAndRun(RemoteTestNG.java:251) [testng-remote.jar:?]
	at org.testng.remote.RemoteTestNG.main(RemoteTestNG.java:77) [testng-remote.jar:?]
Caused by: org.openqa.selenium.NoSuchElementException: Can't locate an element by this strategy: By.chained({By.xpath: //android.view.ViewGroup[@resource-id='button_collection_my_profile_screen_button_51']})
	at io.appium.java_client.pagefactory.AppiumElementLocator.findElement(AppiumElementLocator.java:126) ~[java-client-7.5.1.jar:?]
	at io.appium.java_client.pagefactory.interceptors.InterceptorOfASingleElement.intercept(InterceptorOfASingleElement.java:59) ~[java-client-7.5.1.jar:?]
	at io.appium.java_client.android.AndroidElement$$EnhancerByCGLIB$$b598166c.isDisplayed(<generated>) ~[java-client-7.5.1.jar:?]
	at org.openqa.selenium.support.ui.ExpectedConditions.elementIfVisible(ExpectedConditions.java:314) ~[selenium-support-3.141.59.jar:?]
	at org.openqa.selenium.support.ui.ExpectedConditions.access$000(ExpectedConditions.java:43) ~[selenium-support-3.141.59.jar:?]
	at org.openqa.selenium.support.ui.ExpectedConditions$10.apply(ExpectedConditions.java:300) ~[selenium-support-3.141.59.jar:?]
	at org.openqa.selenium.support.ui.ExpectedConditions$10.apply(ExpectedConditions.java:297) ~[selenium-support-3.141.59.jar:?]
	at org.openqa.selenium.support.ui.FluentWait.until(FluentWait.java:249) ~[selenium-support-3.141.59.jar:?]
	... 34 more
Caused by: org.openqa.selenium.TimeoutException: Expected condition failed: waiting for io.appium.java_client.pagefactory.AppiumElementLocator$WaitingFunction@6dbb3d7d (tried for 30 second(s) with 500 milliseconds interval)
	at org.openqa.selenium.support.ui.FluentWait.timeoutException(FluentWait.java:304) ~[selenium-support-3.141.59.jar:?]
	at org.openqa.selenium.support.ui.FluentWait.until(FluentWait.java:272) ~[selenium-support-3.141.59.jar:?]
	at io.appium.java_client.pagefactory.AppiumElementLocator.waitFor(AppiumElementLocator.java:99) ~[java-client-7.5.1.jar:?]
	at io.appium.java_client.pagefactory.AppiumElementLocator.findElement(AppiumElementLocator.java:119) ~[java-client-7.5.1.jar:?]
	at io.appium.java_client.pagefactory.interceptors.InterceptorOfASingleElement.intercept(InterceptorOfASingleElement.java:59) ~[java-client-7.5.1.jar:?]
	at io.appium.java_client.android.AndroidElement$$EnhancerByCGLIB$$b598166c.isDisplayed(<generated>) ~[java-client-7.5.1.jar:?]
	at org.openqa.selenium.support.ui.ExpectedConditions.elementIfVisible(ExpectedConditions.java:314) ~[selenium-support-3.141.59.jar:?]
	at org.openqa.selenium.support.ui.ExpectedConditions.access$000(ExpectedConditions.java:43) ~[selenium-support-3.141.59.jar:?]
	at org.openqa.selenium.support.ui.ExpectedConditions$10.apply(ExpectedConditions.java:300) ~[selenium-support-3.141.59.jar:?]
	at org.openqa.selenium.support.ui.ExpectedConditions$10.apply(ExpectedConditions.java:297) ~[selenium-support-3.141.59.jar:?]
	at org.openqa.selenium.support.ui.FluentWait.until(FluentWait.java:249) ~[selenium-support-3.141.59.jar:?]
	... 34 more
Caused by: org.openqa.selenium.NoSuchElementException: Cannot locate an element using By.chained({By.xpath: //android.view.ViewGroup[@resource-id='button_collection_my_profile_screen_button_51']})
For documentation on this error, please visit: https://www.seleniumhq.org/exceptions/no_such_element.html
Build info: version: '3.141.59', revision: 'e82be7d358', time: '2018-11-14T08:17:03'
System info: host: 'RUDRA', ip: '192.168.0.159', os.name: 'Windows 11', os.arch: 'amd64', os.version: '10.0', java.version: '11.0.20'
Driver info: driver.version: AndroidDriver
	at io.appium.java_client.pagefactory.bys.builder.ByChained.findElement(ByChained.java:74) ~[java-client-7.5.1.jar:?]
	at org.openqa.selenium.remote.RemoteWebDriver.findElement(RemoteWebDriver.java:315) ~[selenium-remote-driver-3.141.59.jar:?]
	at io.appium.java_client.DefaultGenericMobileDriver.findElement(DefaultGenericMobileDriver.java:57) ~[java-client-7.5.1.jar:?]
	at io.appium.java_client.AppiumDriver.findElement(AppiumDriver.java:1) ~[java-client-7.5.1.jar:?]
	at io.appium.java_client.android.AndroidDriver.findElement(AndroidDriver.java:1) ~[java-client-7.5.1.jar:?]
	at io.appium.java_client.pagefactory.bys.ContentMappedBy.findElement(ContentMappedBy.java:50) ~[java-client-7.5.1.jar:?]
	at org.openqa.selenium.remote.RemoteWebDriver.findElement(RemoteWebDriver.java:315) ~[selenium-remote-driver-3.141.59.jar:?]
	at io.appium.java_client.DefaultGenericMobileDriver.findElement(DefaultGenericMobileDriver.java:57) ~[java-client-7.5.1.jar:?]
	at io.appium.java_client.AppiumDriver.findElement(AppiumDriver.java:1) ~[java-client-7.5.1.jar:?]
	at io.appium.java_client.android.AndroidDriver.findElement(AndroidDriver.java:1) ~[java-client-7.5.1.jar:?]
	at io.appium.java_client.pagefactory.AppiumElementLocator.lambda$0(AppiumElementLocator.java:120) ~[java-client-7.5.1.jar:?]
	at io.appium.java_client.pagefactory.AppiumElementLocator$WaitingFunction.apply(AppiumElementLocator.java:172) ~[java-client-7.5.1.jar:?]
	at io.appium.java_client.pagefactory.AppiumElementLocator$WaitingFunction.apply(AppiumElementLocator.java:1) ~[java-client-7.5.1.jar:?]
	at org.openqa.selenium.support.ui.FluentWait.until(FluentWait.java:249) ~[selenium-support-3.141.59.jar:?]
	at io.appium.java_client.pagefactory.AppiumElementLocator.waitFor(AppiumElementLocator.java:99) ~[java-client-7.5.1.jar:?]
	at io.appium.java_client.pagefactory.AppiumElementLocator.findElement(AppiumElementLocator.java:119) ~[java-client-7.5.1.jar:?]
	at io.appium.java_client.pagefactory.interceptors.InterceptorOfASingleElement.intercept(InterceptorOfASingleElement.java:59) ~[java-client-7.5.1.jar:?]
	at io.appium.java_client.android.AndroidElement$$EnhancerByCGLIB$$b598166c.isDisplayed(<generated>) ~[java-client-7.5.1.jar:?]
	at org.openqa.selenium.support.ui.ExpectedConditions.elementIfVisible(ExpectedConditions.java:314) ~[selenium-support-3.141.59.jar:?]
	at org.openqa.selenium.support.ui.ExpectedConditions.access$000(ExpectedConditions.java:43) ~[selenium-support-3.141.59.jar:?]
	at org.openqa.selenium.support.ui.ExpectedConditions$10.apply(ExpectedConditions.java:300) ~[selenium-support-3.141.59.jar:?]
	at org.openqa.selenium.support.ui.ExpectedConditions$10.apply(ExpectedConditions.java:297) ~[selenium-support-3.141.59.jar:?]
	at org.openqa.selenium.support.ui.FluentWait.until(FluentWait.java:249) ~[selenium-support-3.141.59.jar:?]
	... 34 more
[logsrowserStack_Google Pixel 3 ERROR] 2024-01-22 18:00:42.140 BasePage:316 - Attempt 2: Failed to click on: <Clam Code Card>. Exception: Expected condition failed: waiting for visibility of Located by By.chained({By.xpath: //android.view.ViewGroup[@resource-id='button_collection_my_profile_screen_button_51']}) (tried for 10 second(s) with 500 milliseconds interval)
org.openqa.selenium.TimeoutException: Expected condition failed: waiting for visibility of Located by By.chained({By.xpath: //android.view.ViewGroup[@resource-id='button_collection_my_profile_screen_button_51']}) (tried for 10 second(s) with 500 milliseconds interval)
	at org.openqa.selenium.support.ui.WebDriverWait.timeoutException(WebDriverWait.java:95) ~[selenium-support-3.141.59.jar:?]
	at org.openqa.selenium.support.ui.FluentWait.until(FluentWait.java:272) ~[selenium-support-3.141.59.jar:?]
	at com.appium.base.BasePage.waitForVisibility(BasePage.java:83) ~[classes/:?]
	at com.appium.base.BasePage.click(BasePage.java:284) ~[classes/:?]
	at com.appium.base.BasePage.click(BasePage.java:274) ~[classes/:?]
	at com.appium.pages.MyCoinsPage.check_Navigation_ClamCodeCard(MyCoinsPage.java:252) ~[classes/:?]
	at com.appium.pages.MyCoinsPage.check_And_ValidateInvalidCuponCode(MyCoinsPage.java:318) ~[classes/:?]
	at com.appium.tests.MyCoinsTests.allTestCaseRelated_CuponeCode(MyCoinsTests.java:78) ~[test-classes/:?]
	at jdk.internal.reflect.NativeMethodAccessorImpl.invoke0(Native Method) ~[?:?]
	at jdk.internal.reflect.NativeMethodAccessorImpl.invoke(NativeMethodAccessorImpl.java:62) ~[?:?]
	at jdk.internal.reflect.DelegatingMethodAccessorImpl.invoke(DelegatingMethodAccessorImpl.java:43) ~[?:?]
	at java.lang.reflect.Method.invoke(Method.java:566) ~[?:?]
	at org.testng.internal.MethodInvocationHelper.invokeMethod(MethodInvocationHelper.java:133) ~[testng-7.4.0.jar:7.4.0]
	at org.testng.internal.TestInvoker.invokeMethod(TestInvoker.java:598) ~[testng-7.4.0.jar:7.4.0]
	at org.testng.internal.TestInvoker.invokeTestMethod(TestInvoker.java:173) ~[testng-7.4.0.jar:7.4.0]
	at org.testng.internal.MethodRunner.runInSequence(MethodRunner.java:46) ~[testng-7.4.0.jar:7.4.0]
	at org.testng.internal.TestInvoker$MethodInvocationAgent.invoke(TestInvoker.java:824) ~[testng-7.4.0.jar:7.4.0]
	at org.testng.internal.TestInvoker.invokeTestMethods(TestInvoker.java:146) ~[testng-7.4.0.jar:7.4.0]
	at org.testng.internal.TestMethodWorker.invokeTestMethods(TestMethodWorker.java:146) ~[testng-7.4.0.jar:7.4.0]
	at org.testng.internal.TestMethodWorker.run(TestMethodWorker.java:128) ~[testng-7.4.0.jar:7.4.0]
	at java.util.ArrayList.forEach(ArrayList.java:1541) [?:?]
	at org.testng.TestRunner.privateRun(TestRunner.java:794) [testng-7.4.0.jar:7.4.0]
	at org.testng.TestRunner.run(TestRunner.java:596) [testng-7.4.0.jar:7.4.0]
	at org.testng.SuiteRunner.runTest(SuiteRunner.java:377) [testng-7.4.0.jar:7.4.0]
	at org.testng.SuiteRunner.runSequentially(SuiteRunner.java:371) [testng-7.4.0.jar:7.4.0]
	at org.testng.SuiteRunner.privateRun(SuiteRunner.java:332) [testng-7.4.0.jar:7.4.0]
	at org.testng.SuiteRunner.run(SuiteRunner.java:276) [testng-7.4.0.jar:7.4.0]
	at org.testng.SuiteRunnerWorker.runSuite(SuiteRunnerWorker.java:53) [testng-7.4.0.jar:7.4.0]
	at org.testng.SuiteRunnerWorker.run(SuiteRunnerWorker.java:96) [testng-7.4.0.jar:7.4.0]
	at org.testng.TestNG.runSuitesSequentially(TestNG.java:1212) [testng-7.4.0.jar:7.4.0]
	at org.testng.TestNG.runSuitesLocally(TestNG.java:1134) [testng-7.4.0.jar:7.4.0]
	at org.testng.TestNG.runSuites(TestNG.java:1063) [testng-7.4.0.jar:7.4.0]
	at org.testng.TestNG.run(TestNG.java:1031) [testng-7.4.0.jar:7.4.0]
	at org.testng.remote.AbstractRemoteTestNG.run(AbstractRemoteTestNG.java:115) [testng-remote.jar:?]
	at org.testng.remote.RemoteTestNG.initAndRun(RemoteTestNG.java:251) [testng-remote.jar:?]
	at org.testng.remote.RemoteTestNG.main(RemoteTestNG.java:77) [testng-remote.jar:?]
Caused by: org.openqa.selenium.NoSuchElementException: Can't locate an element by this strategy: By.chained({By.xpath: //android.view.ViewGroup[@resource-id='button_collection_my_profile_screen_button_51']})
	at io.appium.java_client.pagefactory.AppiumElementLocator.findElement(AppiumElementLocator.java:126) ~[java-client-7.5.1.jar:?]
	at io.appium.java_client.pagefactory.interceptors.InterceptorOfASingleElement.intercept(InterceptorOfASingleElement.java:59) ~[java-client-7.5.1.jar:?]
	at io.appium.java_client.android.AndroidElement$$EnhancerByCGLIB$$b598166c.isDisplayed(<generated>) ~[java-client-7.5.1.jar:?]
	at org.openqa.selenium.support.ui.ExpectedConditions.elementIfVisible(ExpectedConditions.java:314) ~[selenium-support-3.141.59.jar:?]
	at org.openqa.selenium.support.ui.ExpectedConditions.access$000(ExpectedConditions.java:43) ~[selenium-support-3.141.59.jar:?]
	at org.openqa.selenium.support.ui.ExpectedConditions$10.apply(ExpectedConditions.java:300) ~[selenium-support-3.141.59.jar:?]
	at org.openqa.selenium.support.ui.ExpectedConditions$10.apply(ExpectedConditions.java:297) ~[selenium-support-3.141.59.jar:?]
	at org.openqa.selenium.support.ui.FluentWait.until(FluentWait.java:249) ~[selenium-support-3.141.59.jar:?]
	... 34 more
Caused by: org.openqa.selenium.TimeoutException: Expected condition failed: waiting for io.appium.java_client.pagefactory.AppiumElementLocator$WaitingFunction@6bdedbbd (tried for 30 second(s) with 500 milliseconds interval)
	at org.openqa.selenium.support.ui.FluentWait.timeoutException(FluentWait.java:304) ~[selenium-support-3.141.59.jar:?]
	at org.openqa.selenium.support.ui.FluentWait.until(FluentWait.java:272) ~[selenium-support-3.141.59.jar:?]
	at io.appium.java_client.pagefactory.AppiumElementLocator.waitFor(AppiumElementLocator.java:99) ~[java-client-7.5.1.jar:?]
	at io.appium.java_client.pagefactory.AppiumElementLocator.findElement(AppiumElementLocator.java:119) ~[java-client-7.5.1.jar:?]
	at io.appium.java_client.pagefactory.interceptors.InterceptorOfASingleElement.intercept(InterceptorOfASingleElement.java:59) ~[java-client-7.5.1.jar:?]
	at io.appium.java_client.android.AndroidElement$$EnhancerByCGLIB$$b598166c.isDisplayed(<generated>) ~[java-client-7.5.1.jar:?]
	at org.openqa.selenium.support.ui.ExpectedConditions.elementIfVisible(ExpectedConditions.java:314) ~[selenium-support-3.141.59.jar:?]
	at org.openqa.selenium.support.ui.ExpectedConditions.access$000(ExpectedConditions.java:43) ~[selenium-support-3.141.59.jar:?]
	at org.openqa.selenium.support.ui.ExpectedConditions$10.apply(ExpectedConditions.java:300) ~[selenium-support-3.141.59.jar:?]
	at org.openqa.selenium.support.ui.ExpectedConditions$10.apply(ExpectedConditions.java:297) ~[selenium-support-3.141.59.jar:?]
	at org.openqa.selenium.support.ui.FluentWait.until(FluentWait.java:249) ~[selenium-support-3.141.59.jar:?]
	... 34 more
Caused by: org.openqa.selenium.NoSuchElementException: Cannot locate an element using By.chained({By.xpath: //android.view.ViewGroup[@resource-id='button_collection_my_profile_screen_button_51']})
For documentation on this error, please visit: https://www.seleniumhq.org/exceptions/no_such_element.html
Build info: version: '3.141.59', revision: 'e82be7d358', time: '2018-11-14T08:17:03'
System info: host: 'RUDRA', ip: '192.168.0.159', os.name: 'Windows 11', os.arch: 'amd64', os.version: '10.0', java.version: '11.0.20'
Driver info: driver.version: AndroidDriver
	at io.appium.java_client.pagefactory.bys.builder.ByChained.findElement(ByChained.java:74) ~[java-client-7.5.1.jar:?]
	at org.openqa.selenium.remote.RemoteWebDriver.findElement(RemoteWebDriver.java:315) ~[selenium-remote-driver-3.141.59.jar:?]
	at io.appium.java_client.DefaultGenericMobileDriver.findElement(DefaultGenericMobileDriver.java:57) ~[java-client-7.5.1.jar:?]
	at io.appium.java_client.AppiumDriver.findElement(AppiumDriver.java:1) ~[java-client-7.5.1.jar:?]
	at io.appium.java_client.android.AndroidDriver.findElement(AndroidDriver.java:1) ~[java-client-7.5.1.jar:?]
	at io.appium.java_client.pagefactory.bys.ContentMappedBy.findElement(ContentMappedBy.java:50) ~[java-client-7.5.1.jar:?]
	at org.openqa.selenium.remote.RemoteWebDriver.findElement(RemoteWebDriver.java:315) ~[selenium-remote-driver-3.141.59.jar:?]
	at io.appium.java_client.DefaultGenericMobileDriver.findElement(DefaultGenericMobileDriver.java:57) ~[java-client-7.5.1.jar:?]
	at io.appium.java_client.AppiumDriver.findElement(AppiumDriver.java:1) ~[java-client-7.5.1.jar:?]
	at io.appium.java_client.android.AndroidDriver.findElement(AndroidDriver.java:1) ~[java-client-7.5.1.jar:?]
	at io.appium.java_client.pagefactory.AppiumElementLocator.lambda$0(AppiumElementLocator.java:120) ~[java-client-7.5.1.jar:?]
	at io.appium.java_client.pagefactory.AppiumElementLocator$WaitingFunction.apply(AppiumElementLocator.java:172) ~[java-client-7.5.1.jar:?]
	at io.appium.java_client.pagefactory.AppiumElementLocator$WaitingFunction.apply(AppiumElementLocator.java:1) ~[java-client-7.5.1.jar:?]
	at org.openqa.selenium.support.ui.FluentWait.until(FluentWait.java:249) ~[selenium-support-3.141.59.jar:?]
	at io.appium.java_client.pagefactory.AppiumElementLocator.waitFor(AppiumElementLocator.java:99) ~[java-client-7.5.1.jar:?]
	at io.appium.java_client.pagefactory.AppiumElementLocator.findElement(AppiumElementLocator.java:119) ~[java-client-7.5.1.jar:?]
	at io.appium.java_client.pagefactory.interceptors.InterceptorOfASingleElement.intercept(InterceptorOfASingleElement.java:59) ~[java-client-7.5.1.jar:?]
	at io.appium.java_client.android.AndroidElement$$EnhancerByCGLIB$$b598166c.isDisplayed(<generated>) ~[java-client-7.5.1.jar:?]
	at org.openqa.selenium.support.ui.ExpectedConditions.elementIfVisible(ExpectedConditions.java:314) ~[selenium-support-3.141.59.jar:?]
	at org.openqa.selenium.support.ui.ExpectedConditions.access$000(ExpectedConditions.java:43) ~[selenium-support-3.141.59.jar:?]
	at org.openqa.selenium.support.ui.ExpectedConditions$10.apply(ExpectedConditions.java:300) ~[selenium-support-3.141.59.jar:?]
	at org.openqa.selenium.support.ui.ExpectedConditions$10.apply(ExpectedConditions.java:297) ~[selenium-support-3.141.59.jar:?]
	at org.openqa.selenium.support.ui.FluentWait.until(FluentWait.java:249) ~[selenium-support-3.141.59.jar:?]
	... 34 more
[logsrowserStack_Google Pixel 3 ERROR] 2024-01-22 18:00:42.148 BasePage:325 - Failed to click on: <Clam Code Card>. Exception: Appium Exception Details:
Error: Timeout waiting for element. Details: Expected condition failed: waiting for visibility of Located by By.chained({By.xpath: //android.view.ViewGroup[@resource-id='button_collection_my_profile_screen_button_51']}) (tried for 10 second(s) with 500 milliseconds interval)
org.openqa.selenium.TimeoutException: Expected condition failed: waiting for visibility of Located by By.chained({By.xpath: //android.view.ViewGroup[@resource-id='button_collection_my_profile_screen_button_51']}) (tried for 10 second(s) with 500 milliseconds interval)
	at org.openqa.selenium.support.ui.WebDriverWait.timeoutException(WebDriverWait.java:95) ~[selenium-support-3.141.59.jar:?]
	at org.openqa.selenium.support.ui.FluentWait.until(FluentWait.java:272) ~[selenium-support-3.141.59.jar:?]
	at com.appium.base.BasePage.waitForVisibility(BasePage.java:83) ~[classes/:?]
	at com.appium.base.BasePage.click(BasePage.java:284) ~[classes/:?]
	at com.appium.base.BasePage.click(BasePage.java:274) ~[classes/:?]
	at com.appium.pages.MyCoinsPage.check_Navigation_ClamCodeCard(MyCoinsPage.java:252) ~[classes/:?]
	at com.appium.pages.MyCoinsPage.check_And_ValidateInvalidCuponCode(MyCoinsPage.java:318) ~[classes/:?]
	at com.appium.tests.MyCoinsTests.allTestCaseRelated_CuponeCode(MyCoinsTests.java:78) ~[test-classes/:?]
	at jdk.internal.reflect.NativeMethodAccessorImpl.invoke0(Native Method) ~[?:?]
	at jdk.internal.reflect.NativeMethodAccessorImpl.invoke(NativeMethodAccessorImpl.java:62) ~[?:?]
	at jdk.internal.reflect.DelegatingMethodAccessorImpl.invoke(DelegatingMethodAccessorImpl.java:43) ~[?:?]
	at java.lang.reflect.Method.invoke(Method.java:566) ~[?:?]
	at org.testng.internal.MethodInvocationHelper.invokeMethod(MethodInvocationHelper.java:133) ~[testng-7.4.0.jar:7.4.0]
	at org.testng.internal.TestInvoker.invokeMethod(TestInvoker.java:598) ~[testng-7.4.0.jar:7.4.0]
	at org.testng.internal.TestInvoker.invokeTestMethod(TestInvoker.java:173) ~[testng-7.4.0.jar:7.4.0]
	at org.testng.internal.MethodRunner.runInSequence(MethodRunner.java:46) ~[testng-7.4.0.jar:7.4.0]
	at org.testng.internal.TestInvoker$MethodInvocationAgent.invoke(TestInvoker.java:824) ~[testng-7.4.0.jar:7.4.0]
	at org.testng.internal.TestInvoker.invokeTestMethods(TestInvoker.java:146) ~[testng-7.4.0.jar:7.4.0]
	at org.testng.internal.TestMethodWorker.invokeTestMethods(TestMethodWorker.java:146) ~[testng-7.4.0.jar:7.4.0]
	at org.testng.internal.TestMethodWorker.run(TestMethodWorker.java:128) ~[testng-7.4.0.jar:7.4.0]
	at java.util.ArrayList.forEach(ArrayList.java:1541) [?:?]
	at org.testng.TestRunner.privateRun(TestRunner.java:794) [testng-7.4.0.jar:7.4.0]
	at org.testng.TestRunner.run(TestRunner.java:596) [testng-7.4.0.jar:7.4.0]
	at org.testng.SuiteRunner.runTest(SuiteRunner.java:377) [testng-7.4.0.jar:7.4.0]
	at org.testng.SuiteRunner.runSequentially(SuiteRunner.java:371) [testng-7.4.0.jar:7.4.0]
	at org.testng.SuiteRunner.privateRun(SuiteRunner.java:332) [testng-7.4.0.jar:7.4.0]
	at org.testng.SuiteRunner.run(SuiteRunner.java:276) [testng-7.4.0.jar:7.4.0]
	at org.testng.SuiteRunnerWorker.runSuite(SuiteRunnerWorker.java:53) [testng-7.4.0.jar:7.4.0]
	at org.testng.SuiteRunnerWorker.run(SuiteRunnerWorker.java:96) [testng-7.4.0.jar:7.4.0]
	at org.testng.TestNG.runSuitesSequentially(TestNG.java:1212) [testng-7.4.0.jar:7.4.0]
	at org.testng.TestNG.runSuitesLocally(TestNG.java:1134) [testng-7.4.0.jar:7.4.0]
	at org.testng.TestNG.runSuites(TestNG.java:1063) [testng-7.4.0.jar:7.4.0]
	at org.testng.TestNG.run(TestNG.java:1031) [testng-7.4.0.jar:7.4.0]
	at org.testng.remote.AbstractRemoteTestNG.run(AbstractRemoteTestNG.java:115) [testng-remote.jar:?]
	at org.testng.remote.RemoteTestNG.initAndRun(RemoteTestNG.java:251) [testng-remote.jar:?]
	at org.testng.remote.RemoteTestNG.main(RemoteTestNG.java:77) [testng-remote.jar:?]
Caused by: org.openqa.selenium.NoSuchElementException: Can't locate an element by this strategy: By.chained({By.xpath: //android.view.ViewGroup[@resource-id='button_collection_my_profile_screen_button_51']})
	at io.appium.java_client.pagefactory.AppiumElementLocator.findElement(AppiumElementLocator.java:126) ~[java-client-7.5.1.jar:?]
	at io.appium.java_client.pagefactory.interceptors.InterceptorOfASingleElement.intercept(InterceptorOfASingleElement.java:59) ~[java-client-7.5.1.jar:?]
	at io.appium.java_client.android.AndroidElement$$EnhancerByCGLIB$$b598166c.isDisplayed(<generated>) ~[java-client-7.5.1.jar:?]
	at org.openqa.selenium.support.ui.ExpectedConditions.elementIfVisible(ExpectedConditions.java:314) ~[selenium-support-3.141.59.jar:?]
	at org.openqa.selenium.support.ui.ExpectedConditions.access$000(ExpectedConditions.java:43) ~[selenium-support-3.141.59.jar:?]
	at org.openqa.selenium.support.ui.ExpectedConditions$10.apply(ExpectedConditions.java:300) ~[selenium-support-3.141.59.jar:?]
	at org.openqa.selenium.support.ui.ExpectedConditions$10.apply(ExpectedConditions.java:297) ~[selenium-support-3.141.59.jar:?]
	at org.openqa.selenium.support.ui.FluentWait.until(FluentWait.java:249) ~[selenium-support-3.141.59.jar:?]
	... 34 more
Caused by: org.openqa.selenium.TimeoutException: Expected condition failed: waiting for io.appium.java_client.pagefactory.AppiumElementLocator$WaitingFunction@6bdedbbd (tried for 30 second(s) with 500 milliseconds interval)
	at org.openqa.selenium.support.ui.FluentWait.timeoutException(FluentWait.java:304) ~[selenium-support-3.141.59.jar:?]
	at org.openqa.selenium.support.ui.FluentWait.until(FluentWait.java:272) ~[selenium-support-3.141.59.jar:?]
	at io.appium.java_client.pagefactory.AppiumElementLocator.waitFor(AppiumElementLocator.java:99) ~[java-client-7.5.1.jar:?]
	at io.appium.java_client.pagefactory.AppiumElementLocator.findElement(AppiumElementLocator.java:119) ~[java-client-7.5.1.jar:?]
	at io.appium.java_client.pagefactory.interceptors.InterceptorOfASingleElement.intercept(InterceptorOfASingleElement.java:59) ~[java-client-7.5.1.jar:?]
	at io.appium.java_client.android.AndroidElement$$EnhancerByCGLIB$$b598166c.isDisplayed(<generated>) ~[java-client-7.5.1.jar:?]
	at org.openqa.selenium.support.ui.ExpectedConditions.elementIfVisible(ExpectedConditions.java:314) ~[selenium-support-3.141.59.jar:?]
	at org.openqa.selenium.support.ui.ExpectedConditions.access$000(ExpectedConditions.java:43) ~[selenium-support-3.141.59.jar:?]
	at org.openqa.selenium.support.ui.ExpectedConditions$10.apply(ExpectedConditions.java:300) ~[selenium-support-3.141.59.jar:?]
	at org.openqa.selenium.support.ui.ExpectedConditions$10.apply(ExpectedConditions.java:297) ~[selenium-support-3.141.59.jar:?]
	at org.openqa.selenium.support.ui.FluentWait.until(FluentWait.java:249) ~[selenium-support-3.141.59.jar:?]
	... 34 more
Caused by: org.openqa.selenium.NoSuchElementException: Cannot locate an element using By.chained({By.xpath: //android.view.ViewGroup[@resource-id='button_collection_my_profile_screen_button_51']})
For documentation on this error, please visit: https://www.seleniumhq.org/exceptions/no_such_element.html
Build info: version: '3.141.59', revision: 'e82be7d358', time: '2018-11-14T08:17:03'
System info: host: 'RUDRA', ip: '192.168.0.159', os.name: 'Windows 11', os.arch: 'amd64', os.version: '10.0', java.version: '11.0.20'
Driver info: driver.version: AndroidDriver
	at io.appium.java_client.pagefactory.bys.builder.ByChained.findElement(ByChained.java:74) ~[java-client-7.5.1.jar:?]
	at org.openqa.selenium.remote.RemoteWebDriver.findElement(RemoteWebDriver.java:315) ~[selenium-remote-driver-3.141.59.jar:?]
	at io.appium.java_client.DefaultGenericMobileDriver.findElement(DefaultGenericMobileDriver.java:57) ~[java-client-7.5.1.jar:?]
	at io.appium.java_client.AppiumDriver.findElement(AppiumDriver.java:1) ~[java-client-7.5.1.jar:?]
	at io.appium.java_client.android.AndroidDriver.findElement(AndroidDriver.java:1) ~[java-client-7.5.1.jar:?]
	at io.appium.java_client.pagefactory.bys.ContentMappedBy.findElement(ContentMappedBy.java:50) ~[java-client-7.5.1.jar:?]
	at org.openqa.selenium.remote.RemoteWebDriver.findElement(RemoteWebDriver.java:315) ~[selenium-remote-driver-3.141.59.jar:?]
	at io.appium.java_client.DefaultGenericMobileDriver.findElement(DefaultGenericMobileDriver.java:57) ~[java-client-7.5.1.jar:?]
	at io.appium.java_client.AppiumDriver.findElement(AppiumDriver.java:1) ~[java-client-7.5.1.jar:?]
	at io.appium.java_client.android.AndroidDriver.findElement(AndroidDriver.java:1) ~[java-client-7.5.1.jar:?]
	at io.appium.java_client.pagefactory.AppiumElementLocator.lambda$0(AppiumElementLocator.java:120) ~[java-client-7.5.1.jar:?]
	at io.appium.java_client.pagefactory.AppiumElementLocator$WaitingFunction.apply(AppiumElementLocator.java:172) ~[java-client-7.5.1.jar:?]
	at io.appium.java_client.pagefactory.AppiumElementLocator$WaitingFunction.apply(AppiumElementLocator.java:1) ~[java-client-7.5.1.jar:?]
	at org.openqa.selenium.support.ui.FluentWait.until(FluentWait.java:249) ~[selenium-support-3.141.59.jar:?]
	at io.appium.java_client.pagefactory.AppiumElementLocator.waitFor(AppiumElementLocator.java:99) ~[java-client-7.5.1.jar:?]
	at io.appium.java_client.pagefactory.AppiumElementLocator.findElement(AppiumElementLocator.java:119) ~[java-client-7.5.1.jar:?]
	at io.appium.java_client.pagefactory.interceptors.InterceptorOfASingleElement.intercept(InterceptorOfASingleElement.java:59) ~[java-client-7.5.1.jar:?]
	at io.appium.java_client.android.AndroidElement$$EnhancerByCGLIB$$b598166c.isDisplayed(<generated>) ~[java-client-7.5.1.jar:?]
	at org.openqa.selenium.support.ui.ExpectedConditions.elementIfVisible(ExpectedConditions.java:314) ~[selenium-support-3.141.59.jar:?]
	at org.openqa.selenium.support.ui.ExpectedConditions.access$000(ExpectedConditions.java:43) ~[selenium-support-3.141.59.jar:?]
	at org.openqa.selenium.support.ui.ExpectedConditions$10.apply(ExpectedConditions.java:300) ~[selenium-support-3.141.59.jar:?]
	at org.openqa.selenium.support.ui.ExpectedConditions$10.apply(ExpectedConditions.java:297) ~[selenium-support-3.141.59.jar:?]
	at org.openqa.selenium.support.ui.FluentWait.until(FluentWait.java:249) ~[selenium-support-3.141.59.jar:?]
	... 34 more
[logsrowserStack_Google Pixel 3 DEBUG] 2024-01-22 18:00:51.006 BaseTest:207 - Appium Server stopped.............
[logsrowserStack_Google Pixel 3 DEBUG] 2024-01-22 18:03:22.928 BaseTest:125 - Log file path: logs\browserStack_Google Pixel 3
[logsrowserStack_Google Pixel 3 DEBUG] 2024-01-22 18:03:23.001 BaseTest:132 - Setting PLATFORM_NAME to: browserStack
[logsrowserStack_Google Pixel 3 DEBUG] 2024-01-22 18:03:23.003 BaseTest:136 - Setting DEVICE_NAME to: Google Pixel 3
[logsrowserStack_Google Pixel 3 INFO ] 2024-01-22 18:03:23.023 CapabilityUtils:142 - Upload app file on Browserstack
[logsrowserStack_Google Pixel 3 INFO ] 2024-01-22 18:03:23.027 CapabilityUtils:145 - App URL is: C:\Users\rudra\Downloads\Appium-Java-POM-Framework-main\src\test\resources\app\app-qaVersion 2.1.3 (587).apk
[logsrowserStack_Google Pixel 3 INFO ] 2024-01-22 18:04:10.245 CapabilityUtils:147 - Received Response new Browserstack URL: bs://086f04948d222b90a98c5dd0a8225fefc1304caa
[logsrowserStack_Google Pixel 3 DEBUG] 2024-01-22 18:10:45.407 BaseTest:125 - Log file path: logs\browserStack_Google Pixel 3
[logsrowserStack_Google Pixel 3 DEBUG] 2024-01-22 18:10:45.453 BaseTest:132 - Setting PLATFORM_NAME to: browserStack
[logsrowserStack_Google Pixel 3 DEBUG] 2024-01-22 18:10:45.454 BaseTest:136 - Setting DEVICE_NAME to: Google Pixel 3
[logsrowserStack_Google Pixel 3 INFO ] 2024-01-22 18:10:45.472 CapabilityUtils:142 - Upload app file on Browserstack
[logsrowserStack_Google Pixel 3 INFO ] 2024-01-22 18:10:45.473 CapabilityUtils:145 - App URL is: C:\Users\rudra\Downloads\Appium-Java-POM-Framework-main\src\test\resources\app\app-qaVersion 2.1.3 (587).apk
[logsrowserStack_Google Pixel 3 INFO ] 2024-01-22 18:11:38.791 CapabilityUtils:147 - Received Response new Browserstack URL: bs://086f04948d222b90a98c5dd0a8225fefc1304caa
[logsrowserStack_Google Pixel 3 DEBUG] 2024-01-22 18:16:53.593 BaseTest:159 - sessionId: e405038b403dc15015b380df128b87060e22fc54
[logsrowserStack_Google Pixel 3 DEBUG] 2024-01-22 18:16:53.822 LoginTests:73 - ---------------------------------------------------
[logsrowserStack_Google Pixel 3 DEBUG] 2024-01-22 18:16:53.822 LoginTests:74 - ******************* Test started: T101 *******************
[logsrowserStack_Google Pixel 3 INFO ] 2024-01-22 18:17:01.886 BasePage:288 - Attempt 1: Clicking on <Login with email>
[logsrowserStack_Google Pixel 3 INFO ] 2024-01-22 18:17:03.692 BasePage:296 - Attempt 1: Clicked on <Login with email> successfully
[logsrowserStack_Google Pixel 3 INFO ] 2024-01-22 18:17:07.388 BasePage:539 - Attempt 1: Successfully sent keys to <User Name>: "testi246.testi246@gmail.com".
[logsrowserStack_Google Pixel 3 INFO ] 2024-01-22 18:17:10.963 BasePage:539 - Attempt 1: Successfully sent keys to <Password>: "tT246246!".
[logsrowserStack_Google Pixel 3 INFO ] 2024-01-22 18:17:13.438 BasePage:288 - Attempt 1: Clicking on <Login button>
[logsrowserStack_Google Pixel 3 INFO ] 2024-01-22 18:17:15.337 BasePage:296 - Attempt 1: Clicked on <Login button> successfully
[logsrowserStack_Google Pixel 3 DEBUG] 2024-01-22 18:17:15.337 LoginTests:83 - ---------------------------------------------------
[logsrowserStack_Google Pixel 3 DEBUG] 2024-01-22 18:17:15.338 LoginTests:84 - ******************* Test started: T1255 *******************
[logsrowserStack_Google Pixel 3 INFO ] 2024-01-22 18:17:34.730 BasePage:288 - Attempt 1: Clicking on <Popup Close Icon>
[logsrowserStack_Google Pixel 3 INFO ] 2024-01-22 18:17:36.477 BasePage:296 - Attempt 1: Clicked on <Popup Close Icon> successfully
[logsrowserStack_Google Pixel 3 DEBUG] 2024-01-22 18:17:36.612 MyCoinsTests:48 - ---------------------------------------------------
[logsrowserStack_Google Pixel 3 DEBUG] 2024-01-22 18:17:36.613 MyCoinsTests:49 - ******************* Test started: T210  *******************
[logsrowserStack_Google Pixel 3 INFO ] 2024-01-22 18:17:39.070 BasePage:288 - Attempt 1: Clicking on <My Coins>
[logsrowserStack_Google Pixel 3 INFO ] 2024-01-22 18:17:42.805 BasePage:296 - Attempt 1: Clicked on <My Coins> successfully
[logsrowserStack_Google Pixel 3 DEBUG] 2024-01-22 18:17:42.807 MyCoinsTests:53 - ---------------------------------------------------
[logsrowserStack_Google Pixel 3 DEBUG] 2024-01-22 18:17:42.808 MyCoinsTests:54 - ******************* Test started: T208  *******************
[logsrowserStack_Google Pixel 3 INFO ] 2024-01-22 18:17:48.647 BasePage:288 - Attempt 1: Clicking on <Profile > Edit Icon>
[logsrowserStack_Google Pixel 3 INFO ] 2024-01-22 18:17:52.894 BasePage:296 - Attempt 1: Clicked on <Profile > Edit Icon> successfully
[logsrowserStack_Google Pixel 3 INFO ] 2024-01-22 18:17:57.921 BasePage:75 - Sleeping for 5 seconds...
[logsrowserStack_Google Pixel 3 INFO ] 2024-01-22 18:17:58.651 BasePage:216 - Navigated back
[logsrowserStack_Google Pixel 3 DEBUG] 2024-01-22 18:17:58.652 MyCoinsTests:59 - ---------------------------------------------------
[logsrowserStack_Google Pixel 3 DEBUG] 2024-01-22 18:17:58.652 MyCoinsTests:60 - ******************* Test started: T201  *******************
[logsrowserStack_Google Pixel 3 INFO ] 2024-01-22 18:18:15.290 BasePage:667 - Text value for Element Fetching text for Badge More Icon List - Element 1/1 at index 0: 
[logsrowserStack_Google Pixel 3 DEBUG] 2024-01-22 18:18:15.292 MyCoinsTests:64 - ---------------------------------------------------
[logsrowserStack_Google Pixel 3 DEBUG] 2024-01-22 18:18:15.292 MyCoinsTests:65 - ******************* Test started: T203  *******************
[logsrowserStack_Google Pixel 3 INFO ] 2024-01-22 18:18:19.490 BasePage:288 - Attempt 1: Clicking on <Badge More Button>
[logsrowserStack_Google Pixel 3 INFO ] 2024-01-22 18:18:23.761 BasePage:296 - Attempt 1: Clicked on <Badge More Button> successfully
[logsrowserStack_Google Pixel 3 INFO ] 2024-01-22 18:18:28.766 BasePage:75 - Sleeping for 5 seconds...
[logsrowserStack_Google Pixel 3 INFO ] 2024-01-22 18:18:29.540 BasePage:216 - Navigated back
[logsrowserStack_Google Pixel 3 DEBUG] 2024-01-22 18:18:29.557 MyCoinsTests:74 - ---------------------------------------------------
[logsrowserStack_Google Pixel 3 DEBUG] 2024-01-22 18:18:29.559 MyCoinsTests:75 - ******************* Test started: T204  *******************
[logsrowserStack_Google Pixel 3 INFO ] 2024-01-22 18:19:07.192 BasePage:288 - Attempt 1: Clicking on <Clam Code Card>
[logsrowserStack_Google Pixel 3 INFO ] 2024-01-22 18:19:11.442 BasePage:296 - Attempt 1: Clicked on <Clam Code Card> successfully
[logsrowserStack_Google Pixel 3 INFO ] 2024-01-22 18:19:13.115 BasePage:288 - Attempt 1: Clicking on <Enter Cupon Code>
[logsrowserStack_Google Pixel 3 INFO ] 2024-01-22 18:19:14.870 BasePage:296 - Attempt 1: Clicked on <Enter Cupon Code> successfully
[logsrowserStack_Google Pixel 3 INFO ] 2024-01-22 18:19:19.012 BasePage:539 - Attempt 1: Successfully sent keys to <Enter Cupon Code>: "MOFFRIENDS".
[logsrowserStack_Google Pixel 3 INFO ] 2024-01-22 18:19:20.894 BasePage:188 - Android keyboard hidden
[logsrowserStack_Google Pixel 3 INFO ] 2024-01-22 18:19:22.577 BasePage:288 - Attempt 1: Clicking on <Submit Button>
[logsrowserStack_Google Pixel 3 INFO ] 2024-01-22 18:19:24.321 BasePage:296 - Attempt 1: Clicked on <Submit Button> successfully
[logsrowserStack_Google Pixel 3 ERROR] 2024-01-22 18:19:55.892 BasePage:316 - Attempt 1: Failed to click on: <Clam Code Card>. Exception: Expected condition failed: waiting for visibility of Located by By.chained({By.xpath: //android.view.ViewGroup[@resource-id='button_collection_my_profile_screen_button_51']}) (tried for 10 second(s) with 500 milliseconds interval)
org.openqa.selenium.TimeoutException: Expected condition failed: waiting for visibility of Located by By.chained({By.xpath: //android.view.ViewGroup[@resource-id='button_collection_my_profile_screen_button_51']}) (tried for 10 second(s) with 500 milliseconds interval)
	at org.openqa.selenium.support.ui.WebDriverWait.timeoutException(WebDriverWait.java:95) ~[selenium-support-3.141.59.jar:?]
	at org.openqa.selenium.support.ui.FluentWait.until(FluentWait.java:272) ~[selenium-support-3.141.59.jar:?]
	at com.appium.base.BasePage.waitForVisibility(BasePage.java:83) ~[classes/:?]
	at com.appium.base.BasePage.click(BasePage.java:284) ~[classes/:?]
	at com.appium.base.BasePage.click(BasePage.java:274) ~[classes/:?]
	at com.appium.pages.MyCoinsPage.check_Navigation_ClamCodeCard(MyCoinsPage.java:252) ~[classes/:?]
	at com.appium.pages.MyCoinsPage.check_And_ValidateInvalidCuponCode(MyCoinsPage.java:318) ~[classes/:?]
	at com.appium.tests.MyCoinsTests.allTestCaseRelated_CuponeCode(MyCoinsTests.java:78) ~[test-classes/:?]
	at jdk.internal.reflect.NativeMethodAccessorImpl.invoke0(Native Method) ~[?:?]
	at jdk.internal.reflect.NativeMethodAccessorImpl.invoke(NativeMethodAccessorImpl.java:62) ~[?:?]
	at jdk.internal.reflect.DelegatingMethodAccessorImpl.invoke(DelegatingMethodAccessorImpl.java:43) ~[?:?]
	at java.lang.reflect.Method.invoke(Method.java:566) ~[?:?]
	at org.testng.internal.MethodInvocationHelper.invokeMethod(MethodInvocationHelper.java:133) ~[testng-7.4.0.jar:7.4.0]
	at org.testng.internal.TestInvoker.invokeMethod(TestInvoker.java:598) ~[testng-7.4.0.jar:7.4.0]
	at org.testng.internal.TestInvoker.invokeTestMethod(TestInvoker.java:173) ~[testng-7.4.0.jar:7.4.0]
	at org.testng.internal.MethodRunner.runInSequence(MethodRunner.java:46) ~[testng-7.4.0.jar:7.4.0]
	at org.testng.internal.TestInvoker$MethodInvocationAgent.invoke(TestInvoker.java:824) ~[testng-7.4.0.jar:7.4.0]
	at org.testng.internal.TestInvoker.invokeTestMethods(TestInvoker.java:146) ~[testng-7.4.0.jar:7.4.0]
	at org.testng.internal.TestMethodWorker.invokeTestMethods(TestMethodWorker.java:146) ~[testng-7.4.0.jar:7.4.0]
	at org.testng.internal.TestMethodWorker.run(TestMethodWorker.java:128) ~[testng-7.4.0.jar:7.4.0]
	at java.util.ArrayList.forEach(ArrayList.java:1541) [?:?]
	at org.testng.TestRunner.privateRun(TestRunner.java:794) [testng-7.4.0.jar:7.4.0]
	at org.testng.TestRunner.run(TestRunner.java:596) [testng-7.4.0.jar:7.4.0]
	at org.testng.SuiteRunner.runTest(SuiteRunner.java:377) [testng-7.4.0.jar:7.4.0]
	at org.testng.SuiteRunner.runSequentially(SuiteRunner.java:371) [testng-7.4.0.jar:7.4.0]
	at org.testng.SuiteRunner.privateRun(SuiteRunner.java:332) [testng-7.4.0.jar:7.4.0]
	at org.testng.SuiteRunner.run(SuiteRunner.java:276) [testng-7.4.0.jar:7.4.0]
	at org.testng.SuiteRunnerWorker.runSuite(SuiteRunnerWorker.java:53) [testng-7.4.0.jar:7.4.0]
	at org.testng.SuiteRunnerWorker.run(SuiteRunnerWorker.java:96) [testng-7.4.0.jar:7.4.0]
	at org.testng.TestNG.runSuitesSequentially(TestNG.java:1212) [testng-7.4.0.jar:7.4.0]
	at org.testng.TestNG.runSuitesLocally(TestNG.java:1134) [testng-7.4.0.jar:7.4.0]
	at org.testng.TestNG.runSuites(TestNG.java:1063) [testng-7.4.0.jar:7.4.0]
	at org.testng.TestNG.run(TestNG.java:1031) [testng-7.4.0.jar:7.4.0]
	at org.testng.remote.AbstractRemoteTestNG.run(AbstractRemoteTestNG.java:115) [testng-remote.jar:?]
	at org.testng.remote.RemoteTestNG.initAndRun(RemoteTestNG.java:251) [testng-remote.jar:?]
	at org.testng.remote.RemoteTestNG.main(RemoteTestNG.java:77) [testng-remote.jar:?]
Caused by: org.openqa.selenium.NoSuchElementException: Can't locate an element by this strategy: By.chained({By.xpath: //android.view.ViewGroup[@resource-id='button_collection_my_profile_screen_button_51']})
	at io.appium.java_client.pagefactory.AppiumElementLocator.findElement(AppiumElementLocator.java:126) ~[java-client-7.5.1.jar:?]
	at io.appium.java_client.pagefactory.interceptors.InterceptorOfASingleElement.intercept(InterceptorOfASingleElement.java:59) ~[java-client-7.5.1.jar:?]
	at io.appium.java_client.android.AndroidElement$$EnhancerByCGLIB$$b598166c.isDisplayed(<generated>) ~[java-client-7.5.1.jar:?]
	at org.openqa.selenium.support.ui.ExpectedConditions.elementIfVisible(ExpectedConditions.java:314) ~[selenium-support-3.141.59.jar:?]
	at org.openqa.selenium.support.ui.ExpectedConditions.access$000(ExpectedConditions.java:43) ~[selenium-support-3.141.59.jar:?]
	at org.openqa.selenium.support.ui.ExpectedConditions$10.apply(ExpectedConditions.java:300) ~[selenium-support-3.141.59.jar:?]
	at org.openqa.selenium.support.ui.ExpectedConditions$10.apply(ExpectedConditions.java:297) ~[selenium-support-3.141.59.jar:?]
	at org.openqa.selenium.support.ui.FluentWait.until(FluentWait.java:249) ~[selenium-support-3.141.59.jar:?]
	... 34 more
Caused by: org.openqa.selenium.TimeoutException: Expected condition failed: waiting for io.appium.java_client.pagefactory.AppiumElementLocator$WaitingFunction@3199a202 (tried for 30 second(s) with 500 milliseconds interval)
	at org.openqa.selenium.support.ui.FluentWait.timeoutException(FluentWait.java:304) ~[selenium-support-3.141.59.jar:?]
	at org.openqa.selenium.support.ui.FluentWait.until(FluentWait.java:272) ~[selenium-support-3.141.59.jar:?]
	at io.appium.java_client.pagefactory.AppiumElementLocator.waitFor(AppiumElementLocator.java:99) ~[java-client-7.5.1.jar:?]
	at io.appium.java_client.pagefactory.AppiumElementLocator.findElement(AppiumElementLocator.java:119) ~[java-client-7.5.1.jar:?]
	at io.appium.java_client.pagefactory.interceptors.InterceptorOfASingleElement.intercept(InterceptorOfASingleElement.java:59) ~[java-client-7.5.1.jar:?]
	at io.appium.java_client.android.AndroidElement$$EnhancerByCGLIB$$b598166c.isDisplayed(<generated>) ~[java-client-7.5.1.jar:?]
	at org.openqa.selenium.support.ui.ExpectedConditions.elementIfVisible(ExpectedConditions.java:314) ~[selenium-support-3.141.59.jar:?]
	at org.openqa.selenium.support.ui.ExpectedConditions.access$000(ExpectedConditions.java:43) ~[selenium-support-3.141.59.jar:?]
	at org.openqa.selenium.support.ui.ExpectedConditions$10.apply(ExpectedConditions.java:300) ~[selenium-support-3.141.59.jar:?]
	at org.openqa.selenium.support.ui.ExpectedConditions$10.apply(ExpectedConditions.java:297) ~[selenium-support-3.141.59.jar:?]
	at org.openqa.selenium.support.ui.FluentWait.until(FluentWait.java:249) ~[selenium-support-3.141.59.jar:?]
	... 34 more
Caused by: org.openqa.selenium.NoSuchElementException: Cannot locate an element using By.chained({By.xpath: //android.view.ViewGroup[@resource-id='button_collection_my_profile_screen_button_51']})
For documentation on this error, please visit: https://www.seleniumhq.org/exceptions/no_such_element.html
Build info: version: '3.141.59', revision: 'e82be7d358', time: '2018-11-14T08:17:03'
System info: host: 'RUDRA', ip: '192.168.0.159', os.name: 'Windows 11', os.arch: 'amd64', os.version: '10.0', java.version: '11.0.20'
Driver info: driver.version: AndroidDriver
	at io.appium.java_client.pagefactory.bys.builder.ByChained.findElement(ByChained.java:74) ~[java-client-7.5.1.jar:?]
	at org.openqa.selenium.remote.RemoteWebDriver.findElement(RemoteWebDriver.java:315) ~[selenium-remote-driver-3.141.59.jar:?]
	at io.appium.java_client.DefaultGenericMobileDriver.findElement(DefaultGenericMobileDriver.java:57) ~[java-client-7.5.1.jar:?]
	at io.appium.java_client.AppiumDriver.findElement(AppiumDriver.java:1) ~[java-client-7.5.1.jar:?]
	at io.appium.java_client.android.AndroidDriver.findElement(AndroidDriver.java:1) ~[java-client-7.5.1.jar:?]
	at io.appium.java_client.pagefactory.bys.ContentMappedBy.findElement(ContentMappedBy.java:50) ~[java-client-7.5.1.jar:?]
	at org.openqa.selenium.remote.RemoteWebDriver.findElement(RemoteWebDriver.java:315) ~[selenium-remote-driver-3.141.59.jar:?]
	at io.appium.java_client.DefaultGenericMobileDriver.findElement(DefaultGenericMobileDriver.java:57) ~[java-client-7.5.1.jar:?]
	at io.appium.java_client.AppiumDriver.findElement(AppiumDriver.java:1) ~[java-client-7.5.1.jar:?]
	at io.appium.java_client.android.AndroidDriver.findElement(AndroidDriver.java:1) ~[java-client-7.5.1.jar:?]
	at io.appium.java_client.pagefactory.AppiumElementLocator.lambda$0(AppiumElementLocator.java:120) ~[java-client-7.5.1.jar:?]
	at io.appium.java_client.pagefactory.AppiumElementLocator$WaitingFunction.apply(AppiumElementLocator.java:172) ~[java-client-7.5.1.jar:?]
	at io.appium.java_client.pagefactory.AppiumElementLocator$WaitingFunction.apply(AppiumElementLocator.java:1) ~[java-client-7.5.1.jar:?]
	at org.openqa.selenium.support.ui.FluentWait.until(FluentWait.java:249) ~[selenium-support-3.141.59.jar:?]
	at io.appium.java_client.pagefactory.AppiumElementLocator.waitFor(AppiumElementLocator.java:99) ~[java-client-7.5.1.jar:?]
	at io.appium.java_client.pagefactory.AppiumElementLocator.findElement(AppiumElementLocator.java:119) ~[java-client-7.5.1.jar:?]
	at io.appium.java_client.pagefactory.interceptors.InterceptorOfASingleElement.intercept(InterceptorOfASingleElement.java:59) ~[java-client-7.5.1.jar:?]
	at io.appium.java_client.android.AndroidElement$$EnhancerByCGLIB$$b598166c.isDisplayed(<generated>) ~[java-client-7.5.1.jar:?]
	at org.openqa.selenium.support.ui.ExpectedConditions.elementIfVisible(ExpectedConditions.java:314) ~[selenium-support-3.141.59.jar:?]
	at org.openqa.selenium.support.ui.ExpectedConditions.access$000(ExpectedConditions.java:43) ~[selenium-support-3.141.59.jar:?]
	at org.openqa.selenium.support.ui.ExpectedConditions$10.apply(ExpectedConditions.java:300) ~[selenium-support-3.141.59.jar:?]
	at org.openqa.selenium.support.ui.ExpectedConditions$10.apply(ExpectedConditions.java:297) ~[selenium-support-3.141.59.jar:?]
	at org.openqa.selenium.support.ui.FluentWait.until(FluentWait.java:249) ~[selenium-support-3.141.59.jar:?]
	... 34 more
[logsrowserStack_Google Pixel 3 ERROR] 2024-01-22 18:20:27.228 BasePage:316 - Attempt 2: Failed to click on: <Clam Code Card>. Exception: Expected condition failed: waiting for visibility of Located by By.chained({By.xpath: //android.view.ViewGroup[@resource-id='button_collection_my_profile_screen_button_51']}) (tried for 10 second(s) with 500 milliseconds interval)
org.openqa.selenium.TimeoutException: Expected condition failed: waiting for visibility of Located by By.chained({By.xpath: //android.view.ViewGroup[@resource-id='button_collection_my_profile_screen_button_51']}) (tried for 10 second(s) with 500 milliseconds interval)
	at org.openqa.selenium.support.ui.WebDriverWait.timeoutException(WebDriverWait.java:95) ~[selenium-support-3.141.59.jar:?]
	at org.openqa.selenium.support.ui.FluentWait.until(FluentWait.java:272) ~[selenium-support-3.141.59.jar:?]
	at com.appium.base.BasePage.waitForVisibility(BasePage.java:83) ~[classes/:?]
	at com.appium.base.BasePage.click(BasePage.java:284) ~[classes/:?]
	at com.appium.base.BasePage.click(BasePage.java:274) ~[classes/:?]
	at com.appium.pages.MyCoinsPage.check_Navigation_ClamCodeCard(MyCoinsPage.java:252) ~[classes/:?]
	at com.appium.pages.MyCoinsPage.check_And_ValidateInvalidCuponCode(MyCoinsPage.java:318) ~[classes/:?]
	at com.appium.tests.MyCoinsTests.allTestCaseRelated_CuponeCode(MyCoinsTests.java:78) ~[test-classes/:?]
	at jdk.internal.reflect.NativeMethodAccessorImpl.invoke0(Native Method) ~[?:?]
	at jdk.internal.reflect.NativeMethodAccessorImpl.invoke(NativeMethodAccessorImpl.java:62) ~[?:?]
	at jdk.internal.reflect.DelegatingMethodAccessorImpl.invoke(DelegatingMethodAccessorImpl.java:43) ~[?:?]
	at java.lang.reflect.Method.invoke(Method.java:566) ~[?:?]
	at org.testng.internal.MethodInvocationHelper.invokeMethod(MethodInvocationHelper.java:133) ~[testng-7.4.0.jar:7.4.0]
	at org.testng.internal.TestInvoker.invokeMethod(TestInvoker.java:598) ~[testng-7.4.0.jar:7.4.0]
	at org.testng.internal.TestInvoker.invokeTestMethod(TestInvoker.java:173) ~[testng-7.4.0.jar:7.4.0]
	at org.testng.internal.MethodRunner.runInSequence(MethodRunner.java:46) ~[testng-7.4.0.jar:7.4.0]
	at org.testng.internal.TestInvoker$MethodInvocationAgent.invoke(TestInvoker.java:824) ~[testng-7.4.0.jar:7.4.0]
	at org.testng.internal.TestInvoker.invokeTestMethods(TestInvoker.java:146) ~[testng-7.4.0.jar:7.4.0]
	at org.testng.internal.TestMethodWorker.invokeTestMethods(TestMethodWorker.java:146) ~[testng-7.4.0.jar:7.4.0]
	at org.testng.internal.TestMethodWorker.run(TestMethodWorker.java:128) ~[testng-7.4.0.jar:7.4.0]
	at java.util.ArrayList.forEach(ArrayList.java:1541) [?:?]
	at org.testng.TestRunner.privateRun(TestRunner.java:794) [testng-7.4.0.jar:7.4.0]
	at org.testng.TestRunner.run(TestRunner.java:596) [testng-7.4.0.jar:7.4.0]
	at org.testng.SuiteRunner.runTest(SuiteRunner.java:377) [testng-7.4.0.jar:7.4.0]
	at org.testng.SuiteRunner.runSequentially(SuiteRunner.java:371) [testng-7.4.0.jar:7.4.0]
	at org.testng.SuiteRunner.privateRun(SuiteRunner.java:332) [testng-7.4.0.jar:7.4.0]
	at org.testng.SuiteRunner.run(SuiteRunner.java:276) [testng-7.4.0.jar:7.4.0]
	at org.testng.SuiteRunnerWorker.runSuite(SuiteRunnerWorker.java:53) [testng-7.4.0.jar:7.4.0]
	at org.testng.SuiteRunnerWorker.run(SuiteRunnerWorker.java:96) [testng-7.4.0.jar:7.4.0]
	at org.testng.TestNG.runSuitesSequentially(TestNG.java:1212) [testng-7.4.0.jar:7.4.0]
	at org.testng.TestNG.runSuitesLocally(TestNG.java:1134) [testng-7.4.0.jar:7.4.0]
	at org.testng.TestNG.runSuites(TestNG.java:1063) [testng-7.4.0.jar:7.4.0]
	at org.testng.TestNG.run(TestNG.java:1031) [testng-7.4.0.jar:7.4.0]
	at org.testng.remote.AbstractRemoteTestNG.run(AbstractRemoteTestNG.java:115) [testng-remote.jar:?]
	at org.testng.remote.RemoteTestNG.initAndRun(RemoteTestNG.java:251) [testng-remote.jar:?]
	at org.testng.remote.RemoteTestNG.main(RemoteTestNG.java:77) [testng-remote.jar:?]
Caused by: org.openqa.selenium.NoSuchElementException: Can't locate an element by this strategy: By.chained({By.xpath: //android.view.ViewGroup[@resource-id='button_collection_my_profile_screen_button_51']})
	at io.appium.java_client.pagefactory.AppiumElementLocator.findElement(AppiumElementLocator.java:126) ~[java-client-7.5.1.jar:?]
	at io.appium.java_client.pagefactory.interceptors.InterceptorOfASingleElement.intercept(InterceptorOfASingleElement.java:59) ~[java-client-7.5.1.jar:?]
	at io.appium.java_client.android.AndroidElement$$EnhancerByCGLIB$$b598166c.isDisplayed(<generated>) ~[java-client-7.5.1.jar:?]
	at org.openqa.selenium.support.ui.ExpectedConditions.elementIfVisible(ExpectedConditions.java:314) ~[selenium-support-3.141.59.jar:?]
	at org.openqa.selenium.support.ui.ExpectedConditions.access$000(ExpectedConditions.java:43) ~[selenium-support-3.141.59.jar:?]
	at org.openqa.selenium.support.ui.ExpectedConditions$10.apply(ExpectedConditions.java:300) ~[selenium-support-3.141.59.jar:?]
	at org.openqa.selenium.support.ui.ExpectedConditions$10.apply(ExpectedConditions.java:297) ~[selenium-support-3.141.59.jar:?]
	at org.openqa.selenium.support.ui.FluentWait.until(FluentWait.java:249) ~[selenium-support-3.141.59.jar:?]
	... 34 more
Caused by: org.openqa.selenium.TimeoutException: Expected condition failed: waiting for io.appium.java_client.pagefactory.AppiumElementLocator$WaitingFunction@34bf66af (tried for 30 second(s) with 500 milliseconds interval)
	at org.openqa.selenium.support.ui.FluentWait.timeoutException(FluentWait.java:304) ~[selenium-support-3.141.59.jar:?]
	at org.openqa.selenium.support.ui.FluentWait.until(FluentWait.java:272) ~[selenium-support-3.141.59.jar:?]
	at io.appium.java_client.pagefactory.AppiumElementLocator.waitFor(AppiumElementLocator.java:99) ~[java-client-7.5.1.jar:?]
	at io.appium.java_client.pagefactory.AppiumElementLocator.findElement(AppiumElementLocator.java:119) ~[java-client-7.5.1.jar:?]
	at io.appium.java_client.pagefactory.interceptors.InterceptorOfASingleElement.intercept(InterceptorOfASingleElement.java:59) ~[java-client-7.5.1.jar:?]
	at io.appium.java_client.android.AndroidElement$$EnhancerByCGLIB$$b598166c.isDisplayed(<generated>) ~[java-client-7.5.1.jar:?]
	at org.openqa.selenium.support.ui.ExpectedConditions.elementIfVisible(ExpectedConditions.java:314) ~[selenium-support-3.141.59.jar:?]
	at org.openqa.selenium.support.ui.ExpectedConditions.access$000(ExpectedConditions.java:43) ~[selenium-support-3.141.59.jar:?]
	at org.openqa.selenium.support.ui.ExpectedConditions$10.apply(ExpectedConditions.java:300) ~[selenium-support-3.141.59.jar:?]
	at org.openqa.selenium.support.ui.ExpectedConditions$10.apply(ExpectedConditions.java:297) ~[selenium-support-3.141.59.jar:?]
	at org.openqa.selenium.support.ui.FluentWait.until(FluentWait.java:249) ~[selenium-support-3.141.59.jar:?]
	... 34 more
Caused by: org.openqa.selenium.NoSuchElementException: Cannot locate an element using By.chained({By.xpath: //android.view.ViewGroup[@resource-id='button_collection_my_profile_screen_button_51']})
For documentation on this error, please visit: https://www.seleniumhq.org/exceptions/no_such_element.html
Build info: version: '3.141.59', revision: 'e82be7d358', time: '2018-11-14T08:17:03'
System info: host: 'RUDRA', ip: '192.168.0.159', os.name: 'Windows 11', os.arch: 'amd64', os.version: '10.0', java.version: '11.0.20'
Driver info: driver.version: AndroidDriver
	at io.appium.java_client.pagefactory.bys.builder.ByChained.findElement(ByChained.java:74) ~[java-client-7.5.1.jar:?]
	at org.openqa.selenium.remote.RemoteWebDriver.findElement(RemoteWebDriver.java:315) ~[selenium-remote-driver-3.141.59.jar:?]
	at io.appium.java_client.DefaultGenericMobileDriver.findElement(DefaultGenericMobileDriver.java:57) ~[java-client-7.5.1.jar:?]
	at io.appium.java_client.AppiumDriver.findElement(AppiumDriver.java:1) ~[java-client-7.5.1.jar:?]
	at io.appium.java_client.android.AndroidDriver.findElement(AndroidDriver.java:1) ~[java-client-7.5.1.jar:?]
	at io.appium.java_client.pagefactory.bys.ContentMappedBy.findElement(ContentMappedBy.java:50) ~[java-client-7.5.1.jar:?]
	at org.openqa.selenium.remote.RemoteWebDriver.findElement(RemoteWebDriver.java:315) ~[selenium-remote-driver-3.141.59.jar:?]
	at io.appium.java_client.DefaultGenericMobileDriver.findElement(DefaultGenericMobileDriver.java:57) ~[java-client-7.5.1.jar:?]
	at io.appium.java_client.AppiumDriver.findElement(AppiumDriver.java:1) ~[java-client-7.5.1.jar:?]
	at io.appium.java_client.android.AndroidDriver.findElement(AndroidDriver.java:1) ~[java-client-7.5.1.jar:?]
	at io.appium.java_client.pagefactory.AppiumElementLocator.lambda$0(AppiumElementLocator.java:120) ~[java-client-7.5.1.jar:?]
	at io.appium.java_client.pagefactory.AppiumElementLocator$WaitingFunction.apply(AppiumElementLocator.java:172) ~[java-client-7.5.1.jar:?]
	at io.appium.java_client.pagefactory.AppiumElementLocator$WaitingFunction.apply(AppiumElementLocator.java:1) ~[java-client-7.5.1.jar:?]
	at org.openqa.selenium.support.ui.FluentWait.until(FluentWait.java:249) ~[selenium-support-3.141.59.jar:?]
	at io.appium.java_client.pagefactory.AppiumElementLocator.waitFor(AppiumElementLocator.java:99) ~[java-client-7.5.1.jar:?]
	at io.appium.java_client.pagefactory.AppiumElementLocator.findElement(AppiumElementLocator.java:119) ~[java-client-7.5.1.jar:?]
	at io.appium.java_client.pagefactory.interceptors.InterceptorOfASingleElement.intercept(InterceptorOfASingleElement.java:59) ~[java-client-7.5.1.jar:?]
	at io.appium.java_client.android.AndroidElement$$EnhancerByCGLIB$$b598166c.isDisplayed(<generated>) ~[java-client-7.5.1.jar:?]
	at org.openqa.selenium.support.ui.ExpectedConditions.elementIfVisible(ExpectedConditions.java:314) ~[selenium-support-3.141.59.jar:?]
	at org.openqa.selenium.support.ui.ExpectedConditions.access$000(ExpectedConditions.java:43) ~[selenium-support-3.141.59.jar:?]
	at org.openqa.selenium.support.ui.ExpectedConditions$10.apply(ExpectedConditions.java:300) ~[selenium-support-3.141.59.jar:?]
	at org.openqa.selenium.support.ui.ExpectedConditions$10.apply(ExpectedConditions.java:297) ~[selenium-support-3.141.59.jar:?]
	at org.openqa.selenium.support.ui.FluentWait.until(FluentWait.java:249) ~[selenium-support-3.141.59.jar:?]
	... 34 more
[logsrowserStack_Google Pixel 3 ERROR] 2024-01-22 18:20:27.232 BasePage:325 - Failed to click on: <Clam Code Card>. Exception: Appium Exception Details:
Error: Timeout waiting for element. Details: Expected condition failed: waiting for visibility of Located by By.chained({By.xpath: //android.view.ViewGroup[@resource-id='button_collection_my_profile_screen_button_51']}) (tried for 10 second(s) with 500 milliseconds interval)
org.openqa.selenium.TimeoutException: Expected condition failed: waiting for visibility of Located by By.chained({By.xpath: //android.view.ViewGroup[@resource-id='button_collection_my_profile_screen_button_51']}) (tried for 10 second(s) with 500 milliseconds interval)
	at org.openqa.selenium.support.ui.WebDriverWait.timeoutException(WebDriverWait.java:95) ~[selenium-support-3.141.59.jar:?]
	at org.openqa.selenium.support.ui.FluentWait.until(FluentWait.java:272) ~[selenium-support-3.141.59.jar:?]
	at com.appium.base.BasePage.waitForVisibility(BasePage.java:83) ~[classes/:?]
	at com.appium.base.BasePage.click(BasePage.java:284) ~[classes/:?]
	at com.appium.base.BasePage.click(BasePage.java:274) ~[classes/:?]
	at com.appium.pages.MyCoinsPage.check_Navigation_ClamCodeCard(MyCoinsPage.java:252) ~[classes/:?]
	at com.appium.pages.MyCoinsPage.check_And_ValidateInvalidCuponCode(MyCoinsPage.java:318) ~[classes/:?]
	at com.appium.tests.MyCoinsTests.allTestCaseRelated_CuponeCode(MyCoinsTests.java:78) ~[test-classes/:?]
	at jdk.internal.reflect.NativeMethodAccessorImpl.invoke0(Native Method) ~[?:?]
	at jdk.internal.reflect.NativeMethodAccessorImpl.invoke(NativeMethodAccessorImpl.java:62) ~[?:?]
	at jdk.internal.reflect.DelegatingMethodAccessorImpl.invoke(DelegatingMethodAccessorImpl.java:43) ~[?:?]
	at java.lang.reflect.Method.invoke(Method.java:566) ~[?:?]
	at org.testng.internal.MethodInvocationHelper.invokeMethod(MethodInvocationHelper.java:133) ~[testng-7.4.0.jar:7.4.0]
	at org.testng.internal.TestInvoker.invokeMethod(TestInvoker.java:598) ~[testng-7.4.0.jar:7.4.0]
	at org.testng.internal.TestInvoker.invokeTestMethod(TestInvoker.java:173) ~[testng-7.4.0.jar:7.4.0]
	at org.testng.internal.MethodRunner.runInSequence(MethodRunner.java:46) ~[testng-7.4.0.jar:7.4.0]
	at org.testng.internal.TestInvoker$MethodInvocationAgent.invoke(TestInvoker.java:824) ~[testng-7.4.0.jar:7.4.0]
	at org.testng.internal.TestInvoker.invokeTestMethods(TestInvoker.java:146) ~[testng-7.4.0.jar:7.4.0]
	at org.testng.internal.TestMethodWorker.invokeTestMethods(TestMethodWorker.java:146) ~[testng-7.4.0.jar:7.4.0]
	at org.testng.internal.TestMethodWorker.run(TestMethodWorker.java:128) ~[testng-7.4.0.jar:7.4.0]
	at java.util.ArrayList.forEach(ArrayList.java:1541) [?:?]
	at org.testng.TestRunner.privateRun(TestRunner.java:794) [testng-7.4.0.jar:7.4.0]
	at org.testng.TestRunner.run(TestRunner.java:596) [testng-7.4.0.jar:7.4.0]
	at org.testng.SuiteRunner.runTest(SuiteRunner.java:377) [testng-7.4.0.jar:7.4.0]
	at org.testng.SuiteRunner.runSequentially(SuiteRunner.java:371) [testng-7.4.0.jar:7.4.0]
	at org.testng.SuiteRunner.privateRun(SuiteRunner.java:332) [testng-7.4.0.jar:7.4.0]
	at org.testng.SuiteRunner.run(SuiteRunner.java:276) [testng-7.4.0.jar:7.4.0]
	at org.testng.SuiteRunnerWorker.runSuite(SuiteRunnerWorker.java:53) [testng-7.4.0.jar:7.4.0]
	at org.testng.SuiteRunnerWorker.run(SuiteRunnerWorker.java:96) [testng-7.4.0.jar:7.4.0]
	at org.testng.TestNG.runSuitesSequentially(TestNG.java:1212) [testng-7.4.0.jar:7.4.0]
	at org.testng.TestNG.runSuitesLocally(TestNG.java:1134) [testng-7.4.0.jar:7.4.0]
	at org.testng.TestNG.runSuites(TestNG.java:1063) [testng-7.4.0.jar:7.4.0]
	at org.testng.TestNG.run(TestNG.java:1031) [testng-7.4.0.jar:7.4.0]
	at org.testng.remote.AbstractRemoteTestNG.run(AbstractRemoteTestNG.java:115) [testng-remote.jar:?]
	at org.testng.remote.RemoteTestNG.initAndRun(RemoteTestNG.java:251) [testng-remote.jar:?]
	at org.testng.remote.RemoteTestNG.main(RemoteTestNG.java:77) [testng-remote.jar:?]
Caused by: org.openqa.selenium.NoSuchElementException: Can't locate an element by this strategy: By.chained({By.xpath: //android.view.ViewGroup[@resource-id='button_collection_my_profile_screen_button_51']})
	at io.appium.java_client.pagefactory.AppiumElementLocator.findElement(AppiumElementLocator.java:126) ~[java-client-7.5.1.jar:?]
	at io.appium.java_client.pagefactory.interceptors.InterceptorOfASingleElement.intercept(InterceptorOfASingleElement.java:59) ~[java-client-7.5.1.jar:?]
	at io.appium.java_client.android.AndroidElement$$EnhancerByCGLIB$$b598166c.isDisplayed(<generated>) ~[java-client-7.5.1.jar:?]
	at org.openqa.selenium.support.ui.ExpectedConditions.elementIfVisible(ExpectedConditions.java:314) ~[selenium-support-3.141.59.jar:?]
	at org.openqa.selenium.support.ui.ExpectedConditions.access$000(ExpectedConditions.java:43) ~[selenium-support-3.141.59.jar:?]
	at org.openqa.selenium.support.ui.ExpectedConditions$10.apply(ExpectedConditions.java:300) ~[selenium-support-3.141.59.jar:?]
	at org.openqa.selenium.support.ui.ExpectedConditions$10.apply(ExpectedConditions.java:297) ~[selenium-support-3.141.59.jar:?]
	at org.openqa.selenium.support.ui.FluentWait.until(FluentWait.java:249) ~[selenium-support-3.141.59.jar:?]
	... 34 more
Caused by: org.openqa.selenium.TimeoutException: Expected condition failed: waiting for io.appium.java_client.pagefactory.AppiumElementLocator$WaitingFunction@34bf66af (tried for 30 second(s) with 500 milliseconds interval)
	at org.openqa.selenium.support.ui.FluentWait.timeoutException(FluentWait.java:304) ~[selenium-support-3.141.59.jar:?]
	at org.openqa.selenium.support.ui.FluentWait.until(FluentWait.java:272) ~[selenium-support-3.141.59.jar:?]
	at io.appium.java_client.pagefactory.AppiumElementLocator.waitFor(AppiumElementLocator.java:99) ~[java-client-7.5.1.jar:?]
	at io.appium.java_client.pagefactory.AppiumElementLocator.findElement(AppiumElementLocator.java:119) ~[java-client-7.5.1.jar:?]
	at io.appium.java_client.pagefactory.interceptors.InterceptorOfASingleElement.intercept(InterceptorOfASingleElement.java:59) ~[java-client-7.5.1.jar:?]
	at io.appium.java_client.android.AndroidElement$$EnhancerByCGLIB$$b598166c.isDisplayed(<generated>) ~[java-client-7.5.1.jar:?]
	at org.openqa.selenium.support.ui.ExpectedConditions.elementIfVisible(ExpectedConditions.java:314) ~[selenium-support-3.141.59.jar:?]
	at org.openqa.selenium.support.ui.ExpectedConditions.access$000(ExpectedConditions.java:43) ~[selenium-support-3.141.59.jar:?]
	at org.openqa.selenium.support.ui.ExpectedConditions$10.apply(ExpectedConditions.java:300) ~[selenium-support-3.141.59.jar:?]
	at org.openqa.selenium.support.ui.ExpectedConditions$10.apply(ExpectedConditions.java:297) ~[selenium-support-3.141.59.jar:?]
	at org.openqa.selenium.support.ui.FluentWait.until(FluentWait.java:249) ~[selenium-support-3.141.59.jar:?]
	... 34 more
Caused by: org.openqa.selenium.NoSuchElementException: Cannot locate an element using By.chained({By.xpath: //android.view.ViewGroup[@resource-id='button_collection_my_profile_screen_button_51']})
For documentation on this error, please visit: https://www.seleniumhq.org/exceptions/no_such_element.html
Build info: version: '3.141.59', revision: 'e82be7d358', time: '2018-11-14T08:17:03'
System info: host: 'RUDRA', ip: '192.168.0.159', os.name: 'Windows 11', os.arch: 'amd64', os.version: '10.0', java.version: '11.0.20'
Driver info: driver.version: AndroidDriver
	at io.appium.java_client.pagefactory.bys.builder.ByChained.findElement(ByChained.java:74) ~[java-client-7.5.1.jar:?]
	at org.openqa.selenium.remote.RemoteWebDriver.findElement(RemoteWebDriver.java:315) ~[selenium-remote-driver-3.141.59.jar:?]
	at io.appium.java_client.DefaultGenericMobileDriver.findElement(DefaultGenericMobileDriver.java:57) ~[java-client-7.5.1.jar:?]
	at io.appium.java_client.AppiumDriver.findElement(AppiumDriver.java:1) ~[java-client-7.5.1.jar:?]
	at io.appium.java_client.android.AndroidDriver.findElement(AndroidDriver.java:1) ~[java-client-7.5.1.jar:?]
	at io.appium.java_client.pagefactory.bys.ContentMappedBy.findElement(ContentMappedBy.java:50) ~[java-client-7.5.1.jar:?]
	at org.openqa.selenium.remote.RemoteWebDriver.findElement(RemoteWebDriver.java:315) ~[selenium-remote-driver-3.141.59.jar:?]
	at io.appium.java_client.DefaultGenericMobileDriver.findElement(DefaultGenericMobileDriver.java:57) ~[java-client-7.5.1.jar:?]
	at io.appium.java_client.AppiumDriver.findElement(AppiumDriver.java:1) ~[java-client-7.5.1.jar:?]
	at io.appium.java_client.android.AndroidDriver.findElement(AndroidDriver.java:1) ~[java-client-7.5.1.jar:?]
	at io.appium.java_client.pagefactory.AppiumElementLocator.lambda$0(AppiumElementLocator.java:120) ~[java-client-7.5.1.jar:?]
	at io.appium.java_client.pagefactory.AppiumElementLocator$WaitingFunction.apply(AppiumElementLocator.java:172) ~[java-client-7.5.1.jar:?]
	at io.appium.java_client.pagefactory.AppiumElementLocator$WaitingFunction.apply(AppiumElementLocator.java:1) ~[java-client-7.5.1.jar:?]
	at org.openqa.selenium.support.ui.FluentWait.until(FluentWait.java:249) ~[selenium-support-3.141.59.jar:?]
	at io.appium.java_client.pagefactory.AppiumElementLocator.waitFor(AppiumElementLocator.java:99) ~[java-client-7.5.1.jar:?]
	at io.appium.java_client.pagefactory.AppiumElementLocator.findElement(AppiumElementLocator.java:119) ~[java-client-7.5.1.jar:?]
	at io.appium.java_client.pagefactory.interceptors.InterceptorOfASingleElement.intercept(InterceptorOfASingleElement.java:59) ~[java-client-7.5.1.jar:?]
	at io.appium.java_client.android.AndroidElement$$EnhancerByCGLIB$$b598166c.isDisplayed(<generated>) ~[java-client-7.5.1.jar:?]
	at org.openqa.selenium.support.ui.ExpectedConditions.elementIfVisible(ExpectedConditions.java:314) ~[selenium-support-3.141.59.jar:?]
	at org.openqa.selenium.support.ui.ExpectedConditions.access$000(ExpectedConditions.java:43) ~[selenium-support-3.141.59.jar:?]
	at org.openqa.selenium.support.ui.ExpectedConditions$10.apply(ExpectedConditions.java:300) ~[selenium-support-3.141.59.jar:?]
	at org.openqa.selenium.support.ui.ExpectedConditions$10.apply(ExpectedConditions.java:297) ~[selenium-support-3.141.59.jar:?]
	at org.openqa.selenium.support.ui.FluentWait.until(FluentWait.java:249) ~[selenium-support-3.141.59.jar:?]
	... 34 more
[logsrowserStack_Google Pixel 3 DEBUG] 2024-01-22 18:20:37.253 BaseTest:207 - Appium Server stopped.............
[logsrowserStack_Google Pixel 3 DEBUG] 2024-01-22 18:29:05.022 BaseTest:125 - Log file path: logs\browserStack_Google Pixel 3
[logsrowserStack_Google Pixel 3 DEBUG] 2024-01-22 18:29:05.080 BaseTest:132 - Setting PLATFORM_NAME to: browserStack
[logsrowserStack_Google Pixel 3 DEBUG] 2024-01-22 18:29:05.081 BaseTest:136 - Setting DEVICE_NAME to: Google Pixel 3
[logsrowserStack_Google Pixel 3 INFO ] 2024-01-22 18:29:05.111 CapabilityUtils:142 - Upload app file on Browserstack
[logsrowserStack_Google Pixel 3 INFO ] 2024-01-22 18:29:05.127 CapabilityUtils:145 - App URL is: C:\Users\rudra\Downloads\Appium-Java-POM-Framework-main\src\test\resources\app\app-qaVersion 2.1.3 (587).apk
[logsrowserStack_Google Pixel 3 INFO ] 2024-01-22 18:29:44.975 CapabilityUtils:147 - Received Response new Browserstack URL: bs://086f04948d222b90a98c5dd0a8225fefc1304caa
[logsrowserStack_Google Pixel 3 DEBUG] 2024-01-22 18:30:25.897 BaseTest:159 - sessionId: 54419b83a8c0f45e2522af5b67bdbf9ad81c3132
[logsrowserStack_Google Pixel 3 DEBUG] 2024-01-22 18:30:26.227 LoginTests:73 - ---------------------------------------------------
[logsrowserStack_Google Pixel 3 DEBUG] 2024-01-22 18:30:26.228 LoginTests:74 - ******************* Test started: T101 *******************
[logsrowserStack_Google Pixel 3 INFO ] 2024-01-22 18:30:33.544 BasePage:288 - Attempt 1: Clicking on <Login with email>
[logsrowserStack_Google Pixel 3 INFO ] 2024-01-22 18:30:34.695 BasePage:296 - Attempt 1: Clicked on <Login with email> successfully
[logsrowserStack_Google Pixel 3 INFO ] 2024-01-22 18:30:36.914 BasePage:539 - Attempt 1: Successfully sent keys to <User Name>: "testi246.testi246@gmail.com".
[logsrowserStack_Google Pixel 3 INFO ] 2024-01-22 18:30:39.049 BasePage:539 - Attempt 1: Successfully sent keys to <Password>: "tT246246!".
[logsrowserStack_Google Pixel 3 INFO ] 2024-01-22 18:30:40.677 BasePage:288 - Attempt 1: Clicking on <Login button>
[logsrowserStack_Google Pixel 3 INFO ] 2024-01-22 18:30:41.795 BasePage:296 - Attempt 1: Clicked on <Login button> successfully
[logsrowserStack_Google Pixel 3 DEBUG] 2024-01-22 18:30:41.796 LoginTests:83 - ---------------------------------------------------
[logsrowserStack_Google Pixel 3 DEBUG] 2024-01-22 18:30:41.797 LoginTests:84 - ******************* Test started: T1255 *******************
[logsrowserStack_Google Pixel 3 INFO ] 2024-01-22 18:30:48.649 BasePage:288 - Attempt 1: Clicking on <Popup Close Icon>
[logsrowserStack_Google Pixel 3 INFO ] 2024-01-22 18:30:50.123 BasePage:296 - Attempt 1: Clicked on <Popup Close Icon> successfully
[logsrowserStack_Google Pixel 3 DEBUG] 2024-01-22 18:30:50.238 MyCoinsTests:48 - ---------------------------------------------------
[logsrowserStack_Google Pixel 3 DEBUG] 2024-01-22 18:30:50.240 MyCoinsTests:49 - ******************* Test started: T210  *******************
[logsrowserStack_Google Pixel 3 INFO ] 2024-01-22 18:30:52.452 BasePage:288 - Attempt 1: Clicking on <My Coins>
[logsrowserStack_Google Pixel 3 INFO ] 2024-01-22 18:30:54.072 BasePage:296 - Attempt 1: Clicked on <My Coins> successfully
[logsrowserStack_Google Pixel 3 DEBUG] 2024-01-22 18:30:54.075 MyCoinsTests:53 - ---------------------------------------------------
[logsrowserStack_Google Pixel 3 DEBUG] 2024-01-22 18:30:54.075 MyCoinsTests:54 - ******************* Test started: T208  *******************
[logsrowserStack_Google Pixel 3 INFO ] 2024-01-22 18:31:01.143 BasePage:288 - Attempt 1: Clicking on <Profile > Edit Icon>
[logsrowserStack_Google Pixel 3 INFO ] 2024-01-22 18:31:05.321 BasePage:296 - Attempt 1: Clicked on <Profile > Edit Icon> successfully
[logsrowserStack_Google Pixel 3 INFO ] 2024-01-22 18:31:10.348 BasePage:75 - Sleeping for 5 seconds...
[logsrowserStack_Google Pixel 3 INFO ] 2024-01-22 18:31:10.823 BasePage:216 - Navigated back
[logsrowserStack_Google Pixel 3 DEBUG] 2024-01-22 18:31:10.827 MyCoinsTests:59 - ---------------------------------------------------
[logsrowserStack_Google Pixel 3 DEBUG] 2024-01-22 18:31:10.829 MyCoinsTests:60 - ******************* Test started: T201  *******************
[logsrowserStack_Google Pixel 3 INFO ] 2024-01-22 18:31:27.207 BasePage:667 - Text value for Element Fetching text for Badge More Icon List - Element 1/1 at index 0: 
[logsrowserStack_Google Pixel 3 DEBUG] 2024-01-22 18:31:27.209 MyCoinsTests:64 - ---------------------------------------------------
[logsrowserStack_Google Pixel 3 DEBUG] 2024-01-22 18:31:27.210 MyCoinsTests:65 - ******************* Test started: T203  *******************
[logsrowserStack_Google Pixel 3 INFO ] 2024-01-22 18:31:31.414 BasePage:288 - Attempt 1: Clicking on <Badge More Button>
[logsrowserStack_Google Pixel 3 INFO ] 2024-01-22 18:31:37.755 BasePage:296 - Attempt 1: Clicked on <Badge More Button> successfully
[logsrowserStack_Google Pixel 3 INFO ] 2024-01-22 18:31:42.760 BasePage:75 - Sleeping for 5 seconds...
[logsrowserStack_Google Pixel 3 INFO ] 2024-01-22 18:31:43.289 BasePage:216 - Navigated back
[logsrowserStack_Google Pixel 3 DEBUG] 2024-01-22 18:31:43.316 MyCoinsTests:74 - ---------------------------------------------------
[logsrowserStack_Google Pixel 3 DEBUG] 2024-01-22 18:31:43.320 MyCoinsTests:75 - ******************* Test started: T204  *******************
[logsrowserStack_Google Pixel 3 INFO ] 2024-01-22 18:32:18.606 BasePage:288 - Attempt 1: Clicking on <Clam Code Card>
[logsrowserStack_Google Pixel 3 INFO ] 2024-01-22 18:32:22.847 BasePage:296 - Attempt 1: Clicked on <Clam Code Card> successfully
[logsrowserStack_Google Pixel 3 INFO ] 2024-01-22 18:32:23.953 BasePage:288 - Attempt 1: Clicking on <Enter Cupon Code>
[logsrowserStack_Google Pixel 3 INFO ] 2024-01-22 18:32:26.306 BasePage:296 - Attempt 1: Clicked on <Enter Cupon Code> successfully
[logsrowserStack_Google Pixel 3 INFO ] 2024-01-22 18:32:28.382 BasePage:539 - Attempt 1: Successfully sent keys to <Enter Cupon Code>: "MOFFRIENDS".
[logsrowserStack_Google Pixel 3 INFO ] 2024-01-22 18:32:29.795 BasePage:188 - Android keyboard hidden
[logsrowserStack_Google Pixel 3 INFO ] 2024-01-22 18:32:32.939 BasePage:288 - Attempt 1: Clicking on <Submit Button>
[logsrowserStack_Google Pixel 3 INFO ] 2024-01-22 18:32:34.062 BasePage:296 - Attempt 1: Clicked on <Submit Button> successfully
[logsrowserStack_Google Pixel 3 INFO ] 2024-01-22 18:33:02.915 BasePage:288 - Attempt 1: Clicking on <Clam Code Card>
[logsrowserStack_Google Pixel 3 INFO ] 2024-01-22 18:33:06.848 BasePage:296 - Attempt 1: Clicked on <Clam Code Card> successfully
[logsrowserStack_Google Pixel 3 INFO ] 2024-01-22 18:33:09.870 BasePage:539 - Attempt 1: Successfully sent keys to <Enter Cupon Code>: "12345".
[logsrowserStack_Google Pixel 3 INFO ] 2024-01-22 18:33:13.381 BasePage:288 - Attempt 1: Clicking on <Submit Button>
[logsrowserStack_Google Pixel 3 INFO ] 2024-01-22 18:33:14.428 BasePage:296 - Attempt 1: Clicked on <Submit Button> successfully
[logsrowserStack_Google Pixel 3 INFO ] 2024-01-22 18:33:23.791 BasePage:250 - Number of displayed elements for 'Invalid Cupon Error Message Shown' in the list: 1
[logsrowserStack_Google Pixel 3 DEBUG] 2024-01-22 18:33:23.817 MyCoinsTests:85 - ---------------------------------------------------
[logsrowserStack_Google Pixel 3 DEBUG] 2024-01-22 18:33:23.818 MyCoinsTests:86 - ******************* Test started: T206  *******************
[logsrowserStack_Google Pixel 3 INFO ] 2024-01-22 18:33:26.129 BasePage:1040 - Element :Statistics And Values is not displayed. Scrolling down to find the element: Statistics And Values.
[logsrowserStack_Google Pixel 3 INFO ] 2024-01-22 18:33:38.608 BasePage:1030 - Element - Statistics And Values :  is now displayed. No need to scroll further.
[logsrowserStack_Google Pixel 3 INFO ] 2024-01-22 18:33:57.525 BasePage:1030 - Element - Statistics And Values Explore Club Card :  is now displayed. No need to scroll further.
[logsrowserStack_Google Pixel 3 INFO ] 2024-01-22 18:34:08.019 BasePage:288 - Attempt 1: Clicking on <Statistics And Values Explore Club Card>
[logsrowserStack_Google Pixel 3 INFO ] 2024-01-22 18:34:12.297 BasePage:296 - Attempt 1: Clicked on <Statistics And Values Explore Club Card> successfully
[logsrowserStack_Google Pixel 3 INFO ] 2024-01-22 18:34:17.317 BasePage:75 - Sleeping for 5 seconds...
[logsrowserStack_Google Pixel 3 INFO ] 2024-01-22 18:34:17.968 BasePage:216 - Navigated back
[logsrowserStack_Google Pixel 3 DEBUG] 2024-01-22 18:34:17.969 MyCoinsTests:92 - ---------------------------------------------------
[logsrowserStack_Google Pixel 3 DEBUG] 2024-01-22 18:34:17.970 MyCoinsTests:93 - ******************* Test started: T207  *******************
[logsrowserStack_Google Pixel 3 DEBUG] 2024-01-22 18:36:20.944 BaseTest:207 - Appium Server stopped.............
[logsrowserStack_Google Pixel 3 DEBUG] 2024-01-22 18:37:57.700 BaseTest:125 - Log file path: logs\browserStack_Google Pixel 3
[logsrowserStack_Google Pixel 3 DEBUG] 2024-01-22 18:37:57.732 BaseTest:132 - Setting PLATFORM_NAME to: browserStack
[logsrowserStack_Google Pixel 3 DEBUG] 2024-01-22 18:37:57.734 BaseTest:136 - Setting DEVICE_NAME to: Google Pixel 3
[logsrowserStack_Google Pixel 3 INFO ] 2024-01-22 18:37:57.759 CapabilityUtils:142 - Upload app file on Browserstack
[logsrowserStack_Google Pixel 3 INFO ] 2024-01-22 18:37:57.762 CapabilityUtils:145 - App URL is: C:\Users\rudra\Downloads\Appium-Java-POM-Framework-main\src\test\resources\app\app-qaVersion 2.1.3 (587).apk
[logsrowserStack_Google Pixel 3 INFO ] 2024-01-22 18:38:43.812 CapabilityUtils:147 - Received Response new Browserstack URL: bs://086f04948d222b90a98c5dd0a8225fefc1304caa
[logsrowserStack_Google Pixel 3 DEBUG] 2024-01-22 18:39:18.084 BaseTest:159 - sessionId: 015adfe9c1278456fc6ecdbe8c19c77eef06a1fb
[logsrowserStack_Google Pixel 3 DEBUG] 2024-01-22 18:39:18.253 LoginTests:73 - ---------------------------------------------------
[logsrowserStack_Google Pixel 3 DEBUG] 2024-01-22 18:39:18.253 LoginTests:74 - ******************* Test started: T101 *******************
[logsrowserStack_Google Pixel 3 INFO ] 2024-01-22 18:39:25.890 BasePage:288 - Attempt 1: Clicking on <Login with email>
[logsrowserStack_Google Pixel 3 INFO ] 2024-01-22 18:39:27.816 BasePage:296 - Attempt 1: Clicked on <Login with email> successfully
[logsrowserStack_Google Pixel 3 INFO ] 2024-01-22 18:39:31.830 BasePage:539 - Attempt 1: Successfully sent keys to <User Name>: "testi246.testi246@gmail.com".
[logsrowserStack_Google Pixel 3 INFO ] 2024-01-22 18:39:35.584 BasePage:539 - Attempt 1: Successfully sent keys to <Password>: "tT246246!".
[logsrowserStack_Google Pixel 3 INFO ] 2024-01-22 18:39:38.688 BasePage:288 - Attempt 1: Clicking on <Login button>
[logsrowserStack_Google Pixel 3 INFO ] 2024-01-22 18:39:40.558 BasePage:296 - Attempt 1: Clicked on <Login button> successfully
[logsrowserStack_Google Pixel 3 DEBUG] 2024-01-22 18:39:40.559 LoginTests:83 - ---------------------------------------------------
[logsrowserStack_Google Pixel 3 DEBUG] 2024-01-22 18:39:40.560 LoginTests:84 - ******************* Test started: T1255 *******************
[logsrowserStack_Google Pixel 3 INFO ] 2024-01-22 18:39:48.473 BasePage:288 - Attempt 1: Clicking on <Popup Close Icon>
[logsrowserStack_Google Pixel 3 INFO ] 2024-01-22 18:39:50.364 BasePage:296 - Attempt 1: Clicked on <Popup Close Icon> successfully
[logsrowserStack_Google Pixel 3 DEBUG] 2024-01-22 18:39:50.441 MyCoinsTests:48 - ---------------------------------------------------
[logsrowserStack_Google Pixel 3 DEBUG] 2024-01-22 18:39:50.442 MyCoinsTests:49 - ******************* Test started: T210  *******************
[logsrowserStack_Google Pixel 3 INFO ] 2024-01-22 18:39:53.128 BasePage:288 - Attempt 1: Clicking on <My Coins>
[logsrowserStack_Google Pixel 3 INFO ] 2024-01-22 18:40:00.500 BasePage:296 - Attempt 1: Clicked on <My Coins> successfully
[logsrowserStack_Google Pixel 3 DEBUG] 2024-01-22 18:40:00.502 MyCoinsTests:53 - ---------------------------------------------------
[logsrowserStack_Google Pixel 3 DEBUG] 2024-01-22 18:40:00.502 MyCoinsTests:54 - ******************* Test started: T208  *******************
[logsrowserStack_Google Pixel 3 INFO ] 2024-01-22 18:40:09.203 BasePage:288 - Attempt 1: Clicking on <Profile > Edit Icon>
[logsrowserStack_Google Pixel 3 INFO ] 2024-01-22 18:40:13.424 BasePage:296 - Attempt 1: Clicked on <Profile > Edit Icon> successfully
[logsrowserStack_Google Pixel 3 INFO ] 2024-01-22 18:40:18.441 BasePage:75 - Sleeping for 5 seconds...
[logsrowserStack_Google Pixel 3 INFO ] 2024-01-22 18:40:19.956 BasePage:216 - Navigated back
[logsrowserStack_Google Pixel 3 DEBUG] 2024-01-22 18:40:19.957 MyCoinsTests:59 - ---------------------------------------------------
[logsrowserStack_Google Pixel 3 DEBUG] 2024-01-22 18:40:19.957 MyCoinsTests:60 - ******************* Test started: T201  *******************
[logsrowserStack_Google Pixel 3 INFO ] 2024-01-22 18:40:36.747 BasePage:667 - Text value for Element Fetching text for Badge More Icon List - Element 1/1 at index 0: 
[logsrowserStack_Google Pixel 3 DEBUG] 2024-01-22 18:40:36.748 MyCoinsTests:64 - ---------------------------------------------------
[logsrowserStack_Google Pixel 3 DEBUG] 2024-01-22 18:40:36.749 MyCoinsTests:65 - ******************* Test started: T203  *******************
[logsrowserStack_Google Pixel 3 INFO ] 2024-01-22 18:40:40.926 BasePage:288 - Attempt 1: Clicking on <Badge More Button>
[logsrowserStack_Google Pixel 3 INFO ] 2024-01-22 18:40:45.150 BasePage:296 - Attempt 1: Clicked on <Badge More Button> successfully
[logsrowserStack_Google Pixel 3 INFO ] 2024-01-22 18:40:50.166 BasePage:75 - Sleeping for 5 seconds...
[logsrowserStack_Google Pixel 3 INFO ] 2024-01-22 18:40:51.087 BasePage:216 - Navigated back
[logsrowserStack_Google Pixel 3 DEBUG] 2024-01-22 18:40:51.101 MyCoinsTests:74 - ---------------------------------------------------
[logsrowserStack_Google Pixel 3 DEBUG] 2024-01-22 18:40:51.102 MyCoinsTests:75 - ******************* Test started: T204  *******************
[logsrowserStack_Google Pixel 3 INFO ] 2024-01-22 18:41:26.021 BasePage:288 - Attempt 1: Clicking on <Clam Code Card>
[logsrowserStack_Google Pixel 3 INFO ] 2024-01-22 18:41:30.283 BasePage:296 - Attempt 1: Clicked on <Clam Code Card> successfully
[logsrowserStack_Google Pixel 3 INFO ] 2024-01-22 18:41:31.940 BasePage:288 - Attempt 1: Clicking on <Enter Cupon Code>
[logsrowserStack_Google Pixel 3 INFO ] 2024-01-22 18:41:34.903 BasePage:296 - Attempt 1: Clicked on <Enter Cupon Code> successfully
[logsrowserStack_Google Pixel 3 INFO ] 2024-01-22 18:41:38.979 BasePage:539 - Attempt 1: Successfully sent keys to <Enter Cupon Code>: "MOFFRIENDS".
[logsrowserStack_Google Pixel 3 INFO ] 2024-01-22 18:41:41.438 BasePage:188 - Android keyboard hidden
[logsrowserStack_Google Pixel 3 INFO ] 2024-01-22 18:41:45.158 BasePage:288 - Attempt 1: Clicking on <Submit Button>
[logsrowserStack_Google Pixel 3 INFO ] 2024-01-22 18:41:46.948 BasePage:296 - Attempt 1: Clicked on <Submit Button> successfully
[logsrowserStack_Google Pixel 3 INFO ] 2024-01-22 18:42:02.094 BasePage:288 - Attempt 1: Clicking on <Clam Code Card>
[logsrowserStack_Google Pixel 3 INFO ] 2024-01-22 18:42:06.345 BasePage:296 - Attempt 1: Clicked on <Clam Code Card> successfully
[logsrowserStack_Google Pixel 3 INFO ] 2024-01-22 18:42:10.322 BasePage:539 - Attempt 1: Successfully sent keys to <Enter Cupon Code>: "12345".
[logsrowserStack_Google Pixel 3 INFO ] 2024-01-22 18:42:15.106 BasePage:288 - Attempt 1: Clicking on <Submit Button>
[logsrowserStack_Google Pixel 3 INFO ] 2024-01-22 18:42:16.880 BasePage:296 - Attempt 1: Clicked on <Submit Button> successfully
[logsrowserStack_Google Pixel 3 INFO ] 2024-01-22 18:42:26.535 BasePage:250 - Number of displayed elements for 'Invalid Cupon Error Message Shown' in the list: 1
[logsrowserStack_Google Pixel 3 DEBUG] 2024-01-22 18:42:26.580 MyCoinsTests:85 - ---------------------------------------------------
[logsrowserStack_Google Pixel 3 DEBUG] 2024-01-22 18:42:26.581 MyCoinsTests:86 - ******************* Test started: T206  *******************
[logsrowserStack_Google Pixel 3 INFO ] 2024-01-22 18:42:30.961 BasePage:1040 - Element :Statistics And Values is not displayed. Scrolling down to find the element: Statistics And Values.
[logsrowserStack_Google Pixel 3 INFO ] 2024-01-22 18:42:45.460 BasePage:1030 - Element - Statistics And Values :  is now displayed. No need to scroll further.
[logsrowserStack_Google Pixel 3 INFO ] 2024-01-22 18:42:55.959 BasePage:288 - Attempt 1: Clicking on <Statistics And Values Explore Club Card>
[logsrowserStack_Google Pixel 3 INFO ] 2024-01-22 18:43:00.266 BasePage:296 - Attempt 1: Clicked on <Statistics And Values Explore Club Card> successfully
[logsrowserStack_Google Pixel 3 INFO ] 2024-01-22 18:43:05.281 BasePage:75 - Sleeping for 5 seconds...
[logsrowserStack_Google Pixel 3 INFO ] 2024-01-22 18:43:06.198 BasePage:216 - Navigated back
[logsrowserStack_Google Pixel 3 DEBUG] 2024-01-22 18:43:06.199 MyCoinsTests:92 - ---------------------------------------------------
[logsrowserStack_Google Pixel 3 DEBUG] 2024-01-22 18:43:06.199 MyCoinsTests:93 - ******************* Test started: T207  *******************
[logsrowserStack_Google Pixel 3 INFO ] 2024-01-22 18:44:08.714 BasePage:1040 - Element :Number of My Coins Count is not displayed. Scrolling down to find the element: Number of My Coins Count.
[logsrowserStack_Google Pixel 3 INFO ] 2024-01-22 18:44:23.093 BasePage:1030 - Element - Number of My Coins Count :  is now displayed. No need to scroll further.
[logsrowserStack_Google Pixel 3 INFO ] 2024-01-22 18:44:41.992 BasePage:624 - Getting text attribute '3 coins' for element 'Number of My Coins Count' with text '3 coins'
[logsrowserStack_Google Pixel 3 DEBUG] 2024-01-22 18:44:46.237 MyCoinsTests:99 - ---------------------------------------------------
[logsrowserStack_Google Pixel 3 DEBUG] 2024-01-22 18:44:46.237 MyCoinsTests:100 - ******************* Test started: T205  *******************
[logsrowserStack_Google Pixel 3 ERROR] 2024-01-22 18:45:18.103 BasePage:316 - Attempt 1: Failed to click on: <Statistics And Values More Button>. Exception: Expected condition failed: waiting for visibility of Located by By.chained({By.xpath: //android.widget.ImageView[@resource-id='collection_value_subscribed_user_14']}) (tried for 10 second(s) with 500 milliseconds interval)
org.openqa.selenium.TimeoutException: Expected condition failed: waiting for visibility of Located by By.chained({By.xpath: //android.widget.ImageView[@resource-id='collection_value_subscribed_user_14']}) (tried for 10 second(s) with 500 milliseconds interval)
	at org.openqa.selenium.support.ui.WebDriverWait.timeoutException(WebDriverWait.java:95) ~[selenium-support-3.141.59.jar:?]
	at org.openqa.selenium.support.ui.FluentWait.until(FluentWait.java:272) ~[selenium-support-3.141.59.jar:?]
	at com.appium.base.BasePage.waitForVisibility(BasePage.java:83) ~[classes/:?]
	at com.appium.base.BasePage.click(BasePage.java:284) ~[classes/:?]
	at com.appium.base.BasePage.click(BasePage.java:274) ~[classes/:?]
	at com.appium.base.BasePage.clickElementAndBack(BasePage.java:436) ~[classes/:?]
	at com.appium.pages.MyCoinsPage.check_Navigation_OfStatisticsAndValuesMoreButton(MyCoinsPage.java:340) ~[classes/:?]
	at com.appium.tests.MyCoinsTests.allTestCaseRelated_AllCarsoleCard(MyCoinsTests.java:102) ~[test-classes/:?]
	at jdk.internal.reflect.NativeMethodAccessorImpl.invoke0(Native Method) ~[?:?]
	at jdk.internal.reflect.NativeMethodAccessorImpl.invoke(NativeMethodAccessorImpl.java:62) ~[?:?]
	at jdk.internal.reflect.DelegatingMethodAccessorImpl.invoke(DelegatingMethodAccessorImpl.java:43) ~[?:?]
	at java.lang.reflect.Method.invoke(Method.java:566) ~[?:?]
	at org.testng.internal.MethodInvocationHelper.invokeMethod(MethodInvocationHelper.java:133) ~[testng-7.4.0.jar:7.4.0]
	at org.testng.internal.TestInvoker.invokeMethod(TestInvoker.java:598) ~[testng-7.4.0.jar:7.4.0]
	at org.testng.internal.TestInvoker.invokeTestMethod(TestInvoker.java:173) ~[testng-7.4.0.jar:7.4.0]
	at org.testng.internal.MethodRunner.runInSequence(MethodRunner.java:46) ~[testng-7.4.0.jar:7.4.0]
	at org.testng.internal.TestInvoker$MethodInvocationAgent.invoke(TestInvoker.java:824) ~[testng-7.4.0.jar:7.4.0]
	at org.testng.internal.TestInvoker.invokeTestMethods(TestInvoker.java:146) ~[testng-7.4.0.jar:7.4.0]
	at org.testng.internal.TestMethodWorker.invokeTestMethods(TestMethodWorker.java:146) ~[testng-7.4.0.jar:7.4.0]
	at org.testng.internal.TestMethodWorker.run(TestMethodWorker.java:128) ~[testng-7.4.0.jar:7.4.0]
	at java.util.ArrayList.forEach(ArrayList.java:1541) [?:?]
	at org.testng.TestRunner.privateRun(TestRunner.java:794) [testng-7.4.0.jar:7.4.0]
	at org.testng.TestRunner.run(TestRunner.java:596) [testng-7.4.0.jar:7.4.0]
	at org.testng.SuiteRunner.runTest(SuiteRunner.java:377) [testng-7.4.0.jar:7.4.0]
	at org.testng.SuiteRunner.runSequentially(SuiteRunner.java:371) [testng-7.4.0.jar:7.4.0]
	at org.testng.SuiteRunner.privateRun(SuiteRunner.java:332) [testng-7.4.0.jar:7.4.0]
	at org.testng.SuiteRunner.run(SuiteRunner.java:276) [testng-7.4.0.jar:7.4.0]
	at org.testng.SuiteRunnerWorker.runSuite(SuiteRunnerWorker.java:53) [testng-7.4.0.jar:7.4.0]
	at org.testng.SuiteRunnerWorker.run(SuiteRunnerWorker.java:96) [testng-7.4.0.jar:7.4.0]
	at org.testng.TestNG.runSuitesSequentially(TestNG.java:1212) [testng-7.4.0.jar:7.4.0]
	at org.testng.TestNG.runSuitesLocally(TestNG.java:1134) [testng-7.4.0.jar:7.4.0]
	at org.testng.TestNG.runSuites(TestNG.java:1063) [testng-7.4.0.jar:7.4.0]
	at org.testng.TestNG.run(TestNG.java:1031) [testng-7.4.0.jar:7.4.0]
	at org.testng.remote.AbstractRemoteTestNG.run(AbstractRemoteTestNG.java:115) [testng-remote.jar:?]
	at org.testng.remote.RemoteTestNG.initAndRun(RemoteTestNG.java:251) [testng-remote.jar:?]
	at org.testng.remote.RemoteTestNG.main(RemoteTestNG.java:77) [testng-remote.jar:?]
Caused by: org.openqa.selenium.NoSuchElementException: Can't locate an element by this strategy: By.chained({By.xpath: //android.widget.ImageView[@resource-id='collection_value_subscribed_user_14']})
	at io.appium.java_client.pagefactory.AppiumElementLocator.findElement(AppiumElementLocator.java:126) ~[java-client-7.5.1.jar:?]
	at io.appium.java_client.pagefactory.interceptors.InterceptorOfASingleElement.intercept(InterceptorOfASingleElement.java:59) ~[java-client-7.5.1.jar:?]
	at io.appium.java_client.android.AndroidElement$$EnhancerByCGLIB$$b598166c.isDisplayed(<generated>) ~[java-client-7.5.1.jar:?]
	at org.openqa.selenium.support.ui.ExpectedConditions.elementIfVisible(ExpectedConditions.java:314) ~[selenium-support-3.141.59.jar:?]
	at org.openqa.selenium.support.ui.ExpectedConditions.access$000(ExpectedConditions.java:43) ~[selenium-support-3.141.59.jar:?]
	at org.openqa.selenium.support.ui.ExpectedConditions$10.apply(ExpectedConditions.java:300) ~[selenium-support-3.141.59.jar:?]
	at org.openqa.selenium.support.ui.ExpectedConditions$10.apply(ExpectedConditions.java:297) ~[selenium-support-3.141.59.jar:?]
	at org.openqa.selenium.support.ui.FluentWait.until(FluentWait.java:249) ~[selenium-support-3.141.59.jar:?]
	... 34 more
Caused by: org.openqa.selenium.TimeoutException: Expected condition failed: waiting for io.appium.java_client.pagefactory.AppiumElementLocator$WaitingFunction@a240452 (tried for 30 second(s) with 500 milliseconds interval)
	at org.openqa.selenium.support.ui.FluentWait.timeoutException(FluentWait.java:304) ~[selenium-support-3.141.59.jar:?]
	at org.openqa.selenium.support.ui.FluentWait.until(FluentWait.java:272) ~[selenium-support-3.141.59.jar:?]
	at io.appium.java_client.pagefactory.AppiumElementLocator.waitFor(AppiumElementLocator.java:99) ~[java-client-7.5.1.jar:?]
	at io.appium.java_client.pagefactory.AppiumElementLocator.findElement(AppiumElementLocator.java:119) ~[java-client-7.5.1.jar:?]
	at io.appium.java_client.pagefactory.interceptors.InterceptorOfASingleElement.intercept(InterceptorOfASingleElement.java:59) ~[java-client-7.5.1.jar:?]
	at io.appium.java_client.android.AndroidElement$$EnhancerByCGLIB$$b598166c.isDisplayed(<generated>) ~[java-client-7.5.1.jar:?]
	at org.openqa.selenium.support.ui.ExpectedConditions.elementIfVisible(ExpectedConditions.java:314) ~[selenium-support-3.141.59.jar:?]
	at org.openqa.selenium.support.ui.ExpectedConditions.access$000(ExpectedConditions.java:43) ~[selenium-support-3.141.59.jar:?]
	at org.openqa.selenium.support.ui.ExpectedConditions$10.apply(ExpectedConditions.java:300) ~[selenium-support-3.141.59.jar:?]
	at org.openqa.selenium.support.ui.ExpectedConditions$10.apply(ExpectedConditions.java:297) ~[selenium-support-3.141.59.jar:?]
	at org.openqa.selenium.support.ui.FluentWait.until(FluentWait.java:249) ~[selenium-support-3.141.59.jar:?]
	... 34 more
Caused by: org.openqa.selenium.NoSuchElementException: Cannot locate an element using By.chained({By.xpath: //android.widget.ImageView[@resource-id='collection_value_subscribed_user_14']})
For documentation on this error, please visit: https://www.seleniumhq.org/exceptions/no_such_element.html
Build info: version: '3.141.59', revision: 'e82be7d358', time: '2018-11-14T08:17:03'
System info: host: 'RUDRA', ip: '192.168.0.159', os.name: 'Windows 11', os.arch: 'amd64', os.version: '10.0', java.version: '11.0.20'
Driver info: driver.version: AndroidDriver
	at io.appium.java_client.pagefactory.bys.builder.ByChained.findElement(ByChained.java:74) ~[java-client-7.5.1.jar:?]
	at org.openqa.selenium.remote.RemoteWebDriver.findElement(RemoteWebDriver.java:315) ~[selenium-remote-driver-3.141.59.jar:?]
	at io.appium.java_client.DefaultGenericMobileDriver.findElement(DefaultGenericMobileDriver.java:57) ~[java-client-7.5.1.jar:?]
	at io.appium.java_client.AppiumDriver.findElement(AppiumDriver.java:1) ~[java-client-7.5.1.jar:?]
	at io.appium.java_client.android.AndroidDriver.findElement(AndroidDriver.java:1) ~[java-client-7.5.1.jar:?]
	at io.appium.java_client.pagefactory.bys.ContentMappedBy.findElement(ContentMappedBy.java:50) ~[java-client-7.5.1.jar:?]
	at org.openqa.selenium.remote.RemoteWebDriver.findElement(RemoteWebDriver.java:315) ~[selenium-remote-driver-3.141.59.jar:?]
	at io.appium.java_client.DefaultGenericMobileDriver.findElement(DefaultGenericMobileDriver.java:57) ~[java-client-7.5.1.jar:?]
	at io.appium.java_client.AppiumDriver.findElement(AppiumDriver.java:1) ~[java-client-7.5.1.jar:?]
	at io.appium.java_client.android.AndroidDriver.findElement(AndroidDriver.java:1) ~[java-client-7.5.1.jar:?]
	at io.appium.java_client.pagefactory.AppiumElementLocator.lambda$0(AppiumElementLocator.java:120) ~[java-client-7.5.1.jar:?]
	at io.appium.java_client.pagefactory.AppiumElementLocator$WaitingFunction.apply(AppiumElementLocator.java:172) ~[java-client-7.5.1.jar:?]
	at io.appium.java_client.pagefactory.AppiumElementLocator$WaitingFunction.apply(AppiumElementLocator.java:1) ~[java-client-7.5.1.jar:?]
	at org.openqa.selenium.support.ui.FluentWait.until(FluentWait.java:249) ~[selenium-support-3.141.59.jar:?]
	at io.appium.java_client.pagefactory.AppiumElementLocator.waitFor(AppiumElementLocator.java:99) ~[java-client-7.5.1.jar:?]
	at io.appium.java_client.pagefactory.AppiumElementLocator.findElement(AppiumElementLocator.java:119) ~[java-client-7.5.1.jar:?]
	at io.appium.java_client.pagefactory.interceptors.InterceptorOfASingleElement.intercept(InterceptorOfASingleElement.java:59) ~[java-client-7.5.1.jar:?]
	at io.appium.java_client.android.AndroidElement$$EnhancerByCGLIB$$b598166c.isDisplayed(<generated>) ~[java-client-7.5.1.jar:?]
	at org.openqa.selenium.support.ui.ExpectedConditions.elementIfVisible(ExpectedConditions.java:314) ~[selenium-support-3.141.59.jar:?]
	at org.openqa.selenium.support.ui.ExpectedConditions.access$000(ExpectedConditions.java:43) ~[selenium-support-3.141.59.jar:?]
	at org.openqa.selenium.support.ui.ExpectedConditions$10.apply(ExpectedConditions.java:300) ~[selenium-support-3.141.59.jar:?]
	at org.openqa.selenium.support.ui.ExpectedConditions$10.apply(ExpectedConditions.java:297) ~[selenium-support-3.141.59.jar:?]
	at org.openqa.selenium.support.ui.FluentWait.until(FluentWait.java:249) ~[selenium-support-3.141.59.jar:?]
	... 34 more
[logsrowserStack_Google Pixel 3 ERROR] 2024-01-22 18:45:51.623 BasePage:316 - Attempt 2: Failed to click on: <Statistics And Values More Button>. Exception: Expected condition failed: waiting for visibility of Located by By.chained({By.xpath: //android.widget.ImageView[@resource-id='collection_value_subscribed_user_14']}) (tried for 10 second(s) with 500 milliseconds interval)
org.openqa.selenium.TimeoutException: Expected condition failed: waiting for visibility of Located by By.chained({By.xpath: //android.widget.ImageView[@resource-id='collection_value_subscribed_user_14']}) (tried for 10 second(s) with 500 milliseconds interval)
	at org.openqa.selenium.support.ui.WebDriverWait.timeoutException(WebDriverWait.java:95) ~[selenium-support-3.141.59.jar:?]
	at org.openqa.selenium.support.ui.FluentWait.until(FluentWait.java:272) ~[selenium-support-3.141.59.jar:?]
	at com.appium.base.BasePage.waitForVisibility(BasePage.java:83) ~[classes/:?]
	at com.appium.base.BasePage.click(BasePage.java:284) ~[classes/:?]
	at com.appium.base.BasePage.click(BasePage.java:274) ~[classes/:?]
	at com.appium.base.BasePage.clickElementAndBack(BasePage.java:436) ~[classes/:?]
	at com.appium.pages.MyCoinsPage.check_Navigation_OfStatisticsAndValuesMoreButton(MyCoinsPage.java:340) ~[classes/:?]
	at com.appium.tests.MyCoinsTests.allTestCaseRelated_AllCarsoleCard(MyCoinsTests.java:102) ~[test-classes/:?]
	at jdk.internal.reflect.NativeMethodAccessorImpl.invoke0(Native Method) ~[?:?]
	at jdk.internal.reflect.NativeMethodAccessorImpl.invoke(NativeMethodAccessorImpl.java:62) ~[?:?]
	at jdk.internal.reflect.DelegatingMethodAccessorImpl.invoke(DelegatingMethodAccessorImpl.java:43) ~[?:?]
	at java.lang.reflect.Method.invoke(Method.java:566) ~[?:?]
	at org.testng.internal.MethodInvocationHelper.invokeMethod(MethodInvocationHelper.java:133) ~[testng-7.4.0.jar:7.4.0]
	at org.testng.internal.TestInvoker.invokeMethod(TestInvoker.java:598) ~[testng-7.4.0.jar:7.4.0]
	at org.testng.internal.TestInvoker.invokeTestMethod(TestInvoker.java:173) ~[testng-7.4.0.jar:7.4.0]
	at org.testng.internal.MethodRunner.runInSequence(MethodRunner.java:46) ~[testng-7.4.0.jar:7.4.0]
	at org.testng.internal.TestInvoker$MethodInvocationAgent.invoke(TestInvoker.java:824) ~[testng-7.4.0.jar:7.4.0]
	at org.testng.internal.TestInvoker.invokeTestMethods(TestInvoker.java:146) ~[testng-7.4.0.jar:7.4.0]
	at org.testng.internal.TestMethodWorker.invokeTestMethods(TestMethodWorker.java:146) ~[testng-7.4.0.jar:7.4.0]
	at org.testng.internal.TestMethodWorker.run(TestMethodWorker.java:128) ~[testng-7.4.0.jar:7.4.0]
	at java.util.ArrayList.forEach(ArrayList.java:1541) [?:?]
	at org.testng.TestRunner.privateRun(TestRunner.java:794) [testng-7.4.0.jar:7.4.0]
	at org.testng.TestRunner.run(TestRunner.java:596) [testng-7.4.0.jar:7.4.0]
	at org.testng.SuiteRunner.runTest(SuiteRunner.java:377) [testng-7.4.0.jar:7.4.0]
	at org.testng.SuiteRunner.runSequentially(SuiteRunner.java:371) [testng-7.4.0.jar:7.4.0]
	at org.testng.SuiteRunner.privateRun(SuiteRunner.java:332) [testng-7.4.0.jar:7.4.0]
	at org.testng.SuiteRunner.run(SuiteRunner.java:276) [testng-7.4.0.jar:7.4.0]
	at org.testng.SuiteRunnerWorker.runSuite(SuiteRunnerWorker.java:53) [testng-7.4.0.jar:7.4.0]
	at org.testng.SuiteRunnerWorker.run(SuiteRunnerWorker.java:96) [testng-7.4.0.jar:7.4.0]
	at org.testng.TestNG.runSuitesSequentially(TestNG.java:1212) [testng-7.4.0.jar:7.4.0]
	at org.testng.TestNG.runSuitesLocally(TestNG.java:1134) [testng-7.4.0.jar:7.4.0]
	at org.testng.TestNG.runSuites(TestNG.java:1063) [testng-7.4.0.jar:7.4.0]
	at org.testng.TestNG.run(TestNG.java:1031) [testng-7.4.0.jar:7.4.0]
	at org.testng.remote.AbstractRemoteTestNG.run(AbstractRemoteTestNG.java:115) [testng-remote.jar:?]
	at org.testng.remote.RemoteTestNG.initAndRun(RemoteTestNG.java:251) [testng-remote.jar:?]
	at org.testng.remote.RemoteTestNG.main(RemoteTestNG.java:77) [testng-remote.jar:?]
Caused by: org.openqa.selenium.NoSuchElementException: Can't locate an element by this strategy: By.chained({By.xpath: //android.widget.ImageView[@resource-id='collection_value_subscribed_user_14']})
	at io.appium.java_client.pagefactory.AppiumElementLocator.findElement(AppiumElementLocator.java:126) ~[java-client-7.5.1.jar:?]
	at io.appium.java_client.pagefactory.interceptors.InterceptorOfASingleElement.intercept(InterceptorOfASingleElement.java:59) ~[java-client-7.5.1.jar:?]
	at io.appium.java_client.android.AndroidElement$$EnhancerByCGLIB$$b598166c.isDisplayed(<generated>) ~[java-client-7.5.1.jar:?]
	at org.openqa.selenium.support.ui.ExpectedConditions.elementIfVisible(ExpectedConditions.java:314) ~[selenium-support-3.141.59.jar:?]
	at org.openqa.selenium.support.ui.ExpectedConditions.access$000(ExpectedConditions.java:43) ~[selenium-support-3.141.59.jar:?]
	at org.openqa.selenium.support.ui.ExpectedConditions$10.apply(ExpectedConditions.java:300) ~[selenium-support-3.141.59.jar:?]
	at org.openqa.selenium.support.ui.ExpectedConditions$10.apply(ExpectedConditions.java:297) ~[selenium-support-3.141.59.jar:?]
	at org.openqa.selenium.support.ui.FluentWait.until(FluentWait.java:249) ~[selenium-support-3.141.59.jar:?]
	... 34 more
Caused by: org.openqa.selenium.TimeoutException: Expected condition failed: waiting for io.appium.java_client.pagefactory.AppiumElementLocator$WaitingFunction@5c5f12e (tried for 30 second(s) with 500 milliseconds interval)
	at org.openqa.selenium.support.ui.FluentWait.timeoutException(FluentWait.java:304) ~[selenium-support-3.141.59.jar:?]
	at org.openqa.selenium.support.ui.FluentWait.until(FluentWait.java:272) ~[selenium-support-3.141.59.jar:?]
	at io.appium.java_client.pagefactory.AppiumElementLocator.waitFor(AppiumElementLocator.java:99) ~[java-client-7.5.1.jar:?]
	at io.appium.java_client.pagefactory.AppiumElementLocator.findElement(AppiumElementLocator.java:119) ~[java-client-7.5.1.jar:?]
	at io.appium.java_client.pagefactory.interceptors.InterceptorOfASingleElement.intercept(InterceptorOfASingleElement.java:59) ~[java-client-7.5.1.jar:?]
	at io.appium.java_client.android.AndroidElement$$EnhancerByCGLIB$$b598166c.isDisplayed(<generated>) ~[java-client-7.5.1.jar:?]
	at org.openqa.selenium.support.ui.ExpectedConditions.elementIfVisible(ExpectedConditions.java:314) ~[selenium-support-3.141.59.jar:?]
	at org.openqa.selenium.support.ui.ExpectedConditions.access$000(ExpectedConditions.java:43) ~[selenium-support-3.141.59.jar:?]
	at org.openqa.selenium.support.ui.ExpectedConditions$10.apply(ExpectedConditions.java:300) ~[selenium-support-3.141.59.jar:?]
	at org.openqa.selenium.support.ui.ExpectedConditions$10.apply(ExpectedConditions.java:297) ~[selenium-support-3.141.59.jar:?]
	at org.openqa.selenium.support.ui.FluentWait.until(FluentWait.java:249) ~[selenium-support-3.141.59.jar:?]
	... 34 more
Caused by: org.openqa.selenium.NoSuchElementException: Cannot locate an element using By.chained({By.xpath: //android.widget.ImageView[@resource-id='collection_value_subscribed_user_14']})
For documentation on this error, please visit: https://www.seleniumhq.org/exceptions/no_such_element.html
Build info: version: '3.141.59', revision: 'e82be7d358', time: '2018-11-14T08:17:03'
System info: host: 'RUDRA', ip: '192.168.0.159', os.name: 'Windows 11', os.arch: 'amd64', os.version: '10.0', java.version: '11.0.20'
Driver info: driver.version: AndroidDriver
	at io.appium.java_client.pagefactory.bys.builder.ByChained.findElement(ByChained.java:74) ~[java-client-7.5.1.jar:?]
	at org.openqa.selenium.remote.RemoteWebDriver.findElement(RemoteWebDriver.java:315) ~[selenium-remote-driver-3.141.59.jar:?]
	at io.appium.java_client.DefaultGenericMobileDriver.findElement(DefaultGenericMobileDriver.java:57) ~[java-client-7.5.1.jar:?]
	at io.appium.java_client.AppiumDriver.findElement(AppiumDriver.java:1) ~[java-client-7.5.1.jar:?]
	at io.appium.java_client.android.AndroidDriver.findElement(AndroidDriver.java:1) ~[java-client-7.5.1.jar:?]
	at io.appium.java_client.pagefactory.bys.ContentMappedBy.findElement(ContentMappedBy.java:50) ~[java-client-7.5.1.jar:?]
	at org.openqa.selenium.remote.RemoteWebDriver.findElement(RemoteWebDriver.java:315) ~[selenium-remote-driver-3.141.59.jar:?]
	at io.appium.java_client.DefaultGenericMobileDriver.findElement(DefaultGenericMobileDriver.java:57) ~[java-client-7.5.1.jar:?]
	at io.appium.java_client.AppiumDriver.findElement(AppiumDriver.java:1) ~[java-client-7.5.1.jar:?]
	at io.appium.java_client.android.AndroidDriver.findElement(AndroidDriver.java:1) ~[java-client-7.5.1.jar:?]
	at io.appium.java_client.pagefactory.AppiumElementLocator.lambda$0(AppiumElementLocator.java:120) ~[java-client-7.5.1.jar:?]
	at io.appium.java_client.pagefactory.AppiumElementLocator$WaitingFunction.apply(AppiumElementLocator.java:172) ~[java-client-7.5.1.jar:?]
	at io.appium.java_client.pagefactory.AppiumElementLocator$WaitingFunction.apply(AppiumElementLocator.java:1) ~[java-client-7.5.1.jar:?]
	at org.openqa.selenium.support.ui.FluentWait.until(FluentWait.java:249) ~[selenium-support-3.141.59.jar:?]
	at io.appium.java_client.pagefactory.AppiumElementLocator.waitFor(AppiumElementLocator.java:99) ~[java-client-7.5.1.jar:?]
	at io.appium.java_client.pagefactory.AppiumElementLocator.findElement(AppiumElementLocator.java:119) ~[java-client-7.5.1.jar:?]
	at io.appium.java_client.pagefactory.interceptors.InterceptorOfASingleElement.intercept(InterceptorOfASingleElement.java:59) ~[java-client-7.5.1.jar:?]
	at io.appium.java_client.android.AndroidElement$$EnhancerByCGLIB$$b598166c.isDisplayed(<generated>) ~[java-client-7.5.1.jar:?]
	at org.openqa.selenium.support.ui.ExpectedConditions.elementIfVisible(ExpectedConditions.java:314) ~[selenium-support-3.141.59.jar:?]
	at org.openqa.selenium.support.ui.ExpectedConditions.access$000(ExpectedConditions.java:43) ~[selenium-support-3.141.59.jar:?]
	at org.openqa.selenium.support.ui.ExpectedConditions$10.apply(ExpectedConditions.java:300) ~[selenium-support-3.141.59.jar:?]
	at org.openqa.selenium.support.ui.ExpectedConditions$10.apply(ExpectedConditions.java:297) ~[selenium-support-3.141.59.jar:?]
	at org.openqa.selenium.support.ui.FluentWait.until(FluentWait.java:249) ~[selenium-support-3.141.59.jar:?]
	... 34 more
[logsrowserStack_Google Pixel 3 ERROR] 2024-01-22 18:45:51.631 BasePage:325 - Failed to click on: <Statistics And Values More Button>. Exception: Appium Exception Details:
Error: Timeout waiting for element. Details: Expected condition failed: waiting for visibility of Located by By.chained({By.xpath: //android.widget.ImageView[@resource-id='collection_value_subscribed_user_14']}) (tried for 10 second(s) with 500 milliseconds interval)
org.openqa.selenium.TimeoutException: Expected condition failed: waiting for visibility of Located by By.chained({By.xpath: //android.widget.ImageView[@resource-id='collection_value_subscribed_user_14']}) (tried for 10 second(s) with 500 milliseconds interval)
	at org.openqa.selenium.support.ui.WebDriverWait.timeoutException(WebDriverWait.java:95) ~[selenium-support-3.141.59.jar:?]
	at org.openqa.selenium.support.ui.FluentWait.until(FluentWait.java:272) ~[selenium-support-3.141.59.jar:?]
	at com.appium.base.BasePage.waitForVisibility(BasePage.java:83) ~[classes/:?]
	at com.appium.base.BasePage.click(BasePage.java:284) ~[classes/:?]
	at com.appium.base.BasePage.click(BasePage.java:274) ~[classes/:?]
	at com.appium.base.BasePage.clickElementAndBack(BasePage.java:436) ~[classes/:?]
	at com.appium.pages.MyCoinsPage.check_Navigation_OfStatisticsAndValuesMoreButton(MyCoinsPage.java:340) ~[classes/:?]
	at com.appium.tests.MyCoinsTests.allTestCaseRelated_AllCarsoleCard(MyCoinsTests.java:102) ~[test-classes/:?]
	at jdk.internal.reflect.NativeMethodAccessorImpl.invoke0(Native Method) ~[?:?]
	at jdk.internal.reflect.NativeMethodAccessorImpl.invoke(NativeMethodAccessorImpl.java:62) ~[?:?]
	at jdk.internal.reflect.DelegatingMethodAccessorImpl.invoke(DelegatingMethodAccessorImpl.java:43) ~[?:?]
	at java.lang.reflect.Method.invoke(Method.java:566) ~[?:?]
	at org.testng.internal.MethodInvocationHelper.invokeMethod(MethodInvocationHelper.java:133) ~[testng-7.4.0.jar:7.4.0]
	at org.testng.internal.TestInvoker.invokeMethod(TestInvoker.java:598) ~[testng-7.4.0.jar:7.4.0]
	at org.testng.internal.TestInvoker.invokeTestMethod(TestInvoker.java:173) ~[testng-7.4.0.jar:7.4.0]
	at org.testng.internal.MethodRunner.runInSequence(MethodRunner.java:46) ~[testng-7.4.0.jar:7.4.0]
	at org.testng.internal.TestInvoker$MethodInvocationAgent.invoke(TestInvoker.java:824) ~[testng-7.4.0.jar:7.4.0]
	at org.testng.internal.TestInvoker.invokeTestMethods(TestInvoker.java:146) ~[testng-7.4.0.jar:7.4.0]
	at org.testng.internal.TestMethodWorker.invokeTestMethods(TestMethodWorker.java:146) ~[testng-7.4.0.jar:7.4.0]
	at org.testng.internal.TestMethodWorker.run(TestMethodWorker.java:128) ~[testng-7.4.0.jar:7.4.0]
	at java.util.ArrayList.forEach(ArrayList.java:1541) [?:?]
	at org.testng.TestRunner.privateRun(TestRunner.java:794) [testng-7.4.0.jar:7.4.0]
	at org.testng.TestRunner.run(TestRunner.java:596) [testng-7.4.0.jar:7.4.0]
	at org.testng.SuiteRunner.runTest(SuiteRunner.java:377) [testng-7.4.0.jar:7.4.0]
	at org.testng.SuiteRunner.runSequentially(SuiteRunner.java:371) [testng-7.4.0.jar:7.4.0]
	at org.testng.SuiteRunner.privateRun(SuiteRunner.java:332) [testng-7.4.0.jar:7.4.0]
	at org.testng.SuiteRunner.run(SuiteRunner.java:276) [testng-7.4.0.jar:7.4.0]
	at org.testng.SuiteRunnerWorker.runSuite(SuiteRunnerWorker.java:53) [testng-7.4.0.jar:7.4.0]
	at org.testng.SuiteRunnerWorker.run(SuiteRunnerWorker.java:96) [testng-7.4.0.jar:7.4.0]
	at org.testng.TestNG.runSuitesSequentially(TestNG.java:1212) [testng-7.4.0.jar:7.4.0]
	at org.testng.TestNG.runSuitesLocally(TestNG.java:1134) [testng-7.4.0.jar:7.4.0]
	at org.testng.TestNG.runSuites(TestNG.java:1063) [testng-7.4.0.jar:7.4.0]
	at org.testng.TestNG.run(TestNG.java:1031) [testng-7.4.0.jar:7.4.0]
	at org.testng.remote.AbstractRemoteTestNG.run(AbstractRemoteTestNG.java:115) [testng-remote.jar:?]
	at org.testng.remote.RemoteTestNG.initAndRun(RemoteTestNG.java:251) [testng-remote.jar:?]
	at org.testng.remote.RemoteTestNG.main(RemoteTestNG.java:77) [testng-remote.jar:?]
Caused by: org.openqa.selenium.NoSuchElementException: Can't locate an element by this strategy: By.chained({By.xpath: //android.widget.ImageView[@resource-id='collection_value_subscribed_user_14']})
	at io.appium.java_client.pagefactory.AppiumElementLocator.findElement(AppiumElementLocator.java:126) ~[java-client-7.5.1.jar:?]
	at io.appium.java_client.pagefactory.interceptors.InterceptorOfASingleElement.intercept(InterceptorOfASingleElement.java:59) ~[java-client-7.5.1.jar:?]
	at io.appium.java_client.android.AndroidElement$$EnhancerByCGLIB$$b598166c.isDisplayed(<generated>) ~[java-client-7.5.1.jar:?]
	at org.openqa.selenium.support.ui.ExpectedConditions.elementIfVisible(ExpectedConditions.java:314) ~[selenium-support-3.141.59.jar:?]
	at org.openqa.selenium.support.ui.ExpectedConditions.access$000(ExpectedConditions.java:43) ~[selenium-support-3.141.59.jar:?]
	at org.openqa.selenium.support.ui.ExpectedConditions$10.apply(ExpectedConditions.java:300) ~[selenium-support-3.141.59.jar:?]
	at org.openqa.selenium.support.ui.ExpectedConditions$10.apply(ExpectedConditions.java:297) ~[selenium-support-3.141.59.jar:?]
	at org.openqa.selenium.support.ui.FluentWait.until(FluentWait.java:249) ~[selenium-support-3.141.59.jar:?]
	... 34 more
Caused by: org.openqa.selenium.TimeoutException: Expected condition failed: waiting for io.appium.java_client.pagefactory.AppiumElementLocator$WaitingFunction@5c5f12e (tried for 30 second(s) with 500 milliseconds interval)
	at org.openqa.selenium.support.ui.FluentWait.timeoutException(FluentWait.java:304) ~[selenium-support-3.141.59.jar:?]
	at org.openqa.selenium.support.ui.FluentWait.until(FluentWait.java:272) ~[selenium-support-3.141.59.jar:?]
	at io.appium.java_client.pagefactory.AppiumElementLocator.waitFor(AppiumElementLocator.java:99) ~[java-client-7.5.1.jar:?]
	at io.appium.java_client.pagefactory.AppiumElementLocator.findElement(AppiumElementLocator.java:119) ~[java-client-7.5.1.jar:?]
	at io.appium.java_client.pagefactory.interceptors.InterceptorOfASingleElement.intercept(InterceptorOfASingleElement.java:59) ~[java-client-7.5.1.jar:?]
	at io.appium.java_client.android.AndroidElement$$EnhancerByCGLIB$$b598166c.isDisplayed(<generated>) ~[java-client-7.5.1.jar:?]
	at org.openqa.selenium.support.ui.ExpectedConditions.elementIfVisible(ExpectedConditions.java:314) ~[selenium-support-3.141.59.jar:?]
	at org.openqa.selenium.support.ui.ExpectedConditions.access$000(ExpectedConditions.java:43) ~[selenium-support-3.141.59.jar:?]
	at org.openqa.selenium.support.ui.ExpectedConditions$10.apply(ExpectedConditions.java:300) ~[selenium-support-3.141.59.jar:?]
	at org.openqa.selenium.support.ui.ExpectedConditions$10.apply(ExpectedConditions.java:297) ~[selenium-support-3.141.59.jar:?]
	at org.openqa.selenium.support.ui.FluentWait.until(FluentWait.java:249) ~[selenium-support-3.141.59.jar:?]
	... 34 more
Caused by: org.openqa.selenium.NoSuchElementException: Cannot locate an element using By.chained({By.xpath: //android.widget.ImageView[@resource-id='collection_value_subscribed_user_14']})
For documentation on this error, please visit: https://www.seleniumhq.org/exceptions/no_such_element.html
Build info: version: '3.141.59', revision: 'e82be7d358', time: '2018-11-14T08:17:03'
System info: host: 'RUDRA', ip: '192.168.0.159', os.name: 'Windows 11', os.arch: 'amd64', os.version: '10.0', java.version: '11.0.20'
Driver info: driver.version: AndroidDriver
	at io.appium.java_client.pagefactory.bys.builder.ByChained.findElement(ByChained.java:74) ~[java-client-7.5.1.jar:?]
	at org.openqa.selenium.remote.RemoteWebDriver.findElement(RemoteWebDriver.java:315) ~[selenium-remote-driver-3.141.59.jar:?]
	at io.appium.java_client.DefaultGenericMobileDriver.findElement(DefaultGenericMobileDriver.java:57) ~[java-client-7.5.1.jar:?]
	at io.appium.java_client.AppiumDriver.findElement(AppiumDriver.java:1) ~[java-client-7.5.1.jar:?]
	at io.appium.java_client.android.AndroidDriver.findElement(AndroidDriver.java:1) ~[java-client-7.5.1.jar:?]
	at io.appium.java_client.pagefactory.bys.ContentMappedBy.findElement(ContentMappedBy.java:50) ~[java-client-7.5.1.jar:?]
	at org.openqa.selenium.remote.RemoteWebDriver.findElement(RemoteWebDriver.java:315) ~[selenium-remote-driver-3.141.59.jar:?]
	at io.appium.java_client.DefaultGenericMobileDriver.findElement(DefaultGenericMobileDriver.java:57) ~[java-client-7.5.1.jar:?]
	at io.appium.java_client.AppiumDriver.findElement(AppiumDriver.java:1) ~[java-client-7.5.1.jar:?]
	at io.appium.java_client.android.AndroidDriver.findElement(AndroidDriver.java:1) ~[java-client-7.5.1.jar:?]
	at io.appium.java_client.pagefactory.AppiumElementLocator.lambda$0(AppiumElementLocator.java:120) ~[java-client-7.5.1.jar:?]
	at io.appium.java_client.pagefactory.AppiumElementLocator$WaitingFunction.apply(AppiumElementLocator.java:172) ~[java-client-7.5.1.jar:?]
	at io.appium.java_client.pagefactory.AppiumElementLocator$WaitingFunction.apply(AppiumElementLocator.java:1) ~[java-client-7.5.1.jar:?]
	at org.openqa.selenium.support.ui.FluentWait.until(FluentWait.java:249) ~[selenium-support-3.141.59.jar:?]
	at io.appium.java_client.pagefactory.AppiumElementLocator.waitFor(AppiumElementLocator.java:99) ~[java-client-7.5.1.jar:?]
	at io.appium.java_client.pagefactory.AppiumElementLocator.findElement(AppiumElementLocator.java:119) ~[java-client-7.5.1.jar:?]
	at io.appium.java_client.pagefactory.interceptors.InterceptorOfASingleElement.intercept(InterceptorOfASingleElement.java:59) ~[java-client-7.5.1.jar:?]
	at io.appium.java_client.android.AndroidElement$$EnhancerByCGLIB$$b598166c.isDisplayed(<generated>) ~[java-client-7.5.1.jar:?]
	at org.openqa.selenium.support.ui.ExpectedConditions.elementIfVisible(ExpectedConditions.java:314) ~[selenium-support-3.141.59.jar:?]
	at org.openqa.selenium.support.ui.ExpectedConditions.access$000(ExpectedConditions.java:43) ~[selenium-support-3.141.59.jar:?]
	at org.openqa.selenium.support.ui.ExpectedConditions$10.apply(ExpectedConditions.java:300) ~[selenium-support-3.141.59.jar:?]
	at org.openqa.selenium.support.ui.ExpectedConditions$10.apply(ExpectedConditions.java:297) ~[selenium-support-3.141.59.jar:?]
	at org.openqa.selenium.support.ui.FluentWait.until(FluentWait.java:249) ~[selenium-support-3.141.59.jar:?]
	... 34 more
[logsrowserStack_Google Pixel 3 ERROR] 2024-01-22 18:45:51.638 BasePage:443 - Failed to click on Statistics And Values More Button and navigate back. Exception: Appium Exception Details:
Unexpected Appium Exception. Details: Failed to click on: <Statistics And Values More Button>. Exception: Appium Exception Details:
Error: Timeout waiting for element. Details: Expected condition failed: waiting for visibility of Located by By.chained({By.xpath: //android.widget.ImageView[@resource-id='collection_value_subscribed_user_14']}) (tried for 10 second(s) with 500 milliseconds interval)
java.lang.RuntimeException: Failed to click on: <Statistics And Values More Button>. Exception: Appium Exception Details:
Error: Timeout waiting for element. Details: Expected condition failed: waiting for visibility of Located by By.chained({By.xpath: //android.widget.ImageView[@resource-id='collection_value_subscribed_user_14']}) (tried for 10 second(s) with 500 milliseconds interval)
	at com.appium.base.BasePage.click(BasePage.java:327) ~[classes/:?]
	at com.appium.base.BasePage.click(BasePage.java:274) ~[classes/:?]
	at com.appium.base.BasePage.clickElementAndBack(BasePage.java:436) ~[classes/:?]
	at com.appium.pages.MyCoinsPage.check_Navigation_OfStatisticsAndValuesMoreButton(MyCoinsPage.java:340) ~[classes/:?]
	at com.appium.tests.MyCoinsTests.allTestCaseRelated_AllCarsoleCard(MyCoinsTests.java:102) ~[test-classes/:?]
	at jdk.internal.reflect.NativeMethodAccessorImpl.invoke0(Native Method) ~[?:?]
	at jdk.internal.reflect.NativeMethodAccessorImpl.invoke(NativeMethodAccessorImpl.java:62) ~[?:?]
	at jdk.internal.reflect.DelegatingMethodAccessorImpl.invoke(DelegatingMethodAccessorImpl.java:43) ~[?:?]
	at java.lang.reflect.Method.invoke(Method.java:566) ~[?:?]
	at org.testng.internal.MethodInvocationHelper.invokeMethod(MethodInvocationHelper.java:133) ~[testng-7.4.0.jar:7.4.0]
	at org.testng.internal.TestInvoker.invokeMethod(TestInvoker.java:598) ~[testng-7.4.0.jar:7.4.0]
	at org.testng.internal.TestInvoker.invokeTestMethod(TestInvoker.java:173) ~[testng-7.4.0.jar:7.4.0]
	at org.testng.internal.MethodRunner.runInSequence(MethodRunner.java:46) ~[testng-7.4.0.jar:7.4.0]
	at org.testng.internal.TestInvoker$MethodInvocationAgent.invoke(TestInvoker.java:824) ~[testng-7.4.0.jar:7.4.0]
	at org.testng.internal.TestInvoker.invokeTestMethods(TestInvoker.java:146) ~[testng-7.4.0.jar:7.4.0]
	at org.testng.internal.TestMethodWorker.invokeTestMethods(TestMethodWorker.java:146) ~[testng-7.4.0.jar:7.4.0]
	at org.testng.internal.TestMethodWorker.run(TestMethodWorker.java:128) ~[testng-7.4.0.jar:7.4.0]
	at java.util.ArrayList.forEach(ArrayList.java:1541) [?:?]
	at org.testng.TestRunner.privateRun(TestRunner.java:794) [testng-7.4.0.jar:7.4.0]
	at org.testng.TestRunner.run(TestRunner.java:596) [testng-7.4.0.jar:7.4.0]
	at org.testng.SuiteRunner.runTest(SuiteRunner.java:377) [testng-7.4.0.jar:7.4.0]
	at org.testng.SuiteRunner.runSequentially(SuiteRunner.java:371) [testng-7.4.0.jar:7.4.0]
	at org.testng.SuiteRunner.privateRun(SuiteRunner.java:332) [testng-7.4.0.jar:7.4.0]
	at org.testng.SuiteRunner.run(SuiteRunner.java:276) [testng-7.4.0.jar:7.4.0]
	at org.testng.SuiteRunnerWorker.runSuite(SuiteRunnerWorker.java:53) [testng-7.4.0.jar:7.4.0]
	at org.testng.SuiteRunnerWorker.run(SuiteRunnerWorker.java:96) [testng-7.4.0.jar:7.4.0]
	at org.testng.TestNG.runSuitesSequentially(TestNG.java:1212) [testng-7.4.0.jar:7.4.0]
	at org.testng.TestNG.runSuitesLocally(TestNG.java:1134) [testng-7.4.0.jar:7.4.0]
	at org.testng.TestNG.runSuites(TestNG.java:1063) [testng-7.4.0.jar:7.4.0]
	at org.testng.TestNG.run(TestNG.java:1031) [testng-7.4.0.jar:7.4.0]
	at org.testng.remote.AbstractRemoteTestNG.run(AbstractRemoteTestNG.java:115) [testng-remote.jar:?]
	at org.testng.remote.RemoteTestNG.initAndRun(RemoteTestNG.java:251) [testng-remote.jar:?]
	at org.testng.remote.RemoteTestNG.main(RemoteTestNG.java:77) [testng-remote.jar:?]
Caused by: org.openqa.selenium.TimeoutException: Expected condition failed: waiting for visibility of Located by By.chained({By.xpath: //android.widget.ImageView[@resource-id='collection_value_subscribed_user_14']}) (tried for 10 second(s) with 500 milliseconds interval)
	at org.openqa.selenium.support.ui.WebDriverWait.timeoutException(WebDriverWait.java:95) ~[selenium-support-3.141.59.jar:?]
	at org.openqa.selenium.support.ui.FluentWait.until(FluentWait.java:272) ~[selenium-support-3.141.59.jar:?]
	at com.appium.base.BasePage.waitForVisibility(BasePage.java:83) ~[classes/:?]
	at com.appium.base.BasePage.click(BasePage.java:284) ~[classes/:?]
	... 32 more
Caused by: org.openqa.selenium.NoSuchElementException: Can't locate an element by this strategy: By.chained({By.xpath: //android.widget.ImageView[@resource-id='collection_value_subscribed_user_14']})
	at io.appium.java_client.pagefactory.AppiumElementLocator.findElement(AppiumElementLocator.java:126) ~[java-client-7.5.1.jar:?]
	at io.appium.java_client.pagefactory.interceptors.InterceptorOfASingleElement.intercept(InterceptorOfASingleElement.java:59) ~[java-client-7.5.1.jar:?]
	at io.appium.java_client.android.AndroidElement$$EnhancerByCGLIB$$b598166c.isDisplayed(<generated>) ~[java-client-7.5.1.jar:?]
	at org.openqa.selenium.support.ui.ExpectedConditions.elementIfVisible(ExpectedConditions.java:314) ~[selenium-support-3.141.59.jar:?]
	at org.openqa.selenium.support.ui.ExpectedConditions.access$000(ExpectedConditions.java:43) ~[selenium-support-3.141.59.jar:?]
	at org.openqa.selenium.support.ui.ExpectedConditions$10.apply(ExpectedConditions.java:300) ~[selenium-support-3.141.59.jar:?]
	at org.openqa.selenium.support.ui.ExpectedConditions$10.apply(ExpectedConditions.java:297) ~[selenium-support-3.141.59.jar:?]
	at org.openqa.selenium.support.ui.FluentWait.until(FluentWait.java:249) ~[selenium-support-3.141.59.jar:?]
	at com.appium.base.BasePage.waitForVisibility(BasePage.java:83) ~[classes/:?]
	at com.appium.base.BasePage.click(BasePage.java:284) ~[classes/:?]
	... 32 more
Caused by: org.openqa.selenium.TimeoutException: Expected condition failed: waiting for io.appium.java_client.pagefactory.AppiumElementLocator$WaitingFunction@5c5f12e (tried for 30 second(s) with 500 milliseconds interval)
	at org.openqa.selenium.support.ui.FluentWait.timeoutException(FluentWait.java:304) ~[selenium-support-3.141.59.jar:?]
	at org.openqa.selenium.support.ui.FluentWait.until(FluentWait.java:272) ~[selenium-support-3.141.59.jar:?]
	at io.appium.java_client.pagefactory.AppiumElementLocator.waitFor(AppiumElementLocator.java:99) ~[java-client-7.5.1.jar:?]
	at io.appium.java_client.pagefactory.AppiumElementLocator.findElement(AppiumElementLocator.java:119) ~[java-client-7.5.1.jar:?]
	at io.appium.java_client.pagefactory.interceptors.InterceptorOfASingleElement.intercept(InterceptorOfASingleElement.java:59) ~[java-client-7.5.1.jar:?]
	at io.appium.java_client.android.AndroidElement$$EnhancerByCGLIB$$b598166c.isDisplayed(<generated>) ~[java-client-7.5.1.jar:?]
	at org.openqa.selenium.support.ui.ExpectedConditions.elementIfVisible(ExpectedConditions.java:314) ~[selenium-support-3.141.59.jar:?]
	at org.openqa.selenium.support.ui.ExpectedConditions.access$000(ExpectedConditions.java:43) ~[selenium-support-3.141.59.jar:?]
	at org.openqa.selenium.support.ui.ExpectedConditions$10.apply(ExpectedConditions.java:300) ~[selenium-support-3.141.59.jar:?]
	at org.openqa.selenium.support.ui.ExpectedConditions$10.apply(ExpectedConditions.java:297) ~[selenium-support-3.141.59.jar:?]
	at org.openqa.selenium.support.ui.FluentWait.until(FluentWait.java:249) ~[selenium-support-3.141.59.jar:?]
	at com.appium.base.BasePage.waitForVisibility(BasePage.java:83) ~[classes/:?]
	at com.appium.base.BasePage.click(BasePage.java:284) ~[classes/:?]
	... 32 more
Caused by: org.openqa.selenium.NoSuchElementException: Cannot locate an element using By.chained({By.xpath: //android.widget.ImageView[@resource-id='collection_value_subscribed_user_14']})
For documentation on this error, please visit: https://www.seleniumhq.org/exceptions/no_such_element.html
Build info: version: '3.141.59', revision: 'e82be7d358', time: '2018-11-14T08:17:03'
System info: host: 'RUDRA', ip: '192.168.0.159', os.name: 'Windows 11', os.arch: 'amd64', os.version: '10.0', java.version: '11.0.20'
Driver info: driver.version: AndroidDriver
	at io.appium.java_client.pagefactory.bys.builder.ByChained.findElement(ByChained.java:74) ~[java-client-7.5.1.jar:?]
	at org.openqa.selenium.remote.RemoteWebDriver.findElement(RemoteWebDriver.java:315) ~[selenium-remote-driver-3.141.59.jar:?]
	at io.appium.java_client.DefaultGenericMobileDriver.findElement(DefaultGenericMobileDriver.java:57) ~[java-client-7.5.1.jar:?]
	at io.appium.java_client.AppiumDriver.findElement(AppiumDriver.java:1) ~[java-client-7.5.1.jar:?]
	at io.appium.java_client.android.AndroidDriver.findElement(AndroidDriver.java:1) ~[java-client-7.5.1.jar:?]
	at io.appium.java_client.pagefactory.bys.ContentMappedBy.findElement(ContentMappedBy.java:50) ~[java-client-7.5.1.jar:?]
	at org.openqa.selenium.remote.RemoteWebDriver.findElement(RemoteWebDriver.java:315) ~[selenium-remote-driver-3.141.59.jar:?]
	at io.appium.java_client.DefaultGenericMobileDriver.findElement(DefaultGenericMobileDriver.java:57) ~[java-client-7.5.1.jar:?]
	at io.appium.java_client.AppiumDriver.findElement(AppiumDriver.java:1) ~[java-client-7.5.1.jar:?]
	at io.appium.java_client.android.AndroidDriver.findElement(AndroidDriver.java:1) ~[java-client-7.5.1.jar:?]
	at io.appium.java_client.pagefactory.AppiumElementLocator.lambda$0(AppiumElementLocator.java:120) ~[java-client-7.5.1.jar:?]
	at io.appium.java_client.pagefactory.AppiumElementLocator$WaitingFunction.apply(AppiumElementLocator.java:172) ~[java-client-7.5.1.jar:?]
	at io.appium.java_client.pagefactory.AppiumElementLocator$WaitingFunction.apply(AppiumElementLocator.java:1) ~[java-client-7.5.1.jar:?]
	at org.openqa.selenium.support.ui.FluentWait.until(FluentWait.java:249) ~[selenium-support-3.141.59.jar:?]
	at io.appium.java_client.pagefactory.AppiumElementLocator.waitFor(AppiumElementLocator.java:99) ~[java-client-7.5.1.jar:?]
	at io.appium.java_client.pagefactory.AppiumElementLocator.findElement(AppiumElementLocator.java:119) ~[java-client-7.5.1.jar:?]
	at io.appium.java_client.pagefactory.interceptors.InterceptorOfASingleElement.intercept(InterceptorOfASingleElement.java:59) ~[java-client-7.5.1.jar:?]
	at io.appium.java_client.android.AndroidElement$$EnhancerByCGLIB$$b598166c.isDisplayed(<generated>) ~[java-client-7.5.1.jar:?]
	at org.openqa.selenium.support.ui.ExpectedConditions.elementIfVisible(ExpectedConditions.java:314) ~[selenium-support-3.141.59.jar:?]
	at org.openqa.selenium.support.ui.ExpectedConditions.access$000(ExpectedConditions.java:43) ~[selenium-support-3.141.59.jar:?]
	at org.openqa.selenium.support.ui.ExpectedConditions$10.apply(ExpectedConditions.java:300) ~[selenium-support-3.141.59.jar:?]
	at org.openqa.selenium.support.ui.ExpectedConditions$10.apply(ExpectedConditions.java:297) ~[selenium-support-3.141.59.jar:?]
	at org.openqa.selenium.support.ui.FluentWait.until(FluentWait.java:249) ~[selenium-support-3.141.59.jar:?]
	at com.appium.base.BasePage.waitForVisibility(BasePage.java:83) ~[classes/:?]
	at com.appium.base.BasePage.click(BasePage.java:284) ~[classes/:?]
	... 32 more
[logsrowserStack_Google Pixel 3 DEBUG] 2024-01-22 18:45:57.226 BaseTest:207 - Appium Server stopped.............
[logsrowserStack_Google Pixel 3 DEBUG] 2024-01-22 18:48:33.180 BaseTest:125 - Log file path: logs\browserStack_Google Pixel 3
[logsrowserStack_Google Pixel 3 DEBUG] 2024-01-22 18:48:33.243 BaseTest:132 - Setting PLATFORM_NAME to: browserStack
[logsrowserStack_Google Pixel 3 DEBUG] 2024-01-22 18:48:33.244 BaseTest:136 - Setting DEVICE_NAME to: Google Pixel 3
[logsrowserStack_Google Pixel 3 INFO ] 2024-01-22 18:48:33.264 CapabilityUtils:142 - Upload app file on Browserstack
[logsrowserStack_Google Pixel 3 INFO ] 2024-01-22 18:48:33.265 CapabilityUtils:145 - App URL is: C:\Users\rudra\Downloads\Appium-Java-POM-Framework-main\src\test\resources\app\app-qaVersion 2.1.3 (587).apk
[logsrowserStack_Google Pixel 3 INFO ] 2024-01-22 18:49:16.392 CapabilityUtils:147 - Received Response new Browserstack URL: bs://086f04948d222b90a98c5dd0a8225fefc1304caa
[logsrowserStack_Google Pixel 3 DEBUG] 2024-01-22 18:49:57.390 BaseTest:159 - sessionId: a75554d4eabe000512ac623819d432fbc8c24290
[logsrowserStack_Google Pixel 3 DEBUG] 2024-01-22 18:49:57.579 LoginTests:73 - ---------------------------------------------------
[logsrowserStack_Google Pixel 3 DEBUG] 2024-01-22 18:49:57.580 LoginTests:74 - ******************* Test started: T101 *******************
[logsrowserStack_Google Pixel 3 INFO ] 2024-01-22 18:50:04.886 BasePage:288 - Attempt 1: Clicking on <Login with email>
[logsrowserStack_Google Pixel 3 INFO ] 2024-01-22 18:50:06.809 BasePage:296 - Attempt 1: Clicked on <Login with email> successfully
[logsrowserStack_Google Pixel 3 INFO ] 2024-01-22 18:50:10.391 BasePage:539 - Attempt 1: Successfully sent keys to <User Name>: "testi246.testi246@gmail.com".
[logsrowserStack_Google Pixel 3 INFO ] 2024-01-22 18:50:13.927 BasePage:539 - Attempt 1: Successfully sent keys to <Password>: "tT246246!".
[logsrowserStack_Google Pixel 3 INFO ] 2024-01-22 18:50:16.945 BasePage:288 - Attempt 1: Clicking on <Login button>
[logsrowserStack_Google Pixel 3 INFO ] 2024-01-22 18:50:18.787 BasePage:296 - Attempt 1: Clicked on <Login button> successfully
[logsrowserStack_Google Pixel 3 DEBUG] 2024-01-22 18:50:18.789 LoginTests:83 - ---------------------------------------------------
[logsrowserStack_Google Pixel 3 DEBUG] 2024-01-22 18:50:18.790 LoginTests:84 - ******************* Test started: T1255 *******************
[logsrowserStack_Google Pixel 3 INFO ] 2024-01-22 18:50:25.547 BasePage:288 - Attempt 1: Clicking on <Popup Close Icon>
[logsrowserStack_Google Pixel 3 INFO ] 2024-01-22 18:50:27.289 BasePage:296 - Attempt 1: Clicked on <Popup Close Icon> successfully
[logsrowserStack_Google Pixel 3 DEBUG] 2024-01-22 18:50:27.407 MyCoinsTests:48 - ---------------------------------------------------
[logsrowserStack_Google Pixel 3 DEBUG] 2024-01-22 18:50:27.410 MyCoinsTests:49 - ******************* Test started: T210  *******************
[logsrowserStack_Google Pixel 3 INFO ] 2024-01-22 18:50:29.765 BasePage:288 - Attempt 1: Clicking on <My Coins>
[logsrowserStack_Google Pixel 3 INFO ] 2024-01-22 18:50:32.066 BasePage:296 - Attempt 1: Clicked on <My Coins> successfully
[logsrowserStack_Google Pixel 3 DEBUG] 2024-01-22 18:50:32.068 MyCoinsTests:53 - ---------------------------------------------------
[logsrowserStack_Google Pixel 3 DEBUG] 2024-01-22 18:50:32.069 MyCoinsTests:54 - ******************* Test started: T208  *******************
[logsrowserStack_Google Pixel 3 INFO ] 2024-01-22 18:50:40.859 BasePage:288 - Attempt 1: Clicking on <Profile > Edit Icon>
[logsrowserStack_Google Pixel 3 INFO ] 2024-01-22 18:50:45.124 BasePage:296 - Attempt 1: Clicked on <Profile > Edit Icon> successfully
[logsrowserStack_Google Pixel 3 INFO ] 2024-01-22 18:50:50.141 BasePage:75 - Sleeping for 5 seconds...
[logsrowserStack_Google Pixel 3 INFO ] 2024-01-22 18:50:50.783 BasePage:216 - Navigated back
[logsrowserStack_Google Pixel 3 DEBUG] 2024-01-22 18:50:50.784 MyCoinsTests:59 - ---------------------------------------------------
[logsrowserStack_Google Pixel 3 DEBUG] 2024-01-22 18:50:50.785 MyCoinsTests:60 - ******************* Test started: T201  *******************
[logsrowserStack_Google Pixel 3 INFO ] 2024-01-22 18:51:07.394 BasePage:667 - Text value for Element Fetching text for Badge More Icon List - Element 1/1 at index 0: 
[logsrowserStack_Google Pixel 3 DEBUG] 2024-01-22 18:51:07.396 MyCoinsTests:64 - ---------------------------------------------------
[logsrowserStack_Google Pixel 3 DEBUG] 2024-01-22 18:51:07.397 MyCoinsTests:65 - ******************* Test started: T203  *******************
[logsrowserStack_Google Pixel 3 INFO ] 2024-01-22 18:51:11.605 BasePage:288 - Attempt 1: Clicking on <Badge More Button>
[logsrowserStack_Google Pixel 3 INFO ] 2024-01-22 18:51:15.878 BasePage:296 - Attempt 1: Clicked on <Badge More Button> successfully
[logsrowserStack_Google Pixel 3 INFO ] 2024-01-22 18:51:20.892 BasePage:75 - Sleeping for 5 seconds...
[logsrowserStack_Google Pixel 3 INFO ] 2024-01-22 18:51:21.589 BasePage:216 - Navigated back
[logsrowserStack_Google Pixel 3 DEBUG] 2024-01-22 18:51:21.612 MyCoinsTests:74 - ---------------------------------------------------
[logsrowserStack_Google Pixel 3 DEBUG] 2024-01-22 18:51:21.613 MyCoinsTests:75 - ******************* Test started: T204  *******************
[logsrowserStack_Google Pixel 3 INFO ] 2024-01-22 18:51:56.554 BasePage:288 - Attempt 1: Clicking on <Clam Code Card>
[logsrowserStack_Google Pixel 3 INFO ] 2024-01-22 18:52:00.796 BasePage:296 - Attempt 1: Clicked on <Clam Code Card> successfully
[logsrowserStack_Google Pixel 3 INFO ] 2024-01-22 18:52:02.863 BasePage:288 - Attempt 1: Clicking on <Enter Cupon Code>
[logsrowserStack_Google Pixel 3 INFO ] 2024-01-22 18:52:05.530 BasePage:296 - Attempt 1: Clicked on <Enter Cupon Code> successfully
[logsrowserStack_Google Pixel 3 INFO ] 2024-01-22 18:52:08.640 BasePage:539 - Attempt 1: Successfully sent keys to <Enter Cupon Code>: "MOFFRIENDS".
[logsrowserStack_Google Pixel 3 INFO ] 2024-01-22 18:52:11.015 BasePage:188 - Android keyboard hidden
[logsrowserStack_Google Pixel 3 INFO ] 2024-01-22 18:52:14.559 BasePage:288 - Attempt 1: Clicking on <Submit Button>
[logsrowserStack_Google Pixel 3 INFO ] 2024-01-22 18:52:16.122 BasePage:296 - Attempt 1: Clicked on <Submit Button> successfully
[logsrowserStack_Google Pixel 3 INFO ] 2024-01-22 18:52:42.445 BasePage:288 - Attempt 1: Clicking on <Clam Code Card>
[logsrowserStack_Google Pixel 3 INFO ] 2024-01-22 18:52:46.694 BasePage:296 - Attempt 1: Clicked on <Clam Code Card> successfully
[logsrowserStack_Google Pixel 3 INFO ] 2024-01-22 18:52:50.943 BasePage:539 - Attempt 1: Successfully sent keys to <Enter Cupon Code>: "12345".
[logsrowserStack_Google Pixel 3 INFO ] 2024-01-22 18:52:55.538 BasePage:288 - Attempt 1: Clicking on <Submit Button>
[logsrowserStack_Google Pixel 3 INFO ] 2024-01-22 18:52:57.129 BasePage:296 - Attempt 1: Clicked on <Submit Button> successfully
[logsrowserStack_Google Pixel 3 INFO ] 2024-01-22 18:53:06.645 BasePage:250 - Number of displayed elements for 'Invalid Cupon Error Message Shown' in the list: 1
[logsrowserStack_Google Pixel 3 DEBUG] 2024-01-22 18:53:06.669 MyCoinsTests:85 - ---------------------------------------------------
[logsrowserStack_Google Pixel 3 DEBUG] 2024-01-22 18:53:06.671 MyCoinsTests:86 - ******************* Test started: T206  *******************
[logsrowserStack_Google Pixel 3 INFO ] 2024-01-22 18:53:11.088 BasePage:1040 - Element :Statistics And Values is not displayed. Scrolling down to find the element: Statistics And Values.
[logsrowserStack_Google Pixel 3 INFO ] 2024-01-22 18:53:44.511 BasePage:288 - Attempt 1: Clicking on <Statistics And Values Explore Club Card>
[logsrowserStack_Google Pixel 3 INFO ] 2024-01-22 18:53:48.777 BasePage:296 - Attempt 1: Clicked on <Statistics And Values Explore Club Card> successfully
[logsrowserStack_Google Pixel 3 INFO ] 2024-01-22 18:53:53.788 BasePage:75 - Sleeping for 5 seconds...
[logsrowserStack_Google Pixel 3 INFO ] 2024-01-22 18:53:54.594 BasePage:216 - Navigated back
[logsrowserStack_Google Pixel 3 DEBUG] 2024-01-22 18:53:54.596 MyCoinsTests:91 - ---------------------------------------------------
[logsrowserStack_Google Pixel 3 DEBUG] 2024-01-22 18:53:54.597 MyCoinsTests:92 - ******************* Test started: T205  *******************
[logsrowserStack_Google Pixel 3 INFO ] 2024-01-22 18:53:57.992 BasePage:288 - Attempt 1: Clicking on <Statistics And Values More Button>
[logsrowserStack_Google Pixel 3 INFO ] 2024-01-22 18:54:02.274 BasePage:296 - Attempt 1: Clicked on <Statistics And Values More Button> successfully
[logsrowserStack_Google Pixel 3 INFO ] 2024-01-22 18:54:07.282 BasePage:75 - Sleeping for 5 seconds...
[logsrowserStack_Google Pixel 3 INFO ] 2024-01-22 18:54:07.903 BasePage:216 - Navigated back
[logsrowserStack_Google Pixel 3 DEBUG] 2024-01-22 18:54:07.904 MyCoinsTests:96 - ---------------------------------------------------
[logsrowserStack_Google Pixel 3 DEBUG] 2024-01-22 18:54:07.906 MyCoinsTests:97 - ******************* Test started: T207  *******************
[logsrowserStack_Google Pixel 3 INFO ] 2024-01-22 18:55:09.015 BasePage:1040 - Element :Number of My Coins Count is not displayed. Scrolling down to find the element: Number of My Coins Count.
[logsrowserStack_Google Pixel 3 INFO ] 2024-01-22 18:55:21.449 BasePage:1030 - Element - Number of My Coins Count :  is now displayed. No need to scroll further.
[logsrowserStack_Google Pixel 3 INFO ] 2024-01-22 18:55:40.434 BasePage:624 - Getting text attribute '70 coins' for element 'Number of My Coins Count' with text '70 coins'
[logsrowserStack_Google Pixel 3 DEBUG] 2024-01-22 18:55:44.661 MyCoinsTests:102 - ---------------------------------------------------
[logsrowserStack_Google Pixel 3 DEBUG] 2024-01-22 18:55:44.662 MyCoinsTests:103 - ******************* Test started: T209  *******************
[logsrowserStack_Google Pixel 3 INFO ] 2024-01-22 18:55:48.858 BasePage:288 - Attempt 1: Clicking on <My Coins Card>
[logsrowserStack_Google Pixel 3 INFO ] 2024-01-22 18:55:53.118 BasePage:296 - Attempt 1: Clicked on <My Coins Card> successfully
[logsrowserStack_Google Pixel 3 INFO ] 2024-01-22 18:55:58.132 BasePage:75 - Sleeping for 5 seconds...
[logsrowserStack_Google Pixel 3 INFO ] 2024-01-22 18:55:58.915 BasePage:216 - Navigated back
[logsrowserStack_Google Pixel 3 DEBUG] 2024-01-22 18:55:58.955 MyCoinsTests:112 - ---------------------------------------------------
[logsrowserStack_Google Pixel 3 DEBUG] 2024-01-22 18:55:58.958 MyCoinsTests:113 - ******************* Test started: T202  *******************
[logsrowserStack_Google Pixel 3 INFO ] 2024-01-22 18:56:02.924 BasePage:1040 - Element :Add New Collection is not displayed. Scrolling down to find the element: Add New Collection.
[logsrowserStack_Google Pixel 3 INFO ] 2024-01-22 18:56:06.957 BasePage:1040 - Element :Add New Collection is not displayed. Scrolling down to find the element: Add New Collection.
[logsrowserStack_Google Pixel 3 INFO ] 2024-01-22 18:56:19.349 BasePage:1030 - Element - Add New Collection :  is now displayed. No need to scroll further.
[logsrowserStack_Google Pixel 3 INFO ] 2024-01-22 18:56:29.858 BasePage:288 - Attempt 1: Clicking on <Add New Collection>
[logsrowserStack_Google Pixel 3 INFO ] 2024-01-22 18:56:34.108 BasePage:296 - Attempt 1: Clicked on <Add New Collection> successfully
[logsrowserStack_Google Pixel 3 INFO ] 2024-01-22 18:56:35.739 BasePage:288 - Attempt 1: Clicking on <Add Cover Image>
[logsrowserStack_Google Pixel 3 INFO ] 2024-01-22 18:56:37.475 BasePage:296 - Attempt 1: Clicked on <Add Cover Image> successfully
[logsrowserStack_Google Pixel 3 INFO ] 2024-01-22 18:56:39.193 BasePage:288 - Attempt 1: Clicking on <Add Image>
[logsrowserStack_Google Pixel 3 INFO ] 2024-01-22 18:56:40.854 BasePage:296 - Attempt 1: Clicked on <Add Image> successfully
[logsrowserStack_Google Pixel 3 INFO ] 2024-01-22 18:56:42.556 BasePage:288 - Attempt 1: Clicking on <Collection Name>
[logsrowserStack_Google Pixel 3 INFO ] 2024-01-22 18:56:45.176 BasePage:296 - Attempt 1: Clicked on <Collection Name> successfully
[logsrowserStack_Google Pixel 3 INFO ] 2024-01-22 18:56:48.468 BasePage:539 - Attempt 1: Successfully sent keys to <Collection Name>: "Enter The Collection Name".
[logsrowserStack_Google Pixel 3 INFO ] 2024-01-22 18:56:50.857 BasePage:188 - Android keyboard hidden
[logsrowserStack_Google Pixel 3 INFO ] 2024-01-22 18:56:52.537 BasePage:288 - Attempt 1: Clicking on <Description>
[logsrowserStack_Google Pixel 3 INFO ] 2024-01-22 18:56:55.100 BasePage:296 - Attempt 1: Clicked on <Description> successfully
[logsrowserStack_Google Pixel 3 INFO ] 2024-01-22 18:56:58.306 BasePage:539 - Attempt 1: Successfully sent keys to <Description>: "Enter The Collection Decscription ".
[logsrowserStack_Google Pixel 3 INFO ] 2024-01-22 18:57:00.524 BasePage:188 - Android keyboard hidden
[logsrowserStack_Google Pixel 3 INFO ] 2024-01-22 18:57:02.157 BasePage:288 - Attempt 1: Clicking on <Public Collection Toggle Button>
[logsrowserStack_Google Pixel 3 INFO ] 2024-01-22 18:57:03.805 BasePage:296 - Attempt 1: Clicked on <Public Collection Toggle Button> successfully
[logsrowserStack_Google Pixel 3 INFO ] 2024-01-22 18:57:05.446 BasePage:288 - Attempt 1: Clicking on <Create Button>
[logsrowserStack_Google Pixel 3 INFO ] 2024-01-22 18:57:07.093 BasePage:296 - Attempt 1: Clicked on <Create Button> successfully
[logsrowserStack_Google Pixel 3 DEBUG] 2024-01-22 18:57:08.577 BaseTest:207 - Appium Server stopped.............
