[logsAndroid_Pixel_7_Pro_API_31 DEBUG] 2024-02-15 13:55:31.400 BaseTest:125 - Log file path: logs\Android_Pixel_7_Pro_API_31
[logsAndroid_Pixel_7_Pro_API_31 DEBUG] 2024-02-15 13:55:31.420 BaseTest:132 - Setting PLATFORM_NAME to: Android
[logsAndroid_Pixel_7_Pro_API_31 DEBUG] 2024-02-15 13:55:31.421 BaseTest:136 - Setting DEVICE_NAME to: Pixel_7_Pro_API_31
[logsAndroid_Pixel_7_Pro_API_31 DEBUG] 2024-02-15 13:55:46.288 BaseTest:159 - sessionId: 109050b3-d2d7-48b7-8356-608ce36bc325
[logsAndroid_Pixel_7_Pro_API_31 DEBUG] 2024-02-15 13:55:47.074 LoginTests:73 - ---------------------------------------------------
[logsAndroid_Pixel_7_Pro_API_31 DEBUG] 2024-02-15 13:55:47.075 LoginTests:74 - ******************* Test started: T101 *******************
[logsAndroid_Pixel_7_Pro_API_31 ERROR] 2024-02-15 13:56:17.601 BasePage:326 - Attempt 1: Failed to click on: <Login with email>. Exception: Expected condition failed: waiting for visibility of Located by By.chained({By.xpath: //android.widget.TextView[@resource-id='login_screen_text_31']}) (tried for 30 second(s) with 500 milliseconds interval)
org.openqa.selenium.TimeoutException: Expected condition failed: waiting for visibility of Located by By.chained({By.xpath: //android.widget.TextView[@resource-id='login_screen_text_31']}) (tried for 30 second(s) with 500 milliseconds interval)
	at org.openqa.selenium.support.ui.WebDriverWait.timeoutException(WebDriverWait.java:95) ~[selenium-support-3.141.59.jar:?]
	at org.openqa.selenium.support.ui.FluentWait.until(FluentWait.java:272) ~[selenium-support-3.141.59.jar:?]
	at com.appium.base.BasePage.waitForVisibility(BasePage.java:86) ~[classes/:?]
	at com.appium.base.BasePage.click(BasePage.java:290) ~[classes/:?]
	at com.appium.base.BasePage.click(BasePage.java:280) ~[classes/:?]
	at com.appium.pages.LoginPage.pressLoginWithEmail(LoginPage.java:71) ~[classes/:?]
	at com.appium.tests.LoginTests.successfulLogin(LoginTests.java:81) ~[test-classes/:?]
	at jdk.internal.reflect.NativeMethodAccessorImpl.invoke0(Native Method) ~[?:?]
	at jdk.internal.reflect.NativeMethodAccessorImpl.invoke(NativeMethodAccessorImpl.java:62) ~[?:?]
	at jdk.internal.reflect.DelegatingMethodAccessorImpl.invoke(DelegatingMethodAccessorImpl.java:43) ~[?:?]
	at java.lang.reflect.Method.invoke(Method.java:566) ~[?:?]
	at org.testng.internal.MethodInvocationHelper.invokeMethod(MethodInvocationHelper.java:133) ~[testng-7.4.0.jar:7.4.0]
	at org.testng.internal.TestInvoker.invokeMethod(TestInvoker.java:598) ~[testng-7.4.0.jar:7.4.0]
	at org.testng.internal.TestInvoker.invokeTestMethod(TestInvoker.java:173) ~[testng-7.4.0.jar:7.4.0]
	at org.testng.internal.MethodRunner.runInSequence(MethodRunner.java:46) ~[testng-7.4.0.jar:7.4.0]
	at org.testng.internal.TestInvoker$MethodInvocationAgent.invoke(TestInvoker.java:824) ~[testng-7.4.0.jar:7.4.0]
	at org.testng.internal.TestInvoker.invokeTestMethods(TestInvoker.java:146) ~[testng-7.4.0.jar:7.4.0]
	at org.testng.internal.TestMethodWorker.invokeTestMethods(TestMethodWorker.java:146) ~[testng-7.4.0.jar:7.4.0]
	at org.testng.internal.TestMethodWorker.run(TestMethodWorker.java:128) ~[testng-7.4.0.jar:7.4.0]
	at java.util.ArrayList.forEach(ArrayList.java:1541) [?:?]
	at org.testng.TestRunner.privateRun(TestRunner.java:794) [testng-7.4.0.jar:7.4.0]
	at org.testng.TestRunner.run(TestRunner.java:596) [testng-7.4.0.jar:7.4.0]
	at org.testng.SuiteRunner.runTest(SuiteRunner.java:377) [testng-7.4.0.jar:7.4.0]
	at org.testng.SuiteRunner.runSequentially(SuiteRunner.java:371) [testng-7.4.0.jar:7.4.0]
	at org.testng.SuiteRunner.privateRun(SuiteRunner.java:332) [testng-7.4.0.jar:7.4.0]
	at org.testng.SuiteRunner.run(SuiteRunner.java:276) [testng-7.4.0.jar:7.4.0]
	at org.testng.SuiteRunnerWorker.runSuite(SuiteRunnerWorker.java:53) [testng-7.4.0.jar:7.4.0]
	at org.testng.SuiteRunnerWorker.run(SuiteRunnerWorker.java:96) [testng-7.4.0.jar:7.4.0]
	at org.testng.TestNG.runSuitesSequentially(TestNG.java:1212) [testng-7.4.0.jar:7.4.0]
	at org.testng.TestNG.runSuitesLocally(TestNG.java:1134) [testng-7.4.0.jar:7.4.0]
	at org.testng.TestNG.runSuites(TestNG.java:1063) [testng-7.4.0.jar:7.4.0]
	at org.testng.TestNG.run(TestNG.java:1031) [testng-7.4.0.jar:7.4.0]
	at org.testng.remote.AbstractRemoteTestNG.run(AbstractRemoteTestNG.java:115) [testng-remote.jar:?]
	at org.testng.remote.RemoteTestNG.initAndRun(RemoteTestNG.java:251) [testng-remote.jar:?]
	at org.testng.remote.RemoteTestNG.main(RemoteTestNG.java:77) [testng-remote.jar:?]
Caused by: org.openqa.selenium.NoSuchElementException: Can't locate an element by this strategy: By.chained({By.xpath: //android.widget.TextView[@resource-id='login_screen_text_31']})
	at io.appium.java_client.pagefactory.AppiumElementLocator.findElement(AppiumElementLocator.java:126) ~[java-client-7.5.1.jar:?]
	at io.appium.java_client.pagefactory.interceptors.InterceptorOfASingleElement.intercept(InterceptorOfASingleElement.java:59) ~[java-client-7.5.1.jar:?]
	at io.appium.java_client.android.AndroidElement$$EnhancerByCGLIB$$b598166c.isDisplayed(<generated>) ~[java-client-7.5.1.jar:?]
	at org.openqa.selenium.support.ui.ExpectedConditions.elementIfVisible(ExpectedConditions.java:314) ~[selenium-support-3.141.59.jar:?]
	at org.openqa.selenium.support.ui.ExpectedConditions.access$000(ExpectedConditions.java:43) ~[selenium-support-3.141.59.jar:?]
	at org.openqa.selenium.support.ui.ExpectedConditions$10.apply(ExpectedConditions.java:300) ~[selenium-support-3.141.59.jar:?]
	at org.openqa.selenium.support.ui.ExpectedConditions$10.apply(ExpectedConditions.java:297) ~[selenium-support-3.141.59.jar:?]
	at org.openqa.selenium.support.ui.FluentWait.until(FluentWait.java:249) ~[selenium-support-3.141.59.jar:?]
	... 33 more
Caused by: org.openqa.selenium.TimeoutException: Expected condition failed: waiting for io.appium.java_client.pagefactory.AppiumElementLocator$WaitingFunction@3e0fbeb5 (tried for 30 second(s) with 500 milliseconds interval)
	at org.openqa.selenium.support.ui.FluentWait.timeoutException(FluentWait.java:304) ~[selenium-support-3.141.59.jar:?]
	at org.openqa.selenium.support.ui.FluentWait.until(FluentWait.java:272) ~[selenium-support-3.141.59.jar:?]
	at io.appium.java_client.pagefactory.AppiumElementLocator.waitFor(AppiumElementLocator.java:99) ~[java-client-7.5.1.jar:?]
	at io.appium.java_client.pagefactory.AppiumElementLocator.findElement(AppiumElementLocator.java:119) ~[java-client-7.5.1.jar:?]
	at io.appium.java_client.pagefactory.interceptors.InterceptorOfASingleElement.intercept(InterceptorOfASingleElement.java:59) ~[java-client-7.5.1.jar:?]
	at io.appium.java_client.android.AndroidElement$$EnhancerByCGLIB$$b598166c.isDisplayed(<generated>) ~[java-client-7.5.1.jar:?]
	at org.openqa.selenium.support.ui.ExpectedConditions.elementIfVisible(ExpectedConditions.java:314) ~[selenium-support-3.141.59.jar:?]
	at org.openqa.selenium.support.ui.ExpectedConditions.access$000(ExpectedConditions.java:43) ~[selenium-support-3.141.59.jar:?]
	at org.openqa.selenium.support.ui.ExpectedConditions$10.apply(ExpectedConditions.java:300) ~[selenium-support-3.141.59.jar:?]
	at org.openqa.selenium.support.ui.ExpectedConditions$10.apply(ExpectedConditions.java:297) ~[selenium-support-3.141.59.jar:?]
	at org.openqa.selenium.support.ui.FluentWait.until(FluentWait.java:249) ~[selenium-support-3.141.59.jar:?]
	... 33 more
Caused by: org.openqa.selenium.NoSuchElementException: Cannot locate an element using By.chained({By.xpath: //android.widget.TextView[@resource-id='login_screen_text_31']})
For documentation on this error, please visit: https://www.seleniumhq.org/exceptions/no_such_element.html
Build info: version: '3.141.59', revision: 'e82be7d358', time: '2018-11-14T08:17:03'
System info: host: 'RUDRA', ip: '192.168.1.3', os.name: 'Windows 11', os.arch: 'amd64', os.version: '10.0', java.version: '11.0.20'
Driver info: driver.version: AndroidDriver
	at io.appium.java_client.pagefactory.bys.builder.ByChained.findElement(ByChained.java:74) ~[java-client-7.5.1.jar:?]
	at org.openqa.selenium.remote.RemoteWebDriver.findElement(RemoteWebDriver.java:315) ~[selenium-remote-driver-3.141.59.jar:?]
	at io.appium.java_client.DefaultGenericMobileDriver.findElement(DefaultGenericMobileDriver.java:57) ~[java-client-7.5.1.jar:?]
	at io.appium.java_client.AppiumDriver.findElement(AppiumDriver.java:1) ~[java-client-7.5.1.jar:?]
	at io.appium.java_client.android.AndroidDriver.findElement(AndroidDriver.java:1) ~[java-client-7.5.1.jar:?]
	at io.appium.java_client.pagefactory.bys.ContentMappedBy.findElement(ContentMappedBy.java:50) ~[java-client-7.5.1.jar:?]
	at org.openqa.selenium.remote.RemoteWebDriver.findElement(RemoteWebDriver.java:315) ~[selenium-remote-driver-3.141.59.jar:?]
	at io.appium.java_client.DefaultGenericMobileDriver.findElement(DefaultGenericMobileDriver.java:57) ~[java-client-7.5.1.jar:?]
	at io.appium.java_client.AppiumDriver.findElement(AppiumDriver.java:1) ~[java-client-7.5.1.jar:?]
	at io.appium.java_client.android.AndroidDriver.findElement(AndroidDriver.java:1) ~[java-client-7.5.1.jar:?]
	at io.appium.java_client.pagefactory.AppiumElementLocator.lambda$0(AppiumElementLocator.java:120) ~[java-client-7.5.1.jar:?]
	at io.appium.java_client.pagefactory.AppiumElementLocator$WaitingFunction.apply(AppiumElementLocator.java:172) ~[java-client-7.5.1.jar:?]
	at io.appium.java_client.pagefactory.AppiumElementLocator$WaitingFunction.apply(AppiumElementLocator.java:1) ~[java-client-7.5.1.jar:?]
	at org.openqa.selenium.support.ui.FluentWait.until(FluentWait.java:249) ~[selenium-support-3.141.59.jar:?]
	at io.appium.java_client.pagefactory.AppiumElementLocator.waitFor(AppiumElementLocator.java:99) ~[java-client-7.5.1.jar:?]
	at io.appium.java_client.pagefactory.AppiumElementLocator.findElement(AppiumElementLocator.java:119) ~[java-client-7.5.1.jar:?]
	at io.appium.java_client.pagefactory.interceptors.InterceptorOfASingleElement.intercept(InterceptorOfASingleElement.java:59) ~[java-client-7.5.1.jar:?]
	at io.appium.java_client.android.AndroidElement$$EnhancerByCGLIB$$b598166c.isDisplayed(<generated>) ~[java-client-7.5.1.jar:?]
	at org.openqa.selenium.support.ui.ExpectedConditions.elementIfVisible(ExpectedConditions.java:314) ~[selenium-support-3.141.59.jar:?]
	at org.openqa.selenium.support.ui.ExpectedConditions.access$000(ExpectedConditions.java:43) ~[selenium-support-3.141.59.jar:?]
	at org.openqa.selenium.support.ui.ExpectedConditions$10.apply(ExpectedConditions.java:300) ~[selenium-support-3.141.59.jar:?]
	at org.openqa.selenium.support.ui.ExpectedConditions$10.apply(ExpectedConditions.java:297) ~[selenium-support-3.141.59.jar:?]
	at org.openqa.selenium.support.ui.FluentWait.until(FluentWait.java:249) ~[selenium-support-3.141.59.jar:?]
	... 33 more
[logsAndroid_Pixel_7_Pro_API_31 DEBUG] 2024-02-15 13:56:57.126 BaseTest:125 - Log file path: logs\Android_Pixel_7_Pro_API_31
[logsAndroid_Pixel_7_Pro_API_31 DEBUG] 2024-02-15 13:56:57.155 BaseTest:132 - Setting PLATFORM_NAME to: Android
[logsAndroid_Pixel_7_Pro_API_31 DEBUG] 2024-02-15 13:56:57.156 BaseTest:136 - Setting DEVICE_NAME to: Pixel_7_Pro_API_31
[logsAndroid_Pixel_7_Pro_API_31 DEBUG] 2024-02-15 13:57:04.616 BaseTest:159 - sessionId: 456cb21d-73d0-4906-aa6e-89fcc2cc4105
[logsAndroid_Pixel_7_Pro_API_31 INFO ] 2024-02-15 13:57:13.978 BasePage:294 - Attempt 1: Clicking on <My Coins>
[logsAndroid_Pixel_7_Pro_API_31 INFO ] 2024-02-15 13:57:14.258 BasePage:302 - Attempt 1: Clicked on <My Coins> successfully
[logsAndroid_Pixel_7_Pro_API_31 INFO ] 2024-02-15 13:57:16.483 BasePage:1273 - Element :My Coins Card is not displayed. Scrolling down to find the element: My Coins Card.
[logsAndroid_Pixel_7_Pro_API_31 INFO ] 2024-02-15 13:57:22.762 BasePage:1273 - Element :My Coins Card is not displayed. Scrolling down to find the element: My Coins Card.
[logsAndroid_Pixel_7_Pro_API_31 INFO ] 2024-02-15 13:57:27.422 BasePage:1273 - Element :My Coins Card is not displayed. Scrolling down to find the element: My Coins Card.
[logsAndroid_Pixel_7_Pro_API_31 INFO ] 2024-02-15 13:57:32.080 BasePage:1199 - Element is below the center of the screen. Scrolling down...
[logsAndroid_Pixel_7_Pro_API_31 INFO ] 2024-02-15 13:57:33.971 BasePage:1199 - Element is below the center of the screen. Scrolling down...
[logsAndroid_Pixel_7_Pro_API_31 INFO ] 2024-02-15 13:57:36.107 BasePage:1199 - Element is below the center of the screen. Scrolling down...
[logsAndroid_Pixel_7_Pro_API_31 INFO ] 2024-02-15 13:57:38.294 BasePage:1199 - Element is below the center of the screen. Scrolling down...
[logsAndroid_Pixel_7_Pro_API_31 INFO ] 2024-02-15 13:57:40.511 BasePage:1218 - Scrolling complete. Element is now centered on the screen.
[logsAndroid_Pixel_7_Pro_API_31 INFO ] 2024-02-15 13:57:40.512 BasePage:1262 - Element - My Coins Card :  is now displayed. No need to scroll further.
[logsAndroid_Pixel_7_Pro_API_31 INFO ] 2024-02-15 13:57:40.825 BasePage:294 - Attempt 1: Clicking on <My Coins>
[logsAndroid_Pixel_7_Pro_API_31 INFO ] 2024-02-15 13:57:42.862 BasePage:302 - Attempt 1: Clicked on <My Coins> successfully
[logsAndroid_Pixel_7_Pro_API_31 INFO ] 2024-02-15 13:57:57.856 BasePage:294 - Attempt 1: Clicking on <Filter>
[logsAndroid_Pixel_7_Pro_API_31 INFO ] 2024-02-15 13:57:58.205 BasePage:302 - Attempt 1: Clicked on <Filter> successfully
[logsAndroid_Pixel_7_Pro_API_31 INFO ] 2024-02-15 13:58:07.856 BasePage:294 - Attempt 1: Clicking on <Filter - Coin type>
[logsAndroid_Pixel_7_Pro_API_31 INFO ] 2024-02-15 13:58:08.272 BasePage:302 - Attempt 1: Clicked on <Filter - Coin type> successfully
[logsAndroid_Pixel_7_Pro_API_31 INFO ] 2024-02-15 13:58:08.447 BasePage:294 - Attempt 1: Clicking on <Coin type - Commemorative>
[logsAndroid_Pixel_7_Pro_API_31 INFO ] 2024-02-15 13:58:08.674 BasePage:302 - Attempt 1: Clicked on <Coin type - Commemorative> successfully
[logsAndroid_Pixel_7_Pro_API_31 INFO ] 2024-02-15 13:58:09.665 BasePage:294 - Attempt 1: Clicking on <Show results>
[logsAndroid_Pixel_7_Pro_API_31 INFO ] 2024-02-15 13:58:09.858 BasePage:302 - Attempt 1: Clicked on <Show results> successfully
[logsAndroid_Pixel_7_Pro_API_31 INFO ] 2024-02-15 13:58:10.067 BasePage:294 - Attempt 1: Clicking on <Show All>
[logsAndroid_Pixel_7_Pro_API_31 INFO ] 2024-02-15 13:58:13.008 BasePage:302 - Attempt 1: Clicked on <Show All> successfully
[logsAndroid_Pixel_7_Pro_API_31 INFO ] 2024-02-15 13:58:13.251 BasePage:294 - Attempt 1: Clicking on <Clear Fliter>
[logsAndroid_Pixel_7_Pro_API_31 INFO ] 2024-02-15 13:58:14.293 BasePage:302 - Attempt 1: Clicked on <Clear Fliter> successfully
[logsAndroid_Pixel_7_Pro_API_31 INFO ] 2024-02-15 13:58:14.505 BasePage:220 - Navigated back
[logsAndroid_Pixel_7_Pro_API_31 INFO ] 2024-02-15 13:58:21.936 BasePage:294 - Attempt 1: Clicking on <My Coins>
[logsAndroid_Pixel_7_Pro_API_31 INFO ] 2024-02-15 13:58:22.093 BasePage:302 - Attempt 1: Clicked on <My Coins> successfully
[logsAndroid_Pixel_7_Pro_API_31 INFO ] 2024-02-15 13:58:24.039 BasePage:1273 - Element :My Coins Card is not displayed. Scrolling down to find the element: My Coins Card.
[logsAndroid_Pixel_7_Pro_API_31 INFO ] 2024-02-15 13:58:28.404 BasePage:1199 - Element is below the center of the screen. Scrolling down...
[logsAndroid_Pixel_7_Pro_API_31 INFO ] 2024-02-15 13:58:30.358 BasePage:1199 - Element is below the center of the screen. Scrolling down...
[logsAndroid_Pixel_7_Pro_API_31 INFO ] 2024-02-15 13:58:32.562 BasePage:1199 - Element is below the center of the screen. Scrolling down...
[logsAndroid_Pixel_7_Pro_API_31 INFO ] 2024-02-15 13:58:34.644 BasePage:1199 - Element is below the center of the screen. Scrolling down...
[logsAndroid_Pixel_7_Pro_API_31 INFO ] 2024-02-15 13:58:36.804 BasePage:1199 - Element is below the center of the screen. Scrolling down...
[logsAndroid_Pixel_7_Pro_API_31 INFO ] 2024-02-15 13:58:39.012 BasePage:1199 - Element is below the center of the screen. Scrolling down...
[logsAndroid_Pixel_7_Pro_API_31 INFO ] 2024-02-15 13:58:41.193 BasePage:1199 - Element is below the center of the screen. Scrolling down...
[logsAndroid_Pixel_7_Pro_API_31 INFO ] 2024-02-15 13:58:43.301 BasePage:1218 - Scrolling complete. Element is now centered on the screen.
[logsAndroid_Pixel_7_Pro_API_31 INFO ] 2024-02-15 13:58:43.301 BasePage:1262 - Element - My Coins Card :  is now displayed. No need to scroll further.
[logsAndroid_Pixel_7_Pro_API_31 INFO ] 2024-02-15 13:58:43.575 BasePage:294 - Attempt 1: Clicking on <My Coins>
[logsAndroid_Pixel_7_Pro_API_31 INFO ] 2024-02-15 13:58:45.492 BasePage:302 - Attempt 1: Clicked on <My Coins> successfully
[logsAndroid_Pixel_7_Pro_API_31 INFO ] 2024-02-15 13:59:01.663 BasePage:294 - Attempt 1: Clicking on <Filter>
[logsAndroid_Pixel_7_Pro_API_31 INFO ] 2024-02-15 13:59:01.861 BasePage:302 - Attempt 1: Clicked on <Filter> successfully
[logsAndroid_Pixel_7_Pro_API_31 INFO ] 2024-02-15 13:59:16.217 BasePage:294 - Attempt 1: Clicking on <Filter - Coin type>
[logsAndroid_Pixel_7_Pro_API_31 INFO ] 2024-02-15 13:59:16.410 BasePage:302 - Attempt 1: Clicked on <Filter - Coin type> successfully
[logsAndroid_Pixel_7_Pro_API_31 ERROR] 2024-02-15 13:59:47.283 BasePage:326 - Attempt 1: Failed to click on: <Coin type - Regular>. Exception: Expected condition failed: waiting for visibility of Located by By.chained({By.xpath: //android.view.ViewGroup[@resource-id='button_icon_button_filter_modal_3_default']z}) (tried for 30 second(s) with 500 milliseconds interval)
org.openqa.selenium.TimeoutException: Expected condition failed: waiting for visibility of Located by By.chained({By.xpath: //android.view.ViewGroup[@resource-id='button_icon_button_filter_modal_3_default']z}) (tried for 30 second(s) with 500 milliseconds interval)
	at org.openqa.selenium.support.ui.WebDriverWait.timeoutException(WebDriverWait.java:95) ~[selenium-support-3.141.59.jar:?]
	at org.openqa.selenium.support.ui.FluentWait.until(FluentWait.java:272) ~[selenium-support-3.141.59.jar:?]
	at com.appium.base.BasePage.waitForVisibility(BasePage.java:86) ~[classes/:?]
	at com.appium.base.BasePage.click(BasePage.java:290) ~[classes/:?]
	at com.appium.base.BasePage.click(BasePage.java:280) ~[classes/:?]
	at com.appium.pages.AllCoinsPage.check_FilterWithCoinTypeWithRegular(AllCoinsPage.java:162) ~[classes/:?]
	at com.appium.pages.CoinsDetailsPage.check_Filter_CoinTypeWithRegular(CoinsDetailsPage.java:236) ~[classes/:?]
	at com.appium.tests.CoinDetailsTest.allTestCasesRelated_Mycoins(CoinDetailsTest.java:49) ~[test-classes/:?]
	at jdk.internal.reflect.NativeMethodAccessorImpl.invoke0(Native Method) ~[?:?]
	at jdk.internal.reflect.NativeMethodAccessorImpl.invoke(NativeMethodAccessorImpl.java:62) ~[?:?]
	at jdk.internal.reflect.DelegatingMethodAccessorImpl.invoke(DelegatingMethodAccessorImpl.java:43) ~[?:?]
	at java.lang.reflect.Method.invoke(Method.java:566) ~[?:?]
	at org.testng.internal.MethodInvocationHelper.invokeMethod(MethodInvocationHelper.java:133) ~[testng-7.4.0.jar:7.4.0]
	at org.testng.internal.TestInvoker.invokeMethod(TestInvoker.java:598) ~[testng-7.4.0.jar:7.4.0]
	at org.testng.internal.TestInvoker.invokeTestMethod(TestInvoker.java:173) ~[testng-7.4.0.jar:7.4.0]
	at org.testng.internal.MethodRunner.runInSequence(MethodRunner.java:46) ~[testng-7.4.0.jar:7.4.0]
	at org.testng.internal.TestInvoker$MethodInvocationAgent.invoke(TestInvoker.java:824) ~[testng-7.4.0.jar:7.4.0]
	at org.testng.internal.TestInvoker.invokeTestMethods(TestInvoker.java:146) ~[testng-7.4.0.jar:7.4.0]
	at org.testng.internal.TestMethodWorker.invokeTestMethods(TestMethodWorker.java:146) ~[testng-7.4.0.jar:7.4.0]
	at org.testng.internal.TestMethodWorker.run(TestMethodWorker.java:128) ~[testng-7.4.0.jar:7.4.0]
	at java.util.ArrayList.forEach(ArrayList.java:1541) [?:?]
	at org.testng.TestRunner.privateRun(TestRunner.java:794) [testng-7.4.0.jar:7.4.0]
	at org.testng.TestRunner.run(TestRunner.java:596) [testng-7.4.0.jar:7.4.0]
	at org.testng.SuiteRunner.runTest(SuiteRunner.java:377) [testng-7.4.0.jar:7.4.0]
	at org.testng.SuiteRunner.runSequentially(SuiteRunner.java:371) [testng-7.4.0.jar:7.4.0]
	at org.testng.SuiteRunner.privateRun(SuiteRunner.java:332) [testng-7.4.0.jar:7.4.0]
	at org.testng.SuiteRunner.run(SuiteRunner.java:276) [testng-7.4.0.jar:7.4.0]
	at org.testng.SuiteRunnerWorker.runSuite(SuiteRunnerWorker.java:53) [testng-7.4.0.jar:7.4.0]
	at org.testng.SuiteRunnerWorker.run(SuiteRunnerWorker.java:96) [testng-7.4.0.jar:7.4.0]
	at org.testng.TestNG.runSuitesSequentially(TestNG.java:1212) [testng-7.4.0.jar:7.4.0]
	at org.testng.TestNG.runSuitesLocally(TestNG.java:1134) [testng-7.4.0.jar:7.4.0]
	at org.testng.TestNG.runSuites(TestNG.java:1063) [testng-7.4.0.jar:7.4.0]
	at org.testng.TestNG.run(TestNG.java:1031) [testng-7.4.0.jar:7.4.0]
	at org.testng.remote.AbstractRemoteTestNG.run(AbstractRemoteTestNG.java:115) [testng-remote.jar:?]
	at org.testng.remote.RemoteTestNG.initAndRun(RemoteTestNG.java:251) [testng-remote.jar:?]
	at org.testng.remote.RemoteTestNG.main(RemoteTestNG.java:77) [testng-remote.jar:?]
Caused by: org.openqa.selenium.NoSuchElementException: Can't locate an element by this strategy: By.chained({By.xpath: //android.view.ViewGroup[@resource-id='button_icon_button_filter_modal_3_default']z})
	at io.appium.java_client.pagefactory.AppiumElementLocator.findElement(AppiumElementLocator.java:126) ~[java-client-7.5.1.jar:?]
	at io.appium.java_client.pagefactory.interceptors.InterceptorOfASingleElement.intercept(InterceptorOfASingleElement.java:59) ~[java-client-7.5.1.jar:?]
	at io.appium.java_client.android.AndroidElement$$EnhancerByCGLIB$$b598166c.isDisplayed(<generated>) ~[java-client-7.5.1.jar:?]
	at org.openqa.selenium.support.ui.ExpectedConditions.elementIfVisible(ExpectedConditions.java:314) ~[selenium-support-3.141.59.jar:?]
	at org.openqa.selenium.support.ui.ExpectedConditions.access$000(ExpectedConditions.java:43) ~[selenium-support-3.141.59.jar:?]
	at org.openqa.selenium.support.ui.ExpectedConditions$10.apply(ExpectedConditions.java:300) ~[selenium-support-3.141.59.jar:?]
	at org.openqa.selenium.support.ui.ExpectedConditions$10.apply(ExpectedConditions.java:297) ~[selenium-support-3.141.59.jar:?]
	at org.openqa.selenium.support.ui.FluentWait.until(FluentWait.java:249) ~[selenium-support-3.141.59.jar:?]
	... 34 more
Caused by: org.openqa.selenium.TimeoutException: Expected condition failed: waiting for io.appium.java_client.pagefactory.AppiumElementLocator$WaitingFunction@68b734a8 (tried for 30 second(s) with 500 milliseconds interval)
	at org.openqa.selenium.support.ui.FluentWait.timeoutException(FluentWait.java:304) ~[selenium-support-3.141.59.jar:?]
	at org.openqa.selenium.support.ui.FluentWait.until(FluentWait.java:272) ~[selenium-support-3.141.59.jar:?]
	at io.appium.java_client.pagefactory.AppiumElementLocator.waitFor(AppiumElementLocator.java:99) ~[java-client-7.5.1.jar:?]
	at io.appium.java_client.pagefactory.AppiumElementLocator.findElement(AppiumElementLocator.java:119) ~[java-client-7.5.1.jar:?]
	at io.appium.java_client.pagefactory.interceptors.InterceptorOfASingleElement.intercept(InterceptorOfASingleElement.java:59) ~[java-client-7.5.1.jar:?]
	at io.appium.java_client.android.AndroidElement$$EnhancerByCGLIB$$b598166c.isDisplayed(<generated>) ~[java-client-7.5.1.jar:?]
	at org.openqa.selenium.support.ui.ExpectedConditions.elementIfVisible(ExpectedConditions.java:314) ~[selenium-support-3.141.59.jar:?]
	at org.openqa.selenium.support.ui.ExpectedConditions.access$000(ExpectedConditions.java:43) ~[selenium-support-3.141.59.jar:?]
	at org.openqa.selenium.support.ui.ExpectedConditions$10.apply(ExpectedConditions.java:300) ~[selenium-support-3.141.59.jar:?]
	at org.openqa.selenium.support.ui.ExpectedConditions$10.apply(ExpectedConditions.java:297) ~[selenium-support-3.141.59.jar:?]
	at org.openqa.selenium.support.ui.FluentWait.until(FluentWait.java:249) ~[selenium-support-3.141.59.jar:?]
	... 34 more
Caused by: org.openqa.selenium.NoSuchElementException: Cannot locate an element using By.chained({By.xpath: //android.view.ViewGroup[@resource-id='button_icon_button_filter_modal_3_default']z})
For documentation on this error, please visit: https://www.seleniumhq.org/exceptions/no_such_element.html
Build info: version: '3.141.59', revision: 'e82be7d358', time: '2018-11-14T08:17:03'
System info: host: 'RUDRA', ip: '192.168.1.3', os.name: 'Windows 11', os.arch: 'amd64', os.version: '10.0', java.version: '11.0.20'
Driver info: driver.version: AndroidDriver
	at io.appium.java_client.pagefactory.bys.builder.ByChained.findElement(ByChained.java:74) ~[java-client-7.5.1.jar:?]
	at org.openqa.selenium.remote.RemoteWebDriver.findElement(RemoteWebDriver.java:315) ~[selenium-remote-driver-3.141.59.jar:?]
	at io.appium.java_client.DefaultGenericMobileDriver.findElement(DefaultGenericMobileDriver.java:57) ~[java-client-7.5.1.jar:?]
	at io.appium.java_client.AppiumDriver.findElement(AppiumDriver.java:1) ~[java-client-7.5.1.jar:?]
	at io.appium.java_client.android.AndroidDriver.findElement(AndroidDriver.java:1) ~[java-client-7.5.1.jar:?]
	at io.appium.java_client.pagefactory.bys.ContentMappedBy.findElement(ContentMappedBy.java:50) ~[java-client-7.5.1.jar:?]
	at org.openqa.selenium.remote.RemoteWebDriver.findElement(RemoteWebDriver.java:315) ~[selenium-remote-driver-3.141.59.jar:?]
	at io.appium.java_client.DefaultGenericMobileDriver.findElement(DefaultGenericMobileDriver.java:57) ~[java-client-7.5.1.jar:?]
	at io.appium.java_client.AppiumDriver.findElement(AppiumDriver.java:1) ~[java-client-7.5.1.jar:?]
	at io.appium.java_client.android.AndroidDriver.findElement(AndroidDriver.java:1) ~[java-client-7.5.1.jar:?]
	at io.appium.java_client.pagefactory.AppiumElementLocator.lambda$0(AppiumElementLocator.java:120) ~[java-client-7.5.1.jar:?]
	at io.appium.java_client.pagefactory.AppiumElementLocator$WaitingFunction.apply(AppiumElementLocator.java:172) ~[java-client-7.5.1.jar:?]
	at io.appium.java_client.pagefactory.AppiumElementLocator$WaitingFunction.apply(AppiumElementLocator.java:1) ~[java-client-7.5.1.jar:?]
	at org.openqa.selenium.support.ui.FluentWait.until(FluentWait.java:249) ~[selenium-support-3.141.59.jar:?]
	at io.appium.java_client.pagefactory.AppiumElementLocator.waitFor(AppiumElementLocator.java:99) ~[java-client-7.5.1.jar:?]
	at io.appium.java_client.pagefactory.AppiumElementLocator.findElement(AppiumElementLocator.java:119) ~[java-client-7.5.1.jar:?]
	at io.appium.java_client.pagefactory.interceptors.InterceptorOfASingleElement.intercept(InterceptorOfASingleElement.java:59) ~[java-client-7.5.1.jar:?]
	at io.appium.java_client.android.AndroidElement$$EnhancerByCGLIB$$b598166c.isDisplayed(<generated>) ~[java-client-7.5.1.jar:?]
	at org.openqa.selenium.support.ui.ExpectedConditions.elementIfVisible(ExpectedConditions.java:314) ~[selenium-support-3.141.59.jar:?]
	at org.openqa.selenium.support.ui.ExpectedConditions.access$000(ExpectedConditions.java:43) ~[selenium-support-3.141.59.jar:?]
	at org.openqa.selenium.support.ui.ExpectedConditions$10.apply(ExpectedConditions.java:300) ~[selenium-support-3.141.59.jar:?]
	at org.openqa.selenium.support.ui.ExpectedConditions$10.apply(ExpectedConditions.java:297) ~[selenium-support-3.141.59.jar:?]
	at org.openqa.selenium.support.ui.FluentWait.until(FluentWait.java:249) ~[selenium-support-3.141.59.jar:?]
	... 34 more
[logsAndroid_Pixel_7_Pro_API_31 DEBUG] 2024-02-15 14:18:22.718 BaseTest:125 - Log file path: logs\Android_Pixel_7_Pro_API_31
[logsAndroid_Pixel_7_Pro_API_31 DEBUG] 2024-02-15 14:18:22.749 BaseTest:132 - Setting PLATFORM_NAME to: Android
[logsAndroid_Pixel_7_Pro_API_31 DEBUG] 2024-02-15 14:18:22.750 BaseTest:136 - Setting DEVICE_NAME to: Pixel_7_Pro_API_31
[logsAndroid_Pixel_7_Pro_API_31 DEBUG] 2024-02-15 14:18:33.927 BaseTest:159 - sessionId: 55de28ed-753d-4533-a71a-eb8a847e5f02
[logsAndroid_Pixel_7_Pro_API_31 INFO ] 2024-02-15 14:19:01.938 BasePage:294 - Attempt 1: Clicking on <My Coins>
[logsAndroid_Pixel_7_Pro_API_31 INFO ] 2024-02-15 14:19:04.116 BasePage:302 - Attempt 1: Clicked on <My Coins> successfully
[logsAndroid_Pixel_7_Pro_API_31 INFO ] 2024-02-15 14:19:06.324 BasePage:1273 - Element :My Coins Card is not displayed. Scrolling down to find the element: My Coins Card.
[logsAndroid_Pixel_7_Pro_API_31 INFO ] 2024-02-15 14:19:12.851 BasePage:1273 - Element :My Coins Card is not displayed. Scrolling down to find the element: My Coins Card.
[logsAndroid_Pixel_7_Pro_API_31 INFO ] 2024-02-15 14:19:17.305 BasePage:1218 - Scrolling complete. Element is now centered on the screen.
[logsAndroid_Pixel_7_Pro_API_31 INFO ] 2024-02-15 14:19:17.306 BasePage:1262 - Element - My Coins Card :  is now displayed. No need to scroll further.
[logsAndroid_Pixel_7_Pro_API_31 INFO ] 2024-02-15 14:19:19.415 BasePage:294 - Attempt 1: Clicking on <My Coins Card>
[logsAndroid_Pixel_7_Pro_API_31 INFO ] 2024-02-15 14:19:21.442 BasePage:302 - Attempt 1: Clicked on <My Coins Card> successfully
[logsAndroid_Pixel_7_Pro_API_31 INFO ] 2024-02-15 14:19:24.453 BasePage:294 - Attempt 1: Clicking on <Filter>
[logsAndroid_Pixel_7_Pro_API_31 INFO ] 2024-02-15 14:19:26.915 BasePage:302 - Attempt 1: Clicked on <Filter> successfully
[logsAndroid_Pixel_7_Pro_API_31 INFO ] 2024-02-15 14:19:28.192 BasePage:294 - Attempt 1: Clicking on <Filter - Coin type>
[logsAndroid_Pixel_7_Pro_API_31 INFO ] 2024-02-15 14:19:29.025 BasePage:302 - Attempt 1: Clicked on <Filter - Coin type> successfully
[logsAndroid_Pixel_7_Pro_API_31 INFO ] 2024-02-15 14:19:29.247 BasePage:294 - Attempt 1: Clicking on <Coin type - Commemorative>
[logsAndroid_Pixel_7_Pro_API_31 INFO ] 2024-02-15 14:19:30.161 BasePage:302 - Attempt 1: Clicked on <Coin type - Commemorative> successfully
[logsAndroid_Pixel_7_Pro_API_31 INFO ] 2024-02-15 14:19:30.457 BasePage:294 - Attempt 1: Clicking on <Show results>
[logsAndroid_Pixel_7_Pro_API_31 INFO ] 2024-02-15 14:19:30.640 BasePage:302 - Attempt 1: Clicked on <Show results> successfully
[logsAndroid_Pixel_7_Pro_API_31 INFO ] 2024-02-15 14:19:30.827 BasePage:294 - Attempt 1: Clicking on <Show All>
[logsAndroid_Pixel_7_Pro_API_31 INFO ] 2024-02-15 14:19:33.827 BasePage:302 - Attempt 1: Clicked on <Show All> successfully
[logsAndroid_Pixel_7_Pro_API_31 INFO ] 2024-02-15 14:19:34.004 BasePage:294 - Attempt 1: Clicking on <Clear Fliter>
[logsAndroid_Pixel_7_Pro_API_31 INFO ] 2024-02-15 14:19:35.143 BasePage:302 - Attempt 1: Clicked on <Clear Fliter> successfully
[logsAndroid_Pixel_7_Pro_API_31 INFO ] 2024-02-15 14:19:35.373 BasePage:220 - Navigated back
[logsAndroid_Pixel_7_Pro_API_31 INFO ] 2024-02-15 14:19:42.209 BasePage:294 - Attempt 1: Clicking on <My Coins>
[logsAndroid_Pixel_7_Pro_API_31 INFO ] 2024-02-15 14:19:44.201 BasePage:302 - Attempt 1: Clicked on <My Coins> successfully
[logsAndroid_Pixel_7_Pro_API_31 INFO ] 2024-02-15 14:19:46.464 BasePage:1273 - Element :My Coins Card is not displayed. Scrolling down to find the element: My Coins Card.
[logsAndroid_Pixel_7_Pro_API_31 INFO ] 2024-02-15 14:19:53.122 BasePage:1273 - Element :My Coins Card is not displayed. Scrolling down to find the element: My Coins Card.
[logsAndroid_Pixel_7_Pro_API_31 INFO ] 2024-02-15 14:19:57.720 BasePage:1218 - Scrolling complete. Element is now centered on the screen.
[logsAndroid_Pixel_7_Pro_API_31 INFO ] 2024-02-15 14:19:57.720 BasePage:1262 - Element - My Coins Card :  is now displayed. No need to scroll further.
[logsAndroid_Pixel_7_Pro_API_31 INFO ] 2024-02-15 14:19:59.818 BasePage:294 - Attempt 1: Clicking on <My Coins Card>
[logsAndroid_Pixel_7_Pro_API_31 INFO ] 2024-02-15 14:20:01.723 BasePage:302 - Attempt 1: Clicked on <My Coins Card> successfully
[logsAndroid_Pixel_7_Pro_API_31 INFO ] 2024-02-15 14:20:01.908 BasePage:294 - Attempt 1: Clicking on <Filter>
[logsAndroid_Pixel_7_Pro_API_31 INFO ] 2024-02-15 14:20:02.091 BasePage:302 - Attempt 1: Clicked on <Filter> successfully
[logsAndroid_Pixel_7_Pro_API_31 INFO ] 2024-02-15 14:20:03.439 BasePage:294 - Attempt 1: Clicking on <Filter - Coin type>
[logsAndroid_Pixel_7_Pro_API_31 INFO ] 2024-02-15 14:20:03.638 BasePage:302 - Attempt 1: Clicked on <Filter - Coin type> successfully
[logsAndroid_Pixel_7_Pro_API_31 INFO ] 2024-02-15 14:20:04.522 BasePage:294 - Attempt 1: Clicking on <Coin type - Commemorative>
[logsAndroid_Pixel_7_Pro_API_31 INFO ] 2024-02-15 14:20:05.524 BasePage:302 - Attempt 1: Clicked on <Coin type - Commemorative> successfully
[logsAndroid_Pixel_7_Pro_API_31 INFO ] 2024-02-15 14:20:05.787 BasePage:294 - Attempt 1: Clicking on <Show results>
[logsAndroid_Pixel_7_Pro_API_31 INFO ] 2024-02-15 14:20:05.990 BasePage:302 - Attempt 1: Clicked on <Show results> successfully
[logsAndroid_Pixel_7_Pro_API_31 INFO ] 2024-02-15 14:20:06.143 BasePage:294 - Attempt 1: Clicking on <Show All>
[logsAndroid_Pixel_7_Pro_API_31 INFO ] 2024-02-15 14:20:09.570 BasePage:317 - Attempt 1: StaleElementReferenceException occurred. Retrying click on: <Show All>
[logsAndroid_Pixel_7_Pro_API_31 INFO ] 2024-02-15 14:20:09.589 BasePage:294 - Attempt 2: Clicking on <Show All>
[logsAndroid_Pixel_7_Pro_API_31 INFO ] 2024-02-15 14:20:09.641 BasePage:302 - Attempt 2: Clicked on <Show All> successfully
[logsAndroid_Pixel_7_Pro_API_31 INFO ] 2024-02-15 14:20:09.837 BasePage:294 - Attempt 1: Clicking on <Clear Fliter>
[logsAndroid_Pixel_7_Pro_API_31 INFO ] 2024-02-15 14:20:10.940 BasePage:302 - Attempt 1: Clicked on <Clear Fliter> successfully
[logsAndroid_Pixel_7_Pro_API_31 INFO ] 2024-02-15 14:20:11.171 BasePage:220 - Navigated back
[logsAndroid_Pixel_7_Pro_API_31 INFO ] 2024-02-15 14:20:19.771 BasePage:294 - Attempt 1: Clicking on <My Coins>
[logsAndroid_Pixel_7_Pro_API_31 INFO ] 2024-02-15 14:20:19.908 BasePage:302 - Attempt 1: Clicked on <My Coins> successfully
[logsAndroid_Pixel_7_Pro_API_31 INFO ] 2024-02-15 14:20:21.936 BasePage:1218 - Scrolling complete. Element is now centered on the screen.
[logsAndroid_Pixel_7_Pro_API_31 INFO ] 2024-02-15 14:20:21.937 BasePage:1262 - Element - My Coins Card :  is now displayed. No need to scroll further.
[logsAndroid_Pixel_7_Pro_API_31 INFO ] 2024-02-15 14:20:24.050 BasePage:294 - Attempt 1: Clicking on <My Coins Card>
[logsAndroid_Pixel_7_Pro_API_31 INFO ] 2024-02-15 14:20:24.206 BasePage:302 - Attempt 1: Clicked on <My Coins Card> successfully
[logsAndroid_Pixel_7_Pro_API_31 INFO ] 2024-02-15 14:20:26.345 BasePage:294 - Attempt 1: Clicking on <Filter>
[logsAndroid_Pixel_7_Pro_API_31 INFO ] 2024-02-15 14:20:26.546 BasePage:302 - Attempt 1: Clicked on <Filter> successfully
[logsAndroid_Pixel_7_Pro_API_31 INFO ] 2024-02-15 14:20:27.991 BasePage:294 - Attempt 1: Clicking on <Filter - Coin type>
[logsAndroid_Pixel_7_Pro_API_31 INFO ] 2024-02-15 14:20:29.233 BasePage:302 - Attempt 1: Clicked on <Filter - Coin type> successfully
[logsAndroid_Pixel_7_Pro_API_31 ERROR] 2024-02-15 14:20:59.522 BasePage:326 - Attempt 1: Failed to click on: <Coin type - Regular>. Exception: Expected condition failed: waiting for visibility of Located by By.chained({By.xpath: //android.view.ViewGroup[@resource-id='button_icon_button_filter_modal_3_default']z}) (tried for 30 second(s) with 500 milliseconds interval)
org.openqa.selenium.TimeoutException: Expected condition failed: waiting for visibility of Located by By.chained({By.xpath: //android.view.ViewGroup[@resource-id='button_icon_button_filter_modal_3_default']z}) (tried for 30 second(s) with 500 milliseconds interval)
	at org.openqa.selenium.support.ui.WebDriverWait.timeoutException(WebDriverWait.java:95) ~[selenium-support-3.141.59.jar:?]
	at org.openqa.selenium.support.ui.FluentWait.until(FluentWait.java:272) ~[selenium-support-3.141.59.jar:?]
	at com.appium.base.BasePage.waitForVisibility(BasePage.java:86) ~[classes/:?]
	at com.appium.base.BasePage.click(BasePage.java:290) ~[classes/:?]
	at com.appium.base.BasePage.click(BasePage.java:280) ~[classes/:?]
	at com.appium.pages.AllCoinsPage.check_FilterWithCoinTypeWithRegular(Unknown Source) ~[classes/:?]
	at com.appium.pages.CoinsDetailsPage.check_Filter_CoinTypeWithRegular(CoinsDetailsPage.java:236) ~[classes/:?]
	at com.appium.tests.CoinDetailsTest.allTestCasesRelated_Mycoins(CoinDetailsTest.java:50) ~[test-classes/:?]
	at jdk.internal.reflect.NativeMethodAccessorImpl.invoke0(Native Method) ~[?:?]
	at jdk.internal.reflect.NativeMethodAccessorImpl.invoke(NativeMethodAccessorImpl.java:62) ~[?:?]
	at jdk.internal.reflect.DelegatingMethodAccessorImpl.invoke(DelegatingMethodAccessorImpl.java:43) ~[?:?]
	at java.lang.reflect.Method.invoke(Method.java:566) ~[?:?]
	at org.testng.internal.MethodInvocationHelper.invokeMethod(MethodInvocationHelper.java:133) ~[testng-7.4.0.jar:7.4.0]
	at org.testng.internal.TestInvoker.invokeMethod(TestInvoker.java:598) ~[testng-7.4.0.jar:7.4.0]
	at org.testng.internal.TestInvoker.invokeTestMethod(TestInvoker.java:173) ~[testng-7.4.0.jar:7.4.0]
	at org.testng.internal.MethodRunner.runInSequence(MethodRunner.java:46) ~[testng-7.4.0.jar:7.4.0]
	at org.testng.internal.TestInvoker$MethodInvocationAgent.invoke(TestInvoker.java:824) ~[testng-7.4.0.jar:7.4.0]
	at org.testng.internal.TestInvoker.invokeTestMethods(TestInvoker.java:146) ~[testng-7.4.0.jar:7.4.0]
	at org.testng.internal.TestMethodWorker.invokeTestMethods(TestMethodWorker.java:146) ~[testng-7.4.0.jar:7.4.0]
	at org.testng.internal.TestMethodWorker.run(TestMethodWorker.java:128) ~[testng-7.4.0.jar:7.4.0]
	at java.util.ArrayList.forEach(ArrayList.java:1541) [?:?]
	at org.testng.TestRunner.privateRun(TestRunner.java:794) [testng-7.4.0.jar:7.4.0]
	at org.testng.TestRunner.run(TestRunner.java:596) [testng-7.4.0.jar:7.4.0]
	at org.testng.SuiteRunner.runTest(SuiteRunner.java:377) [testng-7.4.0.jar:7.4.0]
	at org.testng.SuiteRunner.runSequentially(SuiteRunner.java:371) [testng-7.4.0.jar:7.4.0]
	at org.testng.SuiteRunner.privateRun(SuiteRunner.java:332) [testng-7.4.0.jar:7.4.0]
	at org.testng.SuiteRunner.run(SuiteRunner.java:276) [testng-7.4.0.jar:7.4.0]
	at org.testng.SuiteRunnerWorker.runSuite(SuiteRunnerWorker.java:53) [testng-7.4.0.jar:7.4.0]
	at org.testng.SuiteRunnerWorker.run(SuiteRunnerWorker.java:96) [testng-7.4.0.jar:7.4.0]
	at org.testng.TestNG.runSuitesSequentially(TestNG.java:1212) [testng-7.4.0.jar:7.4.0]
	at org.testng.TestNG.runSuitesLocally(TestNG.java:1134) [testng-7.4.0.jar:7.4.0]
	at org.testng.TestNG.runSuites(TestNG.java:1063) [testng-7.4.0.jar:7.4.0]
	at org.testng.TestNG.run(TestNG.java:1031) [testng-7.4.0.jar:7.4.0]
	at org.testng.remote.AbstractRemoteTestNG.run(AbstractRemoteTestNG.java:115) [testng-remote.jar:?]
	at org.testng.remote.RemoteTestNG.initAndRun(RemoteTestNG.java:251) [testng-remote.jar:?]
	at org.testng.remote.RemoteTestNG.main(RemoteTestNG.java:77) [testng-remote.jar:?]
Caused by: org.openqa.selenium.NoSuchElementException: Can't locate an element by this strategy: By.chained({By.xpath: //android.view.ViewGroup[@resource-id='button_icon_button_filter_modal_3_default']z})
	at io.appium.java_client.pagefactory.AppiumElementLocator.findElement(AppiumElementLocator.java:126) ~[java-client-7.5.1.jar:?]
	at io.appium.java_client.pagefactory.interceptors.InterceptorOfASingleElement.intercept(InterceptorOfASingleElement.java:59) ~[java-client-7.5.1.jar:?]
	at io.appium.java_client.android.AndroidElement$$EnhancerByCGLIB$$b598166c.isDisplayed(<generated>) ~[java-client-7.5.1.jar:?]
	at org.openqa.selenium.support.ui.ExpectedConditions.elementIfVisible(ExpectedConditions.java:314) ~[selenium-support-3.141.59.jar:?]
	at org.openqa.selenium.support.ui.ExpectedConditions.access$000(ExpectedConditions.java:43) ~[selenium-support-3.141.59.jar:?]
	at org.openqa.selenium.support.ui.ExpectedConditions$10.apply(ExpectedConditions.java:300) ~[selenium-support-3.141.59.jar:?]
	at org.openqa.selenium.support.ui.ExpectedConditions$10.apply(ExpectedConditions.java:297) ~[selenium-support-3.141.59.jar:?]
	at org.openqa.selenium.support.ui.FluentWait.until(FluentWait.java:249) ~[selenium-support-3.141.59.jar:?]
	... 34 more
Caused by: org.openqa.selenium.TimeoutException: Expected condition failed: waiting for io.appium.java_client.pagefactory.AppiumElementLocator$WaitingFunction@7a9ceddf (tried for 30 second(s) with 500 milliseconds interval)
	at org.openqa.selenium.support.ui.FluentWait.timeoutException(FluentWait.java:304) ~[selenium-support-3.141.59.jar:?]
	at org.openqa.selenium.support.ui.FluentWait.until(FluentWait.java:272) ~[selenium-support-3.141.59.jar:?]
	at io.appium.java_client.pagefactory.AppiumElementLocator.waitFor(AppiumElementLocator.java:99) ~[java-client-7.5.1.jar:?]
	at io.appium.java_client.pagefactory.AppiumElementLocator.findElement(AppiumElementLocator.java:119) ~[java-client-7.5.1.jar:?]
	at io.appium.java_client.pagefactory.interceptors.InterceptorOfASingleElement.intercept(InterceptorOfASingleElement.java:59) ~[java-client-7.5.1.jar:?]
	at io.appium.java_client.android.AndroidElement$$EnhancerByCGLIB$$b598166c.isDisplayed(<generated>) ~[java-client-7.5.1.jar:?]
	at org.openqa.selenium.support.ui.ExpectedConditions.elementIfVisible(ExpectedConditions.java:314) ~[selenium-support-3.141.59.jar:?]
	at org.openqa.selenium.support.ui.ExpectedConditions.access$000(ExpectedConditions.java:43) ~[selenium-support-3.141.59.jar:?]
	at org.openqa.selenium.support.ui.ExpectedConditions$10.apply(ExpectedConditions.java:300) ~[selenium-support-3.141.59.jar:?]
	at org.openqa.selenium.support.ui.ExpectedConditions$10.apply(ExpectedConditions.java:297) ~[selenium-support-3.141.59.jar:?]
	at org.openqa.selenium.support.ui.FluentWait.until(FluentWait.java:249) ~[selenium-support-3.141.59.jar:?]
	... 34 more
Caused by: org.openqa.selenium.NoSuchElementException: Cannot locate an element using By.chained({By.xpath: //android.view.ViewGroup[@resource-id='button_icon_button_filter_modal_3_default']z})
For documentation on this error, please visit: https://www.seleniumhq.org/exceptions/no_such_element.html
Build info: version: '3.141.59', revision: 'e82be7d358', time: '2018-11-14T08:17:03'
System info: host: 'RUDRA', ip: '192.168.1.3', os.name: 'Windows 11', os.arch: 'amd64', os.version: '10.0', java.version: '11.0.20'
Driver info: driver.version: AndroidDriver
	at io.appium.java_client.pagefactory.bys.builder.ByChained.findElement(ByChained.java:74) ~[java-client-7.5.1.jar:?]
	at org.openqa.selenium.remote.RemoteWebDriver.findElement(RemoteWebDriver.java:315) ~[selenium-remote-driver-3.141.59.jar:?]
	at io.appium.java_client.DefaultGenericMobileDriver.findElement(DefaultGenericMobileDriver.java:57) ~[java-client-7.5.1.jar:?]
	at io.appium.java_client.AppiumDriver.findElement(AppiumDriver.java:1) ~[java-client-7.5.1.jar:?]
	at io.appium.java_client.android.AndroidDriver.findElement(AndroidDriver.java:1) ~[java-client-7.5.1.jar:?]
	at io.appium.java_client.pagefactory.bys.ContentMappedBy.findElement(ContentMappedBy.java:50) ~[java-client-7.5.1.jar:?]
	at org.openqa.selenium.remote.RemoteWebDriver.findElement(RemoteWebDriver.java:315) ~[selenium-remote-driver-3.141.59.jar:?]
	at io.appium.java_client.DefaultGenericMobileDriver.findElement(DefaultGenericMobileDriver.java:57) ~[java-client-7.5.1.jar:?]
	at io.appium.java_client.AppiumDriver.findElement(AppiumDriver.java:1) ~[java-client-7.5.1.jar:?]
	at io.appium.java_client.android.AndroidDriver.findElement(AndroidDriver.java:1) ~[java-client-7.5.1.jar:?]
	at io.appium.java_client.pagefactory.AppiumElementLocator.lambda$0(AppiumElementLocator.java:120) ~[java-client-7.5.1.jar:?]
	at io.appium.java_client.pagefactory.AppiumElementLocator$WaitingFunction.apply(AppiumElementLocator.java:172) ~[java-client-7.5.1.jar:?]
	at io.appium.java_client.pagefactory.AppiumElementLocator$WaitingFunction.apply(AppiumElementLocator.java:1) ~[java-client-7.5.1.jar:?]
	at org.openqa.selenium.support.ui.FluentWait.until(FluentWait.java:249) ~[selenium-support-3.141.59.jar:?]
	at io.appium.java_client.pagefactory.AppiumElementLocator.waitFor(AppiumElementLocator.java:99) ~[java-client-7.5.1.jar:?]
	at io.appium.java_client.pagefactory.AppiumElementLocator.findElement(AppiumElementLocator.java:119) ~[java-client-7.5.1.jar:?]
	at io.appium.java_client.pagefactory.interceptors.InterceptorOfASingleElement.intercept(InterceptorOfASingleElement.java:59) ~[java-client-7.5.1.jar:?]
	at io.appium.java_client.android.AndroidElement$$EnhancerByCGLIB$$b598166c.isDisplayed(<generated>) ~[java-client-7.5.1.jar:?]
	at org.openqa.selenium.support.ui.ExpectedConditions.elementIfVisible(ExpectedConditions.java:314) ~[selenium-support-3.141.59.jar:?]
	at org.openqa.selenium.support.ui.ExpectedConditions.access$000(ExpectedConditions.java:43) ~[selenium-support-3.141.59.jar:?]
	at org.openqa.selenium.support.ui.ExpectedConditions$10.apply(ExpectedConditions.java:300) ~[selenium-support-3.141.59.jar:?]
	at org.openqa.selenium.support.ui.ExpectedConditions$10.apply(ExpectedConditions.java:297) ~[selenium-support-3.141.59.jar:?]
	at org.openqa.selenium.support.ui.FluentWait.until(FluentWait.java:249) ~[selenium-support-3.141.59.jar:?]
	... 34 more
[logsAndroid_Pixel_7_Pro_API_31 ERROR] 2024-02-15 14:21:29.826 BasePage:326 - Attempt 2: Failed to click on: <Coin type - Regular>. Exception: Expected condition failed: waiting for visibility of Located by By.chained({By.xpath: //android.view.ViewGroup[@resource-id='button_icon_button_filter_modal_3_default']z}) (tried for 30 second(s) with 500 milliseconds interval)
org.openqa.selenium.TimeoutException: Expected condition failed: waiting for visibility of Located by By.chained({By.xpath: //android.view.ViewGroup[@resource-id='button_icon_button_filter_modal_3_default']z}) (tried for 30 second(s) with 500 milliseconds interval)
	at org.openqa.selenium.support.ui.WebDriverWait.timeoutException(WebDriverWait.java:95) ~[selenium-support-3.141.59.jar:?]
	at org.openqa.selenium.support.ui.FluentWait.until(FluentWait.java:272) ~[selenium-support-3.141.59.jar:?]
	at com.appium.base.BasePage.waitForVisibility(BasePage.java:86) ~[classes/:?]
	at com.appium.base.BasePage.click(BasePage.java:290) ~[classes/:?]
	at com.appium.base.BasePage.click(BasePage.java:280) ~[classes/:?]
	at com.appium.pages.AllCoinsPage.check_FilterWithCoinTypeWithRegular(Unknown Source) ~[classes/:?]
	at com.appium.pages.CoinsDetailsPage.check_Filter_CoinTypeWithRegular(CoinsDetailsPage.java:236) ~[classes/:?]
	at com.appium.tests.CoinDetailsTest.allTestCasesRelated_Mycoins(CoinDetailsTest.java:50) ~[test-classes/:?]
	at jdk.internal.reflect.NativeMethodAccessorImpl.invoke0(Native Method) ~[?:?]
	at jdk.internal.reflect.NativeMethodAccessorImpl.invoke(NativeMethodAccessorImpl.java:62) ~[?:?]
	at jdk.internal.reflect.DelegatingMethodAccessorImpl.invoke(DelegatingMethodAccessorImpl.java:43) ~[?:?]
	at java.lang.reflect.Method.invoke(Method.java:566) ~[?:?]
	at org.testng.internal.MethodInvocationHelper.invokeMethod(MethodInvocationHelper.java:133) ~[testng-7.4.0.jar:7.4.0]
	at org.testng.internal.TestInvoker.invokeMethod(TestInvoker.java:598) ~[testng-7.4.0.jar:7.4.0]
	at org.testng.internal.TestInvoker.invokeTestMethod(TestInvoker.java:173) ~[testng-7.4.0.jar:7.4.0]
	at org.testng.internal.MethodRunner.runInSequence(MethodRunner.java:46) ~[testng-7.4.0.jar:7.4.0]
	at org.testng.internal.TestInvoker$MethodInvocationAgent.invoke(TestInvoker.java:824) ~[testng-7.4.0.jar:7.4.0]
	at org.testng.internal.TestInvoker.invokeTestMethods(TestInvoker.java:146) ~[testng-7.4.0.jar:7.4.0]
	at org.testng.internal.TestMethodWorker.invokeTestMethods(TestMethodWorker.java:146) ~[testng-7.4.0.jar:7.4.0]
	at org.testng.internal.TestMethodWorker.run(TestMethodWorker.java:128) ~[testng-7.4.0.jar:7.4.0]
	at java.util.ArrayList.forEach(ArrayList.java:1541) [?:?]
	at org.testng.TestRunner.privateRun(TestRunner.java:794) [testng-7.4.0.jar:7.4.0]
	at org.testng.TestRunner.run(TestRunner.java:596) [testng-7.4.0.jar:7.4.0]
	at org.testng.SuiteRunner.runTest(SuiteRunner.java:377) [testng-7.4.0.jar:7.4.0]
	at org.testng.SuiteRunner.runSequentially(SuiteRunner.java:371) [testng-7.4.0.jar:7.4.0]
	at org.testng.SuiteRunner.privateRun(SuiteRunner.java:332) [testng-7.4.0.jar:7.4.0]
	at org.testng.SuiteRunner.run(SuiteRunner.java:276) [testng-7.4.0.jar:7.4.0]
	at org.testng.SuiteRunnerWorker.runSuite(SuiteRunnerWorker.java:53) [testng-7.4.0.jar:7.4.0]
	at org.testng.SuiteRunnerWorker.run(SuiteRunnerWorker.java:96) [testng-7.4.0.jar:7.4.0]
	at org.testng.TestNG.runSuitesSequentially(TestNG.java:1212) [testng-7.4.0.jar:7.4.0]
	at org.testng.TestNG.runSuitesLocally(TestNG.java:1134) [testng-7.4.0.jar:7.4.0]
	at org.testng.TestNG.runSuites(TestNG.java:1063) [testng-7.4.0.jar:7.4.0]
	at org.testng.TestNG.run(TestNG.java:1031) [testng-7.4.0.jar:7.4.0]
	at org.testng.remote.AbstractRemoteTestNG.run(AbstractRemoteTestNG.java:115) [testng-remote.jar:?]
	at org.testng.remote.RemoteTestNG.initAndRun(RemoteTestNG.java:251) [testng-remote.jar:?]
	at org.testng.remote.RemoteTestNG.main(RemoteTestNG.java:77) [testng-remote.jar:?]
Caused by: org.openqa.selenium.NoSuchElementException: Can't locate an element by this strategy: By.chained({By.xpath: //android.view.ViewGroup[@resource-id='button_icon_button_filter_modal_3_default']z})
	at io.appium.java_client.pagefactory.AppiumElementLocator.findElement(AppiumElementLocator.java:126) ~[java-client-7.5.1.jar:?]
	at io.appium.java_client.pagefactory.interceptors.InterceptorOfASingleElement.intercept(InterceptorOfASingleElement.java:59) ~[java-client-7.5.1.jar:?]
	at io.appium.java_client.android.AndroidElement$$EnhancerByCGLIB$$b598166c.isDisplayed(<generated>) ~[java-client-7.5.1.jar:?]
	at org.openqa.selenium.support.ui.ExpectedConditions.elementIfVisible(ExpectedConditions.java:314) ~[selenium-support-3.141.59.jar:?]
	at org.openqa.selenium.support.ui.ExpectedConditions.access$000(ExpectedConditions.java:43) ~[selenium-support-3.141.59.jar:?]
	at org.openqa.selenium.support.ui.ExpectedConditions$10.apply(ExpectedConditions.java:300) ~[selenium-support-3.141.59.jar:?]
	at org.openqa.selenium.support.ui.ExpectedConditions$10.apply(ExpectedConditions.java:297) ~[selenium-support-3.141.59.jar:?]
	at org.openqa.selenium.support.ui.FluentWait.until(FluentWait.java:249) ~[selenium-support-3.141.59.jar:?]
	... 34 more
Caused by: org.openqa.selenium.TimeoutException: Expected condition failed: waiting for io.appium.java_client.pagefactory.AppiumElementLocator$WaitingFunction@5c48b72c (tried for 30 second(s) with 500 milliseconds interval)
	at org.openqa.selenium.support.ui.FluentWait.timeoutException(FluentWait.java:304) ~[selenium-support-3.141.59.jar:?]
	at org.openqa.selenium.support.ui.FluentWait.until(FluentWait.java:272) ~[selenium-support-3.141.59.jar:?]
	at io.appium.java_client.pagefactory.AppiumElementLocator.waitFor(AppiumElementLocator.java:99) ~[java-client-7.5.1.jar:?]
	at io.appium.java_client.pagefactory.AppiumElementLocator.findElement(AppiumElementLocator.java:119) ~[java-client-7.5.1.jar:?]
	at io.appium.java_client.pagefactory.interceptors.InterceptorOfASingleElement.intercept(InterceptorOfASingleElement.java:59) ~[java-client-7.5.1.jar:?]
	at io.appium.java_client.android.AndroidElement$$EnhancerByCGLIB$$b598166c.isDisplayed(<generated>) ~[java-client-7.5.1.jar:?]
	at org.openqa.selenium.support.ui.ExpectedConditions.elementIfVisible(ExpectedConditions.java:314) ~[selenium-support-3.141.59.jar:?]
	at org.openqa.selenium.support.ui.ExpectedConditions.access$000(ExpectedConditions.java:43) ~[selenium-support-3.141.59.jar:?]
	at org.openqa.selenium.support.ui.ExpectedConditions$10.apply(ExpectedConditions.java:300) ~[selenium-support-3.141.59.jar:?]
	at org.openqa.selenium.support.ui.ExpectedConditions$10.apply(ExpectedConditions.java:297) ~[selenium-support-3.141.59.jar:?]
	at org.openqa.selenium.support.ui.FluentWait.until(FluentWait.java:249) ~[selenium-support-3.141.59.jar:?]
	... 34 more
Caused by: org.openqa.selenium.NoSuchElementException: Cannot locate an element using By.chained({By.xpath: //android.view.ViewGroup[@resource-id='button_icon_button_filter_modal_3_default']z})
For documentation on this error, please visit: https://www.seleniumhq.org/exceptions/no_such_element.html
Build info: version: '3.141.59', revision: 'e82be7d358', time: '2018-11-14T08:17:03'
System info: host: 'RUDRA', ip: '192.168.1.3', os.name: 'Windows 11', os.arch: 'amd64', os.version: '10.0', java.version: '11.0.20'
Driver info: driver.version: AndroidDriver
	at io.appium.java_client.pagefactory.bys.builder.ByChained.findElement(ByChained.java:74) ~[java-client-7.5.1.jar:?]
	at org.openqa.selenium.remote.RemoteWebDriver.findElement(RemoteWebDriver.java:315) ~[selenium-remote-driver-3.141.59.jar:?]
	at io.appium.java_client.DefaultGenericMobileDriver.findElement(DefaultGenericMobileDriver.java:57) ~[java-client-7.5.1.jar:?]
	at io.appium.java_client.AppiumDriver.findElement(AppiumDriver.java:1) ~[java-client-7.5.1.jar:?]
	at io.appium.java_client.android.AndroidDriver.findElement(AndroidDriver.java:1) ~[java-client-7.5.1.jar:?]
	at io.appium.java_client.pagefactory.bys.ContentMappedBy.findElement(ContentMappedBy.java:50) ~[java-client-7.5.1.jar:?]
	at org.openqa.selenium.remote.RemoteWebDriver.findElement(RemoteWebDriver.java:315) ~[selenium-remote-driver-3.141.59.jar:?]
	at io.appium.java_client.DefaultGenericMobileDriver.findElement(DefaultGenericMobileDriver.java:57) ~[java-client-7.5.1.jar:?]
	at io.appium.java_client.AppiumDriver.findElement(AppiumDriver.java:1) ~[java-client-7.5.1.jar:?]
	at io.appium.java_client.android.AndroidDriver.findElement(AndroidDriver.java:1) ~[java-client-7.5.1.jar:?]
	at io.appium.java_client.pagefactory.AppiumElementLocator.lambda$0(AppiumElementLocator.java:120) ~[java-client-7.5.1.jar:?]
	at io.appium.java_client.pagefactory.AppiumElementLocator$WaitingFunction.apply(AppiumElementLocator.java:172) ~[java-client-7.5.1.jar:?]
	at io.appium.java_client.pagefactory.AppiumElementLocator$WaitingFunction.apply(AppiumElementLocator.java:1) ~[java-client-7.5.1.jar:?]
	at org.openqa.selenium.support.ui.FluentWait.until(FluentWait.java:249) ~[selenium-support-3.141.59.jar:?]
	at io.appium.java_client.pagefactory.AppiumElementLocator.waitFor(AppiumElementLocator.java:99) ~[java-client-7.5.1.jar:?]
	at io.appium.java_client.pagefactory.AppiumElementLocator.findElement(AppiumElementLocator.java:119) ~[java-client-7.5.1.jar:?]
	at io.appium.java_client.pagefactory.interceptors.InterceptorOfASingleElement.intercept(InterceptorOfASingleElement.java:59) ~[java-client-7.5.1.jar:?]
	at io.appium.java_client.android.AndroidElement$$EnhancerByCGLIB$$b598166c.isDisplayed(<generated>) ~[java-client-7.5.1.jar:?]
	at org.openqa.selenium.support.ui.ExpectedConditions.elementIfVisible(ExpectedConditions.java:314) ~[selenium-support-3.141.59.jar:?]
	at org.openqa.selenium.support.ui.ExpectedConditions.access$000(ExpectedConditions.java:43) ~[selenium-support-3.141.59.jar:?]
	at org.openqa.selenium.support.ui.ExpectedConditions$10.apply(ExpectedConditions.java:300) ~[selenium-support-3.141.59.jar:?]
	at org.openqa.selenium.support.ui.ExpectedConditions$10.apply(ExpectedConditions.java:297) ~[selenium-support-3.141.59.jar:?]
	at org.openqa.selenium.support.ui.FluentWait.until(FluentWait.java:249) ~[selenium-support-3.141.59.jar:?]
	... 34 more
[logsAndroid_Pixel_7_Pro_API_31 ERROR] 2024-02-15 14:21:29.828 BasePage:337 - Failed to click on: <Coin type - Regular>. Exception: Appium Exception Details:
Error: Timeout waiting for element. Details: Expected condition failed: waiting for visibility of Located by By.chained({By.xpath: //android.view.ViewGroup[@resource-id='button_icon_button_filter_modal_3_default']z}) (tried for 30 second(s) with 500 milliseconds interval)
org.openqa.selenium.TimeoutException: Expected condition failed: waiting for visibility of Located by By.chained({By.xpath: //android.view.ViewGroup[@resource-id='button_icon_button_filter_modal_3_default']z}) (tried for 30 second(s) with 500 milliseconds interval)
	at org.openqa.selenium.support.ui.WebDriverWait.timeoutException(WebDriverWait.java:95) ~[selenium-support-3.141.59.jar:?]
	at org.openqa.selenium.support.ui.FluentWait.until(FluentWait.java:272) ~[selenium-support-3.141.59.jar:?]
	at com.appium.base.BasePage.waitForVisibility(BasePage.java:86) ~[classes/:?]
	at com.appium.base.BasePage.click(BasePage.java:290) ~[classes/:?]
	at com.appium.base.BasePage.click(BasePage.java:280) ~[classes/:?]
	at com.appium.pages.AllCoinsPage.check_FilterWithCoinTypeWithRegular(Unknown Source) ~[classes/:?]
	at com.appium.pages.CoinsDetailsPage.check_Filter_CoinTypeWithRegular(CoinsDetailsPage.java:236) ~[classes/:?]
	at com.appium.tests.CoinDetailsTest.allTestCasesRelated_Mycoins(CoinDetailsTest.java:50) ~[test-classes/:?]
	at jdk.internal.reflect.NativeMethodAccessorImpl.invoke0(Native Method) ~[?:?]
	at jdk.internal.reflect.NativeMethodAccessorImpl.invoke(NativeMethodAccessorImpl.java:62) ~[?:?]
	at jdk.internal.reflect.DelegatingMethodAccessorImpl.invoke(DelegatingMethodAccessorImpl.java:43) ~[?:?]
	at java.lang.reflect.Method.invoke(Method.java:566) ~[?:?]
	at org.testng.internal.MethodInvocationHelper.invokeMethod(MethodInvocationHelper.java:133) ~[testng-7.4.0.jar:7.4.0]
	at org.testng.internal.TestInvoker.invokeMethod(TestInvoker.java:598) ~[testng-7.4.0.jar:7.4.0]
	at org.testng.internal.TestInvoker.invokeTestMethod(TestInvoker.java:173) ~[testng-7.4.0.jar:7.4.0]
	at org.testng.internal.MethodRunner.runInSequence(MethodRunner.java:46) ~[testng-7.4.0.jar:7.4.0]
	at org.testng.internal.TestInvoker$MethodInvocationAgent.invoke(TestInvoker.java:824) ~[testng-7.4.0.jar:7.4.0]
	at org.testng.internal.TestInvoker.invokeTestMethods(TestInvoker.java:146) ~[testng-7.4.0.jar:7.4.0]
	at org.testng.internal.TestMethodWorker.invokeTestMethods(TestMethodWorker.java:146) ~[testng-7.4.0.jar:7.4.0]
	at org.testng.internal.TestMethodWorker.run(TestMethodWorker.java:128) ~[testng-7.4.0.jar:7.4.0]
	at java.util.ArrayList.forEach(ArrayList.java:1541) [?:?]
	at org.testng.TestRunner.privateRun(TestRunner.java:794) [testng-7.4.0.jar:7.4.0]
	at org.testng.TestRunner.run(TestRunner.java:596) [testng-7.4.0.jar:7.4.0]
	at org.testng.SuiteRunner.runTest(SuiteRunner.java:377) [testng-7.4.0.jar:7.4.0]
	at org.testng.SuiteRunner.runSequentially(SuiteRunner.java:371) [testng-7.4.0.jar:7.4.0]
	at org.testng.SuiteRunner.privateRun(SuiteRunner.java:332) [testng-7.4.0.jar:7.4.0]
	at org.testng.SuiteRunner.run(SuiteRunner.java:276) [testng-7.4.0.jar:7.4.0]
	at org.testng.SuiteRunnerWorker.runSuite(SuiteRunnerWorker.java:53) [testng-7.4.0.jar:7.4.0]
	at org.testng.SuiteRunnerWorker.run(SuiteRunnerWorker.java:96) [testng-7.4.0.jar:7.4.0]
	at org.testng.TestNG.runSuitesSequentially(TestNG.java:1212) [testng-7.4.0.jar:7.4.0]
	at org.testng.TestNG.runSuitesLocally(TestNG.java:1134) [testng-7.4.0.jar:7.4.0]
	at org.testng.TestNG.runSuites(TestNG.java:1063) [testng-7.4.0.jar:7.4.0]
	at org.testng.TestNG.run(TestNG.java:1031) [testng-7.4.0.jar:7.4.0]
	at org.testng.remote.AbstractRemoteTestNG.run(AbstractRemoteTestNG.java:115) [testng-remote.jar:?]
	at org.testng.remote.RemoteTestNG.initAndRun(RemoteTestNG.java:251) [testng-remote.jar:?]
	at org.testng.remote.RemoteTestNG.main(RemoteTestNG.java:77) [testng-remote.jar:?]
Caused by: org.openqa.selenium.NoSuchElementException: Can't locate an element by this strategy: By.chained({By.xpath: //android.view.ViewGroup[@resource-id='button_icon_button_filter_modal_3_default']z})
	at io.appium.java_client.pagefactory.AppiumElementLocator.findElement(AppiumElementLocator.java:126) ~[java-client-7.5.1.jar:?]
	at io.appium.java_client.pagefactory.interceptors.InterceptorOfASingleElement.intercept(InterceptorOfASingleElement.java:59) ~[java-client-7.5.1.jar:?]
	at io.appium.java_client.android.AndroidElement$$EnhancerByCGLIB$$b598166c.isDisplayed(<generated>) ~[java-client-7.5.1.jar:?]
	at org.openqa.selenium.support.ui.ExpectedConditions.elementIfVisible(ExpectedConditions.java:314) ~[selenium-support-3.141.59.jar:?]
	at org.openqa.selenium.support.ui.ExpectedConditions.access$000(ExpectedConditions.java:43) ~[selenium-support-3.141.59.jar:?]
	at org.openqa.selenium.support.ui.ExpectedConditions$10.apply(ExpectedConditions.java:300) ~[selenium-support-3.141.59.jar:?]
	at org.openqa.selenium.support.ui.ExpectedConditions$10.apply(ExpectedConditions.java:297) ~[selenium-support-3.141.59.jar:?]
	at org.openqa.selenium.support.ui.FluentWait.until(FluentWait.java:249) ~[selenium-support-3.141.59.jar:?]
	... 34 more
Caused by: org.openqa.selenium.TimeoutException: Expected condition failed: waiting for io.appium.java_client.pagefactory.AppiumElementLocator$WaitingFunction@5c48b72c (tried for 30 second(s) with 500 milliseconds interval)
	at org.openqa.selenium.support.ui.FluentWait.timeoutException(FluentWait.java:304) ~[selenium-support-3.141.59.jar:?]
	at org.openqa.selenium.support.ui.FluentWait.until(FluentWait.java:272) ~[selenium-support-3.141.59.jar:?]
	at io.appium.java_client.pagefactory.AppiumElementLocator.waitFor(AppiumElementLocator.java:99) ~[java-client-7.5.1.jar:?]
	at io.appium.java_client.pagefactory.AppiumElementLocator.findElement(AppiumElementLocator.java:119) ~[java-client-7.5.1.jar:?]
	at io.appium.java_client.pagefactory.interceptors.InterceptorOfASingleElement.intercept(InterceptorOfASingleElement.java:59) ~[java-client-7.5.1.jar:?]
	at io.appium.java_client.android.AndroidElement$$EnhancerByCGLIB$$b598166c.isDisplayed(<generated>) ~[java-client-7.5.1.jar:?]
	at org.openqa.selenium.support.ui.ExpectedConditions.elementIfVisible(ExpectedConditions.java:314) ~[selenium-support-3.141.59.jar:?]
	at org.openqa.selenium.support.ui.ExpectedConditions.access$000(ExpectedConditions.java:43) ~[selenium-support-3.141.59.jar:?]
	at org.openqa.selenium.support.ui.ExpectedConditions$10.apply(ExpectedConditions.java:300) ~[selenium-support-3.141.59.jar:?]
	at org.openqa.selenium.support.ui.ExpectedConditions$10.apply(ExpectedConditions.java:297) ~[selenium-support-3.141.59.jar:?]
	at org.openqa.selenium.support.ui.FluentWait.until(FluentWait.java:249) ~[selenium-support-3.141.59.jar:?]
	... 34 more
Caused by: org.openqa.selenium.NoSuchElementException: Cannot locate an element using By.chained({By.xpath: //android.view.ViewGroup[@resource-id='button_icon_button_filter_modal_3_default']z})
For documentation on this error, please visit: https://www.seleniumhq.org/exceptions/no_such_element.html
Build info: version: '3.141.59', revision: 'e82be7d358', time: '2018-11-14T08:17:03'
System info: host: 'RUDRA', ip: '192.168.1.3', os.name: 'Windows 11', os.arch: 'amd64', os.version: '10.0', java.version: '11.0.20'
Driver info: driver.version: AndroidDriver
	at io.appium.java_client.pagefactory.bys.builder.ByChained.findElement(ByChained.java:74) ~[java-client-7.5.1.jar:?]
	at org.openqa.selenium.remote.RemoteWebDriver.findElement(RemoteWebDriver.java:315) ~[selenium-remote-driver-3.141.59.jar:?]
	at io.appium.java_client.DefaultGenericMobileDriver.findElement(DefaultGenericMobileDriver.java:57) ~[java-client-7.5.1.jar:?]
	at io.appium.java_client.AppiumDriver.findElement(AppiumDriver.java:1) ~[java-client-7.5.1.jar:?]
	at io.appium.java_client.android.AndroidDriver.findElement(AndroidDriver.java:1) ~[java-client-7.5.1.jar:?]
	at io.appium.java_client.pagefactory.bys.ContentMappedBy.findElement(ContentMappedBy.java:50) ~[java-client-7.5.1.jar:?]
	at org.openqa.selenium.remote.RemoteWebDriver.findElement(RemoteWebDriver.java:315) ~[selenium-remote-driver-3.141.59.jar:?]
	at io.appium.java_client.DefaultGenericMobileDriver.findElement(DefaultGenericMobileDriver.java:57) ~[java-client-7.5.1.jar:?]
	at io.appium.java_client.AppiumDriver.findElement(AppiumDriver.java:1) ~[java-client-7.5.1.jar:?]
	at io.appium.java_client.android.AndroidDriver.findElement(AndroidDriver.java:1) ~[java-client-7.5.1.jar:?]
	at io.appium.java_client.pagefactory.AppiumElementLocator.lambda$0(AppiumElementLocator.java:120) ~[java-client-7.5.1.jar:?]
	at io.appium.java_client.pagefactory.AppiumElementLocator$WaitingFunction.apply(AppiumElementLocator.java:172) ~[java-client-7.5.1.jar:?]
	at io.appium.java_client.pagefactory.AppiumElementLocator$WaitingFunction.apply(AppiumElementLocator.java:1) ~[java-client-7.5.1.jar:?]
	at org.openqa.selenium.support.ui.FluentWait.until(FluentWait.java:249) ~[selenium-support-3.141.59.jar:?]
	at io.appium.java_client.pagefactory.AppiumElementLocator.waitFor(AppiumElementLocator.java:99) ~[java-client-7.5.1.jar:?]
	at io.appium.java_client.pagefactory.AppiumElementLocator.findElement(AppiumElementLocator.java:119) ~[java-client-7.5.1.jar:?]
	at io.appium.java_client.pagefactory.interceptors.InterceptorOfASingleElement.intercept(InterceptorOfASingleElement.java:59) ~[java-client-7.5.1.jar:?]
	at io.appium.java_client.android.AndroidElement$$EnhancerByCGLIB$$b598166c.isDisplayed(<generated>) ~[java-client-7.5.1.jar:?]
	at org.openqa.selenium.support.ui.ExpectedConditions.elementIfVisible(ExpectedConditions.java:314) ~[selenium-support-3.141.59.jar:?]
	at org.openqa.selenium.support.ui.ExpectedConditions.access$000(ExpectedConditions.java:43) ~[selenium-support-3.141.59.jar:?]
	at org.openqa.selenium.support.ui.ExpectedConditions$10.apply(ExpectedConditions.java:300) ~[selenium-support-3.141.59.jar:?]
	at org.openqa.selenium.support.ui.ExpectedConditions$10.apply(ExpectedConditions.java:297) ~[selenium-support-3.141.59.jar:?]
	at org.openqa.selenium.support.ui.FluentWait.until(FluentWait.java:249) ~[selenium-support-3.141.59.jar:?]
	... 34 more
[logsAndroid_Pixel_7_Pro_API_31 INFO ] 2024-02-15 14:21:36.026 BasePage:294 - Attempt 1: Clicking on <My Coins>
[logsAndroid_Pixel_7_Pro_API_31 INFO ] 2024-02-15 14:21:36.279 BasePage:302 - Attempt 1: Clicked on <My Coins> successfully
[logsAndroid_Pixel_7_Pro_API_31 INFO ] 2024-02-15 14:21:38.500 BasePage:1218 - Scrolling complete. Element is now centered on the screen.
[logsAndroid_Pixel_7_Pro_API_31 INFO ] 2024-02-15 14:21:38.500 BasePage:1262 - Element - My Coins Card :  is now displayed. No need to scroll further.
[logsAndroid_Pixel_7_Pro_API_31 INFO ] 2024-02-15 14:21:42.674 BasePage:294 - Attempt 1: Clicking on <My Coins Card>
[logsAndroid_Pixel_7_Pro_API_31 INFO ] 2024-02-15 14:21:44.204 BasePage:302 - Attempt 1: Clicked on <My Coins Card> successfully
[logsAndroid_Pixel_7_Pro_API_31 INFO ] 2024-02-15 14:21:45.422 BasePage:294 - Attempt 1: Clicking on <Filter>
[logsAndroid_Pixel_7_Pro_API_31 INFO ] 2024-02-15 14:21:45.685 BasePage:302 - Attempt 1: Clicked on <Filter> successfully
[logsAndroid_Pixel_7_Pro_API_31 INFO ] 2024-02-15 14:21:47.073 BasePage:294 - Attempt 1: Clicking on <Filter - Coin type>
[logsAndroid_Pixel_7_Pro_API_31 INFO ] 2024-02-15 14:21:47.941 BasePage:302 - Attempt 1: Clicked on <Filter - Coin type> successfully
[logsAndroid_Pixel_7_Pro_API_31 DEBUG] 2024-02-15 14:24:30.170 BaseTest:125 - Log file path: logs\Android_Pixel_7_Pro_API_31
[logsAndroid_Pixel_7_Pro_API_31 DEBUG] 2024-02-15 14:24:30.193 BaseTest:132 - Setting PLATFORM_NAME to: Android
[logsAndroid_Pixel_7_Pro_API_31 DEBUG] 2024-02-15 14:24:30.194 BaseTest:136 - Setting DEVICE_NAME to: Pixel_7_Pro_API_31
[logsAndroid_Pixel_7_Pro_API_31 DEBUG] 2024-02-15 14:24:37.857 BaseTest:159 - sessionId: b64fbc42-f79f-4b7d-9250-82229326bc27
[logsAndroid_Pixel_7_Pro_API_31 INFO ] 2024-02-15 14:24:46.274 BasePage:294 - Attempt 1: Clicking on <My Coins>
[logsAndroid_Pixel_7_Pro_API_31 INFO ] 2024-02-15 14:24:46.741 BasePage:302 - Attempt 1: Clicked on <My Coins> successfully
[logsAndroid_Pixel_7_Pro_API_31 INFO ] 2024-02-15 14:24:53.774 BasePage:1273 - Element :My Coins Card is not displayed. Scrolling down to find the element: My Coins Card.
[logsAndroid_Pixel_7_Pro_API_31 INFO ] 2024-02-15 14:24:58.422 BasePage:1273 - Element :My Coins Card is not displayed. Scrolling down to find the element: My Coins Card.
[logsAndroid_Pixel_7_Pro_API_31 INFO ] 2024-02-15 14:25:02.601 BasePage:1218 - Scrolling complete. Element is now centered on the screen.
[logsAndroid_Pixel_7_Pro_API_31 INFO ] 2024-02-15 14:25:02.602 BasePage:1262 - Element - My Coins Card :  is now displayed. No need to scroll further.
[logsAndroid_Pixel_7_Pro_API_31 INFO ] 2024-02-15 14:25:04.683 BasePage:294 - Attempt 1: Clicking on <My Coins Card>
[logsAndroid_Pixel_7_Pro_API_31 INFO ] 2024-02-15 14:25:06.689 BasePage:302 - Attempt 1: Clicked on <My Coins Card> successfully
[logsAndroid_Pixel_7_Pro_API_31 INFO ] 2024-02-15 14:25:09.082 BasePage:294 - Attempt 1: Clicking on <Filter>
[logsAndroid_Pixel_7_Pro_API_31 INFO ] 2024-02-15 14:25:09.326 BasePage:302 - Attempt 1: Clicked on <Filter> successfully
[logsAndroid_Pixel_7_Pro_API_31 INFO ] 2024-02-15 14:25:10.751 BasePage:294 - Attempt 1: Clicking on <Filter - Coin type>
[logsAndroid_Pixel_7_Pro_API_31 INFO ] 2024-02-15 14:25:11.594 BasePage:302 - Attempt 1: Clicked on <Filter - Coin type> successfully
[logsAndroid_Pixel_7_Pro_API_31 INFO ] 2024-02-15 14:25:23.078 BasePage:294 - Attempt 1: Clicking on <Coin type - Regular>
[logsAndroid_Pixel_7_Pro_API_31 INFO ] 2024-02-15 14:25:24.037 BasePage:302 - Attempt 1: Clicked on <Coin type - Regular> successfully
[logsAndroid_Pixel_7_Pro_API_31 INFO ] 2024-02-15 14:25:24.218 BasePage:294 - Attempt 1: Clicking on <Show results>
[logsAndroid_Pixel_7_Pro_API_31 INFO ] 2024-02-15 14:25:24.457 BasePage:302 - Attempt 1: Clicked on <Show results> successfully
[logsAndroid_Pixel_7_Pro_API_31 INFO ] 2024-02-15 14:25:24.634 BasePage:294 - Attempt 1: Clicking on <Show All>
[logsAndroid_Pixel_7_Pro_API_31 INFO ] 2024-02-15 14:25:27.344 BasePage:302 - Attempt 1: Clicked on <Show All> successfully
[logsAndroid_Pixel_7_Pro_API_31 INFO ] 2024-02-15 14:25:27.581 BasePage:294 - Attempt 1: Clicking on <Clear Fliter>
[logsAndroid_Pixel_7_Pro_API_31 INFO ] 2024-02-15 14:25:28.609 BasePage:302 - Attempt 1: Clicked on <Clear Fliter> successfully
[logsAndroid_Pixel_7_Pro_API_31 INFO ] 2024-02-15 14:25:28.839 BasePage:220 - Navigated back
