<!DOCTYPE html>

<html>
  <head>
  <meta charset='utf-8'>
  <title>TestNG reports</title>

    <link type="text/css" href="testng-reports1.css" rel="stylesheet" id="ultra" />
    <link type="text/css" href="testng-reports.css" rel="stylesheet" id="retro" disabled="false"/>
    <script type="text/javascript" src="jquery.min.js"></script>
    <script type="text/javascript" src="testng-reports.js"></script>
    <script type="text/javascript" src="https://www.google.com/jsapi"></script>
    <script type='text/javascript'>
      google.load('visualization', '1', {packages:['table']});
      google.setOnLoadCallback(drawTable);
      var suiteTableInitFunctions = new Array();
      var suiteTableData = new Array();
    </script>
    <!--
      <script type="text/javascript" src="jquery-ui/js/jquery-ui-1.8.16.custom.min.js"></script>
     -->
  </head>

  <body>
    <div class="top-banner-root">
      <span class="top-banner-title-font">Test results</span>
      <button id="button" class="button">Switch Retro Theme</button> <!-- button -->
      <br/>
      <span class="top-banner-font-1">1 suite, 1 failed test</span>
    </div> <!-- top-banner-root -->
    <div class="navigator-root">
      <div class="navigator-suite-header">
        <span>All suites</span>
        <a href="#" title="Collapse/expand all the suites" class="collapse-all-link">
          <img src="collapseall.gif" class="collapse-all-icon">
          </img> <!-- collapse-all-icon -->
        </a> <!-- collapse-all-link -->
      </div> <!-- navigator-suite-header -->
      <div class="suite">
        <div class="rounded-window">
          <div class="suite-header light-rounded-window-top">
            <a href="#" panel-name="suite-Test_Suite__" class="navigator-link">
              <span class="suite-name border-failed">Test Suite: </span>
            </a> <!-- navigator-link -->
          </div> <!-- suite-header light-rounded-window-top -->
          <div class="navigator-suite-content">
            <div class="suite-section-title">
              <span>Info</span>
            </div> <!-- suite-section-title -->
            <div class="suite-section-content">
              <ul>
                <li>
                  <a href="#" panel-name="test-xml-Test_Suite__" class="navigator-link ">
                    <span>C:\Users\rudra\Downloads\Appium-Java-POM-Framework-main\browserstack_ Android.xml</span>
                  </a> <!-- navigator-link  -->
                </li>
                <li>
                  <a href="#" panel-name="testlist-Test_Suite__" class="navigator-link ">
                    <span class="test-stats">1 test</span>
                  </a> <!-- navigator-link  -->
                </li>
                <li>
                  <a href="#" panel-name="group-Test_Suite__" class="navigator-link ">
                    <span>4 groups</span>
                  </a> <!-- navigator-link  -->
                </li>
                <li>
                  <a href="#" panel-name="times-Test_Suite__" class="navigator-link ">
                    <span>Times</span>
                  </a> <!-- navigator-link  -->
                </li>
                <li>
                  <a href="#" panel-name="reporter-Test_Suite__" class="navigator-link ">
                    <span>Reporter output</span>
                  </a> <!-- navigator-link  -->
                </li>
                <li>
                  <a href="#" panel-name="ignored-methods-Test_Suite__" class="navigator-link ">
                    <span>Ignored methods</span>
                  </a> <!-- navigator-link  -->
                </li>
                <li>
                  <a href="#" panel-name="chronological-Test_Suite__" class="navigator-link ">
                    <span>Chronological view</span>
                  </a> <!-- navigator-link  -->
                </li>
              </ul>
            </div> <!-- suite-section-content -->
            <div class="result-section">
              <div class="suite-section-title">
                <span>Results</span>
              </div> <!-- suite-section-title -->
              <div class="suite-section-content">
                <ul>
                  <li>
                    <span class="method-stats">3 methods, 1 failed,  1 skipped,  1 passed</span>
                  </li>
                  <li>
                    <span class="method-list-title failed">Failed methods</span>
                    <span class="show-or-hide-methods failed">
                      <a href="#" panel-name="suite-Test_Suite__" class="hide-methods failed suite-Test_Suite__"> (hide)</a> <!-- hide-methods failed suite-Test_Suite__ -->
                      <a href="#" panel-name="suite-Test_Suite__" class="show-methods failed suite-Test_Suite__"> (show)</a> <!-- show-methods failed suite-Test_Suite__ -->
                    </span>
                    <div class="method-list-content failed suite-Test_Suite__">
                      <span>
                        <img src="failed.png" width="3%"/>
                        <a href="#" panel-name="suite-Test_Suite__" title="com.appium.tests.HomeTests" class="method navigator-link" hash-for-method="validateProductCardScrollOnHomePage">validateProductCardScrollOnHomePage</a> <!-- method navigator-link -->
                      </span>
                      <br/>
                    </div> <!-- method-list-content failed suite-Test_Suite__ -->
                  </li>
                  <li>
                    <span class="method-list-title skipped">Retried methods</span>
                    <span class="show-or-hide-methods skipped">
                      <a href="#" panel-name="suite-Test_Suite__" class="hide-methods skipped suite-Test_Suite__"> (hide)</a> <!-- hide-methods skipped suite-Test_Suite__ -->
                      <a href="#" panel-name="suite-Test_Suite__" class="show-methods skipped suite-Test_Suite__"> (show)</a> <!-- show-methods skipped suite-Test_Suite__ -->
                    </span>
                    <div class="method-list-content skipped suite-Test_Suite__">
                      <span>
                        <img src="skipped.png" width="3%"/>
                        <a href="#" panel-name="suite-Test_Suite__" title="com.appium.tests.HomeTests" class="method navigator-link" hash-for-method="validateProductCardScrollOnHomePage">validateProductCardScrollOnHomePage</a> <!-- method navigator-link -->
                      </span>
                      <br/>
                    </div> <!-- method-list-content skipped suite-Test_Suite__ -->
                  </li>
                  <li>
                    <span class="method-list-title passed">Passed methods</span>
                    <span class="show-or-hide-methods passed">
                      <a href="#" panel-name="suite-Test_Suite__" class="hide-methods passed suite-Test_Suite__"> (hide)</a> <!-- hide-methods passed suite-Test_Suite__ -->
                      <a href="#" panel-name="suite-Test_Suite__" class="show-methods passed suite-Test_Suite__"> (show)</a> <!-- show-methods passed suite-Test_Suite__ -->
                    </span>
                    <div class="method-list-content passed suite-Test_Suite__">
                      <span>
                        <img src="passed.png" width="3%"/>
                        <a href="#" panel-name="suite-Test_Suite__" title="com.appium.tests.LoginTests" class="method navigator-link" hash-for-method="successfulLogin">successfulLogin</a> <!-- method navigator-link -->
                      </span>
                      <br/>
                    </div> <!-- method-list-content passed suite-Test_Suite__ -->
                  </li>
                </ul>
              </div> <!-- suite-section-content -->
            </div> <!-- result-section -->
          </div> <!-- navigator-suite-content -->
        </div> <!-- rounded-window -->
      </div> <!-- suite -->
    </div> <!-- navigator-root -->
    <div class="wrapper">
      <div class="main-panel-root">
        <div panel-name="suite-Test_Suite__" class="panel Test_Suite__">
          <div class="suite-Test_Suite__-class-failed">
            <div class="main-panel-header rounded-window-top">
              <img src="failed.png"/>
              <span class="class-name">com.appium.tests.HomeTests</span>
            </div> <!-- main-panel-header rounded-window-top -->
            <div class="main-panel-content rounded-window-bottom">
              <div class="method">
                <div class="method-content">
                  <a name="validateProductCardScrollOnHomePage">
                  </a> <!-- validateProductCardScrollOnHomePage -->
                  <span class="method-name">validateProductCardScrollOnHomePage</span>
                  <div class="stack-trace">org.openqa.selenium.TimeoutException: Expected condition failed: waiting for visibility of Located by By.chained({By.xpath: (//android.view.ViewGroup/android.widget.ImageView)[last()]}) (tried for 10 second(s) with 500 milliseconds interval)
	at org.openqa.selenium.support.ui.WebDriverWait.timeoutException(WebDriverWait.java:95)
	at org.openqa.selenium.support.ui.FluentWait.until(FluentWait.java:272)
	at com.appium.base.BasePage.waitForVisibility(BasePage.java:63)
	at com.appium.base.BasePage.click(BasePage.java:110)
	at com.appium.pages.HomePage.pressCloseIcon(HomePage.java:84)
	at com.appium.tests.HomeTests.validateProductCardScrollOnHomePage(HomeTests.java:63)
	at java.base/java.util.ArrayList.forEach(ArrayList.java:1541)
Caused by: org.openqa.selenium.NoSuchElementException: Can&apos;t locate an element by this strategy: By.chained({By.xpath: (//android.view.ViewGroup/android.widget.ImageView)[last()]})
	at io.appium.java_client.pagefactory.AppiumElementLocator.findElement(AppiumElementLocator.java:126)
	at io.appium.java_client.pagefactory.interceptors.InterceptorOfASingleElement.intercept(InterceptorOfASingleElement.java:59)
	at io.appium.java_client.android.AndroidElement$$EnhancerByCGLIB$$b598166c.isDisplayed(&lt;generated&gt;)
	at org.openqa.selenium.support.ui.ExpectedConditions.elementIfVisible(ExpectedConditions.java:314)
	at org.openqa.selenium.support.ui.ExpectedConditions.access$000(ExpectedConditions.java:43)
	at org.openqa.selenium.support.ui.ExpectedConditions$10.apply(ExpectedConditions.java:300)
	at org.openqa.selenium.support.ui.ExpectedConditions$10.apply(ExpectedConditions.java:297)
	at org.openqa.selenium.support.ui.FluentWait.until(FluentWait.java:249)
	... 32 more
Caused by: org.openqa.selenium.TimeoutException: Expected condition failed: waiting for io.appium.java_client.pagefactory.AppiumElementLocator$WaitingFunction@4c02899 (tried for 30 second(s) with 500 milliseconds interval)
	at org.openqa.selenium.support.ui.FluentWait.timeoutException(FluentWait.java:304)
	at org.openqa.selenium.support.ui.FluentWait.until(FluentWait.java:272)
	at io.appium.java_client.pagefactory.AppiumElementLocator.waitFor(AppiumElementLocator.java:99)
	at io.appium.java_client.pagefactory.AppiumElementLocator.findElement(AppiumElementLocator.java:119)
	... 39 more
Caused by: org.openqa.selenium.NoSuchElementException: Cannot locate an element using By.chained({By.xpath: (//android.view.ViewGroup/android.widget.ImageView)[last()]})
For documentation on this error, please visit: https://www.seleniumhq.org/exceptions/no_such_element.html
Build info: version: &apos;3.141.59&apos;, revision: &apos;e82be7d358&apos;, time: &apos;2018-11-14T08:17:03&apos;
System info: host: &apos;RUDRA&apos;, ip: &apos;192.168.0.159&apos;, os.name: &apos;Windows 11&apos;, os.arch: &apos;amd64&apos;, os.version: &apos;10.0&apos;, java.version: &apos;11.0.20&apos;
Driver info: driver.version: AndroidDriver
	at io.appium.java_client.pagefactory.bys.builder.ByChained.findElement(ByChained.java:74)
	at org.openqa.selenium.remote.RemoteWebDriver.findElement(RemoteWebDriver.java:315)
	at io.appium.java_client.DefaultGenericMobileDriver.findElement(DefaultGenericMobileDriver.java:57)
	at io.appium.java_client.AppiumDriver.findElement(AppiumDriver.java:1)
	at io.appium.java_client.android.AndroidDriver.findElement(AndroidDriver.java:1)
	at io.appium.java_client.pagefactory.bys.ContentMappedBy.findElement(ContentMappedBy.java:50)
	at org.openqa.selenium.remote.RemoteWebDriver.findElement(RemoteWebDriver.java:315)
	at io.appium.java_client.DefaultGenericMobileDriver.findElement(DefaultGenericMobileDriver.java:57)
	at io.appium.java_client.AppiumDriver.findElement(AppiumDriver.java:1)
	at io.appium.java_client.android.AndroidDriver.findElement(AndroidDriver.java:1)
	at io.appium.java_client.pagefactory.AppiumElementLocator.lambda$0(AppiumElementLocator.java:120)
	at io.appium.java_client.pagefactory.AppiumElementLocator$WaitingFunction.apply(AppiumElementLocator.java:172)
	at io.appium.java_client.pagefactory.AppiumElementLocator$WaitingFunction.apply(AppiumElementLocator.java:1)
	at org.openqa.selenium.support.ui.FluentWait.until(FluentWait.java:249)
	... 41 more
... Removed 27 stack frames
</div> <!-- stack-trace -->
                </div> <!-- method-content -->
              </div> <!-- method -->
            </div> <!-- main-panel-content rounded-window-bottom -->
          </div> <!-- suite-Test_Suite__-class-failed -->
          <div class="suite-Test_Suite__-class-skipped">
            <div class="main-panel-header rounded-window-top">
              <img src="skipped.png"/>
              <span class="class-name">com.appium.tests.HomeTests</span>
            </div> <!-- main-panel-header rounded-window-top -->
            <div class="main-panel-content rounded-window-bottom">
              <div class="method">
                <div class="method-content">
                  <a name="validateProductCardScrollOnHomePage">
                  </a> <!-- validateProductCardScrollOnHomePage -->
                  <span class="method-name">validateProductCardScrollOnHomePage</span>
                  <div class="stack-trace">java.lang.AssertionError: error did not expect [0] but found [0]
	at com.appium.pages.HomePage.swipeProductscards(HomePage.java:97)
	at com.appium.tests.HomeTests.validateProductCardScrollOnHomePage(HomeTests.java:63)
	at java.base/java.util.ArrayList.forEach(ArrayList.java:1541)
... Removed 31 stack frames
</div> <!-- stack-trace -->
                </div> <!-- method-content -->
              </div> <!-- method -->
            </div> <!-- main-panel-content rounded-window-bottom -->
          </div> <!-- suite-Test_Suite__-class-skipped -->
          <div class="suite-Test_Suite__-class-passed">
            <div class="main-panel-header rounded-window-top">
              <img src="passed.png"/>
              <span class="class-name">com.appium.tests.LoginTests</span>
            </div> <!-- main-panel-header rounded-window-top -->
            <div class="main-panel-content rounded-window-bottom">
              <div class="method">
                <div class="method-content">
                  <a name="successfulLogin">
                  </a> <!-- successfulLogin -->
                  <span class="method-name">successfulLogin</span>
                </div> <!-- method-content -->
              </div> <!-- method -->
            </div> <!-- main-panel-content rounded-window-bottom -->
          </div> <!-- suite-Test_Suite__-class-passed -->
        </div> <!-- panel Test_Suite__ -->
        <div panel-name="test-xml-Test_Suite__" class="panel">
          <div class="main-panel-header rounded-window-top">
            <span class="header-content">C:\Users\rudra\Downloads\Appium-Java-POM-Framework-main\browserstack_ Android.xml</span>
          </div> <!-- main-panel-header rounded-window-top -->
          <div class="main-panel-content rounded-window-bottom">
            <pre>
&lt;?xml version=&quot;1.0&quot; encoding=&quot;UTF-8&quot;?&gt;
&lt;!DOCTYPE suite SYSTEM &quot;https://testng.org/testng-1.0.dtd&quot;&gt;
&lt;suite name=&quot;Test Suite: &quot; guice-stage=&quot;DEVELOPMENT&quot;&gt;
  &lt;listeners&gt;
    &lt;listener class-name=&quot;com.appium.listeners.ListenerClass&quot;/&gt;
    &lt;listener class-name=&quot;com.appium.listeners.AnnotationTransformer&quot;/&gt;
    &lt;listener class-name=&quot;com.appium.listeners.MethodInterceptor&quot;/&gt;
  &lt;/listeners&gt;
  &lt;test thread-count=&quot;5&quot; name=&quot;Tests on Emulator: Pixel 7 Pro API 31&quot;&gt;
    &lt;parameter name=&quot;emulator&quot; value=&quot;false&quot;/&gt;
    &lt;parameter name=&quot;chromeDriverPort&quot; value=&quot;11000&quot;/&gt;
    &lt;parameter name=&quot;platformName&quot; value=&quot;browserStack&quot;/&gt;
    &lt;parameter name=&quot;udid&quot; value=&quot;emulator-5554&quot;/&gt;
    &lt;parameter name=&quot;deviceName&quot; value=&quot;Google Pixel 6 Pro&quot;/&gt;
    &lt;parameter name=&quot;systemPort&quot; value=&quot;10000&quot;/&gt;
    &lt;classes&gt;
      &lt;class name=&quot;com.appium.tests.LoginTests&quot;/&gt;
      &lt;class name=&quot;com.appium.tests.HomeTests&quot;/&gt;
    &lt;/classes&gt;
  &lt;/test&gt; &lt;!-- Tests on Emulator: Pixel 7 Pro API 31 --&gt;
&lt;/suite&gt; &lt;!-- Test Suite:  --&gt;
            </pre>
          </div> <!-- main-panel-content rounded-window-bottom -->
        </div> <!-- panel -->
        <div panel-name="testlist-Test_Suite__" class="panel">
          <div class="main-panel-header rounded-window-top">
            <span class="header-content">Tests for Test Suite: </span>
          </div> <!-- main-panel-header rounded-window-top -->
          <div class="main-panel-content rounded-window-bottom">
            <ul>
              <li>
                <span class="test-name">Tests on Emulator: Pixel 7 Pro API 31 (2 classes)</span>
              </li>
            </ul>
          </div> <!-- main-panel-content rounded-window-bottom -->
        </div> <!-- panel -->
        <div panel-name="group-Test_Suite__" class="panel">
          <div class="main-panel-header rounded-window-top">
            <span class="header-content">Groups for Test Suite: </span>
          </div> <!-- main-panel-header rounded-window-top -->
          <div class="main-panel-content rounded-window-bottom">
            <div class="test-group">
              <span class="test-group-name">BVT</span>
              <br/>
              <div class="method-in-group">
                <span class="method-in-group-name">successfulLogin</span>
                <br/>
              </div> <!-- method-in-group -->
            </div> <!-- test-group -->
            <div class="test-group">
              <span class="test-group-name">REGRESSION</span>
              <br/>
              <div class="method-in-group">
                <span class="method-in-group-name">successfulLogin</span>
                <br/>
              </div> <!-- method-in-group -->
              <div class="method-in-group">
                <span class="method-in-group-name">validateProductCardScrollOnHomePage</span>
                <br/>
              </div> <!-- method-in-group -->
            </div> <!-- test-group -->
            <div class="test-group">
              <span class="test-group-name">SANITY</span>
              <br/>
              <div class="method-in-group">
                <span class="method-in-group-name">successfulLogin</span>
                <br/>
              </div> <!-- method-in-group -->
            </div> <!-- test-group -->
            <div class="test-group">
              <span class="test-group-name">SMOKE</span>
              <br/>
              <div class="method-in-group">
                <span class="method-in-group-name">validateProductCardScrollOnHomePage</span>
                <br/>
              </div> <!-- method-in-group -->
            </div> <!-- test-group -->
          </div> <!-- main-panel-content rounded-window-bottom -->
        </div> <!-- panel -->
        <div panel-name="times-Test_Suite__" class="panel">
          <div class="main-panel-header rounded-window-top">
            <span class="header-content">Times for Test Suite: </span>
          </div> <!-- main-panel-header rounded-window-top -->
          <div class="main-panel-content rounded-window-bottom">
            <div class="times-div">
              <script type="text/javascript">
suiteTableInitFunctions.push('tableData_Test_Suite__');
function tableData_Test_Suite__() {
var data = new google.visualization.DataTable();
data.addColumn('number', 'Number');
data.addColumn('string', 'Method');
data.addColumn('string', 'Class');
data.addColumn('number', 'Time (ms)');
data.addRows(3);
data.setCell(0, 0, 0)
data.setCell(0, 1, 'validateProductCardScrollOnHomePage')
data.setCell(0, 2, 'com.appium.tests.HomeTests')
data.setCell(0, 3, 32926);
data.setCell(1, 0, 1)
data.setCell(1, 1, 'validateProductCardScrollOnHomePage')
data.setCell(1, 2, 'com.appium.tests.HomeTests')
data.setCell(1, 3, 13979);
data.setCell(2, 0, 2)
data.setCell(2, 1, 'successfulLogin')
data.setCell(2, 2, 'com.appium.tests.LoginTests')
data.setCell(2, 3, 12783);
window.suiteTableData['Test_Suite__']= { tableData: data, tableDiv: 'times-div-Test_Suite__'}
return data;
}
              </script>
              <span class="suite-total-time">Total running time: 59 seconds</span>
              <div id="times-div-Test_Suite__">
              </div> <!-- times-div-Test_Suite__ -->
            </div> <!-- times-div -->
          </div> <!-- main-panel-content rounded-window-bottom -->
        </div> <!-- panel -->
        <div panel-name="reporter-Test_Suite__" class="panel">
          <div class="main-panel-header rounded-window-top">
            <span class="header-content">Reporter output for Test Suite: </span>
          </div> <!-- main-panel-header rounded-window-top -->
          <div class="main-panel-content rounded-window-bottom">
          </div> <!-- main-panel-content rounded-window-bottom -->
        </div> <!-- panel -->
        <div panel-name="ignored-methods-Test_Suite__" class="panel">
          <div class="main-panel-header rounded-window-top">
            <span class="header-content">4 ignored methods</span>
          </div> <!-- main-panel-header rounded-window-top -->
          <div class="main-panel-content rounded-window-bottom">
            <div class="ignored-class-div">
              <span class="ignored-class-name">com.appium.tests.HomeTests</span>
              <div class="ignored-methods-div">
                <span class="ignored-method-name">beforeTest</span>
                <br/>
                <span class="ignored-method-name">afterSuite</span>
                <br/>
                <span class="ignored-method-name">beforeSuite</span>
                <br/>
                <span class="ignored-method-name">afterTest</span>
                <br/>
              </div> <!-- ignored-methods-div -->
            </div> <!-- ignored-class-div -->
          </div> <!-- main-panel-content rounded-window-bottom -->
        </div> <!-- panel -->
        <div panel-name="chronological-Test_Suite__" class="panel">
          <div class="main-panel-header rounded-window-top">
            <span class="header-content">Methods in chronological order</span>
          </div> <!-- main-panel-header rounded-window-top -->
          <div class="main-panel-content rounded-window-bottom">
            <div class="chronological-class">
              <div class="chronological-class-name">com.appium.tests.LoginTests</div> <!-- chronological-class-name -->
              <div class="configuration-suite before">
                <span class="method-name">beforeSuite</span>
                <span class="method-start">0 ms</span>
              </div> <!-- configuration-suite before -->
              <div class="configuration-test before">
                <span class="method-name">beforeTest(false, browserStack, emulator-5554, Google Pixel 6 Pro, 10000, 11000, iOSOnly, iOSOnly)</span>
                <span class="method-start">4630 ms</span>
              </div> <!-- configuration-test before -->
              <div class="configuration-method before">
                <span class="method-name">beforeTestMethod(org.testng.TestRunner@477bea57)</span>
                <span class="method-start">76031 ms</span>
              </div> <!-- configuration-method before -->
              <div class="configuration-method before">
                <span class="method-name">beforeMethod(public void com.appium.tests.LoginTests.successfulLogin())</span>
                <span class="method-start">76033 ms</span>
              </div> <!-- configuration-method before -->
              <div class="test-method">
                <span class="method-name">successfulLogin</span>
                <span class="method-start">76265 ms</span>
              </div> <!-- test-method -->
              <div class="configuration-method after">
                <span class="method-name">afterMethod(public void com.appium.tests.LoginTests.successfulLogin())</span>
                <span class="method-start">89064 ms</span>
              </div> <!-- configuration-method after -->
              <div class="configuration-method after">
                <span class="method-name">afterTestMethod(org.testng.TestRunner@477bea57, [TestResult name=successfulLogin status=SUCCESS method=LoginTests.su...)</span>
                <span class="method-start">89068 ms</span>
              </div> <!-- configuration-method after -->
              <div class="configuration-class after">
                <span class="method-name">afterClass</span>
                <span class="method-start">89071 ms</span>
              </div> <!-- configuration-class after -->
            </div> <!-- chronological-class -->
            <div class="chronological-class">
              <div class="chronological-class-name">com.appium.tests.HomeTests</div> <!-- chronological-class-name -->
              <div class="configuration-method before">
                <span class="method-name">beforeTestMethod(org.testng.TestRunner@477bea57)</span>
                <span class="method-start">89082 ms</span>
              </div> <!-- configuration-method before -->
              <div class="configuration-method before">
                <span class="method-name">beforeMethod(public void com.appium.tests.HomeTests.validateProductCardScrollOnHomePage())</span>
                <span class="method-start">89083 ms</span>
              </div> <!-- configuration-method before -->
              <div class="test-method">
                <span class="method-name">validateProductCardScrollOnHomePage</span>
                <span class="method-start">89087 ms</span>
              </div> <!-- test-method -->
              <div class="configuration-method after">
                <span class="method-name">afterMethod(public void com.appium.tests.HomeTests.validateProductCardScrollOnHomePage())</span>
                <span class="method-start">104818 ms</span>
              </div> <!-- configuration-method after -->
              <div class="configuration-method before">
                <span class="method-name">beforeMethod(public void com.appium.tests.HomeTests.validateProductCardScrollOnHomePage())</span>
                <span class="method-start">104820 ms</span>
              </div> <!-- configuration-method before -->
              <div class="configuration-method after">
                <span class="method-name">afterTestMethod(org.testng.TestRunner@477bea57, [TestResult name=validateProductCardScrollOnHomePage status=SKIP met...)</span>
                <span class="method-start">104820 ms</span>
              </div> <!-- configuration-method after -->
              <div class="configuration-method before">
                <span class="method-name">beforeTestMethod(org.testng.TestRunner@477bea57)</span>
                <span class="method-start">104820 ms</span>
              </div> <!-- configuration-method before -->
              <div class="test-method">
                <img src="failed.png">
                </img>
                <span class="method-name">validateProductCardScrollOnHomePage</span>
                <span class="method-start">104825 ms</span>
              </div> <!-- test-method -->
              <div class="configuration-method after">
                <span class="method-name">afterMethod(public void com.appium.tests.HomeTests.validateProductCardScrollOnHomePage())</span>
                <span class="method-start">139122 ms</span>
              </div> <!-- configuration-method after -->
              <div class="configuration-method after">
                <span class="method-name">afterTestMethod(org.testng.TestRunner@477bea57, [TestResult name=validateProductCardScrollOnHomePage status=FAILURE ...)</span>
                <span class="method-start">139123 ms</span>
              </div> <!-- configuration-method after -->
            </div> <!-- chronological-class -->
            <div class="chronological-class">
              <div class="chronological-class-name">com.appium.tests.LoginTests</div> <!-- chronological-class-name -->
              <div class="configuration-test after">
                <span class="method-name">afterTest</span>
                <span class="method-start">139124 ms</span>
              </div> <!-- configuration-test after -->
            </div> <!-- chronological-class -->
            <div class="chronological-class">
              <div class="chronological-class-name">com.appium.tests.HomeTests</div> <!-- chronological-class-name -->
              <div class="configuration-class after">
                <span class="method-name">afterClass</span>
                <span class="method-start">139124 ms</span>
              </div> <!-- configuration-class after -->
            </div> <!-- chronological-class -->
            <div class="chronological-class">
              <div class="chronological-class-name">com.appium.tests.LoginTests</div> <!-- chronological-class-name -->
              <div class="configuration-suite after">
                <span class="method-name">afterSuite</span>
                <span class="method-start">140349 ms</span>
              </div> <!-- configuration-suite after -->
          </div> <!-- main-panel-content rounded-window-bottom -->
        </div> <!-- panel -->
      </div> <!-- main-panel-root -->
    </div> <!-- wrapper -->
  </body>
<script type="text/javascript" src="testng-reports2.js"></script>
</html>
