<?xml version="1.0" encoding="UTF-8"?>
<testng-results retried="1" ignored="4" total="7" passed="1" failed="1" skipped="0">
  <reporter-output>
  </reporter-output>
  <suite started-at="2023-10-13T17:32:42 IST" name="Test Suite: " finished-at="2023-10-13T17:34:58 IST" duration-ms="135680">
    <groups>
      <group name="REGRESSION">
        <method signature="HomeTests.validateProductCardScrollOnHomePage()[pri:0, instance:com.appium.tests.HomeTests@14028087]" name="validateProductCardScrollOnHomePage" class="com.appium.tests.HomeTests"/>
        <method signature="LoginTests.successfulLogin()[pri:0, instance:com.appium.tests.LoginTests@48075da3]" name="successfulLogin" class="com.appium.tests.LoginTests"/>
      </group> <!-- REGRESSION -->
      <group name="BVT">
        <method signature="LoginTests.successfulLogin()[pri:0, instance:com.appium.tests.LoginTests@48075da3]" name="successfulLogin" class="com.appium.tests.LoginTests"/>
      </group> <!-- BVT -->
      <group name="SANITY">
        <method signature="LoginTests.successfulLogin()[pri:0, instance:com.appium.tests.LoginTests@48075da3]" name="successfulLogin" class="com.appium.tests.LoginTests"/>
      </group> <!-- SANITY -->
      <group name="SMOKE">
        <method signature="HomeTests.validateProductCardScrollOnHomePage()[pri:0, instance:com.appium.tests.HomeTests@14028087]" name="validateProductCardScrollOnHomePage" class="com.appium.tests.HomeTests"/>
      </group> <!-- SMOKE -->
    </groups>
    <test started-at="2023-10-13T17:32:42 IST" name="Tests on Emulator: Pixel 7 Pro API 31" finished-at="2023-10-13T17:34:58 IST" duration-ms="135680">
      <class name="com.appium.tests.HomeTests">
        <test-method is-config="true" signature="beforeTestMethod(org.testng.ITestContext)[pri:0, instance:com.appium.tests.HomeTests@14028087]" started-at="2023-10-13T17:34:07 IST" name="beforeTestMethod" finished-at="2023-10-13T17:34:07 IST" duration-ms="1" status="PASS">
          <params>
            <param index="0">
              <value>
                <![CDATA[org.testng.TestRunner@477bea57]]>
              </value>
            </param>
          </params>
          <reporter-output>
          </reporter-output>
        </test-method> <!-- beforeTestMethod -->
        <test-method is-config="true" signature="beforeMethod(java.lang.reflect.Method)[pri:0, instance:com.appium.tests.HomeTests@14028087]" started-at="2023-10-13T17:34:07 IST" name="beforeMethod" finished-at="2023-10-13T17:34:07 IST" duration-ms="4" status="PASS">
          <params>
            <param index="0">
              <value>
                <![CDATA[public void com.appium.tests.HomeTests.validateProductCardScrollOnHomePage()]]>
              </value>
            </param>
          </params>
          <reporter-output>
          </reporter-output>
        </test-method> <!-- beforeMethod -->
        <test-method retried="true" signature="validateProductCardScrollOnHomePage()[pri:0, instance:com.appium.tests.HomeTests@14028087]" started-at="2023-10-13T17:34:07 IST" name="validateProductCardScrollOnHomePage" finished-at="2023-10-13T17:34:21 IST" duration-ms="13979" status="SKIP">
          <exception class="java.lang.AssertionError">
            <message>
              <![CDATA[error did not expect [0] but found [0]]]>
            </message>
            <full-stacktrace>
              <![CDATA[java.lang.AssertionError: error did not expect [0] but found [0]
at org.testng.Assert.fail(Assert.java:99)
at org.testng.Assert.failEquals(Assert.java:1041)
at org.testng.Assert.assertNotEqualsImpl(Assert.java:147)
at org.testng.Assert.assertNotEquals(Assert.java:1531)
at com.appium.pages.HomePage.swipeProductscards(HomePage.java:97)
at com.appium.tests.HomeTests.validateProductCardScrollOnHomePage(HomeTests.java:63)
at java.base/jdk.internal.reflect.NativeMethodAccessorImpl.invoke0(Native Method)
at java.base/jdk.internal.reflect.NativeMethodAccessorImpl.invoke(NativeMethodAccessorImpl.java:62)
at java.base/jdk.internal.reflect.DelegatingMethodAccessorImpl.invoke(DelegatingMethodAccessorImpl.java:43)
at java.base/java.lang.reflect.Method.invoke(Method.java:566)
at org.testng.internal.MethodInvocationHelper.invokeMethod(MethodInvocationHelper.java:133)
at org.testng.internal.TestInvoker.invokeMethod(TestInvoker.java:598)
at org.testng.internal.TestInvoker.invokeTestMethod(TestInvoker.java:173)
at org.testng.internal.MethodRunner.runInSequence(MethodRunner.java:46)
at org.testng.internal.TestInvoker$MethodInvocationAgent.invoke(TestInvoker.java:824)
at org.testng.internal.TestInvoker.invokeTestMethods(TestInvoker.java:146)
at org.testng.internal.TestMethodWorker.invokeTestMethods(TestMethodWorker.java:146)
at org.testng.internal.TestMethodWorker.run(TestMethodWorker.java:128)
at java.base/java.util.ArrayList.forEach(ArrayList.java:1541)
at org.testng.TestRunner.privateRun(TestRunner.java:794)
at org.testng.TestRunner.run(TestRunner.java:596)
at org.testng.SuiteRunner.runTest(SuiteRunner.java:377)
at org.testng.SuiteRunner.runSequentially(SuiteRunner.java:371)
at org.testng.SuiteRunner.privateRun(SuiteRunner.java:332)
at org.testng.SuiteRunner.run(SuiteRunner.java:276)
at org.testng.SuiteRunnerWorker.runSuite(SuiteRunnerWorker.java:53)
at org.testng.SuiteRunnerWorker.run(SuiteRunnerWorker.java:96)
at org.testng.TestNG.runSuitesSequentially(TestNG.java:1212)
at org.testng.TestNG.runSuitesLocally(TestNG.java:1134)
at org.testng.TestNG.runSuites(TestNG.java:1063)
at org.testng.TestNG.run(TestNG.java:1031)
at org.testng.remote.AbstractRemoteTestNG.run(AbstractRemoteTestNG.java:115)
at org.testng.remote.RemoteTestNG.initAndRun(RemoteTestNG.java:251)
at org.testng.remote.RemoteTestNG.main(RemoteTestNG.java:77)
]]>
            </full-stacktrace>
          </exception> <!-- java.lang.AssertionError -->
          <reporter-output>
          </reporter-output>
        </test-method> <!-- validateProductCardScrollOnHomePage -->
        <test-method is-config="true" signature="afterMethod(java.lang.reflect.Method)[pri:0, instance:com.appium.tests.HomeTests@14028087]" started-at="2023-10-13T17:34:23 IST" name="afterMethod" finished-at="2023-10-13T17:34:23 IST" duration-ms="2" status="PASS">
          <params>
            <param index="0">
              <value>
                <![CDATA[public void com.appium.tests.HomeTests.validateProductCardScrollOnHomePage()]]>
              </value>
            </param>
          </params>
          <reporter-output>
          </reporter-output>
        </test-method> <!-- afterMethod -->
        <test-method is-config="true" signature="beforeMethod(java.lang.reflect.Method)[pri:0, instance:com.appium.tests.HomeTests@14028087]" started-at="2023-10-13T17:34:23 IST" name="beforeMethod" finished-at="2023-10-13T17:34:23 IST" duration-ms="4" status="PASS">
          <params>
            <param index="0">
              <value>
                <![CDATA[public void com.appium.tests.HomeTests.validateProductCardScrollOnHomePage()]]>
              </value>
            </param>
          </params>
          <reporter-output>
          </reporter-output>
        </test-method> <!-- beforeMethod -->
        <test-method is-config="true" signature="afterTestMethod(org.testng.ITestContext,org.testng.ITestResult)[pri:0, instance:com.appium.tests.HomeTests@14028087]" started-at="2023-10-13T17:34:23 IST" name="afterTestMethod" finished-at="2023-10-13T17:34:23 IST" duration-ms="0" status="PASS">
          <params>
            <param index="0">
              <value>
                <![CDATA[org.testng.TestRunner@477bea57]]>
              </value>
            </param>
            <param index="1">
              <value>
                <![CDATA[[TestResult name=validateProductCardScrollOnHomePage status=SKIP method=HomeTests.validateProductCardScrollOnHomePage()[pri:0, instance:com.appium.tests.HomeTests@14028087] output={null}]]]>
              </value>
            </param>
          </params>
          <reporter-output>
          </reporter-output>
        </test-method> <!-- afterTestMethod -->
        <test-method is-config="true" signature="beforeTestMethod(org.testng.ITestContext)[pri:0, instance:com.appium.tests.HomeTests@14028087]" started-at="2023-10-13T17:34:23 IST" name="beforeTestMethod" finished-at="2023-10-13T17:34:23 IST" duration-ms="0" status="PASS">
          <params>
            <param index="0">
              <value>
                <![CDATA[org.testng.TestRunner@477bea57]]>
              </value>
            </param>
          </params>
          <reporter-output>
          </reporter-output>
        </test-method> <!-- beforeTestMethod -->
        <test-method signature="validateProductCardScrollOnHomePage()[pri:0, instance:com.appium.tests.HomeTests@14028087]" started-at="2023-10-13T17:34:23 IST" name="validateProductCardScrollOnHomePage" finished-at="2023-10-13T17:34:55 IST" duration-ms="32926" status="FAIL">
          <exception class="org.openqa.selenium.TimeoutException">
            <message>
              <![CDATA[Expected condition failed: waiting for visibility of Located by By.chained({By.xpath: (//android.view.ViewGroup/android.widget.ImageView)[last()]}) (tried for 10 second(s) with 500 milliseconds interval)]]>
            </message>
            <full-stacktrace>
              <![CDATA[org.openqa.selenium.TimeoutException: Expected condition failed: waiting for visibility of Located by By.chained({By.xpath: (//android.view.ViewGroup/android.widget.ImageView)[last()]}) (tried for 10 second(s) with 500 milliseconds interval)
at org.openqa.selenium.support.ui.WebDriverWait.timeoutException(WebDriverWait.java:95)
at org.openqa.selenium.support.ui.FluentWait.until(FluentWait.java:272)
at com.appium.base.BasePage.waitForVisibility(BasePage.java:63)
at com.appium.base.BasePage.click(BasePage.java:110)
at com.appium.pages.HomePage.pressCloseIcon(HomePage.java:84)
at com.appium.tests.HomeTests.validateProductCardScrollOnHomePage(HomeTests.java:63)
at java.base/jdk.internal.reflect.NativeMethodAccessorImpl.invoke0(Native Method)
at java.base/jdk.internal.reflect.NativeMethodAccessorImpl.invoke(NativeMethodAccessorImpl.java:62)
at java.base/jdk.internal.reflect.DelegatingMethodAccessorImpl.invoke(DelegatingMethodAccessorImpl.java:43)
at java.base/java.lang.reflect.Method.invoke(Method.java:566)
at org.testng.internal.MethodInvocationHelper.invokeMethod(MethodInvocationHelper.java:133)
at org.testng.internal.TestInvoker.invokeMethod(TestInvoker.java:598)
at org.testng.internal.TestInvoker.retryFailed(TestInvoker.java:213)
at org.testng.internal.MethodRunner.runInSequence(MethodRunner.java:58)
at org.testng.internal.TestInvoker$MethodInvocationAgent.invoke(TestInvoker.java:824)
at org.testng.internal.TestInvoker.invokeTestMethods(TestInvoker.java:146)
at org.testng.internal.TestMethodWorker.invokeTestMethods(TestMethodWorker.java:146)
at org.testng.internal.TestMethodWorker.run(TestMethodWorker.java:128)
at java.base/java.util.ArrayList.forEach(ArrayList.java:1541)
at org.testng.TestRunner.privateRun(TestRunner.java:794)
at org.testng.TestRunner.run(TestRunner.java:596)
at org.testng.SuiteRunner.runTest(SuiteRunner.java:377)
at org.testng.SuiteRunner.runSequentially(SuiteRunner.java:371)
at org.testng.SuiteRunner.privateRun(SuiteRunner.java:332)
at org.testng.SuiteRunner.run(SuiteRunner.java:276)
at org.testng.SuiteRunnerWorker.runSuite(SuiteRunnerWorker.java:53)
at org.testng.SuiteRunnerWorker.run(SuiteRunnerWorker.java:96)
at org.testng.TestNG.runSuitesSequentially(TestNG.java:1212)
at org.testng.TestNG.runSuitesLocally(TestNG.java:1134)
at org.testng.TestNG.runSuites(TestNG.java:1063)
at org.testng.TestNG.run(TestNG.java:1031)
at org.testng.remote.AbstractRemoteTestNG.run(AbstractRemoteTestNG.java:115)
at org.testng.remote.RemoteTestNG.initAndRun(RemoteTestNG.java:251)
at org.testng.remote.RemoteTestNG.main(RemoteTestNG.java:77)
Caused by: org.openqa.selenium.NoSuchElementException: Can't locate an element by this strategy: By.chained({By.xpath: (//android.view.ViewGroup/android.widget.ImageView)[last()]})
at io.appium.java_client.pagefactory.AppiumElementLocator.findElement(AppiumElementLocator.java:126)
at io.appium.java_client.pagefactory.interceptors.InterceptorOfASingleElement.intercept(InterceptorOfASingleElement.java:59)
at io.appium.java_client.android.AndroidElement$$EnhancerByCGLIB$$b598166c.isDisplayed(<generated>)
at org.openqa.selenium.support.ui.ExpectedConditions.elementIfVisible(ExpectedConditions.java:314)
at org.openqa.selenium.support.ui.ExpectedConditions.access$000(ExpectedConditions.java:43)
at org.openqa.selenium.support.ui.ExpectedConditions$10.apply(ExpectedConditions.java:300)
at org.openqa.selenium.support.ui.ExpectedConditions$10.apply(ExpectedConditions.java:297)
at org.openqa.selenium.support.ui.FluentWait.until(FluentWait.java:249)
... 32 more
Caused by: org.openqa.selenium.TimeoutException: Expected condition failed: waiting for io.appium.java_client.pagefactory.AppiumElementLocator$WaitingFunction@4c02899 (tried for 30 second(s) with 500 milliseconds interval)
at org.openqa.selenium.support.ui.FluentWait.timeoutException(FluentWait.java:304)
at org.openqa.selenium.support.ui.FluentWait.until(FluentWait.java:272)
at io.appium.java_client.pagefactory.AppiumElementLocator.waitFor(AppiumElementLocator.java:99)
at io.appium.java_client.pagefactory.AppiumElementLocator.findElement(AppiumElementLocator.java:119)
... 39 more
Caused by: org.openqa.selenium.NoSuchElementException: Cannot locate an element using By.chained({By.xpath: (//android.view.ViewGroup/android.widget.ImageView)[last()]})
For documentation on this error, please visit: https://www.seleniumhq.org/exceptions/no_such_element.html
Build info: version: '3.141.59', revision: 'e82be7d358', time: '2018-11-14T08:17:03'
System info: host: 'RUDRA', ip: '192.168.0.159', os.name: 'Windows 11', os.arch: 'amd64', os.version: '10.0', java.version: '11.0.20'
Driver info: driver.version: AndroidDriver
at io.appium.java_client.pagefactory.bys.builder.ByChained.findElement(ByChained.java:74)
at org.openqa.selenium.remote.RemoteWebDriver.findElement(RemoteWebDriver.java:315)
at io.appium.java_client.DefaultGenericMobileDriver.findElement(DefaultGenericMobileDriver.java:57)
at io.appium.java_client.AppiumDriver.findElement(AppiumDriver.java:1)
at io.appium.java_client.android.AndroidDriver.findElement(AndroidDriver.java:1)
at io.appium.java_client.pagefactory.bys.ContentMappedBy.findElement(ContentMappedBy.java:50)
at org.openqa.selenium.remote.RemoteWebDriver.findElement(RemoteWebDriver.java:315)
at io.appium.java_client.DefaultGenericMobileDriver.findElement(DefaultGenericMobileDriver.java:57)
at io.appium.java_client.AppiumDriver.findElement(AppiumDriver.java:1)
at io.appium.java_client.android.AndroidDriver.findElement(AndroidDriver.java:1)
at io.appium.java_client.pagefactory.AppiumElementLocator.lambda$0(AppiumElementLocator.java:120)
at io.appium.java_client.pagefactory.AppiumElementLocator$WaitingFunction.apply(AppiumElementLocator.java:172)
at io.appium.java_client.pagefactory.AppiumElementLocator$WaitingFunction.apply(AppiumElementLocator.java:1)
at org.openqa.selenium.support.ui.FluentWait.until(FluentWait.java:249)
... 41 more
]]>
            </full-stacktrace>
          </exception> <!-- org.openqa.selenium.TimeoutException -->
          <reporter-output>
          </reporter-output>
        </test-method> <!-- validateProductCardScrollOnHomePage -->
        <test-method is-config="true" signature="afterMethod(java.lang.reflect.Method)[pri:0, instance:com.appium.tests.HomeTests@14028087]" started-at="2023-10-13T17:34:57 IST" name="afterMethod" finished-at="2023-10-13T17:34:57 IST" duration-ms="1" status="PASS">
          <params>
            <param index="0">
              <value>
                <![CDATA[public void com.appium.tests.HomeTests.validateProductCardScrollOnHomePage()]]>
              </value>
            </param>
          </params>
          <reporter-output>
          </reporter-output>
        </test-method> <!-- afterMethod -->
        <test-method is-config="true" signature="afterTestMethod(org.testng.ITestContext,org.testng.ITestResult)[pri:0, instance:com.appium.tests.HomeTests@14028087]" started-at="2023-10-13T17:34:57 IST" name="afterTestMethod" finished-at="2023-10-13T17:34:57 IST" duration-ms="1" status="PASS">
          <params>
            <param index="0">
              <value>
                <![CDATA[org.testng.TestRunner@477bea57]]>
              </value>
            </param>
            <param index="1">
              <value>
                <![CDATA[[TestResult name=validateProductCardScrollOnHomePage status=FAILURE method=HomeTests.validateProductCardScrollOnHomePage()[pri:0, instance:com.appium.tests.HomeTests@14028087] output={null}]]]>
              </value>
            </param>
          </params>
          <reporter-output>
          </reporter-output>
        </test-method> <!-- afterTestMethod -->
        <test-method is-config="true" signature="afterClass()[pri:0, instance:com.appium.tests.HomeTests@14028087]" started-at="2023-10-13T17:34:57 IST" name="afterClass" finished-at="2023-10-13T17:34:57 IST" duration-ms="0" status="PASS">
          <reporter-output>
          </reporter-output>
        </test-method> <!-- afterClass -->
      </class> <!-- com.appium.tests.HomeTests -->
      <class name="com.appium.tests.LoginTests">
        <test-method is-config="true" signature="beforeSuite()[pri:0, instance:com.appium.tests.LoginTests@48075da3]" started-at="2023-10-13T17:32:38 IST" name="beforeSuite" finished-at="2023-10-13T17:32:42 IST" duration-ms="4628" status="PASS">
          <reporter-output>
          </reporter-output>
        </test-method> <!-- beforeSuite -->
        <test-method is-config="true" signature="beforeTest(java.lang.String,java.lang.String,java.lang.String,java.lang.String,java.lang.String,java.lang.String,java.lang.String,java.lang.String)[pri:0, instance:com.appium.tests.LoginTests@48075da3]" started-at="2023-10-13T17:32:42 IST" name="beforeTest" finished-at="2023-10-13T17:33:54 IST" duration-ms="71350" status="PASS">
          <params>
            <param index="0">
              <value>
                <![CDATA[false]]>
              </value>
            </param>
            <param index="1">
              <value>
                <![CDATA[browserStack]]>
              </value>
            </param>
            <param index="2">
              <value>
                <![CDATA[emulator-5554]]>
              </value>
            </param>
            <param index="3">
              <value>
                <![CDATA[Google Pixel 6 Pro]]>
              </value>
            </param>
            <param index="4">
              <value>
                <![CDATA[10000]]>
              </value>
            </param>
            <param index="5">
              <value>
                <![CDATA[11000]]>
              </value>
            </param>
            <param index="6">
              <value>
                <![CDATA[iOSOnly]]>
              </value>
            </param>
            <param index="7">
              <value>
                <![CDATA[iOSOnly]]>
              </value>
            </param>
          </params>
          <reporter-output>
          </reporter-output>
        </test-method> <!-- beforeTest -->
        <test-method is-config="true" signature="beforeTestMethod(org.testng.ITestContext)[pri:0, instance:com.appium.tests.LoginTests@48075da3]" started-at="2023-10-13T17:33:54 IST" name="beforeTestMethod" finished-at="2023-10-13T17:33:54 IST" duration-ms="1" status="PASS">
          <params>
            <param index="0">
              <value>
                <![CDATA[org.testng.TestRunner@477bea57]]>
              </value>
            </param>
          </params>
          <reporter-output>
          </reporter-output>
        </test-method> <!-- beforeTestMethod -->
        <test-method is-config="true" signature="beforeMethod(java.lang.reflect.Method)[pri:0, instance:com.appium.tests.LoginTests@48075da3]" started-at="2023-10-13T17:33:54 IST" name="beforeMethod" finished-at="2023-10-13T17:33:54 IST" duration-ms="231" status="PASS">
          <params>
            <param index="0">
              <value>
                <![CDATA[public void com.appium.tests.LoginTests.successfulLogin()]]>
              </value>
            </param>
          </params>
          <reporter-output>
          </reporter-output>
        </test-method> <!-- beforeMethod -->
        <test-method signature="successfulLogin()[pri:0, instance:com.appium.tests.LoginTests@48075da3]" started-at="2023-10-13T17:33:54 IST" name="successfulLogin" finished-at="2023-10-13T17:34:07 IST" duration-ms="12783" status="PASS">
          <reporter-output>
          </reporter-output>
        </test-method> <!-- successfulLogin -->
        <test-method is-config="true" signature="afterMethod(java.lang.reflect.Method)[pri:0, instance:com.appium.tests.LoginTests@48075da3]" started-at="2023-10-13T17:34:07 IST" name="afterMethod" finished-at="2023-10-13T17:34:07 IST" duration-ms="4" status="PASS">
          <params>
            <param index="0">
              <value>
                <![CDATA[public void com.appium.tests.LoginTests.successfulLogin()]]>
              </value>
            </param>
          </params>
          <reporter-output>
          </reporter-output>
        </test-method> <!-- afterMethod -->
        <test-method is-config="true" signature="afterTestMethod(org.testng.ITestContext,org.testng.ITestResult)[pri:0, instance:com.appium.tests.LoginTests@48075da3]" started-at="2023-10-13T17:34:07 IST" name="afterTestMethod" finished-at="2023-10-13T17:34:07 IST" duration-ms="1" status="PASS">
          <params>
            <param index="0">
              <value>
                <![CDATA[org.testng.TestRunner@477bea57]]>
              </value>
            </param>
            <param index="1">
              <value>
                <![CDATA[[TestResult name=successfulLogin status=SUCCESS method=LoginTests.successfulLogin()[pri:0, instance:com.appium.tests.LoginTests@48075da3] output={null}]]]>
              </value>
            </param>
          </params>
          <reporter-output>
          </reporter-output>
        </test-method> <!-- afterTestMethod -->
        <test-method is-config="true" signature="afterClass()[pri:0, instance:com.appium.tests.LoginTests@48075da3]" started-at="2023-10-13T17:34:07 IST" name="afterClass" finished-at="2023-10-13T17:34:07 IST" duration-ms="0" status="PASS">
          <reporter-output>
          </reporter-output>
        </test-method> <!-- afterClass -->
        <test-method is-config="true" signature="afterTest()[pri:0, instance:com.appium.tests.LoginTests@48075da3]" started-at="2023-10-13T17:34:57 IST" name="afterTest" finished-at="2023-10-13T17:34:58 IST" duration-ms="1185" status="PASS">
          <reporter-output>
          </reporter-output>
        </test-method> <!-- afterTest -->
        <test-method is-config="true" signature="afterSuite()[pri:0, instance:com.appium.tests.LoginTests@48075da3]" started-at="2023-10-13T17:34:58 IST" name="afterSuite" finished-at="2023-10-13T17:34:58 IST" duration-ms="60" status="PASS">
          <reporter-output>
          </reporter-output>
        </test-method> <!-- afterSuite -->
      </class> <!-- com.appium.tests.LoginTests -->
    </test> <!-- Tests on Emulator: Pixel 7 Pro API 31 -->
  </suite> <!-- Test Suite:  -->
</testng-results>
